<?xml version="1.0" encoding="UTF-8"?>
<testsuite xmlns:xsi="http://www.w3.org/2001/XMLSchema-instance" xsi:noNamespaceSchemaLocation="https://maven.apache.org/surefire/maven-failsafe-plugin/xsd/failsafe-test-report-3.0.xsd" version="3.0" name="starter.CucumberTestSuite" time="28.507" tests="8" errors="0" skipped="0" failures="0">
  <properties>
    <property name="sun.desktop" value="windows"/>
    <property name="awt.toolkit" value="sun.awt.windows.WToolkit"/>
    <property name="java.specification.version" value="1.8"/>
    <property name="file.encoding.pkg" value="sun.io"/>
    <property name="webdriver.chrome.driver" value="C:\Users\HP\IdeaProjects\Capstone_GYMweb\src\test\resources\webdriver\chromedriver.exe"/>
    <property name="sun.cpu.isalist" value="amd64"/>
    <property name="sun.jnu.encoding" value="Cp1252"/>
    <property name="java.class.path" value="C:\Users\HP\IdeaProjects\Capstone_GYMweb\target\test-classes;C:\Users\HP\IdeaProjects\Capstone_GYMweb\target\Automation_Serenity-1.0-SNAPSHOT.jar;C:\Users\HP\.m2\repository\net\serenity-bdd\serenity-core\3.2.1\serenity-core-3.2.1.jar;C:\Users\HP\.m2\repository\net\serenity-bdd\serenity-model\3.2.1\serenity-model-3.2.1.jar;C:\Users\HP\.m2\repository\org\apache\commons\commons-text\1.9\commons-text-1.9.jar;C:\Users\HP\.m2\repository\commons-net\commons-net\3.8.0\commons-net-3.8.0.jar;C:\Users\HP\.m2\repository\com\google\guava\guava\31.1-jre\guava-31.1-jre.jar;C:\Users\HP\.m2\repository\com\google\guava\failureaccess\1.0.1\failureaccess-1.0.1.jar;C:\Users\HP\.m2\repository\com\google\guava\listenablefuture\9999.0-empty-to-avoid-conflict-with-guava\listenablefuture-9999.0-empty-to-avoid-conflict-with-guava.jar;C:\Users\HP\.m2\repository\com\google\code\findbugs\jsr305\3.0.2\jsr305-3.0.2.jar;C:\Users\HP\.m2\repository\org\checkerframework\checker-qual\3.12.0\checker-qual-3.12.0.jar;C:\Users\HP\.m2\repository\com\google\errorprone\error_prone_annotations\2.11.0\error_prone_annotations-2.11.0.jar;C:\Users\HP\.m2\repository\com\google\j2objc\j2objc-annotations\1.3\j2objc-annotations-1.3.jar;C:\Users\HP\.m2\repository\com\google\inject\guice\5.1.0\guice-5.1.0.jar;C:\Users\HP\.m2\repository\javax\inject\javax.inject\1\javax.inject-1.jar;C:\Users\HP\.m2\repository\aopalliance\aopalliance\1.0\aopalliance-1.0.jar;C:\Users\HP\.m2\repository\org\jsoup\jsoup\1.14.3\jsoup-1.14.3.jar;C:\Users\HP\.m2\repository\com\thoughtworks\xstream\xstream\1.4.19\xstream-1.4.19.jar;C:\Users\HP\.m2\repository\io\github\x-stream\mxparser\1.2.2\mxparser-1.2.2.jar;C:\Users\HP\.m2\repository\xmlpull\xmlpull\1.1.3.1\xmlpull-1.1.3.1.jar;C:\Users\HP\.m2\repository\io\cucumber\cucumber-java\7.2.3\cucumber-java-7.2.3.jar;C:\Users\HP\.m2\repository\com\typesafe\config\1.4.2\config-1.4.2.jar;C:\Users\HP\.m2\repository\org\imgscalr\imgscalr-lib\4.2\imgscalr-lib-4.2.jar;C:\Users\HP\.m2\repository\org\awaitility\awaitility\4.2.0\awaitility-4.2.0.jar;C:\Users\HP\.m2\repository\org\freemarker\freemarker\2.3.31\freemarker-2.3.31.jar;C:\Users\HP\.m2\repository\io\github\classgraph\classgraph\4.8.138\classgraph-4.8.138.jar;C:\Users\HP\.m2\repository\net\sourceforge\jexcelapi\jxl\2.6.12\jxl-2.6.12.jar;C:\Users\HP\.m2\repository\net\bytebuddy\byte-buddy\1.12.8\byte-buddy-1.12.8.jar;C:\Users\HP\.m2\repository\net\bytebuddy\byte-buddy-agent\1.12.8\byte-buddy-agent-1.12.8.jar;C:\Users\HP\.m2\repository\org\objenesis\objenesis\3.1\objenesis-3.1.jar;C:\Users\HP\.m2\repository\net\serenity-bdd\serenity-reports\3.2.1\serenity-reports-3.2.1.jar;C:\Users\HP\.m2\repository\net\serenity-bdd\serenity-stats\3.2.1\serenity-stats-3.2.1.jar;C:\Users\HP\.m2\repository\net\serenity-bdd\serenity-reports-configuration\3.2.1\serenity-reports-configuration-3.2.1.jar;C:\Users\HP\.m2\repository\com\vladsch\flexmark\flexmark-all\0.34.30\flexmark-all-0.34.30.jar;C:\Users\HP\.m2\repository\com\vladsch\flexmark\flexmark\0.34.30\flexmark-0.34.30.jar;C:\Users\HP\.m2\repository\com\vladsch\flexmark\flexmark-ext-abbreviation\0.34.30\flexmark-ext-abbreviation-0.34.30.jar;C:\Users\HP\.m2\repository\com\vladsch\flexmark\flexmark-ext-admonition\0.34.30\flexmark-ext-admonition-0.34.30.jar;C:\Users\HP\.m2\repository\com\vladsch\flexmark\flexmark-ext-anchorlink\0.34.30\flexmark-ext-anchorlink-0.34.30.jar;C:\Users\HP\.m2\repository\com\vladsch\flexmark\flexmark-ext-aside\0.34.30\flexmark-ext-aside-0.34.30.jar;C:\Users\HP\.m2\repository\com\vladsch\flexmark\flexmark-ext-attributes\0.34.30\flexmark-ext-attributes-0.34.30.jar;C:\Users\HP\.m2\repository\com\vladsch\flexmark\flexmark-ext-autolink\0.34.30\flexmark-ext-autolink-0.34.30.jar;C:\Users\HP\.m2\repository\org\nibor\autolink\autolink\0.6.0\autolink-0.6.0.jar;C:\Users\HP\.m2\repository\com\vladsch\flexmark\flexmark-ext-definition\0.34.30\flexmark-ext-definition-0.34.30.jar;C:\Users\HP\.m2\repository\com\vladsch\flexmark\flexmark-ext-emoji\0.34.30\flexmark-ext-emoji-0.34.30.jar;C:\Users\HP\.m2\repository\com\vladsch\flexmark\flexmark-ext-enumerated-reference\0.34.30\flexmark-ext-enumerated-reference-0.34.30.jar;C:\Users\HP\.m2\repository\com\vladsch\flexmark\flexmark-ext-escaped-character\0.34.30\flexmark-ext-escaped-character-0.34.30.jar;C:\Users\HP\.m2\repository\com\vladsch\flexmark\flexmark-ext-footnotes\0.34.30\flexmark-ext-footnotes-0.34.30.jar;C:\Users\HP\.m2\repository\com\vladsch\flexmark\flexmark-ext-gfm-issues\0.34.30\flexmark-ext-gfm-issues-0.34.30.jar;C:\Users\HP\.m2\repository\com\vladsch\flexmark\flexmark-ext-gfm-strikethrough\0.34.30\flexmark-ext-gfm-strikethrough-0.34.30.jar;C:\Users\HP\.m2\repository\com\vladsch\flexmark\flexmark-ext-gfm-tables\0.34.30\flexmark-ext-gfm-tables-0.34.30.jar;C:\Users\HP\.m2\repository\com\vladsch\flexmark\flexmark-ext-gfm-tasklist\0.34.30\flexmark-ext-gfm-tasklist-0.34.30.jar;C:\Users\HP\.m2\repository\com\vladsch\flexmark\flexmark-ext-gfm-users\0.34.30\flexmark-ext-gfm-users-0.34.30.jar;C:\Users\HP\.m2\repository\com\vladsch\flexmark\flexmark-ext-gitlab\0.34.30\flexmark-ext-gitlab-0.34.30.jar;C:\Users\HP\.m2\repository\com\vladsch\flexmark\flexmark-ext-jekyll-front-matter\0.34.30\flexmark-ext-jekyll-front-matter-0.34.30.jar;C:\Users\HP\.m2\repository\com\vladsch\flexmark\flexmark-ext-jekyll-tag\0.34.30\flexmark-ext-jekyll-tag-0.34.30.jar;C:\Users\HP\.m2\repository\com\vladsch\flexmark\flexmark-ext-media-tags\0.34.30\flexmark-ext-media-tags-0.34.30.jar;C:\Users\HP\.m2\repository\com\vladsch\flexmark\flexmark-test-util\0.34.30\flexmark-test-util-0.34.30.jar;C:\Users\HP\.m2\repository\com\vladsch\flexmark\flexmark-ext-ins\0.34.30\flexmark-ext-ins-0.34.30.jar;C:\Users\HP\.m2\repository\com\vladsch\flexmark\flexmark-ext-xwiki-macros\0.34.30\flexmark-ext-xwiki-macros-0.34.30.jar;C:\Users\HP\.m2\repository\com\vladsch\flexmark\flexmark-ext-superscript\0.34.30\flexmark-ext-superscript-0.34.30.jar;C:\Users\HP\.m2\repository\com\vladsch\flexmark\flexmark-ext-tables\0.34.30\flexmark-ext-tables-0.34.30.jar;C:\Users\HP\.m2\repository\com\vladsch\flexmark\flexmark-ext-toc\0.34.30\flexmark-ext-toc-0.34.30.jar;C:\Users\HP\.m2\repository\com\vladsch\flexmark\flexmark-ext-typographic\0.34.30\flexmark-ext-typographic-0.34.30.jar;C:\Users\HP\.m2\repository\com\vladsch\flexmark\flexmark-ext-wikilink\0.34.30\flexmark-ext-wikilink-0.34.30.jar;C:\Users\HP\.m2\repository\com\vladsch\flexmark\flexmark-ext-yaml-front-matter\0.34.30\flexmark-ext-yaml-front-matter-0.34.30.jar;C:\Users\HP\.m2\repository\com\vladsch\flexmark\flexmark-ext-youtube-embedded\0.34.30\flexmark-ext-youtube-embedded-0.34.30.jar;C:\Users\HP\.m2\repository\com\vladsch\flexmark\flexmark-formatter\0.34.30\flexmark-formatter-0.34.30.jar;C:\Users\HP\.m2\repository\com\vladsch\flexmark\flexmark-html-parser\0.34.30\flexmark-html-parser-0.34.30.jar;C:\Users\HP\.m2\repository\com\vladsch\flexmark\flexmark-jira-converter\0.34.30\flexmark-jira-converter-0.34.30.jar;C:\Users\HP\.m2\repository\com\vladsch\flexmark\flexmark-pdf-converter\0.34.30\flexmark-pdf-converter-0.34.30.jar;C:\Users\HP\.m2\repository\com\openhtmltopdf\openhtmltopdf-core\0.0.1-RC13\openhtmltopdf-core-0.0.1-RC13.jar;C:\Users\HP\.m2\repository\com\openhtmltopdf\openhtmltopdf-pdfbox\0.0.1-RC13\openhtmltopdf-pdfbox-0.0.1-RC13.jar;C:\Users\HP\.m2\repository\org\apache\pdfbox\pdfbox\2.0.8\pdfbox-2.0.8.jar;C:\Users\HP\.m2\repository\org\apache\pdfbox\fontbox\2.0.8\fontbox-2.0.8.jar;C:\Users\HP\.m2\repository\commons-logging\commons-logging\1.2\commons-logging-1.2.jar;C:\Users\HP\.m2\repository\org\apache\pdfbox\xmpbox\2.0.8\xmpbox-2.0.8.jar;C:\Users\HP\.m2\repository\de\rototor\pdfbox\graphics2d\0.12\graphics2d-0.12.jar;C:\Users\HP\.m2\repository\com\openhtmltopdf\openhtmltopdf-rtl-support\0.0.1-RC13\openhtmltopdf-rtl-support-0.0.1-RC13.jar;C:\Users\HP\.m2\repository\com\ibm\icu\icu4j\59.1\icu4j-59.1.jar;C:\Users\HP\.m2\repository\com\openhtmltopdf\openhtmltopdf-jsoup-dom-converter\0.0.1-RC13\openhtmltopdf-jsoup-dom-converter-0.0.1-RC13.jar;C:\Users\HP\.m2\repository\com\vladsch\flexmark\flexmark-profile-pegdown\0.34.30\flexmark-profile-pegdown-0.34.30.jar;C:\Users\HP\.m2\repository\com\vladsch\flexmark\flexmark-util\0.34.30\flexmark-util-0.34.30.jar;C:\Users\HP\.m2\repository\com\vladsch\flexmark\flexmark-youtrack-converter\0.34.30\flexmark-youtrack-converter-0.34.30.jar;C:\Users\HP\.m2\repository\es\nitaur\markdown\txtmark\0.16\txtmark-0.16.jar;C:\Users\HP\.m2\repository\net\serenity-bdd\serenity-report-resources\3.2.1\serenity-report-resources-3.2.1.jar;C:\Users\HP\.m2\repository\com\google\code\gson\gson\2.9.0\gson-2.9.0.jar;C:\Users\HP\.m2\repository\com\fasterxml\jackson\core\jackson-core\2.13.2\jackson-core-2.13.2.jar;C:\Users\HP\.m2\repository\com\fasterxml\jackson\core\jackson-databind\2.13.2\jackson-databind-2.13.2.jar;C:\Users\HP\.m2\repository\com\fasterxml\jackson\core\jackson-annotations\2.13.2\jackson-annotations-2.13.2.jar;C:\Users\HP\.m2\repository\commons-codec\commons-codec\1.15\commons-codec-1.15.jar;C:\Users\HP\.m2\repository\commons-io\commons-io\2.11.0\commons-io-2.11.0.jar;C:\Users\HP\.m2\repository\org\seleniumhq\selenium\selenium-java\4.1.2\selenium-java-4.1.2.jar;C:\Users\HP\.m2\repository\org\seleniumhq\selenium\selenium-devtools-v85\4.1.2\selenium-devtools-v85-4.1.2.jar;C:\Users\HP\.m2\repository\org\seleniumhq\selenium\selenium-devtools-v95\4.1.2\selenium-devtools-v95-4.1.2.jar;C:\Users\HP\.m2\repository\org\seleniumhq\selenium\selenium-devtools-v96\4.1.2\selenium-devtools-v96-4.1.2.jar;C:\Users\HP\.m2\repository\org\seleniumhq\selenium\selenium-devtools-v97\4.1.2\selenium-devtools-v97-4.1.2.jar;C:\Users\HP\.m2\repository\org\seleniumhq\selenium\selenium-firefox-xpi-driver\4.1.2\selenium-firefox-xpi-driver-4.1.2.jar;C:\Users\HP\.m2\repository\org\seleniumhq\selenium\selenium-opera-driver\4.1.2\selenium-opera-driver-4.1.2.jar;C:\Users\HP\.m2\repository\org\seleniumhq\selenium\selenium-remote-driver\4.1.2\selenium-remote-driver-4.1.2.jar;C:\Users\HP\.m2\repository\com\beust\jcommander\1.82\jcommander-1.82.jar;C:\Users\HP\.m2\repository\io\netty\netty-buffer\4.1.73.Final\netty-buffer-4.1.73.Final.jar;C:\Users\HP\.m2\repository\io\netty\netty-codec-http\4.1.73.Final\netty-codec-http-4.1.73.Final.jar;C:\Users\HP\.m2\repository\io\netty\netty-codec\4.1.73.Final\netty-codec-4.1.73.Final.jar;C:\Users\HP\.m2\repository\io\netty\netty-handler\4.1.73.Final\netty-handler-4.1.73.Final.jar;C:\Users\HP\.m2\repository\io\netty\netty-tcnative-classes\2.0.46.Final\netty-tcnative-classes-2.0.46.Final.jar;C:\Users\HP\.m2\repository\io\netty\netty-common\4.1.73.Final\netty-common-4.1.73.Final.jar;C:\Users\HP\.m2\repository\io\netty\netty-transport-classes-epoll\4.1.73.Final\netty-transport-classes-epoll-4.1.73.Final.jar;C:\Users\HP\.m2\repository\io\netty\netty-transport-classes-kqueue\4.1.73.Final\netty-transport-classes-kqueue-4.1.73.Final.jar;C:\Users\HP\.m2\repository\io\netty\netty-transport-native-epoll\4.1.73.Final\netty-transport-native-epoll-4.1.73.Final.jar;C:\Users\HP\.m2\repository\io\netty\netty-transport-native-kqueue\4.1.73.Final\netty-transport-native-kqueue-4.1.73.Final.jar;C:\Users\HP\.m2\repository\io\netty\netty-transport-native-unix-common\4.1.73.Final\netty-transport-native-unix-common-4.1.73.Final.jar;C:\Users\HP\.m2\repository\io\netty\netty-transport\4.1.73.Final\netty-transport-4.1.73.Final.jar;C:\Users\HP\.m2\repository\io\netty\netty-resolver\4.1.73.Final\netty-resolver-4.1.73.Final.jar;C:\Users\HP\.m2\repository\io\opentelemetry\opentelemetry-api\1.10.1\opentelemetry-api-1.10.1.jar;C:\Users\HP\.m2\repository\io\opentelemetry\opentelemetry-context\1.10.1\opentelemetry-context-1.10.1.jar;C:\Users\HP\.m2\repository\io\opentelemetry\opentelemetry-exporter-logging\1.10.1\opentelemetry-exporter-logging-1.10.1.jar;C:\Users\HP\.m2\repository\io\opentelemetry\opentelemetry-sdk-metrics\1.10.1-alpha\opentelemetry-sdk-metrics-1.10.1-alpha.jar;C:\Users\HP\.m2\repository\io\opentelemetry\opentelemetry-sdk-logs\1.10.1-alpha\opentelemetry-sdk-logs-1.10.1-alpha.jar;C:\Users\HP\.m2\repository\io\opentelemetry\opentelemetry-sdk-common\1.10.1\opentelemetry-sdk-common-1.10.1.jar;C:\Users\HP\.m2\repository\io\opentelemetry\opentelemetry-sdk-extension-autoconfigure-spi\1.10.1\opentelemetry-sdk-extension-autoconfigure-spi-1.10.1.jar;C:\Users\HP\.m2\repository\io\opentelemetry\opentelemetry-sdk-extension-autoconfigure\1.10.1-alpha\opentelemetry-sdk-extension-autoconfigure-1.10.1-alpha.jar;C:\Users\HP\.m2\repository\io\opentelemetry\opentelemetry-sdk-trace\1.10.1\opentelemetry-sdk-trace-1.10.1.jar;C:\Users\HP\.m2\repository\io\opentelemetry\opentelemetry-sdk\1.10.1\opentelemetry-sdk-1.10.1.jar;C:\Users\HP\.m2\repository\io\opentelemetry\opentelemetry-semconv\1.10.1-alpha\opentelemetry-semconv-1.10.1-alpha.jar;C:\Users\HP\.m2\repository\io\ous\jtoml\2.0.0\jtoml-2.0.0.jar;C:\Users\HP\.m2\repository\org\apache\commons\commons-exec\1.3\commons-exec-1.3.jar;C:\Users\HP\.m2\repository\org\asynchttpclient\async-http-client\2.12.3\async-http-client-2.12.3.jar;C:\Users\HP\.m2\repository\org\asynchttpclient\async-http-client-netty-utils\2.12.3\async-http-client-netty-utils-2.12.3.jar;C:\Users\HP\.m2\repository\io\netty\netty-codec-socks\4.1.60.Final\netty-codec-socks-4.1.60.Final.jar;C:\Users\HP\.m2\repository\io\netty\netty-handler-proxy\4.1.60.Final\netty-handler-proxy-4.1.60.Final.jar;C:\Users\HP\.m2\repository\io\netty\netty-transport-native-epoll\4.1.60.Final\netty-transport-native-epoll-4.1.60.Final-linux-x86_64.jar;C:\Users\HP\.m2\repository\io\netty\netty-transport-native-kqueue\4.1.60.Final\netty-transport-native-kqueue-4.1.60.Final-osx-x86_64.jar;C:\Users\HP\.m2\repository\org\reactivestreams\reactive-streams\1.0.3\reactive-streams-1.0.3.jar;C:\Users\HP\.m2\repository\com\typesafe\netty\netty-reactive-streams\2.0.4\netty-reactive-streams-2.0.4.jar;C:\Users\HP\.m2\repository\org\seleniumhq\selenium\selenium-http\4.1.2\selenium-http-4.1.2.jar;C:\Users\HP\.m2\repository\net\jodah\failsafe\2.4.4\failsafe-2.4.4.jar;C:\Users\HP\.m2\repository\org\seleniumhq\selenium\selenium-safari-driver\4.1.2\selenium-safari-driver-4.1.2.jar;C:\Users\HP\.m2\repository\org\seleniumhq\selenium\selenium-api\4.1.2\selenium-api-4.1.2.jar;C:\Users\HP\.m2\repository\org\seleniumhq\selenium\selenium-support\4.1.2\selenium-support-4.1.2.jar;C:\Users\HP\.m2\repository\com\google\auto\service\auto-service-annotations\1.0.1\auto-service-annotations-1.0.1.jar;C:\Users\HP\.m2\repository\com\google\auto\service\auto-service\1.0.1\auto-service-1.0.1.jar;C:\Users\HP\.m2\repository\com\google\auto\auto-common\1.2\auto-common-1.2.jar;C:\Users\HP\.m2\repository\org\seleniumhq\selenium\selenium-json\4.1.2\selenium-json-4.1.2.jar;C:\Users\HP\.m2\repository\org\seleniumhq\selenium\selenium-chrome-driver\4.1.2\selenium-chrome-driver-4.1.2.jar;C:\Users\HP\.m2\repository\org\seleniumhq\selenium\selenium-chromium-driver\4.1.2\selenium-chromium-driver-4.1.2.jar;C:\Users\HP\.m2\repository\org\seleniumhq\selenium\selenium-firefox-driver\4.1.2\selenium-firefox-driver-4.1.2.jar;C:\Users\HP\.m2\repository\org\seleniumhq\selenium\selenium-edge-driver\4.1.2\selenium-edge-driver-4.1.2.jar;C:\Users\HP\.m2\repository\org\seleniumhq\selenium\selenium-ie-driver\4.1.2\selenium-ie-driver-4.1.2.jar;C:\Users\HP\.m2\repository\org\projectlombok\lombok\1.18.20\lombok-1.18.20.jar;C:\Users\HP\.m2\repository\io\appium\java-client\8.0.0\java-client-8.0.0.jar;C:\Users\HP\.m2\repository\commons-validator\commons-validator\1.7\commons-validator-1.7.jar;C:\Users\HP\.m2\repository\commons-digester\commons-digester\2.1\commons-digester-2.1.jar;C:\Users\HP\.m2\repository\org\aspectj\aspectjweaver\1.9.8\aspectjweaver-1.9.8.jar;C:\Users\HP\.m2\repository\org\codehaus\groovy\groovy\3.0.10\groovy-3.0.10.jar;C:\Users\HP\.m2\repository\net\sf\opencsv\opencsv\2.0\opencsv-2.0.jar;C:\Users\HP\.m2\repository\commons-beanutils\commons-beanutils\1.9.4\commons-beanutils-1.9.4.jar;C:\Users\HP\.m2\repository\org\apache\commons\commons-lang3\3.12.0\commons-lang3-3.12.0.jar;C:\Users\HP\.m2\repository\commons-collections\commons-collections\3.2.2\commons-collections-3.2.2.jar;C:\Users\HP\.m2\repository\org\fluentlenium\fluentlenium-core\0.10.2\fluentlenium-core-0.10.2.jar;C:\Users\HP\.m2\repository\io\github\bonigarcia\webdrivermanager\5.1.0\webdrivermanager-5.1.0.jar;C:\Users\HP\.m2\repository\com\github\docker-java\docker-java\3.2.13\docker-java-3.2.13.jar;C:\Users\HP\.m2\repository\com\github\docker-java\docker-java-core\3.2.13\docker-java-core-3.2.13.jar;C:\Users\HP\.m2\repository\com\github\docker-java\docker-java-api\3.2.13\docker-java-api-3.2.13.jar;C:\Users\HP\.m2\repository\org\apache\commons\commons-compress\1.21\commons-compress-1.21.jar;C:\Users\HP\.m2\repository\org\bouncycastle\bcpkix-jdk15on\1.64\bcpkix-jdk15on-1.64.jar;C:\Users\HP\.m2\repository\org\bouncycastle\bcprov-jdk15on\1.64\bcprov-jdk15on-1.64.jar;C:\Users\HP\.m2\repository\org\slf4j\jcl-over-slf4j\1.7.30\jcl-over-slf4j-1.7.30.jar;C:\Users\HP\.m2\repository\com\github\docker-java\docker-java-transport-httpclient5\3.2.13\docker-java-transport-httpclient5-3.2.13.jar;C:\Users\HP\.m2\repository\com\github\docker-java\docker-java-transport\3.2.13\docker-java-transport-3.2.13.jar;C:\Users\HP\.m2\repository\org\apache\httpcomponents\client5\httpclient5\5.0.3\httpclient5-5.0.3.jar;C:\Users\HP\.m2\repository\org\apache\httpcomponents\core5\httpcore5\5.0.2\httpcore5-5.0.2.jar;C:\Users\HP\.m2\repository\net\java\dev\jna\jna\5.8.0\jna-5.8.0.jar;C:\Users\HP\.m2\repository\org\brotli\dec\0.1.2\dec-0.1.2.jar;C:\Users\HP\.m2\repository\com\jhlabs\filters\2.0.235\filters-2.0.235.jar;C:\Users\HP\.m2\repository\com\paulhammant\ngwebdriver\1.1.6\ngwebdriver-1.1.6.jar;C:\Users\HP\.m2\repository\joda-time\joda-time\2.8.2\joda-time-2.8.2.jar;C:\Users\HP\.m2\repository\org\hamcrest\hamcrest\2.2\hamcrest-2.2.jar;C:\Users\HP\.m2\repository\com\google\jimfs\jimfs\1.2\jimfs-1.2.jar;C:\Users\HP\.m2\repository\org\mockito\mockito-core\3.3.3\mockito-core-3.3.3.jar;C:\Users\HP\.m2\repository\javax\xml\bind\jaxb-api\2.3.1\jaxb-api-2.3.1.jar;C:\Users\HP\.m2\repository\javax\activation\javax.activation-api\1.2.0\javax.activation-api-1.2.0.jar;C:\Users\HP\.m2\repository\com\sun\xml\bind\jaxb-core\2.3.0.1\jaxb-core-2.3.0.1.jar;C:\Users\HP\.m2\repository\com\sun\xml\bind\jaxb-impl\2.3.3\jaxb-impl-2.3.3.jar;C:\Users\HP\.m2\repository\jakarta\xml\bind\jakarta.xml.bind-api\2.3.3\jakarta.xml.bind-api-2.3.3.jar;C:\Users\HP\.m2\repository\com\sun\activation\jakarta.activation\1.2.2\jakarta.activation-1.2.2.jar;C:\Users\HP\.m2\repository\javax\activation\activation\1.1.1\activation-1.1.1.jar;C:\Users\HP\.m2\repository\net\serenity-bdd\serenity-cucumber\3.2.1\serenity-cucumber-3.2.1.jar;C:\Users\HP\.m2\repository\io\cucumber\cucumber-core\7.2.3\cucumber-core-7.2.3.jar;C:\Users\HP\.m2\repository\io\cucumber\cucumber-gherkin\7.2.3\cucumber-gherkin-7.2.3.jar;C:\Users\HP\.m2\repository\io\cucumber\cucumber-gherkin-messages\7.2.3\cucumber-gherkin-messages-7.2.3.jar;C:\Users\HP\.m2\repository\io\cucumber\messages\17.1.1\messages-17.1.1.jar;C:\Users\HP\.m2\repository\io\cucumber\tag-expressions\4.1.0\tag-expressions-4.1.0.jar;C:\Users\HP\.m2\repository\io\cucumber\cucumber-expressions\15.0.1\cucumber-expressions-15.0.1.jar;C:\Users\HP\.m2\repository\io\cucumber\datatable\7.2.3\datatable-7.2.3.jar;C:\Users\HP\.m2\repository\io\cucumber\cucumber-plugin\7.2.3\cucumber-plugin-7.2.3.jar;C:\Users\HP\.m2\repository\io\cucumber\docstring\7.2.3\docstring-7.2.3.jar;C:\Users\HP\.m2\repository\io\cucumber\html-formatter\17.0.0\html-formatter-17.0.0.jar;C:\Users\HP\.m2\repository\io\cucumber\ci-environment\8.1.0\ci-environment-8.1.0.jar;C:\Users\HP\.m2\repository\io\cucumber\cucumber-junit\7.2.3\cucumber-junit-7.2.3.jar;C:\Users\HP\.m2\repository\org\apache\commons\commons-csv\1.5\commons-csv-1.5.jar;C:\Users\HP\.m2\repository\net\serenity-bdd\serenity-screenplay\3.2.1\serenity-screenplay-3.2.1.jar;C:\Users\HP\.m2\repository\net\serenity-bdd\serenity-screenplay-webdriver\3.2.1\serenity-screenplay-webdriver-3.2.1.jar;C:\Users\HP\.m2\repository\net\serenity-bdd\serenity-ensure\3.2.1\serenity-ensure-3.2.1.jar;C:\Users\HP\.m2\repository\net\serenity-bdd\serenity-junit\3.2.1\serenity-junit-3.2.1.jar;C:\Users\HP\.m2\repository\org\jetbrains\kotlin\kotlin-stdlib\1.6.0\kotlin-stdlib-1.6.0.jar;C:\Users\HP\.m2\repository\org\jetbrains\annotations\13.0\annotations-13.0.jar;C:\Users\HP\.m2\repository\org\jetbrains\kotlin\kotlin-stdlib-common\1.6.0\kotlin-stdlib-common-1.6.0.jar;C:\Users\HP\.m2\repository\org\junit\platform\junit-platform-launcher\1.8.1\junit-platform-launcher-1.8.1.jar;C:\Users\HP\.m2\repository\org\junit\platform\junit-platform-engine\1.8.1\junit-platform-engine-1.8.1.jar;C:\Users\HP\.m2\repository\org\opentest4j\opentest4j\1.2.0\opentest4j-1.2.0.jar;C:\Users\HP\.m2\repository\org\junit\platform\junit-platform-commons\1.8.1\junit-platform-commons-1.8.1.jar;C:\Users\HP\.m2\repository\org\apiguardian\apiguardian-api\1.1.2\apiguardian-api-1.1.2.jar;C:\Users\HP\.m2\repository\org\junit\jupiter\junit-jupiter-engine\5.8.2\junit-jupiter-engine-5.8.2.jar;C:\Users\HP\.m2\repository\org\junit\jupiter\junit-jupiter-api\5.8.2\junit-jupiter-api-5.8.2.jar;C:\Users\HP\.m2\repository\org\junit\vintage\junit-vintage-engine\5.8.2\junit-vintage-engine-5.8.2.jar;C:\Users\HP\.m2\repository\junit\junit\4.13.2\junit-4.13.2.jar;C:\Users\HP\.m2\repository\org\hamcrest\hamcrest-core\1.3\hamcrest-core-1.3.jar;C:\Users\HP\.m2\repository\ch\qos\logback\logback-classic\1.2.10\logback-classic-1.2.10.jar;C:\Users\HP\.m2\repository\ch\qos\logback\logback-core\1.2.10\logback-core-1.2.10.jar;C:\Users\HP\.m2\repository\org\slf4j\slf4j-api\1.7.32\slf4j-api-1.7.32.jar;C:\Users\HP\.m2\repository\org\assertj\assertj-core\3.6.2\assertj-core-3.6.2.jar;"/>
    <property name="java.vm.vendor" value="Oracle Corporation"/>
    <property name="sun.arch.data.model" value="64"/>
    <property name="user.variant" value=""/>
    <property name="java.vendor.url" value="http://java.oracle.com/"/>
    <property name="user.timezone" value="Asia/Bangkok"/>
    <property name="java.vm.specification.version" value="1.8"/>
    <property name="os.name" value="Windows 10"/>
    <property name="user.country" value="ID"/>
    <property name="sun.java.launcher" value="SUN_STANDARD"/>
    <property name="sun.boot.library.path" value="C:\Program Files\Java\jdk1.8.0_321\jre\bin"/>
    <property name="sun.java.command" value="C:\Users\HP\AppData\Local\Temp\surefire2240062711752851807\surefirebooter1665957344811369093.jar C:\Users\HP\AppData\Local\Temp\surefire2240062711752851807 2022-07-21T12-15-36_162-jvmRun1 surefire4361662161004869867tmp surefire_0967170702593924011tmp"/>
    <property name="surefire.test.class.path" value="C:\Users\HP\IdeaProjects\Capstone_GYMweb\target\test-classes;C:\Users\HP\IdeaProjects\Capstone_GYMweb\target\Automation_Serenity-1.0-SNAPSHOT.jar;C:\Users\HP\.m2\repository\net\serenity-bdd\serenity-core\3.2.1\serenity-core-3.2.1.jar;C:\Users\HP\.m2\repository\net\serenity-bdd\serenity-model\3.2.1\serenity-model-3.2.1.jar;C:\Users\HP\.m2\repository\org\apache\commons\commons-text\1.9\commons-text-1.9.jar;C:\Users\HP\.m2\repository\commons-net\commons-net\3.8.0\commons-net-3.8.0.jar;C:\Users\HP\.m2\repository\com\google\guava\guava\31.1-jre\guava-31.1-jre.jar;C:\Users\HP\.m2\repository\com\google\guava\failureaccess\1.0.1\failureaccess-1.0.1.jar;C:\Users\HP\.m2\repository\com\google\guava\listenablefuture\9999.0-empty-to-avoid-conflict-with-guava\listenablefuture-9999.0-empty-to-avoid-conflict-with-guava.jar;C:\Users\HP\.m2\repository\com\google\code\findbugs\jsr305\3.0.2\jsr305-3.0.2.jar;C:\Users\HP\.m2\repository\org\checkerframework\checker-qual\3.12.0\checker-qual-3.12.0.jar;C:\Users\HP\.m2\repository\com\google\errorprone\error_prone_annotations\2.11.0\error_prone_annotations-2.11.0.jar;C:\Users\HP\.m2\repository\com\google\j2objc\j2objc-annotations\1.3\j2objc-annotations-1.3.jar;C:\Users\HP\.m2\repository\com\google\inject\guice\5.1.0\guice-5.1.0.jar;C:\Users\HP\.m2\repository\javax\inject\javax.inject\1\javax.inject-1.jar;C:\Users\HP\.m2\repository\aopalliance\aopalliance\1.0\aopalliance-1.0.jar;C:\Users\HP\.m2\repository\org\jsoup\jsoup\1.14.3\jsoup-1.14.3.jar;C:\Users\HP\.m2\repository\com\thoughtworks\xstream\xstream\1.4.19\xstream-1.4.19.jar;C:\Users\HP\.m2\repository\io\github\x-stream\mxparser\1.2.2\mxparser-1.2.2.jar;C:\Users\HP\.m2\repository\xmlpull\xmlpull\1.1.3.1\xmlpull-1.1.3.1.jar;C:\Users\HP\.m2\repository\io\cucumber\cucumber-java\7.2.3\cucumber-java-7.2.3.jar;C:\Users\HP\.m2\repository\com\typesafe\config\1.4.2\config-1.4.2.jar;C:\Users\HP\.m2\repository\org\imgscalr\imgscalr-lib\4.2\imgscalr-lib-4.2.jar;C:\Users\HP\.m2\repository\org\awaitility\awaitility\4.2.0\awaitility-4.2.0.jar;C:\Users\HP\.m2\repository\org\freemarker\freemarker\2.3.31\freemarker-2.3.31.jar;C:\Users\HP\.m2\repository\io\github\classgraph\classgraph\4.8.138\classgraph-4.8.138.jar;C:\Users\HP\.m2\repository\net\sourceforge\jexcelapi\jxl\2.6.12\jxl-2.6.12.jar;C:\Users\HP\.m2\repository\net\bytebuddy\byte-buddy\1.12.8\byte-buddy-1.12.8.jar;C:\Users\HP\.m2\repository\net\bytebuddy\byte-buddy-agent\1.12.8\byte-buddy-agent-1.12.8.jar;C:\Users\HP\.m2\repository\org\objenesis\objenesis\3.1\objenesis-3.1.jar;C:\Users\HP\.m2\repository\net\serenity-bdd\serenity-reports\3.2.1\serenity-reports-3.2.1.jar;C:\Users\HP\.m2\repository\net\serenity-bdd\serenity-stats\3.2.1\serenity-stats-3.2.1.jar;C:\Users\HP\.m2\repository\net\serenity-bdd\serenity-reports-configuration\3.2.1\serenity-reports-configuration-3.2.1.jar;C:\Users\HP\.m2\repository\com\vladsch\flexmark\flexmark-all\0.34.30\flexmark-all-0.34.30.jar;C:\Users\HP\.m2\repository\com\vladsch\flexmark\flexmark\0.34.30\flexmark-0.34.30.jar;C:\Users\HP\.m2\repository\com\vladsch\flexmark\flexmark-ext-abbreviation\0.34.30\flexmark-ext-abbreviation-0.34.30.jar;C:\Users\HP\.m2\repository\com\vladsch\flexmark\flexmark-ext-admonition\0.34.30\flexmark-ext-admonition-0.34.30.jar;C:\Users\HP\.m2\repository\com\vladsch\flexmark\flexmark-ext-anchorlink\0.34.30\flexmark-ext-anchorlink-0.34.30.jar;C:\Users\HP\.m2\repository\com\vladsch\flexmark\flexmark-ext-aside\0.34.30\flexmark-ext-aside-0.34.30.jar;C:\Users\HP\.m2\repository\com\vladsch\flexmark\flexmark-ext-attributes\0.34.30\flexmark-ext-attributes-0.34.30.jar;C:\Users\HP\.m2\repository\com\vladsch\flexmark\flexmark-ext-autolink\0.34.30\flexmark-ext-autolink-0.34.30.jar;C:\Users\HP\.m2\repository\org\nibor\autolink\autolink\0.6.0\autolink-0.6.0.jar;C:\Users\HP\.m2\repository\com\vladsch\flexmark\flexmark-ext-definition\0.34.30\flexmark-ext-definition-0.34.30.jar;C:\Users\HP\.m2\repository\com\vladsch\flexmark\flexmark-ext-emoji\0.34.30\flexmark-ext-emoji-0.34.30.jar;C:\Users\HP\.m2\repository\com\vladsch\flexmark\flexmark-ext-enumerated-reference\0.34.30\flexmark-ext-enumerated-reference-0.34.30.jar;C:\Users\HP\.m2\repository\com\vladsch\flexmark\flexmark-ext-escaped-character\0.34.30\flexmark-ext-escaped-character-0.34.30.jar;C:\Users\HP\.m2\repository\com\vladsch\flexmark\flexmark-ext-footnotes\0.34.30\flexmark-ext-footnotes-0.34.30.jar;C:\Users\HP\.m2\repository\com\vladsch\flexmark\flexmark-ext-gfm-issues\0.34.30\flexmark-ext-gfm-issues-0.34.30.jar;C:\Users\HP\.m2\repository\com\vladsch\flexmark\flexmark-ext-gfm-strikethrough\0.34.30\flexmark-ext-gfm-strikethrough-0.34.30.jar;C:\Users\HP\.m2\repository\com\vladsch\flexmark\flexmark-ext-gfm-tables\0.34.30\flexmark-ext-gfm-tables-0.34.30.jar;C:\Users\HP\.m2\repository\com\vladsch\flexmark\flexmark-ext-gfm-tasklist\0.34.30\flexmark-ext-gfm-tasklist-0.34.30.jar;C:\Users\HP\.m2\repository\com\vladsch\flexmark\flexmark-ext-gfm-users\0.34.30\flexmark-ext-gfm-users-0.34.30.jar;C:\Users\HP\.m2\repository\com\vladsch\flexmark\flexmark-ext-gitlab\0.34.30\flexmark-ext-gitlab-0.34.30.jar;C:\Users\HP\.m2\repository\com\vladsch\flexmark\flexmark-ext-jekyll-front-matter\0.34.30\flexmark-ext-jekyll-front-matter-0.34.30.jar;C:\Users\HP\.m2\repository\com\vladsch\flexmark\flexmark-ext-jekyll-tag\0.34.30\flexmark-ext-jekyll-tag-0.34.30.jar;C:\Users\HP\.m2\repository\com\vladsch\flexmark\flexmark-ext-media-tags\0.34.30\flexmark-ext-media-tags-0.34.30.jar;C:\Users\HP\.m2\repository\com\vladsch\flexmark\flexmark-test-util\0.34.30\flexmark-test-util-0.34.30.jar;C:\Users\HP\.m2\repository\com\vladsch\flexmark\flexmark-ext-ins\0.34.30\flexmark-ext-ins-0.34.30.jar;C:\Users\HP\.m2\repository\com\vladsch\flexmark\flexmark-ext-xwiki-macros\0.34.30\flexmark-ext-xwiki-macros-0.34.30.jar;C:\Users\HP\.m2\repository\com\vladsch\flexmark\flexmark-ext-superscript\0.34.30\flexmark-ext-superscript-0.34.30.jar;C:\Users\HP\.m2\repository\com\vladsch\flexmark\flexmark-ext-tables\0.34.30\flexmark-ext-tables-0.34.30.jar;C:\Users\HP\.m2\repository\com\vladsch\flexmark\flexmark-ext-toc\0.34.30\flexmark-ext-toc-0.34.30.jar;C:\Users\HP\.m2\repository\com\vladsch\flexmark\flexmark-ext-typographic\0.34.30\flexmark-ext-typographic-0.34.30.jar;C:\Users\HP\.m2\repository\com\vladsch\flexmark\flexmark-ext-wikilink\0.34.30\flexmark-ext-wikilink-0.34.30.jar;C:\Users\HP\.m2\repository\com\vladsch\flexmark\flexmark-ext-yaml-front-matter\0.34.30\flexmark-ext-yaml-front-matter-0.34.30.jar;C:\Users\HP\.m2\repository\com\vladsch\flexmark\flexmark-ext-youtube-embedded\0.34.30\flexmark-ext-youtube-embedded-0.34.30.jar;C:\Users\HP\.m2\repository\com\vladsch\flexmark\flexmark-formatter\0.34.30\flexmark-formatter-0.34.30.jar;C:\Users\HP\.m2\repository\com\vladsch\flexmark\flexmark-html-parser\0.34.30\flexmark-html-parser-0.34.30.jar;C:\Users\HP\.m2\repository\com\vladsch\flexmark\flexmark-jira-converter\0.34.30\flexmark-jira-converter-0.34.30.jar;C:\Users\HP\.m2\repository\com\vladsch\flexmark\flexmark-pdf-converter\0.34.30\flexmark-pdf-converter-0.34.30.jar;C:\Users\HP\.m2\repository\com\openhtmltopdf\openhtmltopdf-core\0.0.1-RC13\openhtmltopdf-core-0.0.1-RC13.jar;C:\Users\HP\.m2\repository\com\openhtmltopdf\openhtmltopdf-pdfbox\0.0.1-RC13\openhtmltopdf-pdfbox-0.0.1-RC13.jar;C:\Users\HP\.m2\repository\org\apache\pdfbox\pdfbox\2.0.8\pdfbox-2.0.8.jar;C:\Users\HP\.m2\repository\org\apache\pdfbox\fontbox\2.0.8\fontbox-2.0.8.jar;C:\Users\HP\.m2\repository\commons-logging\commons-logging\1.2\commons-logging-1.2.jar;C:\Users\HP\.m2\repository\org\apache\pdfbox\xmpbox\2.0.8\xmpbox-2.0.8.jar;C:\Users\HP\.m2\repository\de\rototor\pdfbox\graphics2d\0.12\graphics2d-0.12.jar;C:\Users\HP\.m2\repository\com\openhtmltopdf\openhtmltopdf-rtl-support\0.0.1-RC13\openhtmltopdf-rtl-support-0.0.1-RC13.jar;C:\Users\HP\.m2\repository\com\ibm\icu\icu4j\59.1\icu4j-59.1.jar;C:\Users\HP\.m2\repository\com\openhtmltopdf\openhtmltopdf-jsoup-dom-converter\0.0.1-RC13\openhtmltopdf-jsoup-dom-converter-0.0.1-RC13.jar;C:\Users\HP\.m2\repository\com\vladsch\flexmark\flexmark-profile-pegdown\0.34.30\flexmark-profile-pegdown-0.34.30.jar;C:\Users\HP\.m2\repository\com\vladsch\flexmark\flexmark-util\0.34.30\flexmark-util-0.34.30.jar;C:\Users\HP\.m2\repository\com\vladsch\flexmark\flexmark-youtrack-converter\0.34.30\flexmark-youtrack-converter-0.34.30.jar;C:\Users\HP\.m2\repository\es\nitaur\markdown\txtmark\0.16\txtmark-0.16.jar;C:\Users\HP\.m2\repository\net\serenity-bdd\serenity-report-resources\3.2.1\serenity-report-resources-3.2.1.jar;C:\Users\HP\.m2\repository\com\google\code\gson\gson\2.9.0\gson-2.9.0.jar;C:\Users\HP\.m2\repository\com\fasterxml\jackson\core\jackson-core\2.13.2\jackson-core-2.13.2.jar;C:\Users\HP\.m2\repository\com\fasterxml\jackson\core\jackson-databind\2.13.2\jackson-databind-2.13.2.jar;C:\Users\HP\.m2\repository\com\fasterxml\jackson\core\jackson-annotations\2.13.2\jackson-annotations-2.13.2.jar;C:\Users\HP\.m2\repository\commons-codec\commons-codec\1.15\commons-codec-1.15.jar;C:\Users\HP\.m2\repository\commons-io\commons-io\2.11.0\commons-io-2.11.0.jar;C:\Users\HP\.m2\repository\org\seleniumhq\selenium\selenium-java\4.1.2\selenium-java-4.1.2.jar;C:\Users\HP\.m2\repository\org\seleniumhq\selenium\selenium-devtools-v85\4.1.2\selenium-devtools-v85-4.1.2.jar;C:\Users\HP\.m2\repository\org\seleniumhq\selenium\selenium-devtools-v95\4.1.2\selenium-devtools-v95-4.1.2.jar;C:\Users\HP\.m2\repository\org\seleniumhq\selenium\selenium-devtools-v96\4.1.2\selenium-devtools-v96-4.1.2.jar;C:\Users\HP\.m2\repository\org\seleniumhq\selenium\selenium-devtools-v97\4.1.2\selenium-devtools-v97-4.1.2.jar;C:\Users\HP\.m2\repository\org\seleniumhq\selenium\selenium-firefox-xpi-driver\4.1.2\selenium-firefox-xpi-driver-4.1.2.jar;C:\Users\HP\.m2\repository\org\seleniumhq\selenium\selenium-opera-driver\4.1.2\selenium-opera-driver-4.1.2.jar;C:\Users\HP\.m2\repository\org\seleniumhq\selenium\selenium-remote-driver\4.1.2\selenium-remote-driver-4.1.2.jar;C:\Users\HP\.m2\repository\com\beust\jcommander\1.82\jcommander-1.82.jar;C:\Users\HP\.m2\repository\io\netty\netty-buffer\4.1.73.Final\netty-buffer-4.1.73.Final.jar;C:\Users\HP\.m2\repository\io\netty\netty-codec-http\4.1.73.Final\netty-codec-http-4.1.73.Final.jar;C:\Users\HP\.m2\repository\io\netty\netty-codec\4.1.73.Final\netty-codec-4.1.73.Final.jar;C:\Users\HP\.m2\repository\io\netty\netty-handler\4.1.73.Final\netty-handler-4.1.73.Final.jar;C:\Users\HP\.m2\repository\io\netty\netty-tcnative-classes\2.0.46.Final\netty-tcnative-classes-2.0.46.Final.jar;C:\Users\HP\.m2\repository\io\netty\netty-common\4.1.73.Final\netty-common-4.1.73.Final.jar;C:\Users\HP\.m2\repository\io\netty\netty-transport-classes-epoll\4.1.73.Final\netty-transport-classes-epoll-4.1.73.Final.jar;C:\Users\HP\.m2\repository\io\netty\netty-transport-classes-kqueue\4.1.73.Final\netty-transport-classes-kqueue-4.1.73.Final.jar;C:\Users\HP\.m2\repository\io\netty\netty-transport-native-epoll\4.1.73.Final\netty-transport-native-epoll-4.1.73.Final.jar;C:\Users\HP\.m2\repository\io\netty\netty-transport-native-kqueue\4.1.73.Final\netty-transport-native-kqueue-4.1.73.Final.jar;C:\Users\HP\.m2\repository\io\netty\netty-transport-native-unix-common\4.1.73.Final\netty-transport-native-unix-common-4.1.73.Final.jar;C:\Users\HP\.m2\repository\io\netty\netty-transport\4.1.73.Final\netty-transport-4.1.73.Final.jar;C:\Users\HP\.m2\repository\io\netty\netty-resolver\4.1.73.Final\netty-resolver-4.1.73.Final.jar;C:\Users\HP\.m2\repository\io\opentelemetry\opentelemetry-api\1.10.1\opentelemetry-api-1.10.1.jar;C:\Users\HP\.m2\repository\io\opentelemetry\opentelemetry-context\1.10.1\opentelemetry-context-1.10.1.jar;C:\Users\HP\.m2\repository\io\opentelemetry\opentelemetry-exporter-logging\1.10.1\opentelemetry-exporter-logging-1.10.1.jar;C:\Users\HP\.m2\repository\io\opentelemetry\opentelemetry-sdk-metrics\1.10.1-alpha\opentelemetry-sdk-metrics-1.10.1-alpha.jar;C:\Users\HP\.m2\repository\io\opentelemetry\opentelemetry-sdk-logs\1.10.1-alpha\opentelemetry-sdk-logs-1.10.1-alpha.jar;C:\Users\HP\.m2\repository\io\opentelemetry\opentelemetry-sdk-common\1.10.1\opentelemetry-sdk-common-1.10.1.jar;C:\Users\HP\.m2\repository\io\opentelemetry\opentelemetry-sdk-extension-autoconfigure-spi\1.10.1\opentelemetry-sdk-extension-autoconfigure-spi-1.10.1.jar;C:\Users\HP\.m2\repository\io\opentelemetry\opentelemetry-sdk-extension-autoconfigure\1.10.1-alpha\opentelemetry-sdk-extension-autoconfigure-1.10.1-alpha.jar;C:\Users\HP\.m2\repository\io\opentelemetry\opentelemetry-sdk-trace\1.10.1\opentelemetry-sdk-trace-1.10.1.jar;C:\Users\HP\.m2\repository\io\opentelemetry\opentelemetry-sdk\1.10.1\opentelemetry-sdk-1.10.1.jar;C:\Users\HP\.m2\repository\io\opentelemetry\opentelemetry-semconv\1.10.1-alpha\opentelemetry-semconv-1.10.1-alpha.jar;C:\Users\HP\.m2\repository\io\ous\jtoml\2.0.0\jtoml-2.0.0.jar;C:\Users\HP\.m2\repository\org\apache\commons\commons-exec\1.3\commons-exec-1.3.jar;C:\Users\HP\.m2\repository\org\asynchttpclient\async-http-client\2.12.3\async-http-client-2.12.3.jar;C:\Users\HP\.m2\repository\org\asynchttpclient\async-http-client-netty-utils\2.12.3\async-http-client-netty-utils-2.12.3.jar;C:\Users\HP\.m2\repository\io\netty\netty-codec-socks\4.1.60.Final\netty-codec-socks-4.1.60.Final.jar;C:\Users\HP\.m2\repository\io\netty\netty-handler-proxy\4.1.60.Final\netty-handler-proxy-4.1.60.Final.jar;C:\Users\HP\.m2\repository\io\netty\netty-transport-native-epoll\4.1.60.Final\netty-transport-native-epoll-4.1.60.Final-linux-x86_64.jar;C:\Users\HP\.m2\repository\io\netty\netty-transport-native-kqueue\4.1.60.Final\netty-transport-native-kqueue-4.1.60.Final-osx-x86_64.jar;C:\Users\HP\.m2\repository\org\reactivestreams\reactive-streams\1.0.3\reactive-streams-1.0.3.jar;C:\Users\HP\.m2\repository\com\typesafe\netty\netty-reactive-streams\2.0.4\netty-reactive-streams-2.0.4.jar;C:\Users\HP\.m2\repository\org\seleniumhq\selenium\selenium-http\4.1.2\selenium-http-4.1.2.jar;C:\Users\HP\.m2\repository\net\jodah\failsafe\2.4.4\failsafe-2.4.4.jar;C:\Users\HP\.m2\repository\org\seleniumhq\selenium\selenium-safari-driver\4.1.2\selenium-safari-driver-4.1.2.jar;C:\Users\HP\.m2\repository\org\seleniumhq\selenium\selenium-api\4.1.2\selenium-api-4.1.2.jar;C:\Users\HP\.m2\repository\org\seleniumhq\selenium\selenium-support\4.1.2\selenium-support-4.1.2.jar;C:\Users\HP\.m2\repository\com\google\auto\service\auto-service-annotations\1.0.1\auto-service-annotations-1.0.1.jar;C:\Users\HP\.m2\repository\com\google\auto\service\auto-service\1.0.1\auto-service-1.0.1.jar;C:\Users\HP\.m2\repository\com\google\auto\auto-common\1.2\auto-common-1.2.jar;C:\Users\HP\.m2\repository\org\seleniumhq\selenium\selenium-json\4.1.2\selenium-json-4.1.2.jar;C:\Users\HP\.m2\repository\org\seleniumhq\selenium\selenium-chrome-driver\4.1.2\selenium-chrome-driver-4.1.2.jar;C:\Users\HP\.m2\repository\org\seleniumhq\selenium\selenium-chromium-driver\4.1.2\selenium-chromium-driver-4.1.2.jar;C:\Users\HP\.m2\repository\org\seleniumhq\selenium\selenium-firefox-driver\4.1.2\selenium-firefox-driver-4.1.2.jar;C:\Users\HP\.m2\repository\org\seleniumhq\selenium\selenium-edge-driver\4.1.2\selenium-edge-driver-4.1.2.jar;C:\Users\HP\.m2\repository\org\seleniumhq\selenium\selenium-ie-driver\4.1.2\selenium-ie-driver-4.1.2.jar;C:\Users\HP\.m2\repository\org\projectlombok\lombok\1.18.20\lombok-1.18.20.jar;C:\Users\HP\.m2\repository\io\appium\java-client\8.0.0\java-client-8.0.0.jar;C:\Users\HP\.m2\repository\commons-validator\commons-validator\1.7\commons-validator-1.7.jar;C:\Users\HP\.m2\repository\commons-digester\commons-digester\2.1\commons-digester-2.1.jar;C:\Users\HP\.m2\repository\org\aspectj\aspectjweaver\1.9.8\aspectjweaver-1.9.8.jar;C:\Users\HP\.m2\repository\org\codehaus\groovy\groovy\3.0.10\groovy-3.0.10.jar;C:\Users\HP\.m2\repository\net\sf\opencsv\opencsv\2.0\opencsv-2.0.jar;C:\Users\HP\.m2\repository\commons-beanutils\commons-beanutils\1.9.4\commons-beanutils-1.9.4.jar;C:\Users\HP\.m2\repository\org\apache\commons\commons-lang3\3.12.0\commons-lang3-3.12.0.jar;C:\Users\HP\.m2\repository\commons-collections\commons-collections\3.2.2\commons-collections-3.2.2.jar;C:\Users\HP\.m2\repository\org\fluentlenium\fluentlenium-core\0.10.2\fluentlenium-core-0.10.2.jar;C:\Users\HP\.m2\repository\io\github\bonigarcia\webdrivermanager\5.1.0\webdrivermanager-5.1.0.jar;C:\Users\HP\.m2\repository\com\github\docker-java\docker-java\3.2.13\docker-java-3.2.13.jar;C:\Users\HP\.m2\repository\com\github\docker-java\docker-java-core\3.2.13\docker-java-core-3.2.13.jar;C:\Users\HP\.m2\repository\com\github\docker-java\docker-java-api\3.2.13\docker-java-api-3.2.13.jar;C:\Users\HP\.m2\repository\org\apache\commons\commons-compress\1.21\commons-compress-1.21.jar;C:\Users\HP\.m2\repository\org\bouncycastle\bcpkix-jdk15on\1.64\bcpkix-jdk15on-1.64.jar;C:\Users\HP\.m2\repository\org\bouncycastle\bcprov-jdk15on\1.64\bcprov-jdk15on-1.64.jar;C:\Users\HP\.m2\repository\org\slf4j\jcl-over-slf4j\1.7.30\jcl-over-slf4j-1.7.30.jar;C:\Users\HP\.m2\repository\com\github\docker-java\docker-java-transport-httpclient5\3.2.13\docker-java-transport-httpclient5-3.2.13.jar;C:\Users\HP\.m2\repository\com\github\docker-java\docker-java-transport\3.2.13\docker-java-transport-3.2.13.jar;C:\Users\HP\.m2\repository\org\apache\httpcomponents\client5\httpclient5\5.0.3\httpclient5-5.0.3.jar;C:\Users\HP\.m2\repository\org\apache\httpcomponents\core5\httpcore5\5.0.2\httpcore5-5.0.2.jar;C:\Users\HP\.m2\repository\net\java\dev\jna\jna\5.8.0\jna-5.8.0.jar;C:\Users\HP\.m2\repository\org\brotli\dec\0.1.2\dec-0.1.2.jar;C:\Users\HP\.m2\repository\com\jhlabs\filters\2.0.235\filters-2.0.235.jar;C:\Users\HP\.m2\repository\com\paulhammant\ngwebdriver\1.1.6\ngwebdriver-1.1.6.jar;C:\Users\HP\.m2\repository\joda-time\joda-time\2.8.2\joda-time-2.8.2.jar;C:\Users\HP\.m2\repository\org\hamcrest\hamcrest\2.2\hamcrest-2.2.jar;C:\Users\HP\.m2\repository\com\google\jimfs\jimfs\1.2\jimfs-1.2.jar;C:\Users\HP\.m2\repository\org\mockito\mockito-core\3.3.3\mockito-core-3.3.3.jar;C:\Users\HP\.m2\repository\javax\xml\bind\jaxb-api\2.3.1\jaxb-api-2.3.1.jar;C:\Users\HP\.m2\repository\javax\activation\javax.activation-api\1.2.0\javax.activation-api-1.2.0.jar;C:\Users\HP\.m2\repository\com\sun\xml\bind\jaxb-core\2.3.0.1\jaxb-core-2.3.0.1.jar;C:\Users\HP\.m2\repository\com\sun\xml\bind\jaxb-impl\2.3.3\jaxb-impl-2.3.3.jar;C:\Users\HP\.m2\repository\jakarta\xml\bind\jakarta.xml.bind-api\2.3.3\jakarta.xml.bind-api-2.3.3.jar;C:\Users\HP\.m2\repository\com\sun\activation\jakarta.activation\1.2.2\jakarta.activation-1.2.2.jar;C:\Users\HP\.m2\repository\javax\activation\activation\1.1.1\activation-1.1.1.jar;C:\Users\HP\.m2\repository\net\serenity-bdd\serenity-cucumber\3.2.1\serenity-cucumber-3.2.1.jar;C:\Users\HP\.m2\repository\io\cucumber\cucumber-core\7.2.3\cucumber-core-7.2.3.jar;C:\Users\HP\.m2\repository\io\cucumber\cucumber-gherkin\7.2.3\cucumber-gherkin-7.2.3.jar;C:\Users\HP\.m2\repository\io\cucumber\cucumber-gherkin-messages\7.2.3\cucumber-gherkin-messages-7.2.3.jar;C:\Users\HP\.m2\repository\io\cucumber\messages\17.1.1\messages-17.1.1.jar;C:\Users\HP\.m2\repository\io\cucumber\tag-expressions\4.1.0\tag-expressions-4.1.0.jar;C:\Users\HP\.m2\repository\io\cucumber\cucumber-expressions\15.0.1\cucumber-expressions-15.0.1.jar;C:\Users\HP\.m2\repository\io\cucumber\datatable\7.2.3\datatable-7.2.3.jar;C:\Users\HP\.m2\repository\io\cucumber\cucumber-plugin\7.2.3\cucumber-plugin-7.2.3.jar;C:\Users\HP\.m2\repository\io\cucumber\docstring\7.2.3\docstring-7.2.3.jar;C:\Users\HP\.m2\repository\io\cucumber\html-formatter\17.0.0\html-formatter-17.0.0.jar;C:\Users\HP\.m2\repository\io\cucumber\ci-environment\8.1.0\ci-environment-8.1.0.jar;C:\Users\HP\.m2\repository\io\cucumber\cucumber-junit\7.2.3\cucumber-junit-7.2.3.jar;C:\Users\HP\.m2\repository\org\apache\commons\commons-csv\1.5\commons-csv-1.5.jar;C:\Users\HP\.m2\repository\net\serenity-bdd\serenity-screenplay\3.2.1\serenity-screenplay-3.2.1.jar;C:\Users\HP\.m2\repository\net\serenity-bdd\serenity-screenplay-webdriver\3.2.1\serenity-screenplay-webdriver-3.2.1.jar;C:\Users\HP\.m2\repository\net\serenity-bdd\serenity-ensure\3.2.1\serenity-ensure-3.2.1.jar;C:\Users\HP\.m2\repository\net\serenity-bdd\serenity-junit\3.2.1\serenity-junit-3.2.1.jar;C:\Users\HP\.m2\repository\org\jetbrains\kotlin\kotlin-stdlib\1.6.0\kotlin-stdlib-1.6.0.jar;C:\Users\HP\.m2\repository\org\jetbrains\annotations\13.0\annotations-13.0.jar;C:\Users\HP\.m2\repository\org\jetbrains\kotlin\kotlin-stdlib-common\1.6.0\kotlin-stdlib-common-1.6.0.jar;C:\Users\HP\.m2\repository\org\junit\platform\junit-platform-launcher\1.8.1\junit-platform-launcher-1.8.1.jar;C:\Users\HP\.m2\repository\org\junit\platform\junit-platform-engine\1.8.1\junit-platform-engine-1.8.1.jar;C:\Users\HP\.m2\repository\org\opentest4j\opentest4j\1.2.0\opentest4j-1.2.0.jar;C:\Users\HP\.m2\repository\org\junit\platform\junit-platform-commons\1.8.1\junit-platform-commons-1.8.1.jar;C:\Users\HP\.m2\repository\org\apiguardian\apiguardian-api\1.1.2\apiguardian-api-1.1.2.jar;C:\Users\HP\.m2\repository\org\junit\jupiter\junit-jupiter-engine\5.8.2\junit-jupiter-engine-5.8.2.jar;C:\Users\HP\.m2\repository\org\junit\jupiter\junit-jupiter-api\5.8.2\junit-jupiter-api-5.8.2.jar;C:\Users\HP\.m2\repository\org\junit\vintage\junit-vintage-engine\5.8.2\junit-vintage-engine-5.8.2.jar;C:\Users\HP\.m2\repository\junit\junit\4.13.2\junit-4.13.2.jar;C:\Users\HP\.m2\repository\org\hamcrest\hamcrest-core\1.3\hamcrest-core-1.3.jar;C:\Users\HP\.m2\repository\ch\qos\logback\logback-classic\1.2.10\logback-classic-1.2.10.jar;C:\Users\HP\.m2\repository\ch\qos\logback\logback-core\1.2.10\logback-core-1.2.10.jar;C:\Users\HP\.m2\repository\org\slf4j\slf4j-api\1.7.32\slf4j-api-1.7.32.jar;C:\Users\HP\.m2\repository\org\assertj\assertj-core\3.6.2\assertj-core-3.6.2.jar;"/>
    <property name="sun.cpu.endian" value="little"/>
    <property name="user.home" value="C:\Users\HP"/>
    <property name="user.language" value="en"/>
    <property name="java.specification.vendor" value="Oracle Corporation"/>
    <property name="java.home" value="C:\Program Files\Java\jdk1.8.0_321\jre"/>
    <property name="basedir" value="C:\Users\HP\IdeaProjects\Capstone_GYMweb"/>
    <property name="file.separator" value="\"/>
    <property name="line.separator" value="&#10;"/>
    <property name="java.vm.specification.vendor" value="Oracle Corporation"/>
    <property name="java.specification.name" value="Java Platform API Specification"/>
    <property name="java.awt.graphicsenv" value="sun.awt.Win32GraphicsEnvironment"/>
    <property name="surefire.real.class.path" value="C:\Users\HP\AppData\Local\Temp\surefire2240062711752851807\surefirebooter1665957344811369093.jar"/>
    <property name="sun.boot.class.path" value="C:\Program Files\Java\jdk1.8.0_321\jre\lib\resources.jar;C:\Program Files\Java\jdk1.8.0_321\jre\lib\rt.jar;C:\Program Files\Java\jdk1.8.0_321\jre\lib\sunrsasign.jar;C:\Program Files\Java\jdk1.8.0_321\jre\lib\jsse.jar;C:\Program Files\Java\jdk1.8.0_321\jre\lib\jce.jar;C:\Program Files\Java\jdk1.8.0_321\jre\lib\charsets.jar;C:\Program Files\Java\jdk1.8.0_321\jre\lib\jfr.jar;C:\Program Files\Java\jdk1.8.0_321\jre\classes"/>
    <property name="user.script" value=""/>
    <property name="java.protocol.handler.pkgs" value="com.google.common"/>
    <property name="sun.management.compiler" value="HotSpot 64-Bit Tiered Compilers"/>
    <property name="java.runtime.version" value="1.8.0_321-b07"/>
    <property name="user.name" value="HP"/>
    <property name="path.separator" value=";"/>
    <property name="os.version" value="10.0"/>
    <property name="java.endorsed.dirs" value="C:\Program Files\Java\jdk1.8.0_321\jre\lib\endorsed"/>
    <property name="java.runtime.name" value="Java(TM) SE Runtime Environment"/>
    <property name="file.encoding" value="Cp1252"/>
    <property name="webdriver.base.url" value=""/>
    <property name="java.vm.name" value="Java HotSpot(TM) 64-Bit Server VM"/>
    <property name="localRepository" value="C:\Users\HP\.m2\repository"/>
    <property name="java.vendor.url.bug" value="http://bugreport.sun.com/bugreport/"/>
    <property name="java.io.tmpdir" value="C:\Users\HP\AppData\Local\Temp\"/>
    <property name="idea.version" value="2021.3.2"/>
    <property name="java.version" value="1.8.0_321"/>
    <property name="user.dir" value="C:\Users\HP\IdeaProjects\Capstone_GYMweb"/>
    <property name="os.arch" value="amd64"/>
    <property name="java.vm.specification.name" value="Java Virtual Machine Specification"/>
    <property name="java.awt.printerjob" value="sun.awt.windows.WPrinterJob"/>
    <property name="sun.os.patch.level" value=""/>
    <property name="java.library.path" value="C:\Program Files\Java\jdk1.8.0_321\jre\bin;C:\WINDOWS\Sun\Java\bin;C:\WINDOWS\system32;C:\WINDOWS;C:\Program Files\Common Files\Oracle\Java\javapath;C:\Users\HP\AppData\Local\Android\Sdk\platform-tools;C:\Users\HP\AppData\Local\Android\Sdk\tools;C:\Program Files\Java\jre1.8.0_321\bin;C:\Program Files (x86)\Common Files\Oracle\Java\javapath;C:\Program Files (x86)\Common Files\Intel\Shared Files\cpp\bin\Intel64;C:\windows\system32;C:\windows;C:\windows\System32\Wbem;C:\windows\System32\WindowsPowerShell\v1.0\;C:\windows\System32\OpenSSH\;C:\Program Files (x86)\NVIDIA Corporation\PhysX\Common;C:\Program Files\NVIDIA Corporation\NVIDIA NvDLISR;C:\xampp\php;C:\ProgramData\ComposerSetup\bin;C:\WINDOWS\system32;C:\WINDOWS;C:\WINDOWS\System32\Wbem;C:\WINDOWS\System32\WindowsPowerShell\v1.0\;C:\WINDOWS\System32\OpenSSH\;C:\Program Files\PuTTY\;C:\rtools40\usr\bin;C:\Program Files\Go\bin;C:\Users\HP\AppData\Local\Programs\Python\Python38-32;C:\chromedriver;C:\Users\HP\AppData\Local\Programs\Python\Python310;C:\Program Files\Git\cmd;C:\Program Files\Java\jdk1.8.0_321\bin;C:\Program Files\Microsoft SQL Server\150\Tools\Binn\;C:\Program Files\Microsoft SQL Server\Client SDK\ODBC\170\Tools\Binn\;C:\Program Files\dotnet\;C:\Program Files\nodejs\;C:\Users\HP\AppData\Local\Android\Sdk\build-tools;C:\Users\HP\AppData\Local\Programs\Python\Python310\Scripts\;C:\Users\HP\AppData\Local\Programs\Python\Python310\;C:\Program Files\Java\jdk-14.0.2\bin;C:\Users\HP\AppData\Roaming\Composer\vendor\bin;C:\Users\HP\AppData\Local\Programs\Microsoft VS Code\bin;C:\Users\HP\AppData\Local\Microsoft\WindowsApps;C:\Users\HP\go\bin;C:\Program Files\JetBrains\IntelliJ IDEA Community Edition 2021.3.2\bin;;C:\Users\HP\.dotnet\tools;C:\Users\HP\AppData\Roaming\npm;."/>
    <property name="java.vm.info" value="mixed mode"/>
    <property name="java.vendor" value="Oracle Corporation"/>
    <property name="java.vm.version" value="25.321-b07"/>
    <property name="java.ext.dirs" value="C:\Program Files\Java\jdk1.8.0_321\jre\lib\ext;C:\WINDOWS\Sun\Java\lib\ext"/>
    <property name="sun.io.unicode.encoding" value="UnicodeLittle"/>
    <property name="java.class.version" value="52.0"/>
  </properties>
  <testcase name="As Admin, I have be able to success login" classname="Login" time="5.381">
    <system-out><![CDATA[12:15:37.874 [main] INFO io.cucumber.core.plugin.SerenityReporter - Running feature from file:///C:/Users/HP/IdeaProjects/Capstone_GYMweb/src/test/resources/features/TC01_Login.feature
12:15:38.031 [main] INFO  - 

-------------------------------------------------------------------------------------
     _______. _______ .______       _______ .__   __.  __  .___________.____    ____ 
    /       ||   ____||   _  \     |   ____||  \ |  | |  | |           |\   \  /   / 
   |   (----`|  |__   |  |_)  |    |  |__   |   \|  | |  | `---|  |----` \   \/   /  
    \   \    |   __|  |      /     |   __|  |  . `  | |  |     |  |       \_    _/   
.----)   |   |  |____ |  |\  \----.|  |____ |  |\   | |  |     |  |         |  |     
|_______/    |_______|| _| `._____||_______||__| \__| |__|     |__|         |__|    
                                                                                     
 News and tutorials at http://www.serenity-bdd.info                                  
 Documentation at https://wakaleo.gitbooks.io/the-serenity-book/content/             
 Join the Serenity Community on Gitter: https://gitter.im/serenity-bdd/serenity-core 
 Serenity BDD Support and Training at http://serenity-bdd.info/#/trainingandsupport  
-------------------------------------------------------------------------------------

12:15:38.031 [main] DEBUG net.thucydides.core.steps.StepEventBus - Test suite started for story net.thucydides.core.model.Story@f223db9
12:15:38.046 [main] INFO  - Test Suite Started: Login
12:15:38.046 [main] INFO io.cucumber.core.plugin.SerenityReporter - Running feature from file:///C:/Users/HP/IdeaProjects/Capstone_GYMweb/src/test/resources/features/TC02_Dashboard.feature
12:15:38.046 [main] DEBUG net.thucydides.core.steps.StepEventBus - Test suite started for story net.thucydides.core.model.Story@a2ebf95a
12:15:38.046 [main] INFO  - Test Suite Started: Dashboard
12:15:38.046 [main] INFO io.cucumber.core.plugin.SerenityReporter - Running feature from file:///C:/Users/HP/IdeaProjects/Capstone_GYMweb/src/test/resources/features/TC03_ManageUser.feature
12:15:38.046 [main] DEBUG net.thucydides.core.steps.StepEventBus - Test suite started for story net.thucydides.core.model.Story@4f3be5f5
12:15:38.046 [main] INFO  - Test Suite Started: Manage user
12:15:38.046 [main] INFO io.cucumber.core.plugin.SerenityReporter - Running feature from file:///C:/Users/HP/IdeaProjects/Capstone_GYMweb/src/test/resources/features/TC04_Membership.feature
12:15:38.062 [main] DEBUG net.thucydides.core.steps.StepEventBus - Test suite started for story net.thucydides.core.model.Story@1dd80f89
12:15:38.062 [main] INFO  - Test Suite Started: Membership user
12:15:38.062 [main] INFO io.cucumber.core.plugin.SerenityReporter - Running feature from file:///C:/Users/HP/IdeaProjects/Capstone_GYMweb/src/test/resources/features/TC05_ClassOffline.feature
12:15:38.062 [main] DEBUG net.thucydides.core.steps.StepEventBus - Test suite started for story net.thucydides.core.model.Story@3c98ac13
12:15:38.062 [main] INFO  - Test Suite Started: Class offline
12:15:38.062 [main] INFO io.cucumber.core.plugin.SerenityReporter - Running feature from file:///C:/Users/HP/IdeaProjects/Capstone_GYMweb/src/test/resources/features/TC06_ClassOnline.feature
12:15:38.062 [main] DEBUG net.thucydides.core.steps.StepEventBus - Test suite started for story net.thucydides.core.model.Story@ad322ede
12:15:38.062 [main] INFO  - Test Suite Started: Class online
12:15:38.062 [main] INFO io.cucumber.core.plugin.SerenityReporter - Running feature from file:///C:/Users/HP/IdeaProjects/Capstone_GYMweb/src/test/resources/features/TC07_Setting.feature
12:15:38.062 [main] DEBUG net.thucydides.core.steps.StepEventBus - Test suite started for story net.thucydides.core.model.Story@feae175f
12:15:38.062 [main] INFO  - Test Suite Started: Setting
12:15:38.062 [main] INFO io.cucumber.core.plugin.SerenityReporter - Running feature from file:///C:/Users/HP/IdeaProjects/Capstone_GYMweb/src/test/resources/features/TC01_Login.feature
12:15:38.062 [main] DEBUG net.thucydides.core.steps.StepEventBus - Test suite started for story net.thucydides.core.model.Story@f223db9
12:15:38.062 [main] INFO  - Test Suite Started: Login

Scenario Outline: As Admin, I have be able to success login &amp#27;[90m# src/test/resources/features/TC01_Login.feature:6&amp#27;[0m
12:15:38.124 [main] INFO io.cucumber.core.plugin.SerenityReporter - Running feature from file:///C:/Users/HP/IdeaProjects/Capstone_GYMweb/src/test/resources/features/TC01_Login.feature
12:15:38.187 [main] INFO  - 
  _____   ___   ___   _____     ___   _____     _     ___   _____   ___   ___  
 |_   _| | __| / __| |_   _|   / __| |_   _|   /_\   | _ \ |_   _| | __| |   \ 
   | |   | _|  \__ \   | |     \__ \   | |    / _ \  |   /   | |   | _|  | |) |
   |_|   |___| |___/   |_|     |___/   |_|   /_/ \_\ |_|_\   |_|   |___| |___/ 

As Admin, I have be able to success login(login;as-admin--i-have-be-able-to-success-login)
--------------------------------------------------------------------------------
12:15:38.710 [main] DEBUG net.thucydides.core.steps.StepInterceptor - STARTING STEP: LoginSteps.onTheLoginPage - openPage
12:15:38.741 [main] INFO net.serenitybdd.core.webdriver.driverproviders.ChromeDriverProvider - Using automatically driver download
12:15:39.444 [main] DEBUG io.github.bonigarcia.wdm.cache.ResolutionCache - Resolution chrome=103 in cache (valid until 12:40:12 21/07/2022 ICT)
12:15:39.460 [main] DEBUG io.github.bonigarcia.wdm.cache.ResolutionCache - Resolution chrome103=103.0.5060.134 in cache (valid until 09:24:50 22/07/2022 ICT)
12:15:39.460 [main] INFO io.github.bonigarcia.wdm.WebDriverManager - Using chromedriver 103.0.5060.134 (resolved driver for Chrome 103)
12:15:39.460 [main] DEBUG io.github.bonigarcia.wdm.WebDriverManager - Driver chromedriver 103.0.5060.134 found in cache
12:15:39.460 [main] INFO io.github.bonigarcia.wdm.WebDriverManager - Exporting webdriver.chrome.driver as C:\Users\HP\.cache\selenium\chromedriver\win32\103.0.5060.134\chromedriver.exe
12:15:39.554 [main] DEBUG net.thucydides.core.reflection.ClassFinder - Could not load class .starter.CucumberTestSuite
12:15:39.554 [main] DEBUG net.thucydides.core.reflection.ClassFinder - Could not load class .starter.pages.ContentPage
12:15:39.554 [main] DEBUG net.thucydides.core.reflection.ClassFinder - Could not load class .starter.pages.Dashboard
12:15:39.554 [main] DEBUG net.thucydides.core.reflection.ClassFinder - Could not load class .starter.pages.LoginPage
12:15:39.554 [main] DEBUG net.thucydides.core.reflection.ClassFinder - Could not load class .starter.pages.LogoutPage
12:15:39.554 [main] DEBUG net.thucydides.core.reflection.ClassFinder - Could not load class .starter.pages.ManageOfflineClassPage
12:15:39.554 [main] DEBUG net.thucydides.core.reflection.ClassFinder - Could not load class .starter.pages.ManageOnlineClassPage
12:15:39.554 [main] DEBUG net.thucydides.core.reflection.ClassFinder - Could not load class .starter.pages.ManageUserPage
12:15:39.554 [main] DEBUG net.thucydides.core.reflection.ClassFinder - Could not load class .starter.pages.MembershipPage
12:15:39.554 [main] DEBUG net.thucydides.core.reflection.ClassFinder - Could not load class .starter.pages.SettingPage
12:15:39.554 [main] DEBUG net.thucydides.core.reflection.ClassFinder - Could not load class .starter.stepdefinitions.ClassOfflineManagerScenariosSteps
12:15:39.554 [main] DEBUG net.thucydides.core.reflection.ClassFinder - Could not load class .starter.stepdefinitions.ClassOnlineManageScenarioSteps
12:15:39.554 [main] DEBUG net.thucydides.core.reflection.ClassFinder - Could not load class .starter.stepdefinitions.DahsboardScenarioSteps
12:15:39.554 [main] DEBUG net.thucydides.core.reflection.ClassFinder - Could not load class .starter.stepdefinitions.LoginSteps
12:15:39.554 [main] DEBUG net.thucydides.core.reflection.ClassFinder - Could not load class .starter.stepdefinitions.ManageUserScenarioSteps
12:15:39.554 [main] DEBUG net.thucydides.core.reflection.ClassFinder - Could not load class .starter.stepdefinitions.MembershipScenarioSteps
12:15:39.554 [main] DEBUG net.thucydides.core.reflection.ClassFinder - Could not load class .starter.stepdefinitions.SettingScenarioSteps
12:15:39.629 [main] DEBUG net.serenitybdd.core.webdriver.driverproviders.ProvideNewDriver - Instantiating driver
12:15:39.629 [main] DEBUG net.serenitybdd.core.webdriver.driverproviders.ProvideNewDriver - Driver capabilities: Capabilities {acceptInsecureCerts: false, base.url: https://www.saucedemo.com/, browserName: chrome, chrome.driver: src/test/resources/webdrive..., driver: chrome, goog:chromeOptions: {args: [], extensions: []}}
12:15:39.691 [main] DEBUG io.netty.util.internal.logging.InternalLoggerFactory - Using SLF4J as the default logging framework
12:15:39.691 [main] DEBUG io.netty.util.ResourceLeakDetector - -Dio.netty.leakDetection.level: simple
12:15:39.691 [main] DEBUG io.netty.util.ResourceLeakDetector - -Dio.netty.leakDetection.targetRecords: 4
12:15:39.691 [main] DEBUG io.netty.util.ResourceLeakDetectorFactory - Loaded default ResourceLeakDetector: io.netty.util.ResourceLeakDetector@6db328f8
12:15:39.707 [main] DEBUG io.netty.util.internal.PlatformDependent0 - -Dio.netty.noUnsafe: false
12:15:39.707 [main] DEBUG io.netty.util.internal.PlatformDependent0 - Java version: 8
12:15:39.707 [main] DEBUG io.netty.util.internal.PlatformDependent0 - sun.misc.Unsafe.theUnsafe: available
12:15:39.707 [main] DEBUG io.netty.util.internal.PlatformDependent0 - sun.misc.Unsafe.copyMemory: available
12:15:39.707 [main] DEBUG io.netty.util.internal.PlatformDependent0 - java.nio.Buffer.address: available
12:15:39.707 [main] DEBUG io.netty.util.internal.PlatformDependent0 - direct buffer constructor: available
12:15:39.707 [main] DEBUG io.netty.util.internal.PlatformDependent0 - java.nio.Bits.unaligned: available, true
12:15:39.707 [main] DEBUG io.netty.util.internal.PlatformDependent0 - jdk.internal.misc.Unsafe.allocateUninitializedArray(int): unavailable prior to Java9
12:15:39.707 [main] DEBUG io.netty.util.internal.PlatformDependent0 - java.nio.DirectByteBuffer.<init>(long, int): available
12:15:39.707 [main] DEBUG io.netty.util.internal.PlatformDependent - sun.misc.Unsafe: available
12:15:39.707 [main] DEBUG io.netty.util.internal.PlatformDependent - -Dio.netty.tmpdir: C:\Users\HP\AppData\Local\Temp (java.io.tmpdir)
12:15:39.707 [main] DEBUG io.netty.util.internal.PlatformDependent - -Dio.netty.bitMode: 64 (sun.arch.data.model)
12:15:39.707 [main] DEBUG io.netty.util.internal.PlatformDependent - Platform: Windows
12:15:39.707 [main] DEBUG io.netty.util.internal.PlatformDependent - -Dio.netty.maxDirectMemory: 954728448 bytes
12:15:39.707 [main] DEBUG io.netty.util.internal.PlatformDependent - -Dio.netty.uninitializedArrayAllocationThreshold: -1
12:15:39.707 [main] DEBUG io.netty.util.internal.CleanerJava6 - java.nio.ByteBuffer.cleaner(): available
12:15:39.707 [main] DEBUG io.netty.util.internal.PlatformDependent - -Dio.netty.noPreferDirect: false
12:15:39.707 [main] DEBUG io.netty.util.internal.PlatformDependent - org.jctools-core.MpscChunkedArrayQueue: available
12:15:39.723 [main] DEBUG io.netty.util.internal.InternalThreadLocalMap - -Dio.netty.threadLocalMap.stringBuilder.initialSize: 1024
12:15:39.723 [main] DEBUG io.netty.util.internal.InternalThreadLocalMap - -Dio.netty.threadLocalMap.stringBuilder.maxSize: 4096
12:15:39.738 [main] DEBUG io.netty.handler.ssl.JdkSslContext - Default protocols (JDK): [TLSv1.2] 
12:15:39.738 [main] DEBUG io.netty.handler.ssl.JdkSslContext - Default cipher suites (JDK): [TLS_ECDHE_ECDSA_WITH_AES_256_GCM_SHA384, TLS_ECDHE_ECDSA_WITH_AES_128_GCM_SHA256, TLS_ECDHE_RSA_WITH_AES_128_GCM_SHA256, TLS_ECDHE_RSA_WITH_AES_256_GCM_SHA384, TLS_ECDHE_RSA_WITH_AES_128_CBC_SHA, TLS_ECDHE_RSA_WITH_AES_256_CBC_SHA, TLS_RSA_WITH_AES_128_GCM_SHA256, TLS_RSA_WITH_AES_128_CBC_SHA, TLS_RSA_WITH_AES_256_CBC_SHA, TLS_AES_128_GCM_SHA256, TLS_AES_256_GCM_SHA384]
12:15:39.754 [main] DEBUG io.netty.channel.MultithreadEventLoopGroup - -Dio.netty.eventLoopThreads: 16
12:15:39.769 [main] DEBUG io.netty.channel.nio.NioEventLoop - -Dio.netty.noKeySetOptimization: false
12:15:39.769 [main] DEBUG io.netty.channel.nio.NioEventLoop - -Dio.netty.selectorAutoRebuildThreshold: 512
12:15:39.801 [main] DEBUG io.netty.buffer.PooledByteBufAllocator - -Dio.netty.allocator.numHeapArenas: 9
12:15:39.801 [main] DEBUG io.netty.buffer.PooledByteBufAllocator - -Dio.netty.allocator.numDirectArenas: 9
12:15:39.801 [main] DEBUG io.netty.buffer.PooledByteBufAllocator - -Dio.netty.allocator.pageSize: 8192
12:15:39.801 [main] DEBUG io.netty.buffer.PooledByteBufAllocator - -Dio.netty.allocator.maxOrder: 11
12:15:39.801 [main] DEBUG io.netty.buffer.PooledByteBufAllocator - -Dio.netty.allocator.chunkSize: 16777216
12:15:39.801 [main] DEBUG io.netty.buffer.PooledByteBufAllocator - -Dio.netty.allocator.smallCacheSize: 256
12:15:39.801 [main] DEBUG io.netty.buffer.PooledByteBufAllocator - -Dio.netty.allocator.normalCacheSize: 64
12:15:39.801 [main] DEBUG io.netty.buffer.PooledByteBufAllocator - -Dio.netty.allocator.maxCachedBufferCapacity: 32768
12:15:39.801 [main] DEBUG io.netty.buffer.PooledByteBufAllocator - -Dio.netty.allocator.cacheTrimInterval: 8192
12:15:39.801 [main] DEBUG io.netty.buffer.PooledByteBufAllocator - -Dio.netty.allocator.cacheTrimIntervalMillis: 0
12:15:39.801 [main] DEBUG io.netty.buffer.PooledByteBufAllocator - -Dio.netty.allocator.useCacheForAllThreads: true
12:15:39.801 [main] DEBUG io.netty.buffer.PooledByteBufAllocator - -Dio.netty.allocator.maxCachedByteBuffersPerChunk: 1023
12:15:39.801 [main] DEBUG io.netty.buffer.ByteBufUtil - -Dio.netty.allocator.type: pooled
12:15:39.801 [main] DEBUG io.netty.buffer.ByteBufUtil - -Dio.netty.threadLocalDirectBufferSize: 0
12:15:39.801 [main] DEBUG io.netty.buffer.ByteBufUtil - -Dio.netty.maxThreadLocalCharBufferSize: 16384
12:15:40.496 [Forwarding newSession on session null to remote] DEBUG io.netty.channel.DefaultChannelId - -Dio.netty.processId: 21660 (auto-detected)
12:15:40.496 [Forwarding newSession on session null to remote] DEBUG io.netty.util.NetUtil - -Djava.net.preferIPv4Stack: false
12:15:40.496 [Forwarding newSession on session null to remote] DEBUG io.netty.util.NetUtil - -Djava.net.preferIPv6Addresses: false
12:15:40.655 [Forwarding newSession on session null to remote] DEBUG io.netty.util.NetUtilInitializations - Loopback interface: lo (Software Loopback Interface 1, 127.0.0.1)
12:15:40.655 [Forwarding newSession on session null to remote] DEBUG io.netty.util.NetUtil - Failed to get SOMAXCONN from sysctl and file \proc\sys\net\core\somaxconn. Default: 200
12:15:40.811 [Forwarding newSession on session null to remote] DEBUG io.netty.channel.DefaultChannelId - -Dio.netty.machineId: bc:54:2f:ff:fe:cf:00:c6 (auto-detected)
12:15:40.842 [AsyncHttpClient-1-2] DEBUG io.netty.buffer.AbstractByteBuf - -Dio.netty.buffer.checkAccessible: true
12:15:40.858 [AsyncHttpClient-1-2] DEBUG io.netty.buffer.AbstractByteBuf - -Dio.netty.buffer.checkBounds: true
12:15:40.858 [AsyncHttpClient-1-2] DEBUG io.netty.util.ResourceLeakDetectorFactory - Loaded default ResourceLeakDetector: io.netty.util.ResourceLeakDetector@24308964
12:15:40.858 [AsyncHttpClient-1-2] DEBUG org.asynchttpclient.netty.channel.NettyConnectListener - Using new Channel '[id: 0x337344e0, L:/127.0.0.1:62496 - R:localhost/127.0.0.1:59028]' for 'POST' to '/session'
12:15:40.874 [AsyncHttpClient-1-2] DEBUG io.netty.util.Recycler - -Dio.netty.recycler.maxCapacityPerThread: 4096
12:15:40.874 [AsyncHttpClient-1-2] DEBUG io.netty.util.Recycler - -Dio.netty.recycler.ratio: 8
12:15:40.874 [AsyncHttpClient-1-2] DEBUG io.netty.util.Recycler - -Dio.netty.recycler.chunkSize: 32
12:15:40.874 [AsyncHttpClient-1-2] DEBUG io.netty.util.Recycler - -Dio.netty.recycler.blocking: false
12:15:41.358 [AsyncHttpClient-1-2] DEBUG io.netty.handler.codec.compression.Brotli - brotli4j not in the classpath; Brotli support will be unavailable.
12:15:41.358 [AsyncHttpClient-1-2] DEBUG org.asynchttpclient.netty.handler.HttpHandler - 

Request DefaultHttpRequest(decodeResult: success, version: HTTP/1.1)
POST /session HTTP/1.1
User-Agent: selenium/4.1.2 (java windows)
Content-Length: 612
Content-Type: application/json; charset=utf-8
host: localhost:59028
accept: */*

Response DefaultHttpResponse(decodeResult: success, version: HTTP/1.1)
HTTP/1.1 200 OK
Content-Type: application/json; charset=utf-8
cache-control: no-cache
content-length: 789

12:15:41.373 [AsyncHttpClient-1-2] DEBUG org.asynchttpclient.netty.channel.ChannelManager - Adding key: http://localhost:59028 for channel [id: 0x337344e0, L:/127.0.0.1:62496 - R:localhost/127.0.0.1:59028]
12:15:41.420 [AsyncHttpClient-1-3] DEBUG org.asynchttpclient.netty.channel.NettyConnectListener - Using new Channel '[id: 0x7c2ee03a, L:/127.0.0.1:62503 - R:localhost/127.0.0.1:62497]' for 'GET' to '/json/version'
12:15:41.421 [AsyncHttpClient-1-3] DEBUG org.asynchttpclient.netty.handler.HttpHandler - 

Request DefaultFullHttpRequest(decodeResult: success, version: HTTP/1.1, content: EmptyByteBufBE)
GET /json/version HTTP/1.1
User-Agent: selenium/4.1.2 (java windows)
host: localhost:62497
accept: */*

Response DefaultHttpResponse(decodeResult: success, version: HTTP/1.1)
HTTP/1.1 200 OK
Content-Type: application/json; charset=UTF-8
content-length: 429

12:15:41.421 [AsyncHttpClient-1-3] DEBUG org.asynchttpclient.netty.channel.ChannelManager - Adding key: http://localhost:62497 for channel [id: 0x7c2ee03a, L:/127.0.0.1:62503 - R:localhost/127.0.0.1:62497]
12:15:41.424 [main] DEBUG io.netty.util.internal.ThreadLocalRandom - -Dio.netty.initialSeedUniquifier: 0x543709334a49ad25
12:15:41.424 [AsyncHttpClient-1-4] DEBUG org.asynchttpclient.netty.channel.NettyConnectListener - Using new Channel '[id: 0x5523983b, L:/127.0.0.1:62504 - R:localhost/127.0.0.1:62497]' for 'GET' to '/devtools/browser/cddfa914-a80d-4ea4-b417-7118c724bd08'
12:15:41.424 [AsyncHttpClient-1-4] DEBUG org.asynchttpclient.netty.handler.WebSocketHandler - 

Request DefaultFullHttpRequest(decodeResult: success, version: HTTP/1.1, content: EmptyByteBufBE)
GET /devtools/browser/cddfa914-a80d-4ea4-b417-7118c724bd08 HTTP/1.1
upgrade: websocket
connection: upgrade
sec-websocket-key: U6tWEQ6NoOLfy8FWOWHmSA==
sec-websocket-version: 13
origin: http://localhost:62497
host: localhost:62497
accept: */*
user-agent: AHC/2.1

Response DefaultHttpResponse(decodeResult: success, version: HTTP/1.1)
HTTP/1.1 101 WebSocket Protocol Handshake
Upgrade: WebSocket
Connection: Upgrade
Sec-WebSocket-Accept: gSWlYNismC86DJAMhZnVzp+AioY=

12:15:41.522 [main] DEBUG net.thucydides.core.reflection.ClassFinder - Could not load class .starter.CucumberTestSuite
12:15:41.524 [main] DEBUG net.thucydides.core.reflection.ClassFinder - Could not load class .starter.pages.ContentPage
12:15:41.524 [main] DEBUG net.thucydides.core.reflection.ClassFinder - Could not load class .starter.pages.Dashboard
12:15:41.524 [main] DEBUG net.thucydides.core.reflection.ClassFinder - Could not load class .starter.pages.LoginPage
12:15:41.524 [main] DEBUG net.thucydides.core.reflection.ClassFinder - Could not load class .starter.pages.LogoutPage
12:15:41.524 [main] DEBUG net.thucydides.core.reflection.ClassFinder - Could not load class .starter.pages.ManageOfflineClassPage
12:15:41.524 [main] DEBUG net.thucydides.core.reflection.ClassFinder - Could not load class .starter.pages.ManageOnlineClassPage
12:15:41.524 [main] DEBUG net.thucydides.core.reflection.ClassFinder - Could not load class .starter.pages.ManageUserPage
12:15:41.524 [main] DEBUG net.thucydides.core.reflection.ClassFinder - Could not load class .starter.pages.MembershipPage
12:15:41.524 [main] DEBUG net.thucydides.core.reflection.ClassFinder - Could not load class .starter.pages.SettingPage
12:15:41.524 [main] DEBUG net.thucydides.core.reflection.ClassFinder - Could not load class .starter.stepdefinitions.ClassOfflineManagerScenariosSteps
12:15:41.524 [main] DEBUG net.thucydides.core.reflection.ClassFinder - Could not load class .starter.stepdefinitions.ClassOnlineManageScenarioSteps
12:15:41.524 [main] DEBUG net.thucydides.core.reflection.ClassFinder - Could not load class .starter.stepdefinitions.DahsboardScenarioSteps
12:15:41.524 [main] DEBUG net.thucydides.core.reflection.ClassFinder - Could not load class .starter.stepdefinitions.LoginSteps
12:15:41.524 [main] DEBUG net.thucydides.core.reflection.ClassFinder - Could not load class .starter.stepdefinitions.ManageUserScenarioSteps
12:15:41.524 [main] DEBUG net.thucydides.core.reflection.ClassFinder - Could not load class .starter.stepdefinitions.MembershipScenarioSteps
12:15:41.524 [main] DEBUG net.thucydides.core.reflection.ClassFinder - Could not load class .starter.stepdefinitions.SettingScenarioSteps
12:15:41.524 [Forwarding get on session 060bc4dd33ec2112338aac041910a356 to remote] DEBUG org.asynchttpclient.netty.request.NettyRequestSender - Using pooled Channel '[id: 0x337344e0, L:/127.0.0.1:62496 - R:localhost/127.0.0.1:59028]' for 'POST' to 'http://localhost:59028/session/060bc4dd33ec2112338aac041910a356/url'
12:15:41.524 [Forwarding get on session 060bc4dd33ec2112338aac041910a356 to remote] DEBUG org.asynchttpclient.netty.request.NettyRequestSender - Using open Channel [id: 0x337344e0, L:/127.0.0.1:62496 - R:localhost/127.0.0.1:59028] for POST '/session/060bc4dd33ec2112338aac041910a356/url'
12:15:41.862 [AsyncHttpClient-1-2] DEBUG org.asynchttpclient.netty.handler.HttpHandler - 

Request DefaultHttpRequest(decodeResult: success, version: HTTP/1.1)
POST /session/060bc4dd33ec2112338aac041910a356/url HTTP/1.1
User-Agent: selenium/4.1.2 (java windows)
Content-Length: 73
Content-Type: application/json; charset=utf-8
host: localhost:59028
accept: */*

Response DefaultHttpResponse(decodeResult: success, version: HTTP/1.1)
HTTP/1.1 200 OK
Content-Type: application/json; charset=utf-8
cache-control: no-cache
content-length: 14

12:15:41.863 [AsyncHttpClient-1-2] DEBUG org.asynchttpclient.netty.channel.ChannelManager - Adding key: http://localhost:59028 for channel [id: 0x337344e0, L:/127.0.0.1:62496 - R:localhost/127.0.0.1:59028]
12:15:41.867 [Forwarding setTimeout on session 060bc4dd33ec2112338aac041910a356 to remote] DEBUG org.asynchttpclient.netty.request.NettyRequestSender - Using pooled Channel '[id: 0x337344e0, L:/127.0.0.1:62496 - R:localhost/127.0.0.1:59028]' for 'POST' to 'http://localhost:59028/session/060bc4dd33ec2112338aac041910a356/timeouts'
12:15:41.867 [Forwarding setTimeout on session 060bc4dd33ec2112338aac041910a356 to remote] DEBUG org.asynchttpclient.netty.request.NettyRequestSender - Using open Channel [id: 0x337344e0, L:/127.0.0.1:62496 - R:localhost/127.0.0.1:59028] for POST '/session/060bc4dd33ec2112338aac041910a356/timeouts'
12:15:41.868 [AsyncHttpClient-1-2] DEBUG org.asynchttpclient.netty.handler.HttpHandler - 

Request DefaultHttpRequest(decodeResult: success, version: HTTP/1.1)
POST /session/060bc4dd33ec2112338aac041910a356/timeouts HTTP/1.1
User-Agent: selenium/4.1.2 (java windows)
Content-Length: 22
Content-Type: application/json; charset=utf-8
host: localhost:59028
accept: */*

Response DefaultHttpResponse(decodeResult: success, version: HTTP/1.1)
HTTP/1.1 200 OK
Content-Type: application/json; charset=utf-8
cache-control: no-cache
content-length: 14

12:15:41.868 [AsyncHttpClient-1-2] DEBUG org.asynchttpclient.netty.channel.ChannelManager - Adding key: http://localhost:59028 for channel [id: 0x337344e0, L:/127.0.0.1:62496 - R:localhost/127.0.0.1:59028]
12:15:41.873 [Forwarding getCurrentUrl on session 060bc4dd33ec2112338aac041910a356 to remote] DEBUG org.asynchttpclient.netty.request.NettyRequestSender - Using pooled Channel '[id: 0x337344e0, L:/127.0.0.1:62496 - R:localhost/127.0.0.1:59028]' for 'GET' to 'http://localhost:59028/session/060bc4dd33ec2112338aac041910a356/url'
12:15:41.873 [Forwarding getCurrentUrl on session 060bc4dd33ec2112338aac041910a356 to remote] DEBUG org.asynchttpclient.netty.request.NettyRequestSender - Using open Channel [id: 0x337344e0, L:/127.0.0.1:62496 - R:localhost/127.0.0.1:59028] for GET '/session/060bc4dd33ec2112338aac041910a356/url'
12:15:41.877 [AsyncHttpClient-1-2] DEBUG org.asynchttpclient.netty.handler.HttpHandler - 

Request DefaultFullHttpRequest(decodeResult: success, version: HTTP/1.1, content: EmptyByteBufBE)
GET /session/060bc4dd33ec2112338aac041910a356/url HTTP/1.1
User-Agent: selenium/4.1.2 (java windows)
Cache-Control: no-cache
Content-Type: application/json; charset=utf-8
host: localhost:59028
accept: */*

Response DefaultHttpResponse(decodeResult: success, version: HTTP/1.1)
HTTP/1.1 200 OK
Content-Type: application/json; charset=utf-8
cache-control: no-cache
content-length: 55

12:15:41.877 [AsyncHttpClient-1-2] DEBUG org.asynchttpclient.netty.channel.ChannelManager - Adding key: http://localhost:59028 for channel [id: 0x337344e0, L:/127.0.0.1:62496 - R:localhost/127.0.0.1:59028]
12:15:41.884 [Forwarding findElement on session 060bc4dd33ec2112338aac041910a356 to remote] DEBUG org.asynchttpclient.netty.request.NettyRequestSender - Using pooled Channel '[id: 0x337344e0, L:/127.0.0.1:62496 - R:localhost/127.0.0.1:59028]' for 'POST' to 'http://localhost:59028/session/060bc4dd33ec2112338aac041910a356/element'
12:15:41.884 [Forwarding findElement on session 060bc4dd33ec2112338aac041910a356 to remote] DEBUG org.asynchttpclient.netty.request.NettyRequestSender - Using open Channel [id: 0x337344e0, L:/127.0.0.1:62496 - R:localhost/127.0.0.1:59028] for POST '/session/060bc4dd33ec2112338aac041910a356/element'
12:15:41.884 [AsyncHttpClient-1-2] DEBUG org.asynchttpclient.netty.handler.HttpHandler - 

Request DefaultHttpRequest(decodeResult: success, version: HTTP/1.1)
POST /session/060bc4dd33ec2112338aac041910a356/element HTTP/1.1
User-Agent: selenium/4.1.2 (java windows)
Content-Length: 103
Content-Type: application/json; charset=utf-8
host: localhost:59028
accept: */*

Response DefaultHttpResponse(decodeResult: success, version: HTTP/1.1)
HTTP/1.1 200 OK
Content-Type: application/json; charset=utf-8
cache-control: no-cache
content-length: 88

12:15:41.884 [AsyncHttpClient-1-2] DEBUG org.asynchttpclient.netty.channel.ChannelManager - Adding key: http://localhost:59028 for channel [id: 0x337344e0, L:/127.0.0.1:62496 - R:localhost/127.0.0.1:59028]
12:15:41.884 [Forwarding getElementTagName on session 060bc4dd33ec2112338aac041910a356 to remote] DEBUG org.asynchttpclient.netty.request.NettyRequestSender - Using pooled Channel '[id: 0x337344e0, L:/127.0.0.1:62496 - R:localhost/127.0.0.1:59028]' for 'GET' to 'http://localhost:59028/session/060bc4dd33ec2112338aac041910a356/element/dfca48a4-9e1a-4f38-867d-36abe2cb040b/name'
12:15:41.884 [Forwarding getElementTagName on session 060bc4dd33ec2112338aac041910a356 to remote] DEBUG org.asynchttpclient.netty.request.NettyRequestSender - Using open Channel [id: 0x337344e0, L:/127.0.0.1:62496 - R:localhost/127.0.0.1:59028] for GET '/session/060bc4dd33ec2112338aac041910a356/element/dfca48a4-9e1a-4f38-867d-36abe2cb040b/name'
12:15:41.899 [AsyncHttpClient-1-2] DEBUG org.asynchttpclient.netty.handler.HttpHandler - 

Request DefaultFullHttpRequest(decodeResult: success, version: HTTP/1.1, content: EmptyByteBufBE)
GET /session/060bc4dd33ec2112338aac041910a356/element/dfca48a4-9e1a-4f38-867d-36abe2cb040b/name HTTP/1.1
User-Agent: selenium/4.1.2 (java windows)
Cache-Control: no-cache
Content-Type: application/json; charset=utf-8
host: localhost:59028
accept: */*

Response DefaultHttpResponse(decodeResult: success, version: HTTP/1.1)
HTTP/1.1 200 OK
Content-Type: application/json; charset=utf-8
cache-control: no-cache
content-length: 13

12:15:41.899 [AsyncHttpClient-1-2] DEBUG org.asynchttpclient.netty.channel.ChannelManager - Adding key: http://localhost:59028 for channel [id: 0x337344e0, L:/127.0.0.1:62496 - R:localhost/127.0.0.1:59028]
12:15:41.899 [Forwarding getElementTagName on session 060bc4dd33ec2112338aac041910a356 to remote] DEBUG org.asynchttpclient.netty.request.NettyRequestSender - Using pooled Channel '[id: 0x337344e0, L:/127.0.0.1:62496 - R:localhost/127.0.0.1:59028]' for 'GET' to 'http://localhost:59028/session/060bc4dd33ec2112338aac041910a356/element/dfca48a4-9e1a-4f38-867d-36abe2cb040b/name'
12:15:41.899 [Forwarding getElementTagName on session 060bc4dd33ec2112338aac041910a356 to remote] DEBUG org.asynchttpclient.netty.request.NettyRequestSender - Using open Channel [id: 0x337344e0, L:/127.0.0.1:62496 - R:localhost/127.0.0.1:59028] for GET '/session/060bc4dd33ec2112338aac041910a356/element/dfca48a4-9e1a-4f38-867d-36abe2cb040b/name'
12:15:41.899 [AsyncHttpClient-1-2] DEBUG org.asynchttpclient.netty.handler.HttpHandler - 

Request DefaultFullHttpRequest(decodeResult: success, version: HTTP/1.1, content: EmptyByteBufBE)
GET /session/060bc4dd33ec2112338aac041910a356/element/dfca48a4-9e1a-4f38-867d-36abe2cb040b/name HTTP/1.1
User-Agent: selenium/4.1.2 (java windows)
Cache-Control: no-cache
Content-Type: application/json; charset=utf-8
host: localhost:59028
accept: */*

Response DefaultHttpResponse(decodeResult: success, version: HTTP/1.1)
HTTP/1.1 200 OK
Content-Type: application/json; charset=utf-8
cache-control: no-cache
content-length: 13

12:15:41.899 [AsyncHttpClient-1-2] DEBUG org.asynchttpclient.netty.channel.ChannelManager - Adding key: http://localhost:59028 for channel [id: 0x337344e0, L:/127.0.0.1:62496 - R:localhost/127.0.0.1:59028]
12:15:41.899 [Forwarding findElement on session 060bc4dd33ec2112338aac041910a356 to remote] DEBUG org.asynchttpclient.netty.request.NettyRequestSender - Using pooled Channel '[id: 0x337344e0, L:/127.0.0.1:62496 - R:localhost/127.0.0.1:59028]' for 'POST' to 'http://localhost:59028/session/060bc4dd33ec2112338aac041910a356/element'
12:15:41.899 [Forwarding findElement on session 060bc4dd33ec2112338aac041910a356 to remote] DEBUG org.asynchttpclient.netty.request.NettyRequestSender - Using open Channel [id: 0x337344e0, L:/127.0.0.1:62496 - R:localhost/127.0.0.1:59028] for POST '/session/060bc4dd33ec2112338aac041910a356/element'
12:15:41.899 [AsyncHttpClient-1-2] DEBUG org.asynchttpclient.netty.handler.HttpHandler - 

Request DefaultHttpRequest(decodeResult: success, version: HTTP/1.1)
POST /session/060bc4dd33ec2112338aac041910a356/element HTTP/1.1
User-Agent: selenium/4.1.2 (java windows)
Content-Length: 103
Content-Type: application/json; charset=utf-8
host: localhost:59028
accept: */*

Response DefaultHttpResponse(decodeResult: success, version: HTTP/1.1)
HTTP/1.1 200 OK
Content-Type: application/json; charset=utf-8
cache-control: no-cache
content-length: 88

12:15:41.899 [AsyncHttpClient-1-2] DEBUG org.asynchttpclient.netty.channel.ChannelManager - Adding key: http://localhost:59028 for channel [id: 0x337344e0, L:/127.0.0.1:62496 - R:localhost/127.0.0.1:59028]
12:15:41.899 [Forwarding clickElement on session 060bc4dd33ec2112338aac041910a356 to remote] DEBUG org.asynchttpclient.netty.request.NettyRequestSender - Using pooled Channel '[id: 0x337344e0, L:/127.0.0.1:62496 - R:localhost/127.0.0.1:59028]' for 'POST' to 'http://localhost:59028/session/060bc4dd33ec2112338aac041910a356/element/dfca48a4-9e1a-4f38-867d-36abe2cb040b/click'
12:15:41.899 [Forwarding clickElement on session 060bc4dd33ec2112338aac041910a356 to remote] DEBUG org.asynchttpclient.netty.request.NettyRequestSender - Using open Channel [id: 0x337344e0, L:/127.0.0.1:62496 - R:localhost/127.0.0.1:59028] for POST '/session/060bc4dd33ec2112338aac041910a356/element/dfca48a4-9e1a-4f38-867d-36abe2cb040b/click'
12:15:41.925 [AsyncHttpClient-1-1] DEBUG org.asynchttpclient.netty.channel.DefaultChannelPool - Entry count for : http://localhost:62497 : 1
12:15:41.952 [AsyncHttpClient-1-2] DEBUG org.asynchttpclient.netty.handler.HttpHandler - 

Request DefaultHttpRequest(decodeResult: success, version: HTTP/1.1)
POST /session/060bc4dd33ec2112338aac041910a356/element/dfca48a4-9e1a-4f38-867d-36abe2cb040b/click HTTP/1.1
User-Agent: selenium/4.1.2 (java windows)
Content-Length: 50
Content-Type: application/json; charset=utf-8
host: localhost:59028
accept: */*

Response DefaultHttpResponse(decodeResult: success, version: HTTP/1.1)
HTTP/1.1 200 OK
Content-Type: application/json; charset=utf-8
cache-control: no-cache
content-length: 14

12:15:41.953 [AsyncHttpClient-1-2] DEBUG org.asynchttpclient.netty.channel.ChannelManager - Adding key: http://localhost:59028 for channel [id: 0x337344e0, L:/127.0.0.1:62496 - R:localhost/127.0.0.1:59028]
12:15:41.967 [main] DEBUG net.serenitybdd.core.photography.Darkroom - Opening darkroom
12:15:41.968 [Darkroom Processing Line] DEBUG net.serenitybdd.core.photography.DarkroomProcessingLine - Darkroom processing line starting up
12:15:41.969 [Forwarding screenshot on session 060bc4dd33ec2112338aac041910a356 to remote] DEBUG org.asynchttpclient.netty.request.NettyRequestSender - Using pooled Channel '[id: 0x337344e0, L:/127.0.0.1:62496 - R:localhost/127.0.0.1:59028]' for 'GET' to 'http://localhost:59028/session/060bc4dd33ec2112338aac041910a356/screenshot'
12:15:41.969 [Forwarding screenshot on session 060bc4dd33ec2112338aac041910a356 to remote] DEBUG org.asynchttpclient.netty.request.NettyRequestSender - Using open Channel [id: 0x337344e0, L:/127.0.0.1:62496 - R:localhost/127.0.0.1:59028] for GET '/session/060bc4dd33ec2112338aac041910a356/screenshot'
12:15:42.093 [AsyncHttpClient-1-2] DEBUG org.asynchttpclient.netty.handler.HttpHandler - 

Request DefaultFullHttpRequest(decodeResult: success, version: HTTP/1.1, content: EmptyByteBufBE)
GET /session/060bc4dd33ec2112338aac041910a356/screenshot HTTP/1.1
User-Agent: selenium/4.1.2 (java windows)
Cache-Control: no-cache
Content-Type: application/json; charset=utf-8
host: localhost:59028
accept: */*

Response DefaultHttpResponse(decodeResult: success, version: HTTP/1.1)
HTTP/1.1 200 OK
Content-Type: application/json; charset=utf-8
cache-control: no-cache
content-length: 35052

12:15:42.093 [AsyncHttpClient-1-2] DEBUG org.asynchttpclient.netty.channel.ChannelManager - Adding key: http://localhost:59028 for channel [id: 0x337344e0, L:/127.0.0.1:62496 - R:localhost/127.0.0.1:59028]
12:15:42.140 [main] DEBUG net.serenitybdd.core.photography.Darkroom - Send negative for processing for target\site\serenity\4bcfcee6a32fd4db4d0cf1395ed7103be8953babd9cba6fb9977233bca52cf88.png
12:15:42.140 [Darkroom Processing Line] DEBUG net.serenitybdd.core.photography.DarkroomProcessingLine - Processing screenshot image in /var/screenshots/screenshot-879627742582656442
12:15:42.140 [Darkroom Processing Line] DEBUG net.serenitybdd.core.photography.DarkroomProcessingLine - Saving screenshot to target\site\serenity\4bcfcee6a32fd4db4d0cf1395ed7103be8953babd9cba6fb9977233bca52cf88.png
12:15:42.140 [main] DEBUG net.thucydides.core.steps.StepInterceptor - STEP DONE: openPage
12:15:42.156 [main] DEBUG net.thucydides.core.steps.StepInterceptor - STARTING STEP: LoginSteps.onTheLoginPage - validateOnLoginPage
12:15:42.156 [Forwarding findElement on session 060bc4dd33ec2112338aac041910a356 to remote] DEBUG org.asynchttpclient.netty.request.NettyRequestSender - Using pooled Channel '[id: 0x337344e0, L:/127.0.0.1:62496 - R:localhost/127.0.0.1:59028]' for 'POST' to 'http://localhost:59028/session/060bc4dd33ec2112338aac041910a356/element'
12:15:42.156 [Forwarding findElement on session 060bc4dd33ec2112338aac041910a356 to remote] DEBUG org.asynchttpclient.netty.request.NettyRequestSender - Using open Channel [id: 0x337344e0, L:/127.0.0.1:62496 - R:localhost/127.0.0.1:59028] for POST '/session/060bc4dd33ec2112338aac041910a356/element'
12:15:42.156 [AsyncHttpClient-1-2] DEBUG org.asynchttpclient.netty.handler.HttpHandler - 

Request DefaultHttpRequest(decodeResult: success, version: HTTP/1.1)
POST /session/060bc4dd33ec2112338aac041910a356/element HTTP/1.1
User-Agent: selenium/4.1.2 (java windows)
Content-Length: 114
Content-Type: application/json; charset=utf-8
host: localhost:59028
accept: */*

Response DefaultHttpResponse(decodeResult: success, version: HTTP/1.1)
HTTP/1.1 200 OK
Content-Type: application/json; charset=utf-8
cache-control: no-cache
content-length: 88

12:15:42.156 [AsyncHttpClient-1-2] DEBUG org.asynchttpclient.netty.channel.ChannelManager - Adding key: http://localhost:59028 for channel [id: 0x337344e0, L:/127.0.0.1:62496 - R:localhost/127.0.0.1:59028]
12:15:42.171 [Forwarding isElementDisplayed on session 060bc4dd33ec2112338aac041910a356 to remote] DEBUG org.asynchttpclient.netty.request.NettyRequestSender - Using pooled Channel '[id: 0x337344e0, L:/127.0.0.1:62496 - R:localhost/127.0.0.1:59028]' for 'POST' to 'http://localhost:59028/session/060bc4dd33ec2112338aac041910a356/execute/sync'
12:15:42.171 [Forwarding isElementDisplayed on session 060bc4dd33ec2112338aac041910a356 to remote] DEBUG org.asynchttpclient.netty.request.NettyRequestSender - Using open Channel [id: 0x337344e0, L:/127.0.0.1:62496 - R:localhost/127.0.0.1:59028] for POST '/session/060bc4dd33ec2112338aac041910a356/execute/sync'
12:15:42.187 [AsyncHttpClient-1-2] DEBUG org.asynchttpclient.netty.handler.HttpHandler - 

Request DefaultHttpRequest(decodeResult: success, version: HTTP/1.1)
POST /session/060bc4dd33ec2112338aac041910a356/execute/sync HTTP/1.1
User-Agent: selenium/4.1.2 (java windows)
Content-Length: 48780
Content-Type: application/json; charset=utf-8
host: localhost:59028
accept: */*

Response DefaultHttpResponse(decodeResult: success, version: HTTP/1.1)
HTTP/1.1 200 OK
Content-Type: application/json; charset=utf-8
cache-control: no-cache
content-length: 14

12:15:42.187 [AsyncHttpClient-1-2] DEBUG org.asynchttpclient.netty.channel.ChannelManager - Adding key: http://localhost:59028 for channel [id: 0x337344e0, L:/127.0.0.1:62496 - R:localhost/127.0.0.1:59028]
12:15:42.187 [main] DEBUG net.thucydides.core.steps.StepInterceptor - STEP DONE: validateOnLoginPage
  &amp#27;[32mGiven &amp#27;[0m&amp#27;[32mI am on login page&amp#27;[0m                                  &amp#27;[90m# starter.stepdefinitions.LoginSteps.onTheLoginPage()&amp#27;[0m
12:15:42.203 [Forwarding screenshot on session 060bc4dd33ec2112338aac041910a356 to remote] DEBUG org.asynchttpclient.netty.request.NettyRequestSender - Using pooled Channel '[id: 0x337344e0, L:/127.0.0.1:62496 - R:localhost/127.0.0.1:59028]' for 'GET' to 'http://localhost:59028/session/060bc4dd33ec2112338aac041910a356/screenshot'
12:15:42.203 [Forwarding screenshot on session 060bc4dd33ec2112338aac041910a356 to remote] DEBUG org.asynchttpclient.netty.request.NettyRequestSender - Using open Channel [id: 0x337344e0, L:/127.0.0.1:62496 - R:localhost/127.0.0.1:59028] for GET '/session/060bc4dd33ec2112338aac041910a356/screenshot'
12:15:42.276 [AsyncHttpClient-1-2] DEBUG org.asynchttpclient.netty.handler.HttpHandler - 

Request DefaultFullHttpRequest(decodeResult: success, version: HTTP/1.1, content: EmptyByteBufBE)
GET /session/060bc4dd33ec2112338aac041910a356/screenshot HTTP/1.1
User-Agent: selenium/4.1.2 (java windows)
Cache-Control: no-cache
Content-Type: application/json; charset=utf-8
host: localhost:59028
accept: */*

Response DefaultHttpResponse(decodeResult: success, version: HTTP/1.1)
HTTP/1.1 200 OK
Content-Type: application/json; charset=utf-8
cache-control: no-cache
content-length: 35052

12:15:42.276 [AsyncHttpClient-1-2] DEBUG org.asynchttpclient.netty.channel.ChannelManager - Adding key: http://localhost:59028 for channel [id: 0x337344e0, L:/127.0.0.1:62496 - R:localhost/127.0.0.1:59028]
12:15:42.276 [main] DEBUG net.serenitybdd.core.photography.Darkroom - Send negative for processing for target\site\serenity\4bcfcee6a32fd4db4d0cf1395ed7103be8953babd9cba6fb9977233bca52cf88.png
12:15:42.276 [main] DEBUG net.thucydides.core.steps.StepInterceptor - STARTING STEP: LoginSteps.inputValidEmail - inputEmail
12:15:42.276 [Forwarding findElement on session 060bc4dd33ec2112338aac041910a356 to remote] DEBUG org.asynchttpclient.netty.request.NettyRequestSender - Using pooled Channel '[id: 0x337344e0, L:/127.0.0.1:62496 - R:localhost/127.0.0.1:59028]' for 'POST' to 'http://localhost:59028/session/060bc4dd33ec2112338aac041910a356/element'
12:15:42.276 [Forwarding findElement on session 060bc4dd33ec2112338aac041910a356 to remote] DEBUG org.asynchttpclient.netty.request.NettyRequestSender - Using open Channel [id: 0x337344e0, L:/127.0.0.1:62496 - R:localhost/127.0.0.1:59028] for POST '/session/060bc4dd33ec2112338aac041910a356/element'
12:15:42.291 [AsyncHttpClient-1-2] DEBUG org.asynchttpclient.netty.handler.HttpHandler - 

Request DefaultHttpRequest(decodeResult: success, version: HTTP/1.1)
POST /session/060bc4dd33ec2112338aac041910a356/element HTTP/1.1
User-Agent: selenium/4.1.2 (java windows)
Content-Length: 116
Content-Type: application/json; charset=utf-8
host: localhost:59028
accept: */*

Response DefaultHttpResponse(decodeResult: success, version: HTTP/1.1)
HTTP/1.1 200 OK
Content-Type: application/json; charset=utf-8
cache-control: no-cache
content-length: 88

12:15:42.291 [AsyncHttpClient-1-2] DEBUG org.asynchttpclient.netty.channel.ChannelManager - Adding key: http://localhost:59028 for channel [id: 0x337344e0, L:/127.0.0.1:62496 - R:localhost/127.0.0.1:59028]
12:15:42.291 [Forwarding clearElement on session 060bc4dd33ec2112338aac041910a356 to remote] DEBUG org.asynchttpclient.netty.request.NettyRequestSender - Using pooled Channel '[id: 0x337344e0, L:/127.0.0.1:62496 - R:localhost/127.0.0.1:59028]' for 'POST' to 'http://localhost:59028/session/060bc4dd33ec2112338aac041910a356/element/f9859712-3a8a-4c41-b590-459138111f17/clear'
12:15:42.291 [Forwarding clearElement on session 060bc4dd33ec2112338aac041910a356 to remote] DEBUG org.asynchttpclient.netty.request.NettyRequestSender - Using open Channel [id: 0x337344e0, L:/127.0.0.1:62496 - R:localhost/127.0.0.1:59028] for POST '/session/060bc4dd33ec2112338aac041910a356/element/f9859712-3a8a-4c41-b590-459138111f17/clear'
12:15:42.315 [AsyncHttpClient-1-2] DEBUG org.asynchttpclient.netty.handler.HttpHandler - 

Request DefaultHttpRequest(decodeResult: success, version: HTTP/1.1)
POST /session/060bc4dd33ec2112338aac041910a356/element/f9859712-3a8a-4c41-b590-459138111f17/clear HTTP/1.1
User-Agent: selenium/4.1.2 (java windows)
Content-Length: 50
Content-Type: application/json; charset=utf-8
host: localhost:59028
accept: */*

Response DefaultHttpResponse(decodeResult: success, version: HTTP/1.1)
HTTP/1.1 200 OK
Content-Type: application/json; charset=utf-8
cache-control: no-cache
content-length: 14

12:15:42.315 [AsyncHttpClient-1-2] DEBUG org.asynchttpclient.netty.channel.ChannelManager - Adding key: http://localhost:59028 for channel [id: 0x337344e0, L:/127.0.0.1:62496 - R:localhost/127.0.0.1:59028]
12:15:42.315 [Forwarding sendKeysToElement on session 060bc4dd33ec2112338aac041910a356 to remote] DEBUG org.asynchttpclient.netty.request.NettyRequestSender - Using pooled Channel '[id: 0x337344e0, L:/127.0.0.1:62496 - R:localhost/127.0.0.1:59028]' for 'POST' to 'http://localhost:59028/session/060bc4dd33ec2112338aac041910a356/element/f9859712-3a8a-4c41-b590-459138111f17/value'
12:15:42.315 [Forwarding sendKeysToElement on session 060bc4dd33ec2112338aac041910a356 to remote] DEBUG org.asynchttpclient.netty.request.NettyRequestSender - Using open Channel [id: 0x337344e0, L:/127.0.0.1:62496 - R:localhost/127.0.0.1:59028] for POST '/session/060bc4dd33ec2112338aac041910a356/element/f9859712-3a8a-4c41-b590-459138111f17/value'
12:15:42.358 [AsyncHttpClient-1-2] DEBUG org.asynchttpclient.netty.handler.HttpHandler - 

Request DefaultHttpRequest(decodeResult: success, version: HTTP/1.1)
POST /session/060bc4dd33ec2112338aac041910a356/element/f9859712-3a8a-4c41-b590-459138111f17/value HTTP/1.1
User-Agent: selenium/4.1.2 (java windows)
Content-Length: 221
Content-Type: application/json; charset=utf-8
host: localhost:59028
accept: */*

Response DefaultHttpResponse(decodeResult: success, version: HTTP/1.1)
HTTP/1.1 200 OK
Content-Type: application/json; charset=utf-8
cache-control: no-cache
content-length: 14

12:15:42.358 [AsyncHttpClient-1-2] DEBUG org.asynchttpclient.netty.channel.ChannelManager - Adding key: http://localhost:59028 for channel [id: 0x337344e0, L:/127.0.0.1:62496 - R:localhost/127.0.0.1:59028]
12:15:42.362 [Forwarding screenshot on session 060bc4dd33ec2112338aac041910a356 to remote] DEBUG org.asynchttpclient.netty.request.NettyRequestSender - Using pooled Channel '[id: 0x337344e0, L:/127.0.0.1:62496 - R:localhost/127.0.0.1:59028]' for 'GET' to 'http://localhost:59028/session/060bc4dd33ec2112338aac041910a356/screenshot'
12:15:42.362 [Forwarding screenshot on session 060bc4dd33ec2112338aac041910a356 to remote] DEBUG org.asynchttpclient.netty.request.NettyRequestSender - Using open Channel [id: 0x337344e0, L:/127.0.0.1:62496 - R:localhost/127.0.0.1:59028] for GET '/session/060bc4dd33ec2112338aac041910a356/screenshot'
12:15:42.424 [AsyncHttpClient-1-2] DEBUG org.asynchttpclient.netty.handler.HttpHandler - 

Request DefaultFullHttpRequest(decodeResult: success, version: HTTP/1.1, content: EmptyByteBufBE)
GET /session/060bc4dd33ec2112338aac041910a356/screenshot HTTP/1.1
User-Agent: selenium/4.1.2 (java windows)
Cache-Control: no-cache
Content-Type: application/json; charset=utf-8
host: localhost:59028
accept: */*

Response DefaultHttpResponse(decodeResult: success, version: HTTP/1.1)
HTTP/1.1 200 OK
Content-Type: application/json; charset=utf-8
cache-control: no-cache
content-length: 34988

12:15:42.424 [AsyncHttpClient-1-2] DEBUG org.asynchttpclient.netty.channel.ChannelManager - Adding key: http://localhost:59028 for channel [id: 0x337344e0, L:/127.0.0.1:62496 - R:localhost/127.0.0.1:59028]
12:15:42.439 [main] DEBUG net.serenitybdd.core.photography.Darkroom - Send negative for processing for target\site\serenity\422cccff9f2f53427a4e5ba9e65f9fbabc4ecf9cc13dec4c21f3f2721218d00b.png
12:15:42.439 [main] DEBUG net.thucydides.core.steps.StepInterceptor - STEP DONE: inputEmail
12:15:42.439 [Darkroom Processing Line] DEBUG net.serenitybdd.core.photography.DarkroomProcessingLine - Processing screenshot image in /var/screenshots/screenshot-873261259653293576
12:15:42.439 [Darkroom Processing Line] DEBUG net.serenitybdd.core.photography.DarkroomProcessingLine - Saving screenshot to target\site\serenity\422cccff9f2f53427a4e5ba9e65f9fbabc4ecf9cc13dec4c21f3f2721218d00b.png
  &amp#27;[32mWhen &amp#27;[0m&amp#27;[32mI input valid email&amp#27;[0m                                  &amp#27;[90m# starter.stepdefinitions.LoginSteps.inputValidEmail()&amp#27;[0m
12:15:42.446 [main] DEBUG net.thucydides.core.steps.StepInterceptor - STARTING STEP: LoginSteps.inputValidPassword - inputPassword
12:15:42.446 [Forwarding findElement on session 060bc4dd33ec2112338aac041910a356 to remote] DEBUG org.asynchttpclient.netty.request.NettyRequestSender - Using pooled Channel '[id: 0x337344e0, L:/127.0.0.1:62496 - R:localhost/127.0.0.1:59028]' for 'POST' to 'http://localhost:59028/session/060bc4dd33ec2112338aac041910a356/element'
12:15:42.446 [Forwarding findElement on session 060bc4dd33ec2112338aac041910a356 to remote] DEBUG org.asynchttpclient.netty.request.NettyRequestSender - Using open Channel [id: 0x337344e0, L:/127.0.0.1:62496 - R:localhost/127.0.0.1:59028] for POST '/session/060bc4dd33ec2112338aac041910a356/element'
12:15:42.462 [AsyncHttpClient-1-2] DEBUG org.asynchttpclient.netty.handler.HttpHandler - 

Request DefaultHttpRequest(decodeResult: success, version: HTTP/1.1)
POST /session/060bc4dd33ec2112338aac041910a356/element HTTP/1.1
User-Agent: selenium/4.1.2 (java windows)
Content-Length: 116
Content-Type: application/json; charset=utf-8
host: localhost:59028
accept: */*

Response DefaultHttpResponse(decodeResult: success, version: HTTP/1.1)
HTTP/1.1 200 OK
Content-Type: application/json; charset=utf-8
cache-control: no-cache
content-length: 88

12:15:42.462 [AsyncHttpClient-1-2] DEBUG org.asynchttpclient.netty.channel.ChannelManager - Adding key: http://localhost:59028 for channel [id: 0x337344e0, L:/127.0.0.1:62496 - R:localhost/127.0.0.1:59028]
12:15:42.462 [Forwarding clearElement on session 060bc4dd33ec2112338aac041910a356 to remote] DEBUG org.asynchttpclient.netty.request.NettyRequestSender - Using pooled Channel '[id: 0x337344e0, L:/127.0.0.1:62496 - R:localhost/127.0.0.1:59028]' for 'POST' to 'http://localhost:59028/session/060bc4dd33ec2112338aac041910a356/element/a8ff65c0-0abe-430b-8bc5-0fee7d000766/clear'
12:15:42.462 [Forwarding clearElement on session 060bc4dd33ec2112338aac041910a356 to remote] DEBUG org.asynchttpclient.netty.request.NettyRequestSender - Using open Channel [id: 0x337344e0, L:/127.0.0.1:62496 - R:localhost/127.0.0.1:59028] for POST '/session/060bc4dd33ec2112338aac041910a356/element/a8ff65c0-0abe-430b-8bc5-0fee7d000766/clear'
12:15:42.509 [AsyncHttpClient-1-2] DEBUG org.asynchttpclient.netty.handler.HttpHandler - 

Request DefaultHttpRequest(decodeResult: success, version: HTTP/1.1)
POST /session/060bc4dd33ec2112338aac041910a356/element/a8ff65c0-0abe-430b-8bc5-0fee7d000766/clear HTTP/1.1
User-Agent: selenium/4.1.2 (java windows)
Content-Length: 50
Content-Type: application/json; charset=utf-8
host: localhost:59028
accept: */*

Response DefaultHttpResponse(decodeResult: success, version: HTTP/1.1)
HTTP/1.1 200 OK
Content-Type: application/json; charset=utf-8
cache-control: no-cache
content-length: 14

12:15:42.509 [AsyncHttpClient-1-2] DEBUG org.asynchttpclient.netty.channel.ChannelManager - Adding key: http://localhost:59028 for channel [id: 0x337344e0, L:/127.0.0.1:62496 - R:localhost/127.0.0.1:59028]
12:15:42.509 [Forwarding sendKeysToElement on session 060bc4dd33ec2112338aac041910a356 to remote] DEBUG org.asynchttpclient.netty.request.NettyRequestSender - Using pooled Channel '[id: 0x337344e0, L:/127.0.0.1:62496 - R:localhost/127.0.0.1:59028]' for 'POST' to 'http://localhost:59028/session/060bc4dd33ec2112338aac041910a356/element/a8ff65c0-0abe-430b-8bc5-0fee7d000766/value'
12:15:42.509 [Forwarding sendKeysToElement on session 060bc4dd33ec2112338aac041910a356 to remote] DEBUG org.asynchttpclient.netty.request.NettyRequestSender - Using open Channel [id: 0x337344e0, L:/127.0.0.1:62496 - R:localhost/127.0.0.1:59028] for POST '/session/060bc4dd33ec2112338aac041910a356/element/a8ff65c0-0abe-430b-8bc5-0fee7d000766/value'
12:15:42.557 [AsyncHttpClient-1-2] DEBUG org.asynchttpclient.netty.handler.HttpHandler - 

Request DefaultHttpRequest(decodeResult: success, version: HTTP/1.1)
POST /session/060bc4dd33ec2112338aac041910a356/element/a8ff65c0-0abe-430b-8bc5-0fee7d000766/value HTTP/1.1
User-Agent: selenium/4.1.2 (java windows)
Content-Length: 131
Content-Type: application/json; charset=utf-8
host: localhost:59028
accept: */*

Response DefaultHttpResponse(decodeResult: success, version: HTTP/1.1)
HTTP/1.1 200 OK
Content-Type: application/json; charset=utf-8
cache-control: no-cache
content-length: 14

12:15:42.557 [AsyncHttpClient-1-2] DEBUG org.asynchttpclient.netty.channel.ChannelManager - Adding key: http://localhost:59028 for channel [id: 0x337344e0, L:/127.0.0.1:62496 - R:localhost/127.0.0.1:59028]
12:15:42.561 [Forwarding screenshot on session 060bc4dd33ec2112338aac041910a356 to remote] DEBUG org.asynchttpclient.netty.request.NettyRequestSender - Using pooled Channel '[id: 0x337344e0, L:/127.0.0.1:62496 - R:localhost/127.0.0.1:59028]' for 'GET' to 'http://localhost:59028/session/060bc4dd33ec2112338aac041910a356/screenshot'
12:15:42.561 [Forwarding screenshot on session 060bc4dd33ec2112338aac041910a356 to remote] DEBUG org.asynchttpclient.netty.request.NettyRequestSender - Using open Channel [id: 0x337344e0, L:/127.0.0.1:62496 - R:localhost/127.0.0.1:59028] for GET '/session/060bc4dd33ec2112338aac041910a356/screenshot'
12:15:42.613 [AsyncHttpClient-1-2] DEBUG org.asynchttpclient.netty.handler.HttpHandler - 

Request DefaultFullHttpRequest(decodeResult: success, version: HTTP/1.1, content: EmptyByteBufBE)
GET /session/060bc4dd33ec2112338aac041910a356/screenshot HTTP/1.1
User-Agent: selenium/4.1.2 (java windows)
Cache-Control: no-cache
Content-Type: application/json; charset=utf-8
host: localhost:59028
accept: */*

Response DefaultHttpResponse(decodeResult: success, version: HTTP/1.1)
HTTP/1.1 200 OK
Content-Type: application/json; charset=utf-8
cache-control: no-cache
content-length: 34884

12:15:42.628 [AsyncHttpClient-1-2] DEBUG org.asynchttpclient.netty.channel.ChannelManager - Adding key: http://localhost:59028 for channel [id: 0x337344e0, L:/127.0.0.1:62496 - R:localhost/127.0.0.1:59028]
12:15:42.628 [main] DEBUG net.serenitybdd.core.photography.Darkroom - Send negative for processing for target\site\serenity\3c2280e05e1436f7f1b6128daf870436cea92e66b078baa8ced6c6bb2adc7c34.png
12:15:42.628 [main] DEBUG net.thucydides.core.steps.StepInterceptor - STEP DONE: inputPassword
12:15:42.628 [Darkroom Processing Line] DEBUG net.serenitybdd.core.photography.DarkroomProcessingLine - Processing screenshot image in /var/screenshots/screenshot-3229577274519255332
  &amp#27;[32mAnd &amp#27;[0m&amp#27;[32mi input valid password&amp#27;[0m                                &amp#27;[90m# starter.stepdefinitions.LoginSteps.inputValidPassword()&amp#27;[0m
12:15:42.628 [Darkroom Processing Line] DEBUG net.serenitybdd.core.photography.DarkroomProcessingLine - Saving screenshot to target\site\serenity\3c2280e05e1436f7f1b6128daf870436cea92e66b078baa8ced6c6bb2adc7c34.png
12:15:42.628 [main] DEBUG net.thucydides.core.steps.StepInterceptor - STARTING STEP: LoginSteps.clickLoginBtn - clickLoginButton
12:15:42.628 [Forwarding findElement on session 060bc4dd33ec2112338aac041910a356 to remote] DEBUG org.asynchttpclient.netty.request.NettyRequestSender - Using pooled Channel '[id: 0x337344e0, L:/127.0.0.1:62496 - R:localhost/127.0.0.1:59028]' for 'POST' to 'http://localhost:59028/session/060bc4dd33ec2112338aac041910a356/element'
12:15:42.628 [Forwarding findElement on session 060bc4dd33ec2112338aac041910a356 to remote] DEBUG org.asynchttpclient.netty.request.NettyRequestSender - Using open Channel [id: 0x337344e0, L:/127.0.0.1:62496 - R:localhost/127.0.0.1:59028] for POST '/session/060bc4dd33ec2112338aac041910a356/element'
12:15:42.644 [AsyncHttpClient-1-2] DEBUG org.asynchttpclient.netty.handler.HttpHandler - 

Request DefaultHttpRequest(decodeResult: success, version: HTTP/1.1)
POST /session/060bc4dd33ec2112338aac041910a356/element HTTP/1.1
User-Agent: selenium/4.1.2 (java windows)
Content-Length: 105
Content-Type: application/json; charset=utf-8
host: localhost:59028
accept: */*

Response DefaultHttpResponse(decodeResult: success, version: HTTP/1.1)
HTTP/1.1 200 OK
Content-Type: application/json; charset=utf-8
cache-control: no-cache
content-length: 88

12:15:42.644 [AsyncHttpClient-1-2] DEBUG org.asynchttpclient.netty.channel.ChannelManager - Adding key: http://localhost:59028 for channel [id: 0x337344e0, L:/127.0.0.1:62496 - R:localhost/127.0.0.1:59028]
12:15:42.644 [Forwarding getElementTagName on session 060bc4dd33ec2112338aac041910a356 to remote] DEBUG org.asynchttpclient.netty.request.NettyRequestSender - Using pooled Channel '[id: 0x337344e0, L:/127.0.0.1:62496 - R:localhost/127.0.0.1:59028]' for 'GET' to 'http://localhost:59028/session/060bc4dd33ec2112338aac041910a356/element/ca22b19f-3ac4-4ec2-8ae7-fb8616ee21b7/name'
12:15:42.644 [Forwarding getElementTagName on session 060bc4dd33ec2112338aac041910a356 to remote] DEBUG org.asynchttpclient.netty.request.NettyRequestSender - Using open Channel [id: 0x337344e0, L:/127.0.0.1:62496 - R:localhost/127.0.0.1:59028] for GET '/session/060bc4dd33ec2112338aac041910a356/element/ca22b19f-3ac4-4ec2-8ae7-fb8616ee21b7/name'
12:15:42.644 [AsyncHttpClient-1-2] DEBUG org.asynchttpclient.netty.handler.HttpHandler - 

Request DefaultFullHttpRequest(decodeResult: success, version: HTTP/1.1, content: EmptyByteBufBE)
GET /session/060bc4dd33ec2112338aac041910a356/element/ca22b19f-3ac4-4ec2-8ae7-fb8616ee21b7/name HTTP/1.1
User-Agent: selenium/4.1.2 (java windows)
Cache-Control: no-cache
Content-Type: application/json; charset=utf-8
host: localhost:59028
accept: */*

Response DefaultHttpResponse(decodeResult: success, version: HTTP/1.1)
HTTP/1.1 200 OK
Content-Type: application/json; charset=utf-8
cache-control: no-cache
content-length: 18

12:15:42.644 [AsyncHttpClient-1-2] DEBUG org.asynchttpclient.netty.channel.ChannelManager - Adding key: http://localhost:59028 for channel [id: 0x337344e0, L:/127.0.0.1:62496 - R:localhost/127.0.0.1:59028]
12:15:42.644 [Forwarding getElementTagName on session 060bc4dd33ec2112338aac041910a356 to remote] DEBUG org.asynchttpclient.netty.request.NettyRequestSender - Using pooled Channel '[id: 0x337344e0, L:/127.0.0.1:62496 - R:localhost/127.0.0.1:59028]' for 'GET' to 'http://localhost:59028/session/060bc4dd33ec2112338aac041910a356/element/ca22b19f-3ac4-4ec2-8ae7-fb8616ee21b7/name'
12:15:42.644 [Forwarding getElementTagName on session 060bc4dd33ec2112338aac041910a356 to remote] DEBUG org.asynchttpclient.netty.request.NettyRequestSender - Using open Channel [id: 0x337344e0, L:/127.0.0.1:62496 - R:localhost/127.0.0.1:59028] for GET '/session/060bc4dd33ec2112338aac041910a356/element/ca22b19f-3ac4-4ec2-8ae7-fb8616ee21b7/name'
12:15:42.660 [AsyncHttpClient-1-2] DEBUG org.asynchttpclient.netty.handler.HttpHandler - 

Request DefaultFullHttpRequest(decodeResult: success, version: HTTP/1.1, content: EmptyByteBufBE)
GET /session/060bc4dd33ec2112338aac041910a356/element/ca22b19f-3ac4-4ec2-8ae7-fb8616ee21b7/name HTTP/1.1
User-Agent: selenium/4.1.2 (java windows)
Cache-Control: no-cache
Content-Type: application/json; charset=utf-8
host: localhost:59028
accept: */*

Response DefaultHttpResponse(decodeResult: success, version: HTTP/1.1)
HTTP/1.1 200 OK
Content-Type: application/json; charset=utf-8
cache-control: no-cache
content-length: 18

12:15:42.660 [AsyncHttpClient-1-2] DEBUG org.asynchttpclient.netty.channel.ChannelManager - Adding key: http://localhost:59028 for channel [id: 0x337344e0, L:/127.0.0.1:62496 - R:localhost/127.0.0.1:59028]
12:15:42.660 [Forwarding isElementEnabled on session 060bc4dd33ec2112338aac041910a356 to remote] DEBUG org.asynchttpclient.netty.request.NettyRequestSender - Using pooled Channel '[id: 0x337344e0, L:/127.0.0.1:62496 - R:localhost/127.0.0.1:59028]' for 'GET' to 'http://localhost:59028/session/060bc4dd33ec2112338aac041910a356/element/ca22b19f-3ac4-4ec2-8ae7-fb8616ee21b7/enabled'
12:15:42.660 [Forwarding isElementEnabled on session 060bc4dd33ec2112338aac041910a356 to remote] DEBUG org.asynchttpclient.netty.request.NettyRequestSender - Using open Channel [id: 0x337344e0, L:/127.0.0.1:62496 - R:localhost/127.0.0.1:59028] for GET '/session/060bc4dd33ec2112338aac041910a356/element/ca22b19f-3ac4-4ec2-8ae7-fb8616ee21b7/enabled'
12:15:42.660 [AsyncHttpClient-1-2] DEBUG org.asynchttpclient.netty.handler.HttpHandler - 

Request DefaultFullHttpRequest(decodeResult: success, version: HTTP/1.1, content: EmptyByteBufBE)
GET /session/060bc4dd33ec2112338aac041910a356/element/ca22b19f-3ac4-4ec2-8ae7-fb8616ee21b7/enabled HTTP/1.1
User-Agent: selenium/4.1.2 (java windows)
Cache-Control: no-cache
Content-Type: application/json; charset=utf-8
host: localhost:59028
accept: */*

Response DefaultHttpResponse(decodeResult: success, version: HTTP/1.1)
HTTP/1.1 200 OK
Content-Type: application/json; charset=utf-8
cache-control: no-cache
content-length: 14

12:15:42.660 [AsyncHttpClient-1-2] DEBUG org.asynchttpclient.netty.channel.ChannelManager - Adding key: http://localhost:59028 for channel [id: 0x337344e0, L:/127.0.0.1:62496 - R:localhost/127.0.0.1:59028]
12:15:42.660 [Forwarding isElementEnabled on session 060bc4dd33ec2112338aac041910a356 to remote] DEBUG org.asynchttpclient.netty.request.NettyRequestSender - Using pooled Channel '[id: 0x337344e0, L:/127.0.0.1:62496 - R:localhost/127.0.0.1:59028]' for 'GET' to 'http://localhost:59028/session/060bc4dd33ec2112338aac041910a356/element/ca22b19f-3ac4-4ec2-8ae7-fb8616ee21b7/enabled'
12:15:42.660 [Forwarding isElementEnabled on session 060bc4dd33ec2112338aac041910a356 to remote] DEBUG org.asynchttpclient.netty.request.NettyRequestSender - Using open Channel [id: 0x337344e0, L:/127.0.0.1:62496 - R:localhost/127.0.0.1:59028] for GET '/session/060bc4dd33ec2112338aac041910a356/element/ca22b19f-3ac4-4ec2-8ae7-fb8616ee21b7/enabled'
12:15:42.660 [AsyncHttpClient-1-2] DEBUG org.asynchttpclient.netty.handler.HttpHandler - 

Request DefaultFullHttpRequest(decodeResult: success, version: HTTP/1.1, content: EmptyByteBufBE)
GET /session/060bc4dd33ec2112338aac041910a356/element/ca22b19f-3ac4-4ec2-8ae7-fb8616ee21b7/enabled HTTP/1.1
User-Agent: selenium/4.1.2 (java windows)
Cache-Control: no-cache
Content-Type: application/json; charset=utf-8
host: localhost:59028
accept: */*

Response DefaultHttpResponse(decodeResult: success, version: HTTP/1.1)
HTTP/1.1 200 OK
Content-Type: application/json; charset=utf-8
cache-control: no-cache
content-length: 14

12:15:42.675 [AsyncHttpClient-1-2] DEBUG org.asynchttpclient.netty.channel.ChannelManager - Adding key: http://localhost:59028 for channel [id: 0x337344e0, L:/127.0.0.1:62496 - R:localhost/127.0.0.1:59028]
12:15:42.675 [Forwarding findElement on session 060bc4dd33ec2112338aac041910a356 to remote] DEBUG org.asynchttpclient.netty.request.NettyRequestSender - Using pooled Channel '[id: 0x337344e0, L:/127.0.0.1:62496 - R:localhost/127.0.0.1:59028]' for 'POST' to 'http://localhost:59028/session/060bc4dd33ec2112338aac041910a356/element'
12:15:42.675 [Forwarding findElement on session 060bc4dd33ec2112338aac041910a356 to remote] DEBUG org.asynchttpclient.netty.request.NettyRequestSender - Using open Channel [id: 0x337344e0, L:/127.0.0.1:62496 - R:localhost/127.0.0.1:59028] for POST '/session/060bc4dd33ec2112338aac041910a356/element'
12:15:42.675 [AsyncHttpClient-1-2] DEBUG org.asynchttpclient.netty.handler.HttpHandler - 

Request DefaultHttpRequest(decodeResult: success, version: HTTP/1.1)
POST /session/060bc4dd33ec2112338aac041910a356/element HTTP/1.1
User-Agent: selenium/4.1.2 (java windows)
Content-Length: 105
Content-Type: application/json; charset=utf-8
host: localhost:59028
accept: */*

Response DefaultHttpResponse(decodeResult: success, version: HTTP/1.1)
HTTP/1.1 200 OK
Content-Type: application/json; charset=utf-8
cache-control: no-cache
content-length: 88

12:15:42.675 [AsyncHttpClient-1-2] DEBUG org.asynchttpclient.netty.channel.ChannelManager - Adding key: http://localhost:59028 for channel [id: 0x337344e0, L:/127.0.0.1:62496 - R:localhost/127.0.0.1:59028]
12:15:42.675 [Forwarding clickElement on session 060bc4dd33ec2112338aac041910a356 to remote] DEBUG org.asynchttpclient.netty.request.NettyRequestSender - Using pooled Channel '[id: 0x337344e0, L:/127.0.0.1:62496 - R:localhost/127.0.0.1:59028]' for 'POST' to 'http://localhost:59028/session/060bc4dd33ec2112338aac041910a356/element/ca22b19f-3ac4-4ec2-8ae7-fb8616ee21b7/click'
12:15:42.675 [Forwarding clickElement on session 060bc4dd33ec2112338aac041910a356 to remote] DEBUG org.asynchttpclient.netty.request.NettyRequestSender - Using open Channel [id: 0x337344e0, L:/127.0.0.1:62496 - R:localhost/127.0.0.1:59028] for POST '/session/060bc4dd33ec2112338aac041910a356/element/ca22b19f-3ac4-4ec2-8ae7-fb8616ee21b7/click'
12:15:42.703 [AsyncHttpClient-1-2] DEBUG org.asynchttpclient.netty.handler.HttpHandler - 

Request DefaultHttpRequest(decodeResult: success, version: HTTP/1.1)
POST /session/060bc4dd33ec2112338aac041910a356/element/ca22b19f-3ac4-4ec2-8ae7-fb8616ee21b7/click HTTP/1.1
User-Agent: selenium/4.1.2 (java windows)
Content-Length: 50
Content-Type: application/json; charset=utf-8
host: localhost:59028
accept: */*

Response DefaultHttpResponse(decodeResult: success, version: HTTP/1.1)
HTTP/1.1 200 OK
Content-Type: application/json; charset=utf-8
cache-control: no-cache
content-length: 14

12:15:42.703 [AsyncHttpClient-1-2] DEBUG org.asynchttpclient.netty.channel.ChannelManager - Adding key: http://localhost:59028 for channel [id: 0x337344e0, L:/127.0.0.1:62496 - R:localhost/127.0.0.1:59028]
12:15:42.708 [Forwarding screenshot on session 060bc4dd33ec2112338aac041910a356 to remote] DEBUG org.asynchttpclient.netty.request.NettyRequestSender - Using pooled Channel '[id: 0x337344e0, L:/127.0.0.1:62496 - R:localhost/127.0.0.1:59028]' for 'GET' to 'http://localhost:59028/session/060bc4dd33ec2112338aac041910a356/screenshot'
12:15:42.708 [Forwarding screenshot on session 060bc4dd33ec2112338aac041910a356 to remote] DEBUG org.asynchttpclient.netty.request.NettyRequestSender - Using open Channel [id: 0x337344e0, L:/127.0.0.1:62496 - R:localhost/127.0.0.1:59028] for GET '/session/060bc4dd33ec2112338aac041910a356/screenshot'
12:15:42.760 [AsyncHttpClient-1-2] DEBUG org.asynchttpclient.netty.handler.HttpHandler - 

Request DefaultFullHttpRequest(decodeResult: success, version: HTTP/1.1, content: EmptyByteBufBE)
GET /session/060bc4dd33ec2112338aac041910a356/screenshot HTTP/1.1
User-Agent: selenium/4.1.2 (java windows)
Cache-Control: no-cache
Content-Type: application/json; charset=utf-8
host: localhost:59028
accept: */*

Response DefaultHttpResponse(decodeResult: success, version: HTTP/1.1)
HTTP/1.1 200 OK
Content-Type: application/json; charset=utf-8
cache-control: no-cache
content-length: 35080

12:15:42.760 [AsyncHttpClient-1-2] DEBUG org.asynchttpclient.netty.channel.ChannelManager - Adding key: http://localhost:59028 for channel [id: 0x337344e0, L:/127.0.0.1:62496 - R:localhost/127.0.0.1:59028]
12:15:42.775 [main] DEBUG net.serenitybdd.core.photography.Darkroom - Send negative for processing for target\site\serenity\f6f008ad6c446a4e2c9075fb6ca92647b94515b62cd970f96758314bca8f3d66.png
12:15:42.775 [main] DEBUG net.thucydides.core.steps.StepInterceptor - STEP DONE: clickLoginButton
12:15:42.775 [Darkroom Processing Line] DEBUG net.serenitybdd.core.photography.DarkroomProcessingLine - Processing screenshot image in /var/screenshots/screenshot-2724481998190600878
  &amp#27;[32mAnd &amp#27;[0m&amp#27;[32mI click login button&amp#27;[0m                                  &amp#27;[90m# starter.stepdefinitions.LoginSteps.clickLoginBtn()&amp#27;[0m
12:15:42.775 [Darkroom Processing Line] DEBUG net.serenitybdd.core.photography.DarkroomProcessingLine - Saving screenshot to target\site\serenity\f6f008ad6c446a4e2c9075fb6ca92647b94515b62cd970f96758314bca8f3d66.png
  &amp#27;[32mThen &amp#27;[0m&amp#27;[32mI am on the dashboard&amp#27;[0m                                &amp#27;[90m# starter.stepdefinitions.LoginSteps.onTheDashboard()&amp#27;[0m
12:15:42.775 [main] INFO  - 
  _____   ___   ___   _____     ___     _     ___   ___   ___   ___  
 |_   _| | __| / __| |_   _|   | _ \   /_\   / __| / __| | __| |   \ 
   | |   | _|  \__ \   | |     |  _/  / _ \  \__ \ \__ \ | _|  | |) |
   |_|   |___| |___/   |_|     |_|   /_/ \_\ |___/ |___/ |___| |___/ 

As Admin, I have be able to success login
----------------------------------------------------------------------
12:15:42.853 [Driver Command Executor] DEBUG org.asynchttpclient.netty.request.NettyRequestSender - Using pooled Channel '[id: 0x337344e0, L:/127.0.0.1:62496 - R:localhost/127.0.0.1:59028]' for 'DELETE' to 'http://localhost:59028/session/060bc4dd33ec2112338aac041910a356'
12:15:42.853 [Driver Command Executor] DEBUG org.asynchttpclient.netty.request.NettyRequestSender - Using open Channel [id: 0x337344e0, L:/127.0.0.1:62496 - R:localhost/127.0.0.1:59028] for DELETE '/session/060bc4dd33ec2112338aac041910a356'
12:15:42.853 [AsyncHttpClient-1-4] DEBUG org.asynchttpclient.netty.handler.WebSocketHandler - Channel Closed: [id: 0x5523983b, L:/127.0.0.1:62504 ! R:localhost/127.0.0.1:62497] with attribute NettyResponseFuture{currentRetry=5,
	isDone=1,
	isCancelled=0,
	asyncHandler=org.asynchttpclient.ws.WebSocketUpgradeHandler@1e007282,
	nettyRequest=org.asynchttpclient.netty.request.NettyRequest@612fd86d,
	future=java.util.concurrent.CompletableFuture@7f3a8042[Completed normally],
	uri=ws://localhost:62497/devtools/browser/cddfa914-a80d-4ea4-b417-7118c724bd08,
	keepAlive=true,
	redirectCount=0,
	timeoutsHolder=null,
	inAuth=0,
	touch=1658380541424}
12:15:42.853 [AsyncHttpClient-1-4] DEBUG org.asynchttpclient.netty.channel.ChannelManager - Closing Channel [id: 0x5523983b, L:/127.0.0.1:62504 ! R:localhost/127.0.0.1:62497] 
12:15:42.882 [AsyncHttpClient-1-3] DEBUG org.asynchttpclient.netty.handler.HttpHandler - Unexpected I/O exception on channel [id: 0x7c2ee03a, L:/127.0.0.1:62503 - R:localhost/127.0.0.1:62497]
java.io.IOException: An existing connection was forcibly closed by the remote host
	at sun.nio.ch.SocketDispatcher.read0(Native Method)
	at sun.nio.ch.SocketDispatcher.read(SocketDispatcher.java:43)
	at sun.nio.ch.IOUtil.readIntoNativeBuffer(IOUtil.java:223)
	at sun.nio.ch.IOUtil.read(IOUtil.java:192)
	at sun.nio.ch.SocketChannelImpl.read(SocketChannelImpl.java:378)
	at io.netty.buffer.PooledByteBuf.setBytes(PooledByteBuf.java:258)
	at io.netty.buffer.AbstractByteBuf.writeBytes(AbstractByteBuf.java:1132)
	at io.netty.channel.socket.nio.NioSocketChannel.doReadBytes(NioSocketChannel.java:350)
	at io.netty.channel.nio.AbstractNioByteChannel$NioByteUnsafe.read(AbstractNioByteChannel.java:151)
	at io.netty.channel.nio.NioEventLoop.processSelectedKey(NioEventLoop.java:722)
	at io.netty.channel.nio.NioEventLoop.processSelectedKeysOptimized(NioEventLoop.java:658)
	at io.netty.channel.nio.NioEventLoop.processSelectedKeys(NioEventLoop.java:584)
	at io.netty.channel.nio.NioEventLoop.run(NioEventLoop.java:496)
	at io.netty.util.concurrent.SingleThreadEventExecutor$4.run(SingleThreadEventExecutor.java:986)
	at io.netty.util.internal.ThreadExecutorMap$2.run(ThreadExecutorMap.java:74)
	at io.netty.util.concurrent.FastThreadLocalRunnable.run(FastThreadLocalRunnable.java:30)
	at java.lang.Thread.run(Thread.java:750)
12:15:42.883 [AsyncHttpClient-1-3] DEBUG org.asynchttpclient.netty.channel.ChannelManager - Closing Channel [id: 0x7c2ee03a, L:/127.0.0.1:62503 - R:localhost/127.0.0.1:62497] 
12:15:42.884 [AsyncHttpClient-1-3] DEBUG org.asynchttpclient.netty.handler.HttpHandler - Channel Closed: [id: 0x7c2ee03a, L:/127.0.0.1:62503 ! R:localhost/127.0.0.1:62497] with attribute DISCARD
12:15:42.886 [AsyncHttpClient-1-2] DEBUG org.asynchttpclient.netty.handler.HttpHandler - 

Request DefaultFullHttpRequest(decodeResult: success, version: HTTP/1.1, content: EmptyByteBufBE)
DELETE /session/060bc4dd33ec2112338aac041910a356 HTTP/1.1
User-Agent: selenium/4.1.2 (java windows)
Content-Type: application/json; charset=utf-8
host: localhost:59028
accept: */*

Response DefaultHttpResponse(decodeResult: success, version: HTTP/1.1)
HTTP/1.1 200 OK
Content-Type: application/json; charset=utf-8
cache-control: no-cache
content-length: 14

12:15:42.886 [AsyncHttpClient-1-2] DEBUG org.asynchttpclient.netty.channel.ChannelManager - Adding key: http://localhost:59028 for channel [id: 0x337344e0, L:/127.0.0.1:62496 - R:localhost/127.0.0.1:59028]
12:15:42.932 [AsyncHttpClient-1-2] DEBUG org.asynchttpclient.netty.handler.HttpHandler - Channel Closed: [id: 0x337344e0, L:/127.0.0.1:62496 ! R:localhost/127.0.0.1:59028] with attribute DISCARD
12:15:43.026 [AsyncHttpClient-1-1] DEBUG org.asynchttpclient.netty.channel.DefaultChannelPool - Entry count for : http://localhost:62497 : 1
12:15:43.026 [AsyncHttpClient-1-1] DEBUG org.asynchttpclient.netty.channel.DefaultChannelPool - Entry count for : http://localhost:59028 : 1
12:15:43.026 [AsyncHttpClient-1-1] DEBUG org.asynchttpclient.netty.channel.DefaultChannelPool - Adding Candidate expired Channel [id: 0x7c2ee03a, L:/127.0.0.1:62503 ! R:localhost/127.0.0.1:62497] isIdleTimeoutExpired=false isRemotelyClosed=true isTtlExpired=false
12:15:43.026 [AsyncHttpClient-1-1] DEBUG org.asynchttpclient.netty.channel.DefaultChannelPool - Closing Idle Channel [id: 0x7c2ee03a, L:/127.0.0.1:62503 ! R:localhost/127.0.0.1:62497]
12:15:43.026 [AsyncHttpClient-1-1] DEBUG org.asynchttpclient.netty.channel.DefaultChannelPool - Adding Candidate expired Channel [id: 0x337344e0, L:/127.0.0.1:62496 ! R:localhost/127.0.0.1:59028] isIdleTimeoutExpired=false isRemotelyClosed=true isTtlExpired=false
12:15:43.026 [AsyncHttpClient-1-1] DEBUG org.asynchttpclient.netty.channel.DefaultChannelPool - Closing Idle Channel [id: 0x337344e0, L:/127.0.0.1:62496 ! R:localhost/127.0.0.1:59028]
12:15:43.026 [AsyncHttpClient-1-1] DEBUG org.asynchttpclient.netty.channel.DefaultChannelPool - Closed 2 connections out of 2 in 0 ms
]]></system-out>
    <system-err><![CDATA[Starting ChromeDriver 103.0.5060.134 (8ec6fce403b3feb0869b0732eda8bd95011d333c-refs/branch-heads/5060@{#1262}) on port 59028
Only local connections are allowed.
Please see https://chromedriver.chromium.org/security-considerations for suggestions on keeping ChromeDriver safe.
ChromeDriver was started successfully.
Jul 21, 2022 12:15:41 PM org.openqa.selenium.remote.ProtocolHandshake createSession
INFO: Detected dialect: W3C
Jul 21, 2022 12:15:41 PM org.openqa.selenium.devtools.CdpVersionFinder findNearestMatch
WARNING: Unable to find an exact match for CDP version 103, so returning the closest version found: a no-op implementation
Jul 21, 2022 12:15:41 PM org.openqa.selenium.devtools.CdpVersionFinder findNearestMatch
INFO: Unable to find CDP implementation matching 103.
Jul 21, 2022 12:15:41 PM org.openqa.selenium.chromium.ChromiumDriver lambda$new$3
WARNING: Unable to find version of CDP to use for . You may need to include a dependency on a specific version of the CDP using something similar to `org.seleniumhq.selenium:selenium-devtools-v86:4.1.2` where the version ("v86") matches the version of the chromium-based browser you're using and the version number of the artifact is the same as Selenium's.
]]></system-err>
  </testcase>
  <testcase name="As Admin, I have submit invalid data login" classname="Login" time="3.666">
    <system-out><![CDATA[
Scenario: As Admin, I have submit invalid data login &amp#27;[90m# src/test/resources/features/TC01_Login.feature:13&amp#27;[0m
12:15:43.458 [main] INFO io.cucumber.core.plugin.SerenityReporter - Running feature from file:///C:/Users/HP/IdeaProjects/Capstone_GYMweb/src/test/resources/features/TC01_Login.feature
12:15:43.458 [main] INFO  - 
  _____   ___   ___   _____     ___   _____     _     ___   _____   ___   ___  
 |_   _| | __| / __| |_   _|   / __| |_   _|   /_\   | _ \ |_   _| | __| |   \ 
   | |   | _|  \__ \   | |     \__ \   | |    / _ \  |   /   | |   | _|  | |) |
   |_|   |___| |___/   |_|     |___/   |_|   /_/ \_\ |_|_\   |_|   |___| |___/ 

As Admin, I have submit invalid data login(login;as-admin--i-have-submit-invalid-data-login)
--------------------------------------------------------------------------------
12:15:43.489 [main] DEBUG net.thucydides.core.steps.StepInterceptor - STARTING STEP: LoginSteps.onTheLoginPage - openPage
12:15:43.489 [main] INFO net.serenitybdd.core.webdriver.driverproviders.ChromeDriverProvider - Using automatically driver download
12:15:43.565 [main] DEBUG io.github.bonigarcia.wdm.cache.ResolutionCache - Resolution chrome=103 in cache (valid until 12:40:12 21/07/2022 ICT)
12:15:43.565 [main] DEBUG io.github.bonigarcia.wdm.cache.ResolutionCache - Resolution chrome103=103.0.5060.134 in cache (valid until 09:24:50 22/07/2022 ICT)
12:15:43.565 [main] INFO io.github.bonigarcia.wdm.WebDriverManager - Using chromedriver 103.0.5060.134 (resolved driver for Chrome 103)
12:15:43.580 [main] DEBUG io.github.bonigarcia.wdm.WebDriverManager - Driver chromedriver 103.0.5060.134 found in cache
12:15:43.580 [main] INFO io.github.bonigarcia.wdm.WebDriverManager - Exporting webdriver.chrome.driver as C:\Users\HP\.cache\selenium\chromedriver\win32\103.0.5060.134\chromedriver.exe
12:15:43.658 [main] DEBUG net.serenitybdd.core.webdriver.driverproviders.ProvideNewDriver - Instantiating driver
12:15:43.658 [main] DEBUG net.serenitybdd.core.webdriver.driverproviders.ProvideNewDriver - Driver capabilities: Capabilities {acceptInsecureCerts: false, base.url: https://www.saucedemo.com/, browserName: chrome, chrome.driver: src/test/resources/webdrive..., driver: chrome, goog:chromeOptions: {args: [], extensions: []}}
12:15:44.182 [AsyncHttpClient-1-5] DEBUG org.asynchttpclient.netty.channel.NettyConnectListener - Using new Channel '[id: 0xd37b1716, L:/127.0.0.1:62514 - R:localhost/127.0.0.1:53672]' for 'POST' to '/session'
12:15:44.676 [AsyncHttpClient-1-5] DEBUG org.asynchttpclient.netty.handler.HttpHandler - 

Request DefaultHttpRequest(decodeResult: success, version: HTTP/1.1)
POST /session HTTP/1.1
User-Agent: selenium/4.1.2 (java windows)
Content-Length: 612
Content-Type: application/json; charset=utf-8
host: localhost:53672
accept: */*

Response DefaultHttpResponse(decodeResult: success, version: HTTP/1.1)
HTTP/1.1 200 OK
Content-Type: application/json; charset=utf-8
cache-control: no-cache
content-length: 789

12:15:44.676 [AsyncHttpClient-1-5] DEBUG org.asynchttpclient.netty.channel.ChannelManager - Adding key: http://localhost:53672 for channel [id: 0xd37b1716, L:/127.0.0.1:62514 - R:localhost/127.0.0.1:53672]
12:15:44.676 [AsyncHttpClient-1-6] DEBUG org.asynchttpclient.netty.channel.NettyConnectListener - Using new Channel '[id: 0x22596691, L:/127.0.0.1:62522 - R:localhost/127.0.0.1:62515]' for 'GET' to '/json/version'
12:15:44.676 [AsyncHttpClient-1-6] DEBUG org.asynchttpclient.netty.handler.HttpHandler - 

Request DefaultFullHttpRequest(decodeResult: success, version: HTTP/1.1, content: EmptyByteBufBE)
GET /json/version HTTP/1.1
User-Agent: selenium/4.1.2 (java windows)
host: localhost:62515
accept: */*

Response DefaultHttpResponse(decodeResult: success, version: HTTP/1.1)
HTTP/1.1 200 OK
Content-Type: application/json; charset=UTF-8
content-length: 429

12:15:44.676 [AsyncHttpClient-1-6] DEBUG org.asynchttpclient.netty.channel.ChannelManager - Adding key: http://localhost:62515 for channel [id: 0x22596691, L:/127.0.0.1:62522 - R:localhost/127.0.0.1:62515]
12:15:44.692 [AsyncHttpClient-1-7] DEBUG org.asynchttpclient.netty.channel.NettyConnectListener - Using new Channel '[id: 0x6e5ade79, L:/127.0.0.1:62523 - R:localhost/127.0.0.1:62515]' for 'GET' to '/devtools/browser/77440195-d5b8-4289-a84a-7b89e344c53e'
12:15:44.692 [AsyncHttpClient-1-7] DEBUG org.asynchttpclient.netty.handler.WebSocketHandler - 

Request DefaultFullHttpRequest(decodeResult: success, version: HTTP/1.1, content: EmptyByteBufBE)
GET /devtools/browser/77440195-d5b8-4289-a84a-7b89e344c53e HTTP/1.1
upgrade: websocket
connection: upgrade
sec-websocket-key: tBtgVHhIuL6ag2KzSIZgXw==
sec-websocket-version: 13
origin: http://localhost:62515
host: localhost:62515
accept: */*
user-agent: AHC/2.1

Response DefaultHttpResponse(decodeResult: success, version: HTTP/1.1)
HTTP/1.1 101 WebSocket Protocol Handshake
Upgrade: WebSocket
Connection: Upgrade
Sec-WebSocket-Accept: wSHSiFt8qAxiCdMzFjQMcggRF2o=

12:15:44.692 [Forwarding get on session 41c801aa44dae9c74ae91ef453130f1a to remote] DEBUG org.asynchttpclient.netty.request.NettyRequestSender - Using pooled Channel '[id: 0xd37b1716, L:/127.0.0.1:62514 - R:localhost/127.0.0.1:53672]' for 'POST' to 'http://localhost:53672/session/41c801aa44dae9c74ae91ef453130f1a/url'
12:15:44.692 [Forwarding get on session 41c801aa44dae9c74ae91ef453130f1a to remote] DEBUG org.asynchttpclient.netty.request.NettyRequestSender - Using open Channel [id: 0xd37b1716, L:/127.0.0.1:62514 - R:localhost/127.0.0.1:53672] for POST '/session/41c801aa44dae9c74ae91ef453130f1a/url'
12:15:44.991 [AsyncHttpClient-1-5] DEBUG org.asynchttpclient.netty.handler.HttpHandler - 

Request DefaultHttpRequest(decodeResult: success, version: HTTP/1.1)
POST /session/41c801aa44dae9c74ae91ef453130f1a/url HTTP/1.1
User-Agent: selenium/4.1.2 (java windows)
Content-Length: 73
Content-Type: application/json; charset=utf-8
host: localhost:53672
accept: */*

Response DefaultHttpResponse(decodeResult: success, version: HTTP/1.1)
HTTP/1.1 200 OK
Content-Type: application/json; charset=utf-8
cache-control: no-cache
content-length: 14

12:15:44.992 [AsyncHttpClient-1-5] DEBUG org.asynchttpclient.netty.channel.ChannelManager - Adding key: http://localhost:53672 for channel [id: 0xd37b1716, L:/127.0.0.1:62514 - R:localhost/127.0.0.1:53672]
12:15:44.993 [Forwarding setTimeout on session 41c801aa44dae9c74ae91ef453130f1a to remote] DEBUG org.asynchttpclient.netty.request.NettyRequestSender - Using pooled Channel '[id: 0xd37b1716, L:/127.0.0.1:62514 - R:localhost/127.0.0.1:53672]' for 'POST' to 'http://localhost:53672/session/41c801aa44dae9c74ae91ef453130f1a/timeouts'
12:15:44.993 [Forwarding setTimeout on session 41c801aa44dae9c74ae91ef453130f1a to remote] DEBUG org.asynchttpclient.netty.request.NettyRequestSender - Using open Channel [id: 0xd37b1716, L:/127.0.0.1:62514 - R:localhost/127.0.0.1:53672] for POST '/session/41c801aa44dae9c74ae91ef453130f1a/timeouts'
12:15:44.994 [AsyncHttpClient-1-5] DEBUG org.asynchttpclient.netty.handler.HttpHandler - 

Request DefaultHttpRequest(decodeResult: success, version: HTTP/1.1)
POST /session/41c801aa44dae9c74ae91ef453130f1a/timeouts HTTP/1.1
User-Agent: selenium/4.1.2 (java windows)
Content-Length: 22
Content-Type: application/json; charset=utf-8
host: localhost:53672
accept: */*

Response DefaultHttpResponse(decodeResult: success, version: HTTP/1.1)
HTTP/1.1 200 OK
Content-Type: application/json; charset=utf-8
cache-control: no-cache
content-length: 14

12:15:44.995 [AsyncHttpClient-1-5] DEBUG org.asynchttpclient.netty.channel.ChannelManager - Adding key: http://localhost:53672 for channel [id: 0xd37b1716, L:/127.0.0.1:62514 - R:localhost/127.0.0.1:53672]
12:15:44.997 [Forwarding getCurrentUrl on session 41c801aa44dae9c74ae91ef453130f1a to remote] DEBUG org.asynchttpclient.netty.request.NettyRequestSender - Using pooled Channel '[id: 0xd37b1716, L:/127.0.0.1:62514 - R:localhost/127.0.0.1:53672]' for 'GET' to 'http://localhost:53672/session/41c801aa44dae9c74ae91ef453130f1a/url'
12:15:44.997 [Forwarding getCurrentUrl on session 41c801aa44dae9c74ae91ef453130f1a to remote] DEBUG org.asynchttpclient.netty.request.NettyRequestSender - Using open Channel [id: 0xd37b1716, L:/127.0.0.1:62514 - R:localhost/127.0.0.1:53672] for GET '/session/41c801aa44dae9c74ae91ef453130f1a/url'
12:15:45.002 [AsyncHttpClient-1-5] DEBUG org.asynchttpclient.netty.handler.HttpHandler - 

Request DefaultFullHttpRequest(decodeResult: success, version: HTTP/1.1, content: EmptyByteBufBE)
GET /session/41c801aa44dae9c74ae91ef453130f1a/url HTTP/1.1
User-Agent: selenium/4.1.2 (java windows)
Cache-Control: no-cache
Content-Type: application/json; charset=utf-8
host: localhost:53672
accept: */*

Response DefaultHttpResponse(decodeResult: success, version: HTTP/1.1)
HTTP/1.1 200 OK
Content-Type: application/json; charset=utf-8
cache-control: no-cache
content-length: 55

12:15:45.002 [AsyncHttpClient-1-5] DEBUG org.asynchttpclient.netty.channel.ChannelManager - Adding key: http://localhost:53672 for channel [id: 0xd37b1716, L:/127.0.0.1:62514 - R:localhost/127.0.0.1:53672]
12:15:45.005 [Forwarding findElement on session 41c801aa44dae9c74ae91ef453130f1a to remote] DEBUG org.asynchttpclient.netty.request.NettyRequestSender - Using pooled Channel '[id: 0xd37b1716, L:/127.0.0.1:62514 - R:localhost/127.0.0.1:53672]' for 'POST' to 'http://localhost:53672/session/41c801aa44dae9c74ae91ef453130f1a/element'
12:15:45.005 [Forwarding findElement on session 41c801aa44dae9c74ae91ef453130f1a to remote] DEBUG org.asynchttpclient.netty.request.NettyRequestSender - Using open Channel [id: 0xd37b1716, L:/127.0.0.1:62514 - R:localhost/127.0.0.1:53672] for POST '/session/41c801aa44dae9c74ae91ef453130f1a/element'
12:15:45.014 [AsyncHttpClient-1-5] DEBUG org.asynchttpclient.netty.handler.HttpHandler - 

Request DefaultHttpRequest(decodeResult: success, version: HTTP/1.1)
POST /session/41c801aa44dae9c74ae91ef453130f1a/element HTTP/1.1
User-Agent: selenium/4.1.2 (java windows)
Content-Length: 103
Content-Type: application/json; charset=utf-8
host: localhost:53672
accept: */*

Response DefaultHttpResponse(decodeResult: success, version: HTTP/1.1)
HTTP/1.1 200 OK
Content-Type: application/json; charset=utf-8
cache-control: no-cache
content-length: 88

12:15:45.014 [AsyncHttpClient-1-5] DEBUG org.asynchttpclient.netty.channel.ChannelManager - Adding key: http://localhost:53672 for channel [id: 0xd37b1716, L:/127.0.0.1:62514 - R:localhost/127.0.0.1:53672]
12:15:45.015 [Forwarding getElementTagName on session 41c801aa44dae9c74ae91ef453130f1a to remote] DEBUG org.asynchttpclient.netty.request.NettyRequestSender - Using pooled Channel '[id: 0xd37b1716, L:/127.0.0.1:62514 - R:localhost/127.0.0.1:53672]' for 'GET' to 'http://localhost:53672/session/41c801aa44dae9c74ae91ef453130f1a/element/b4379c06-59b3-4ed7-a846-8c69a1bf8bdd/name'
12:15:45.015 [Forwarding getElementTagName on session 41c801aa44dae9c74ae91ef453130f1a to remote] DEBUG org.asynchttpclient.netty.request.NettyRequestSender - Using open Channel [id: 0xd37b1716, L:/127.0.0.1:62514 - R:localhost/127.0.0.1:53672] for GET '/session/41c801aa44dae9c74ae91ef453130f1a/element/b4379c06-59b3-4ed7-a846-8c69a1bf8bdd/name'
12:15:45.015 [AsyncHttpClient-1-5] DEBUG org.asynchttpclient.netty.handler.HttpHandler - 

Request DefaultFullHttpRequest(decodeResult: success, version: HTTP/1.1, content: EmptyByteBufBE)
GET /session/41c801aa44dae9c74ae91ef453130f1a/element/b4379c06-59b3-4ed7-a846-8c69a1bf8bdd/name HTTP/1.1
User-Agent: selenium/4.1.2 (java windows)
Cache-Control: no-cache
Content-Type: application/json; charset=utf-8
host: localhost:53672
accept: */*

Response DefaultHttpResponse(decodeResult: success, version: HTTP/1.1)
HTTP/1.1 200 OK
Content-Type: application/json; charset=utf-8
cache-control: no-cache
content-length: 13

12:15:45.015 [AsyncHttpClient-1-5] DEBUG org.asynchttpclient.netty.channel.ChannelManager - Adding key: http://localhost:53672 for channel [id: 0xd37b1716, L:/127.0.0.1:62514 - R:localhost/127.0.0.1:53672]
12:15:45.015 [Forwarding getElementTagName on session 41c801aa44dae9c74ae91ef453130f1a to remote] DEBUG org.asynchttpclient.netty.request.NettyRequestSender - Using pooled Channel '[id: 0xd37b1716, L:/127.0.0.1:62514 - R:localhost/127.0.0.1:53672]' for 'GET' to 'http://localhost:53672/session/41c801aa44dae9c74ae91ef453130f1a/element/b4379c06-59b3-4ed7-a846-8c69a1bf8bdd/name'
12:15:45.015 [Forwarding getElementTagName on session 41c801aa44dae9c74ae91ef453130f1a to remote] DEBUG org.asynchttpclient.netty.request.NettyRequestSender - Using open Channel [id: 0xd37b1716, L:/127.0.0.1:62514 - R:localhost/127.0.0.1:53672] for GET '/session/41c801aa44dae9c74ae91ef453130f1a/element/b4379c06-59b3-4ed7-a846-8c69a1bf8bdd/name'
12:15:45.015 [AsyncHttpClient-1-5] DEBUG org.asynchttpclient.netty.handler.HttpHandler - 

Request DefaultFullHttpRequest(decodeResult: success, version: HTTP/1.1, content: EmptyByteBufBE)
GET /session/41c801aa44dae9c74ae91ef453130f1a/element/b4379c06-59b3-4ed7-a846-8c69a1bf8bdd/name HTTP/1.1
User-Agent: selenium/4.1.2 (java windows)
Cache-Control: no-cache
Content-Type: application/json; charset=utf-8
host: localhost:53672
accept: */*

Response DefaultHttpResponse(decodeResult: success, version: HTTP/1.1)
HTTP/1.1 200 OK
Content-Type: application/json; charset=utf-8
cache-control: no-cache
content-length: 13

12:15:45.015 [AsyncHttpClient-1-5] DEBUG org.asynchttpclient.netty.channel.ChannelManager - Adding key: http://localhost:53672 for channel [id: 0xd37b1716, L:/127.0.0.1:62514 - R:localhost/127.0.0.1:53672]
12:15:45.024 [Forwarding findElement on session 41c801aa44dae9c74ae91ef453130f1a to remote] DEBUG org.asynchttpclient.netty.request.NettyRequestSender - Using pooled Channel '[id: 0xd37b1716, L:/127.0.0.1:62514 - R:localhost/127.0.0.1:53672]' for 'POST' to 'http://localhost:53672/session/41c801aa44dae9c74ae91ef453130f1a/element'
12:15:45.024 [Forwarding findElement on session 41c801aa44dae9c74ae91ef453130f1a to remote] DEBUG org.asynchttpclient.netty.request.NettyRequestSender - Using open Channel [id: 0xd37b1716, L:/127.0.0.1:62514 - R:localhost/127.0.0.1:53672] for POST '/session/41c801aa44dae9c74ae91ef453130f1a/element'
12:15:45.025 [AsyncHttpClient-1-5] DEBUG org.asynchttpclient.netty.handler.HttpHandler - 

Request DefaultHttpRequest(decodeResult: success, version: HTTP/1.1)
POST /session/41c801aa44dae9c74ae91ef453130f1a/element HTTP/1.1
User-Agent: selenium/4.1.2 (java windows)
Content-Length: 103
Content-Type: application/json; charset=utf-8
host: localhost:53672
accept: */*

Response DefaultHttpResponse(decodeResult: success, version: HTTP/1.1)
HTTP/1.1 200 OK
Content-Type: application/json; charset=utf-8
cache-control: no-cache
content-length: 88

12:15:45.025 [AsyncHttpClient-1-5] DEBUG org.asynchttpclient.netty.channel.ChannelManager - Adding key: http://localhost:53672 for channel [id: 0xd37b1716, L:/127.0.0.1:62514 - R:localhost/127.0.0.1:53672]
12:15:45.025 [Forwarding clickElement on session 41c801aa44dae9c74ae91ef453130f1a to remote] DEBUG org.asynchttpclient.netty.request.NettyRequestSender - Using pooled Channel '[id: 0xd37b1716, L:/127.0.0.1:62514 - R:localhost/127.0.0.1:53672]' for 'POST' to 'http://localhost:53672/session/41c801aa44dae9c74ae91ef453130f1a/element/b4379c06-59b3-4ed7-a846-8c69a1bf8bdd/click'
12:15:45.025 [Forwarding clickElement on session 41c801aa44dae9c74ae91ef453130f1a to remote] DEBUG org.asynchttpclient.netty.request.NettyRequestSender - Using open Channel [id: 0xd37b1716, L:/127.0.0.1:62514 - R:localhost/127.0.0.1:53672] for POST '/session/41c801aa44dae9c74ae91ef453130f1a/element/b4379c06-59b3-4ed7-a846-8c69a1bf8bdd/click'
12:15:45.056 [AsyncHttpClient-1-5] DEBUG org.asynchttpclient.netty.handler.HttpHandler - 

Request DefaultHttpRequest(decodeResult: success, version: HTTP/1.1)
POST /session/41c801aa44dae9c74ae91ef453130f1a/element/b4379c06-59b3-4ed7-a846-8c69a1bf8bdd/click HTTP/1.1
User-Agent: selenium/4.1.2 (java windows)
Content-Length: 50
Content-Type: application/json; charset=utf-8
host: localhost:53672
accept: */*

Response DefaultHttpResponse(decodeResult: success, version: HTTP/1.1)
HTTP/1.1 200 OK
Content-Type: application/json; charset=utf-8
cache-control: no-cache
content-length: 14

12:15:45.056 [AsyncHttpClient-1-5] DEBUG org.asynchttpclient.netty.channel.ChannelManager - Adding key: http://localhost:53672 for channel [id: 0xd37b1716, L:/127.0.0.1:62514 - R:localhost/127.0.0.1:53672]
12:15:45.062 [Forwarding screenshot on session 41c801aa44dae9c74ae91ef453130f1a to remote] DEBUG org.asynchttpclient.netty.request.NettyRequestSender - Using pooled Channel '[id: 0xd37b1716, L:/127.0.0.1:62514 - R:localhost/127.0.0.1:53672]' for 'GET' to 'http://localhost:53672/session/41c801aa44dae9c74ae91ef453130f1a/screenshot'
12:15:45.062 [Forwarding screenshot on session 41c801aa44dae9c74ae91ef453130f1a to remote] DEBUG org.asynchttpclient.netty.request.NettyRequestSender - Using open Channel [id: 0xd37b1716, L:/127.0.0.1:62514 - R:localhost/127.0.0.1:53672] for GET '/session/41c801aa44dae9c74ae91ef453130f1a/screenshot'
12:15:45.222 [AsyncHttpClient-1-5] DEBUG org.asynchttpclient.netty.handler.HttpHandler - 

Request DefaultFullHttpRequest(decodeResult: success, version: HTTP/1.1, content: EmptyByteBufBE)
GET /session/41c801aa44dae9c74ae91ef453130f1a/screenshot HTTP/1.1
User-Agent: selenium/4.1.2 (java windows)
Cache-Control: no-cache
Content-Type: application/json; charset=utf-8
host: localhost:53672
accept: */*

Response DefaultHttpResponse(decodeResult: success, version: HTTP/1.1)
HTTP/1.1 200 OK
Content-Type: application/json; charset=utf-8
cache-control: no-cache
content-length: 35052

12:15:45.222 [AsyncHttpClient-1-5] DEBUG org.asynchttpclient.netty.channel.ChannelManager - Adding key: http://localhost:53672 for channel [id: 0xd37b1716, L:/127.0.0.1:62514 - R:localhost/127.0.0.1:53672]
12:15:45.224 [main] DEBUG net.serenitybdd.core.photography.Darkroom - Send negative for processing for target\site\serenity\4bcfcee6a32fd4db4d0cf1395ed7103be8953babd9cba6fb9977233bca52cf88.png
12:15:45.224 [main] DEBUG net.thucydides.core.steps.StepInterceptor - STEP DONE: openPage
12:15:45.228 [main] DEBUG net.thucydides.core.steps.StepInterceptor - STARTING STEP: LoginSteps.onTheLoginPage - validateOnLoginPage
12:15:45.229 [Forwarding findElement on session 41c801aa44dae9c74ae91ef453130f1a to remote] DEBUG org.asynchttpclient.netty.request.NettyRequestSender - Using pooled Channel '[id: 0xd37b1716, L:/127.0.0.1:62514 - R:localhost/127.0.0.1:53672]' for 'POST' to 'http://localhost:53672/session/41c801aa44dae9c74ae91ef453130f1a/element'
12:15:45.230 [Forwarding findElement on session 41c801aa44dae9c74ae91ef453130f1a to remote] DEBUG org.asynchttpclient.netty.request.NettyRequestSender - Using open Channel [id: 0xd37b1716, L:/127.0.0.1:62514 - R:localhost/127.0.0.1:53672] for POST '/session/41c801aa44dae9c74ae91ef453130f1a/element'
12:15:45.236 [AsyncHttpClient-1-1] DEBUG org.asynchttpclient.netty.channel.DefaultChannelPool - Entry count for : http://localhost:62515 : 1
12:15:45.236 [AsyncHttpClient-1-5] DEBUG org.asynchttpclient.netty.handler.HttpHandler - 

Request DefaultHttpRequest(decodeResult: success, version: HTTP/1.1)
POST /session/41c801aa44dae9c74ae91ef453130f1a/element HTTP/1.1
User-Agent: selenium/4.1.2 (java windows)
Content-Length: 114
Content-Type: application/json; charset=utf-8
host: localhost:53672
accept: */*

Response DefaultHttpResponse(decodeResult: success, version: HTTP/1.1)
HTTP/1.1 200 OK
Content-Type: application/json; charset=utf-8
cache-control: no-cache
content-length: 88

12:15:45.236 [AsyncHttpClient-1-5] DEBUG org.asynchttpclient.netty.channel.ChannelManager - Adding key: http://localhost:53672 for channel [id: 0xd37b1716, L:/127.0.0.1:62514 - R:localhost/127.0.0.1:53672]
12:15:45.236 [Forwarding isElementDisplayed on session 41c801aa44dae9c74ae91ef453130f1a to remote] DEBUG org.asynchttpclient.netty.request.NettyRequestSender - Using pooled Channel '[id: 0xd37b1716, L:/127.0.0.1:62514 - R:localhost/127.0.0.1:53672]' for 'POST' to 'http://localhost:53672/session/41c801aa44dae9c74ae91ef453130f1a/execute/sync'
12:15:45.236 [Forwarding isElementDisplayed on session 41c801aa44dae9c74ae91ef453130f1a to remote] DEBUG org.asynchttpclient.netty.request.NettyRequestSender - Using open Channel [id: 0xd37b1716, L:/127.0.0.1:62514 - R:localhost/127.0.0.1:53672] for POST '/session/41c801aa44dae9c74ae91ef453130f1a/execute/sync'
12:15:45.236 [AsyncHttpClient-1-5] DEBUG org.asynchttpclient.netty.handler.HttpHandler - 

Request DefaultHttpRequest(decodeResult: success, version: HTTP/1.1)
POST /session/41c801aa44dae9c74ae91ef453130f1a/execute/sync HTTP/1.1
User-Agent: selenium/4.1.2 (java windows)
Content-Length: 48780
Content-Type: application/json; charset=utf-8
host: localhost:53672
accept: */*

Response DefaultHttpResponse(decodeResult: success, version: HTTP/1.1)
HTTP/1.1 200 OK
Content-Type: application/json; charset=utf-8
cache-control: no-cache
content-length: 14

12:15:45.252 [AsyncHttpClient-1-5] DEBUG org.asynchttpclient.netty.channel.ChannelManager - Adding key: http://localhost:53672 for channel [id: 0xd37b1716, L:/127.0.0.1:62514 - R:localhost/127.0.0.1:53672]
12:15:45.252 [main] DEBUG net.thucydides.core.steps.StepInterceptor - STEP DONE: validateOnLoginPage
  &amp#27;[32mGiven &amp#27;[0m&amp#27;[32mI am on login page&amp#27;[0m                           &amp#27;[90m# starter.stepdefinitions.LoginSteps.onTheLoginPage()&amp#27;[0m
12:15:45.252 [main] DEBUG net.thucydides.core.steps.StepInterceptor - STARTING STEP: LoginSteps.inputLockedUsername - inputEmail
12:15:45.252 [Forwarding findElement on session 41c801aa44dae9c74ae91ef453130f1a to remote] DEBUG org.asynchttpclient.netty.request.NettyRequestSender - Using pooled Channel '[id: 0xd37b1716, L:/127.0.0.1:62514 - R:localhost/127.0.0.1:53672]' for 'POST' to 'http://localhost:53672/session/41c801aa44dae9c74ae91ef453130f1a/element'
12:15:45.252 [Forwarding findElement on session 41c801aa44dae9c74ae91ef453130f1a to remote] DEBUG org.asynchttpclient.netty.request.NettyRequestSender - Using open Channel [id: 0xd37b1716, L:/127.0.0.1:62514 - R:localhost/127.0.0.1:53672] for POST '/session/41c801aa44dae9c74ae91ef453130f1a/element'
12:15:45.268 [AsyncHttpClient-1-5] DEBUG org.asynchttpclient.netty.handler.HttpHandler - 

Request DefaultHttpRequest(decodeResult: success, version: HTTP/1.1)
POST /session/41c801aa44dae9c74ae91ef453130f1a/element HTTP/1.1
User-Agent: selenium/4.1.2 (java windows)
Content-Length: 116
Content-Type: application/json; charset=utf-8
host: localhost:53672
accept: */*

Response DefaultHttpResponse(decodeResult: success, version: HTTP/1.1)
HTTP/1.1 200 OK
Content-Type: application/json; charset=utf-8
cache-control: no-cache
content-length: 88

12:15:45.268 [AsyncHttpClient-1-5] DEBUG org.asynchttpclient.netty.channel.ChannelManager - Adding key: http://localhost:53672 for channel [id: 0xd37b1716, L:/127.0.0.1:62514 - R:localhost/127.0.0.1:53672]
12:15:45.268 [Forwarding clearElement on session 41c801aa44dae9c74ae91ef453130f1a to remote] DEBUG org.asynchttpclient.netty.request.NettyRequestSender - Using pooled Channel '[id: 0xd37b1716, L:/127.0.0.1:62514 - R:localhost/127.0.0.1:53672]' for 'POST' to 'http://localhost:53672/session/41c801aa44dae9c74ae91ef453130f1a/element/2d50088f-9567-412e-800c-0b040a3efe00/clear'
12:15:45.268 [Forwarding clearElement on session 41c801aa44dae9c74ae91ef453130f1a to remote] DEBUG org.asynchttpclient.netty.request.NettyRequestSender - Using open Channel [id: 0xd37b1716, L:/127.0.0.1:62514 - R:localhost/127.0.0.1:53672] for POST '/session/41c801aa44dae9c74ae91ef453130f1a/element/2d50088f-9567-412e-800c-0b040a3efe00/clear'
12:15:45.283 [AsyncHttpClient-1-5] DEBUG org.asynchttpclient.netty.handler.HttpHandler - 

Request DefaultHttpRequest(decodeResult: success, version: HTTP/1.1)
POST /session/41c801aa44dae9c74ae91ef453130f1a/element/2d50088f-9567-412e-800c-0b040a3efe00/clear HTTP/1.1
User-Agent: selenium/4.1.2 (java windows)
Content-Length: 50
Content-Type: application/json; charset=utf-8
host: localhost:53672
accept: */*

Response DefaultHttpResponse(decodeResult: success, version: HTTP/1.1)
HTTP/1.1 200 OK
Content-Type: application/json; charset=utf-8
cache-control: no-cache
content-length: 14

12:15:45.283 [AsyncHttpClient-1-5] DEBUG org.asynchttpclient.netty.channel.ChannelManager - Adding key: http://localhost:53672 for channel [id: 0xd37b1716, L:/127.0.0.1:62514 - R:localhost/127.0.0.1:53672]
12:15:45.283 [Forwarding sendKeysToElement on session 41c801aa44dae9c74ae91ef453130f1a to remote] DEBUG org.asynchttpclient.netty.request.NettyRequestSender - Using pooled Channel '[id: 0xd37b1716, L:/127.0.0.1:62514 - R:localhost/127.0.0.1:53672]' for 'POST' to 'http://localhost:53672/session/41c801aa44dae9c74ae91ef453130f1a/element/2d50088f-9567-412e-800c-0b040a3efe00/value'
12:15:45.283 [Forwarding sendKeysToElement on session 41c801aa44dae9c74ae91ef453130f1a to remote] DEBUG org.asynchttpclient.netty.request.NettyRequestSender - Using open Channel [id: 0xd37b1716, L:/127.0.0.1:62514 - R:localhost/127.0.0.1:53672] for POST '/session/41c801aa44dae9c74ae91ef453130f1a/element/2d50088f-9567-412e-800c-0b040a3efe00/value'
12:15:45.321 [AsyncHttpClient-1-5] DEBUG org.asynchttpclient.netty.handler.HttpHandler - 

Request DefaultHttpRequest(decodeResult: success, version: HTTP/1.1)
POST /session/41c801aa44dae9c74ae91ef453130f1a/element/2d50088f-9567-412e-800c-0b040a3efe00/value HTTP/1.1
User-Agent: selenium/4.1.2 (java windows)
Content-Length: 111
Content-Type: application/json; charset=utf-8
host: localhost:53672
accept: */*

Response DefaultHttpResponse(decodeResult: success, version: HTTP/1.1)
HTTP/1.1 200 OK
Content-Type: application/json; charset=utf-8
cache-control: no-cache
content-length: 14

12:15:45.321 [AsyncHttpClient-1-5] DEBUG org.asynchttpclient.netty.channel.ChannelManager - Adding key: http://localhost:53672 for channel [id: 0xd37b1716, L:/127.0.0.1:62514 - R:localhost/127.0.0.1:53672]
12:15:45.324 [Forwarding screenshot on session 41c801aa44dae9c74ae91ef453130f1a to remote] DEBUG org.asynchttpclient.netty.request.NettyRequestSender - Using pooled Channel '[id: 0xd37b1716, L:/127.0.0.1:62514 - R:localhost/127.0.0.1:53672]' for 'GET' to 'http://localhost:53672/session/41c801aa44dae9c74ae91ef453130f1a/screenshot'
12:15:45.324 [Forwarding screenshot on session 41c801aa44dae9c74ae91ef453130f1a to remote] DEBUG org.asynchttpclient.netty.request.NettyRequestSender - Using open Channel [id: 0xd37b1716, L:/127.0.0.1:62514 - R:localhost/127.0.0.1:53672] for GET '/session/41c801aa44dae9c74ae91ef453130f1a/screenshot'
12:15:45.394 [AsyncHttpClient-1-5] DEBUG org.asynchttpclient.netty.handler.HttpHandler - 

Request DefaultFullHttpRequest(decodeResult: success, version: HTTP/1.1, content: EmptyByteBufBE)
GET /session/41c801aa44dae9c74ae91ef453130f1a/screenshot HTTP/1.1
User-Agent: selenium/4.1.2 (java windows)
Cache-Control: no-cache
Content-Type: application/json; charset=utf-8
host: localhost:53672
accept: */*

Response DefaultHttpResponse(decodeResult: success, version: HTTP/1.1)
HTTP/1.1 200 OK
Content-Type: application/json; charset=utf-8
cache-control: no-cache
content-length: 33756

12:15:45.394 [AsyncHttpClient-1-5] DEBUG org.asynchttpclient.netty.channel.ChannelManager - Adding key: http://localhost:53672 for channel [id: 0xd37b1716, L:/127.0.0.1:62514 - R:localhost/127.0.0.1:53672]
12:15:45.394 [main] DEBUG net.serenitybdd.core.photography.Darkroom - Send negative for processing for target\site\serenity\a2dfbb23a25bc8b3e8de1509dbb01b7c4b52cf286435f204f9cb4c56d7d660e4.png
12:15:45.394 [main] DEBUG net.thucydides.core.steps.StepInterceptor - STEP DONE: inputEmail
  &amp#27;[32mWhen &amp#27;[0m&amp#27;[32mI input invalid email&amp#27;[0m                         &amp#27;[90m# starter.stepdefinitions.LoginSteps.inputLockedUsername()&amp#27;[0m
12:15:45.394 [Darkroom Processing Line] DEBUG net.serenitybdd.core.photography.DarkroomProcessingLine - Processing screenshot image in /var/screenshots/screenshot-2217600816126699731
12:15:45.394 [Darkroom Processing Line] DEBUG net.serenitybdd.core.photography.DarkroomProcessingLine - Saving screenshot to target\site\serenity\a2dfbb23a25bc8b3e8de1509dbb01b7c4b52cf286435f204f9cb4c56d7d660e4.png
12:15:45.394 [main] DEBUG net.thucydides.core.steps.StepInterceptor - STARTING STEP: LoginSteps.inputValidPassword - inputPassword
12:15:45.394 [Forwarding findElement on session 41c801aa44dae9c74ae91ef453130f1a to remote] DEBUG org.asynchttpclient.netty.request.NettyRequestSender - Using pooled Channel '[id: 0xd37b1716, L:/127.0.0.1:62514 - R:localhost/127.0.0.1:53672]' for 'POST' to 'http://localhost:53672/session/41c801aa44dae9c74ae91ef453130f1a/element'
12:15:45.394 [Forwarding findElement on session 41c801aa44dae9c74ae91ef453130f1a to remote] DEBUG org.asynchttpclient.netty.request.NettyRequestSender - Using open Channel [id: 0xd37b1716, L:/127.0.0.1:62514 - R:localhost/127.0.0.1:53672] for POST '/session/41c801aa44dae9c74ae91ef453130f1a/element'
12:15:45.409 [AsyncHttpClient-1-5] DEBUG org.asynchttpclient.netty.handler.HttpHandler - 

Request DefaultHttpRequest(decodeResult: success, version: HTTP/1.1)
POST /session/41c801aa44dae9c74ae91ef453130f1a/element HTTP/1.1
User-Agent: selenium/4.1.2 (java windows)
Content-Length: 116
Content-Type: application/json; charset=utf-8
host: localhost:53672
accept: */*

Response DefaultHttpResponse(decodeResult: success, version: HTTP/1.1)
HTTP/1.1 200 OK
Content-Type: application/json; charset=utf-8
cache-control: no-cache
content-length: 88

12:15:45.409 [AsyncHttpClient-1-5] DEBUG org.asynchttpclient.netty.channel.ChannelManager - Adding key: http://localhost:53672 for channel [id: 0xd37b1716, L:/127.0.0.1:62514 - R:localhost/127.0.0.1:53672]
12:15:45.409 [Forwarding clearElement on session 41c801aa44dae9c74ae91ef453130f1a to remote] DEBUG org.asynchttpclient.netty.request.NettyRequestSender - Using pooled Channel '[id: 0xd37b1716, L:/127.0.0.1:62514 - R:localhost/127.0.0.1:53672]' for 'POST' to 'http://localhost:53672/session/41c801aa44dae9c74ae91ef453130f1a/element/297d3f27-9291-418e-b6cd-f7c830b9068e/clear'
12:15:45.409 [Forwarding clearElement on session 41c801aa44dae9c74ae91ef453130f1a to remote] DEBUG org.asynchttpclient.netty.request.NettyRequestSender - Using open Channel [id: 0xd37b1716, L:/127.0.0.1:62514 - R:localhost/127.0.0.1:53672] for POST '/session/41c801aa44dae9c74ae91ef453130f1a/element/297d3f27-9291-418e-b6cd-f7c830b9068e/clear'
12:15:45.433 [AsyncHttpClient-1-5] DEBUG org.asynchttpclient.netty.handler.HttpHandler - 

Request DefaultHttpRequest(decodeResult: success, version: HTTP/1.1)
POST /session/41c801aa44dae9c74ae91ef453130f1a/element/297d3f27-9291-418e-b6cd-f7c830b9068e/clear HTTP/1.1
User-Agent: selenium/4.1.2 (java windows)
Content-Length: 50
Content-Type: application/json; charset=utf-8
host: localhost:53672
accept: */*

Response DefaultHttpResponse(decodeResult: success, version: HTTP/1.1)
HTTP/1.1 200 OK
Content-Type: application/json; charset=utf-8
cache-control: no-cache
content-length: 14

12:15:45.433 [AsyncHttpClient-1-5] DEBUG org.asynchttpclient.netty.channel.ChannelManager - Adding key: http://localhost:53672 for channel [id: 0xd37b1716, L:/127.0.0.1:62514 - R:localhost/127.0.0.1:53672]
12:15:45.433 [Forwarding sendKeysToElement on session 41c801aa44dae9c74ae91ef453130f1a to remote] DEBUG org.asynchttpclient.netty.request.NettyRequestSender - Using pooled Channel '[id: 0xd37b1716, L:/127.0.0.1:62514 - R:localhost/127.0.0.1:53672]' for 'POST' to 'http://localhost:53672/session/41c801aa44dae9c74ae91ef453130f1a/element/297d3f27-9291-418e-b6cd-f7c830b9068e/value'
12:15:45.433 [Forwarding sendKeysToElement on session 41c801aa44dae9c74ae91ef453130f1a to remote] DEBUG org.asynchttpclient.netty.request.NettyRequestSender - Using open Channel [id: 0xd37b1716, L:/127.0.0.1:62514 - R:localhost/127.0.0.1:53672] for POST '/session/41c801aa44dae9c74ae91ef453130f1a/element/297d3f27-9291-418e-b6cd-f7c830b9068e/value'
12:15:45.463 [AsyncHttpClient-1-5] DEBUG org.asynchttpclient.netty.handler.HttpHandler - 

Request DefaultHttpRequest(decodeResult: success, version: HTTP/1.1)
POST /session/41c801aa44dae9c74ae91ef453130f1a/element/297d3f27-9291-418e-b6cd-f7c830b9068e/value HTTP/1.1
User-Agent: selenium/4.1.2 (java windows)
Content-Length: 131
Content-Type: application/json; charset=utf-8
host: localhost:53672
accept: */*

Response DefaultHttpResponse(decodeResult: success, version: HTTP/1.1)
HTTP/1.1 200 OK
Content-Type: application/json; charset=utf-8
cache-control: no-cache
content-length: 14

12:15:45.464 [AsyncHttpClient-1-5] DEBUG org.asynchttpclient.netty.channel.ChannelManager - Adding key: http://localhost:53672 for channel [id: 0xd37b1716, L:/127.0.0.1:62514 - R:localhost/127.0.0.1:53672]
12:15:45.468 [Forwarding screenshot on session 41c801aa44dae9c74ae91ef453130f1a to remote] DEBUG org.asynchttpclient.netty.request.NettyRequestSender - Using pooled Channel '[id: 0xd37b1716, L:/127.0.0.1:62514 - R:localhost/127.0.0.1:53672]' for 'GET' to 'http://localhost:53672/session/41c801aa44dae9c74ae91ef453130f1a/screenshot'
12:15:45.468 [Forwarding screenshot on session 41c801aa44dae9c74ae91ef453130f1a to remote] DEBUG org.asynchttpclient.netty.request.NettyRequestSender - Using open Channel [id: 0xd37b1716, L:/127.0.0.1:62514 - R:localhost/127.0.0.1:53672] for GET '/session/41c801aa44dae9c74ae91ef453130f1a/screenshot'
12:15:45.534 [AsyncHttpClient-1-5] DEBUG org.asynchttpclient.netty.handler.HttpHandler - 

Request DefaultFullHttpRequest(decodeResult: success, version: HTTP/1.1, content: EmptyByteBufBE)
GET /session/41c801aa44dae9c74ae91ef453130f1a/screenshot HTTP/1.1
User-Agent: selenium/4.1.2 (java windows)
Cache-Control: no-cache
Content-Type: application/json; charset=utf-8
host: localhost:53672
accept: */*

Response DefaultHttpResponse(decodeResult: success, version: HTTP/1.1)
HTTP/1.1 200 OK
Content-Type: application/json; charset=utf-8
cache-control: no-cache
content-length: 33656

12:15:45.534 [AsyncHttpClient-1-5] DEBUG org.asynchttpclient.netty.channel.ChannelManager - Adding key: http://localhost:53672 for channel [id: 0xd37b1716, L:/127.0.0.1:62514 - R:localhost/127.0.0.1:53672]
12:15:45.534 [main] DEBUG net.serenitybdd.core.photography.Darkroom - Send negative for processing for target\site\serenity\9ae9eda8d6c5b6390e439e591b3e7bf9536ac4b03ad5cff7c4f7150481c07abe.png
12:15:45.534 [main] DEBUG net.thucydides.core.steps.StepInterceptor - STEP DONE: inputPassword
  &amp#27;[32mAnd &amp#27;[0m&amp#27;[32mi input valid password&amp#27;[0m                         &amp#27;[90m# starter.stepdefinitions.LoginSteps.inputValidPassword()&amp#27;[0m
12:15:45.534 [Darkroom Processing Line] DEBUG net.serenitybdd.core.photography.DarkroomProcessingLine - Processing screenshot image in /var/screenshots/screenshot-7180942515736649538
12:15:45.534 [Darkroom Processing Line] DEBUG net.serenitybdd.core.photography.DarkroomProcessingLine - Saving screenshot to target\site\serenity\9ae9eda8d6c5b6390e439e591b3e7bf9536ac4b03ad5cff7c4f7150481c07abe.png
12:15:45.549 [main] DEBUG net.thucydides.core.steps.StepInterceptor - STARTING STEP: LoginSteps.clickLoginBtn - clickLoginButton
12:15:45.549 [Forwarding findElement on session 41c801aa44dae9c74ae91ef453130f1a to remote] DEBUG org.asynchttpclient.netty.request.NettyRequestSender - Using pooled Channel '[id: 0xd37b1716, L:/127.0.0.1:62514 - R:localhost/127.0.0.1:53672]' for 'POST' to 'http://localhost:53672/session/41c801aa44dae9c74ae91ef453130f1a/element'
12:15:45.549 [Forwarding findElement on session 41c801aa44dae9c74ae91ef453130f1a to remote] DEBUG org.asynchttpclient.netty.request.NettyRequestSender - Using open Channel [id: 0xd37b1716, L:/127.0.0.1:62514 - R:localhost/127.0.0.1:53672] for POST '/session/41c801aa44dae9c74ae91ef453130f1a/element'
12:15:45.549 [AsyncHttpClient-1-5] DEBUG org.asynchttpclient.netty.handler.HttpHandler - 

Request DefaultHttpRequest(decodeResult: success, version: HTTP/1.1)
POST /session/41c801aa44dae9c74ae91ef453130f1a/element HTTP/1.1
User-Agent: selenium/4.1.2 (java windows)
Content-Length: 105
Content-Type: application/json; charset=utf-8
host: localhost:53672
accept: */*

Response DefaultHttpResponse(decodeResult: success, version: HTTP/1.1)
HTTP/1.1 200 OK
Content-Type: application/json; charset=utf-8
cache-control: no-cache
content-length: 88

12:15:45.549 [AsyncHttpClient-1-5] DEBUG org.asynchttpclient.netty.channel.ChannelManager - Adding key: http://localhost:53672 for channel [id: 0xd37b1716, L:/127.0.0.1:62514 - R:localhost/127.0.0.1:53672]
12:15:45.549 [Forwarding getElementTagName on session 41c801aa44dae9c74ae91ef453130f1a to remote] DEBUG org.asynchttpclient.netty.request.NettyRequestSender - Using pooled Channel '[id: 0xd37b1716, L:/127.0.0.1:62514 - R:localhost/127.0.0.1:53672]' for 'GET' to 'http://localhost:53672/session/41c801aa44dae9c74ae91ef453130f1a/element/bf9ae060-ae69-4574-9040-4f3ec919c65c/name'
12:15:45.549 [Forwarding getElementTagName on session 41c801aa44dae9c74ae91ef453130f1a to remote] DEBUG org.asynchttpclient.netty.request.NettyRequestSender - Using open Channel [id: 0xd37b1716, L:/127.0.0.1:62514 - R:localhost/127.0.0.1:53672] for GET '/session/41c801aa44dae9c74ae91ef453130f1a/element/bf9ae060-ae69-4574-9040-4f3ec919c65c/name'
12:15:45.549 [AsyncHttpClient-1-5] DEBUG org.asynchttpclient.netty.handler.HttpHandler - 

Request DefaultFullHttpRequest(decodeResult: success, version: HTTP/1.1, content: EmptyByteBufBE)
GET /session/41c801aa44dae9c74ae91ef453130f1a/element/bf9ae060-ae69-4574-9040-4f3ec919c65c/name HTTP/1.1
User-Agent: selenium/4.1.2 (java windows)
Cache-Control: no-cache
Content-Type: application/json; charset=utf-8
host: localhost:53672
accept: */*

Response DefaultHttpResponse(decodeResult: success, version: HTTP/1.1)
HTTP/1.1 200 OK
Content-Type: application/json; charset=utf-8
cache-control: no-cache
content-length: 18

12:15:45.549 [AsyncHttpClient-1-5] DEBUG org.asynchttpclient.netty.channel.ChannelManager - Adding key: http://localhost:53672 for channel [id: 0xd37b1716, L:/127.0.0.1:62514 - R:localhost/127.0.0.1:53672]
12:15:45.565 [Forwarding getElementTagName on session 41c801aa44dae9c74ae91ef453130f1a to remote] DEBUG org.asynchttpclient.netty.request.NettyRequestSender - Using pooled Channel '[id: 0xd37b1716, L:/127.0.0.1:62514 - R:localhost/127.0.0.1:53672]' for 'GET' to 'http://localhost:53672/session/41c801aa44dae9c74ae91ef453130f1a/element/bf9ae060-ae69-4574-9040-4f3ec919c65c/name'
12:15:45.565 [Forwarding getElementTagName on session 41c801aa44dae9c74ae91ef453130f1a to remote] DEBUG org.asynchttpclient.netty.request.NettyRequestSender - Using open Channel [id: 0xd37b1716, L:/127.0.0.1:62514 - R:localhost/127.0.0.1:53672] for GET '/session/41c801aa44dae9c74ae91ef453130f1a/element/bf9ae060-ae69-4574-9040-4f3ec919c65c/name'
12:15:45.565 [AsyncHttpClient-1-5] DEBUG org.asynchttpclient.netty.handler.HttpHandler - 

Request DefaultFullHttpRequest(decodeResult: success, version: HTTP/1.1, content: EmptyByteBufBE)
GET /session/41c801aa44dae9c74ae91ef453130f1a/element/bf9ae060-ae69-4574-9040-4f3ec919c65c/name HTTP/1.1
User-Agent: selenium/4.1.2 (java windows)
Cache-Control: no-cache
Content-Type: application/json; charset=utf-8
host: localhost:53672
accept: */*

Response DefaultHttpResponse(decodeResult: success, version: HTTP/1.1)
HTTP/1.1 200 OK
Content-Type: application/json; charset=utf-8
cache-control: no-cache
content-length: 18

12:15:45.565 [AsyncHttpClient-1-5] DEBUG org.asynchttpclient.netty.channel.ChannelManager - Adding key: http://localhost:53672 for channel [id: 0xd37b1716, L:/127.0.0.1:62514 - R:localhost/127.0.0.1:53672]
12:15:45.565 [Forwarding isElementEnabled on session 41c801aa44dae9c74ae91ef453130f1a to remote] DEBUG org.asynchttpclient.netty.request.NettyRequestSender - Using pooled Channel '[id: 0xd37b1716, L:/127.0.0.1:62514 - R:localhost/127.0.0.1:53672]' for 'GET' to 'http://localhost:53672/session/41c801aa44dae9c74ae91ef453130f1a/element/bf9ae060-ae69-4574-9040-4f3ec919c65c/enabled'
12:15:45.565 [Forwarding isElementEnabled on session 41c801aa44dae9c74ae91ef453130f1a to remote] DEBUG org.asynchttpclient.netty.request.NettyRequestSender - Using open Channel [id: 0xd37b1716, L:/127.0.0.1:62514 - R:localhost/127.0.0.1:53672] for GET '/session/41c801aa44dae9c74ae91ef453130f1a/element/bf9ae060-ae69-4574-9040-4f3ec919c65c/enabled'
12:15:45.565 [AsyncHttpClient-1-5] DEBUG org.asynchttpclient.netty.handler.HttpHandler - 

Request DefaultFullHttpRequest(decodeResult: success, version: HTTP/1.1, content: EmptyByteBufBE)
GET /session/41c801aa44dae9c74ae91ef453130f1a/element/bf9ae060-ae69-4574-9040-4f3ec919c65c/enabled HTTP/1.1
User-Agent: selenium/4.1.2 (java windows)
Cache-Control: no-cache
Content-Type: application/json; charset=utf-8
host: localhost:53672
accept: */*

Response DefaultHttpResponse(decodeResult: success, version: HTTP/1.1)
HTTP/1.1 200 OK
Content-Type: application/json; charset=utf-8
cache-control: no-cache
content-length: 14

12:15:45.565 [AsyncHttpClient-1-5] DEBUG org.asynchttpclient.netty.channel.ChannelManager - Adding key: http://localhost:53672 for channel [id: 0xd37b1716, L:/127.0.0.1:62514 - R:localhost/127.0.0.1:53672]
12:15:45.565 [Forwarding isElementEnabled on session 41c801aa44dae9c74ae91ef453130f1a to remote] DEBUG org.asynchttpclient.netty.request.NettyRequestSender - Using pooled Channel '[id: 0xd37b1716, L:/127.0.0.1:62514 - R:localhost/127.0.0.1:53672]' for 'GET' to 'http://localhost:53672/session/41c801aa44dae9c74ae91ef453130f1a/element/bf9ae060-ae69-4574-9040-4f3ec919c65c/enabled'
12:15:45.565 [Forwarding isElementEnabled on session 41c801aa44dae9c74ae91ef453130f1a to remote] DEBUG org.asynchttpclient.netty.request.NettyRequestSender - Using open Channel [id: 0xd37b1716, L:/127.0.0.1:62514 - R:localhost/127.0.0.1:53672] for GET '/session/41c801aa44dae9c74ae91ef453130f1a/element/bf9ae060-ae69-4574-9040-4f3ec919c65c/enabled'
12:15:45.580 [AsyncHttpClient-1-5] DEBUG org.asynchttpclient.netty.handler.HttpHandler - 

Request DefaultFullHttpRequest(decodeResult: success, version: HTTP/1.1, content: EmptyByteBufBE)
GET /session/41c801aa44dae9c74ae91ef453130f1a/element/bf9ae060-ae69-4574-9040-4f3ec919c65c/enabled HTTP/1.1
User-Agent: selenium/4.1.2 (java windows)
Cache-Control: no-cache
Content-Type: application/json; charset=utf-8
host: localhost:53672
accept: */*

Response DefaultHttpResponse(decodeResult: success, version: HTTP/1.1)
HTTP/1.1 200 OK
Content-Type: application/json; charset=utf-8
cache-control: no-cache
content-length: 14

12:15:45.580 [AsyncHttpClient-1-5] DEBUG org.asynchttpclient.netty.channel.ChannelManager - Adding key: http://localhost:53672 for channel [id: 0xd37b1716, L:/127.0.0.1:62514 - R:localhost/127.0.0.1:53672]
12:15:45.580 [Forwarding findElement on session 41c801aa44dae9c74ae91ef453130f1a to remote] DEBUG org.asynchttpclient.netty.request.NettyRequestSender - Using pooled Channel '[id: 0xd37b1716, L:/127.0.0.1:62514 - R:localhost/127.0.0.1:53672]' for 'POST' to 'http://localhost:53672/session/41c801aa44dae9c74ae91ef453130f1a/element'
12:15:45.580 [Forwarding findElement on session 41c801aa44dae9c74ae91ef453130f1a to remote] DEBUG org.asynchttpclient.netty.request.NettyRequestSender - Using open Channel [id: 0xd37b1716, L:/127.0.0.1:62514 - R:localhost/127.0.0.1:53672] for POST '/session/41c801aa44dae9c74ae91ef453130f1a/element'
12:15:45.580 [AsyncHttpClient-1-5] DEBUG org.asynchttpclient.netty.handler.HttpHandler - 

Request DefaultHttpRequest(decodeResult: success, version: HTTP/1.1)
POST /session/41c801aa44dae9c74ae91ef453130f1a/element HTTP/1.1
User-Agent: selenium/4.1.2 (java windows)
Content-Length: 105
Content-Type: application/json; charset=utf-8
host: localhost:53672
accept: */*

Response DefaultHttpResponse(decodeResult: success, version: HTTP/1.1)
HTTP/1.1 200 OK
Content-Type: application/json; charset=utf-8
cache-control: no-cache
content-length: 88

12:15:45.580 [AsyncHttpClient-1-5] DEBUG org.asynchttpclient.netty.channel.ChannelManager - Adding key: http://localhost:53672 for channel [id: 0xd37b1716, L:/127.0.0.1:62514 - R:localhost/127.0.0.1:53672]
12:15:45.580 [Forwarding clickElement on session 41c801aa44dae9c74ae91ef453130f1a to remote] DEBUG org.asynchttpclient.netty.request.NettyRequestSender - Using pooled Channel '[id: 0xd37b1716, L:/127.0.0.1:62514 - R:localhost/127.0.0.1:53672]' for 'POST' to 'http://localhost:53672/session/41c801aa44dae9c74ae91ef453130f1a/element/bf9ae060-ae69-4574-9040-4f3ec919c65c/click'
12:15:45.580 [Forwarding clickElement on session 41c801aa44dae9c74ae91ef453130f1a to remote] DEBUG org.asynchttpclient.netty.request.NettyRequestSender - Using open Channel [id: 0xd37b1716, L:/127.0.0.1:62514 - R:localhost/127.0.0.1:53672] for POST '/session/41c801aa44dae9c74ae91ef453130f1a/element/bf9ae060-ae69-4574-9040-4f3ec919c65c/click'
12:15:45.613 [AsyncHttpClient-1-5] DEBUG org.asynchttpclient.netty.handler.HttpHandler - 

Request DefaultHttpRequest(decodeResult: success, version: HTTP/1.1)
POST /session/41c801aa44dae9c74ae91ef453130f1a/element/bf9ae060-ae69-4574-9040-4f3ec919c65c/click HTTP/1.1
User-Agent: selenium/4.1.2 (java windows)
Content-Length: 50
Content-Type: application/json; charset=utf-8
host: localhost:53672
accept: */*

Response DefaultHttpResponse(decodeResult: success, version: HTTP/1.1)
HTTP/1.1 200 OK
Content-Type: application/json; charset=utf-8
cache-control: no-cache
content-length: 14

12:15:45.613 [AsyncHttpClient-1-5] DEBUG org.asynchttpclient.netty.channel.ChannelManager - Adding key: http://localhost:53672 for channel [id: 0xd37b1716, L:/127.0.0.1:62514 - R:localhost/127.0.0.1:53672]
12:15:45.613 [Forwarding screenshot on session 41c801aa44dae9c74ae91ef453130f1a to remote] DEBUG org.asynchttpclient.netty.request.NettyRequestSender - Using pooled Channel '[id: 0xd37b1716, L:/127.0.0.1:62514 - R:localhost/127.0.0.1:53672]' for 'GET' to 'http://localhost:53672/session/41c801aa44dae9c74ae91ef453130f1a/screenshot'
12:15:45.613 [Forwarding screenshot on session 41c801aa44dae9c74ae91ef453130f1a to remote] DEBUG org.asynchttpclient.netty.request.NettyRequestSender - Using open Channel [id: 0xd37b1716, L:/127.0.0.1:62514 - R:localhost/127.0.0.1:53672] for GET '/session/41c801aa44dae9c74ae91ef453130f1a/screenshot'
12:15:45.672 [AsyncHttpClient-1-5] DEBUG org.asynchttpclient.netty.handler.HttpHandler - 

Request DefaultFullHttpRequest(decodeResult: success, version: HTTP/1.1, content: EmptyByteBufBE)
GET /session/41c801aa44dae9c74ae91ef453130f1a/screenshot HTTP/1.1
User-Agent: selenium/4.1.2 (java windows)
Cache-Control: no-cache
Content-Type: application/json; charset=utf-8
host: localhost:53672
accept: */*

Response DefaultHttpResponse(decodeResult: success, version: HTTP/1.1)
HTTP/1.1 200 OK
Content-Type: application/json; charset=utf-8
cache-control: no-cache
content-length: 33852

12:15:45.672 [AsyncHttpClient-1-5] DEBUG org.asynchttpclient.netty.channel.ChannelManager - Adding key: http://localhost:53672 for channel [id: 0xd37b1716, L:/127.0.0.1:62514 - R:localhost/127.0.0.1:53672]
12:15:45.688 [main] DEBUG net.serenitybdd.core.photography.Darkroom - Send negative for processing for target\site\serenity\9977d3a5126d7a7551f119bfbf8100a8b977e23fea92b4665cc4cdd8c9007b99.png
12:15:45.688 [main] DEBUG net.thucydides.core.steps.StepInterceptor - STEP DONE: clickLoginButton
12:15:45.688 [Darkroom Processing Line] DEBUG net.serenitybdd.core.photography.DarkroomProcessingLine - Processing screenshot image in /var/screenshots/screenshot-8736664273491910468
12:15:45.688 [Darkroom Processing Line] DEBUG net.serenitybdd.core.photography.DarkroomProcessingLine - Saving screenshot to target\site\serenity\9977d3a5126d7a7551f119bfbf8100a8b977e23fea92b4665cc4cdd8c9007b99.png
  &amp#27;[32mAnd &amp#27;[0m&amp#27;[32mI click login button&amp#27;[0m                           &amp#27;[90m# starter.stepdefinitions.LoginSteps.clickLoginBtn()&amp#27;[0m
12:15:45.688 [main] DEBUG net.thucydides.core.steps.StepInterceptor - STARTING STEP: LoginSteps.iCanSeeErrorMessage - validateErrorMessageDisplayed
12:15:45.688 [Forwarding findElement on session 41c801aa44dae9c74ae91ef453130f1a to remote] DEBUG org.asynchttpclient.netty.request.NettyRequestSender - Using pooled Channel '[id: 0xd37b1716, L:/127.0.0.1:62514 - R:localhost/127.0.0.1:53672]' for 'POST' to 'http://localhost:53672/session/41c801aa44dae9c74ae91ef453130f1a/element'
12:15:45.688 [Forwarding findElement on session 41c801aa44dae9c74ae91ef453130f1a to remote] DEBUG org.asynchttpclient.netty.request.NettyRequestSender - Using open Channel [id: 0xd37b1716, L:/127.0.0.1:62514 - R:localhost/127.0.0.1:53672] for POST '/session/41c801aa44dae9c74ae91ef453130f1a/element'
12:15:46.327 [AsyncHttpClient-1-1] DEBUG org.asynchttpclient.netty.channel.DefaultChannelPool - Entry count for : http://localhost:62515 : 1
12:15:46.400 [AsyncHttpClient-1-5] DEBUG org.asynchttpclient.netty.handler.HttpHandler - 

Request DefaultHttpRequest(decodeResult: success, version: HTTP/1.1)
POST /session/41c801aa44dae9c74ae91ef453130f1a/element HTTP/1.1
User-Agent: selenium/4.1.2 (java windows)
Content-Length: 70
Content-Type: application/json; charset=utf-8
host: localhost:53672
accept: */*

Response DefaultHttpResponse(decodeResult: success, version: HTTP/1.1)
HTTP/1.1 200 OK
Content-Type: application/json; charset=utf-8
cache-control: no-cache
content-length: 88

12:15:46.400 [AsyncHttpClient-1-5] DEBUG org.asynchttpclient.netty.channel.ChannelManager - Adding key: http://localhost:53672 for channel [id: 0xd37b1716, L:/127.0.0.1:62514 - R:localhost/127.0.0.1:53672]
12:15:46.404 [Forwarding isElementDisplayed on session 41c801aa44dae9c74ae91ef453130f1a to remote] DEBUG org.asynchttpclient.netty.request.NettyRequestSender - Using pooled Channel '[id: 0xd37b1716, L:/127.0.0.1:62514 - R:localhost/127.0.0.1:53672]' for 'POST' to 'http://localhost:53672/session/41c801aa44dae9c74ae91ef453130f1a/execute/sync'
12:15:46.404 [Forwarding isElementDisplayed on session 41c801aa44dae9c74ae91ef453130f1a to remote] DEBUG org.asynchttpclient.netty.request.NettyRequestSender - Using open Channel [id: 0xd37b1716, L:/127.0.0.1:62514 - R:localhost/127.0.0.1:53672] for POST '/session/41c801aa44dae9c74ae91ef453130f1a/execute/sync'
12:15:46.420 [AsyncHttpClient-1-5] DEBUG org.asynchttpclient.netty.handler.HttpHandler - 

Request DefaultHttpRequest(decodeResult: success, version: HTTP/1.1)
POST /session/41c801aa44dae9c74ae91ef453130f1a/execute/sync HTTP/1.1
User-Agent: selenium/4.1.2 (java windows)
Content-Length: 48780
Content-Type: application/json; charset=utf-8
host: localhost:53672
accept: */*

Response DefaultHttpResponse(decodeResult: success, version: HTTP/1.1)
HTTP/1.1 200 OK
Content-Type: application/json; charset=utf-8
cache-control: no-cache
content-length: 14

12:15:46.420 [AsyncHttpClient-1-5] DEBUG org.asynchttpclient.netty.channel.ChannelManager - Adding key: http://localhost:53672 for channel [id: 0xd37b1716, L:/127.0.0.1:62514 - R:localhost/127.0.0.1:53672]
12:15:46.423 [Forwarding screenshot on session 41c801aa44dae9c74ae91ef453130f1a to remote] DEBUG org.asynchttpclient.netty.request.NettyRequestSender - Using pooled Channel '[id: 0xd37b1716, L:/127.0.0.1:62514 - R:localhost/127.0.0.1:53672]' for 'GET' to 'http://localhost:53672/session/41c801aa44dae9c74ae91ef453130f1a/screenshot'
12:15:46.423 [Forwarding screenshot on session 41c801aa44dae9c74ae91ef453130f1a to remote] DEBUG org.asynchttpclient.netty.request.NettyRequestSender - Using open Channel [id: 0xd37b1716, L:/127.0.0.1:62514 - R:localhost/127.0.0.1:53672] for GET '/session/41c801aa44dae9c74ae91ef453130f1a/screenshot'
12:15:46.514 [AsyncHttpClient-1-5] DEBUG org.asynchttpclient.netty.handler.HttpHandler - 

Request DefaultFullHttpRequest(decodeResult: success, version: HTTP/1.1, content: EmptyByteBufBE)
GET /session/41c801aa44dae9c74ae91ef453130f1a/screenshot HTTP/1.1
User-Agent: selenium/4.1.2 (java windows)
Cache-Control: no-cache
Content-Type: application/json; charset=utf-8
host: localhost:53672
accept: */*

Response DefaultHttpResponse(decodeResult: success, version: HTTP/1.1)
HTTP/1.1 200 OK
Content-Type: application/json; charset=utf-8
cache-control: no-cache
content-length: 56660

12:15:46.514 [AsyncHttpClient-1-5] DEBUG org.asynchttpclient.netty.channel.ChannelManager - Adding key: http://localhost:53672 for channel [id: 0xd37b1716, L:/127.0.0.1:62514 - R:localhost/127.0.0.1:53672]
12:15:46.516 [main] DEBUG net.serenitybdd.core.photography.Darkroom - Send negative for processing for target\site\serenity\4164485bf6373059067bd940bd56408fa6eebcbcedd15c9ec3b584e791697c17.png
12:15:46.516 [main] DEBUG net.thucydides.core.steps.StepInterceptor - STEP DONE: validateErrorMessageDisplayed
  &amp#27;[32mThen &amp#27;[0m&amp#27;[32mI can see error message&amp#27;[0m                       &amp#27;[90m# starter.stepdefinitions.LoginSteps.iCanSeeErrorMessage()&amp#27;[0m
12:15:46.516 [Darkroom Processing Line] DEBUG net.serenitybdd.core.photography.DarkroomProcessingLine - Processing screenshot image in /var/screenshots/screenshot-230374557915330138
12:15:46.516 [Darkroom Processing Line] DEBUG net.serenitybdd.core.photography.DarkroomProcessingLine - Saving screenshot to target\site\serenity\4164485bf6373059067bd940bd56408fa6eebcbcedd15c9ec3b584e791697c17.png
12:15:46.520 [main] INFO  - 
  _____   ___   ___   _____     ___     _     ___   ___   ___   ___  
 |_   _| | __| / __| |_   _|   | _ \   /_\   / __| / __| | __| |   \ 
   | |   | _|  \__ \   | |     |  _/  / _ \  \__ \ \__ \ | _|  | |) |
   |_|   |___| |___/   |_|     |_|   /_/ \_\ |___/ |___/ |___| |___/ 

As Admin, I have submit invalid data login
----------------------------------------------------------------------
12:15:46.521 [AsyncHttpClient-1-7] DEBUG org.asynchttpclient.netty.handler.WebSocketHandler - Channel Closed: [id: 0x6e5ade79, L:/127.0.0.1:62523 ! R:localhost/127.0.0.1:62515] with attribute NettyResponseFuture{currentRetry=5,
	isDone=1,
	isCancelled=0,
	asyncHandler=org.asynchttpclient.ws.WebSocketUpgradeHandler@a6a2fd3,
	nettyRequest=org.asynchttpclient.netty.request.NettyRequest@4f68a0fa,
	future=java.util.concurrent.CompletableFuture@5dcd42e8[Completed normally],
	uri=ws://localhost:62515/devtools/browser/77440195-d5b8-4289-a84a-7b89e344c53e,
	keepAlive=true,
	redirectCount=0,
	timeoutsHolder=null,
	inAuth=0,
	touch=1658380544692}
12:15:46.521 [AsyncHttpClient-1-7] DEBUG org.asynchttpclient.netty.channel.ChannelManager - Closing Channel [id: 0x6e5ade79, L:/127.0.0.1:62523 ! R:localhost/127.0.0.1:62515] 
12:15:46.521 [Driver Command Executor] DEBUG org.asynchttpclient.netty.request.NettyRequestSender - Using pooled Channel '[id: 0xd37b1716, L:/127.0.0.1:62514 - R:localhost/127.0.0.1:53672]' for 'DELETE' to 'http://localhost:53672/session/41c801aa44dae9c74ae91ef453130f1a'
12:15:46.521 [Driver Command Executor] DEBUG org.asynchttpclient.netty.request.NettyRequestSender - Using open Channel [id: 0xd37b1716, L:/127.0.0.1:62514 - R:localhost/127.0.0.1:53672] for DELETE '/session/41c801aa44dae9c74ae91ef453130f1a'
12:15:46.548 [AsyncHttpClient-1-6] DEBUG org.asynchttpclient.netty.handler.HttpHandler - Unexpected I/O exception on channel [id: 0x22596691, L:/127.0.0.1:62522 - R:localhost/127.0.0.1:62515]
java.io.IOException: An existing connection was forcibly closed by the remote host
	at sun.nio.ch.SocketDispatcher.read0(Native Method)
	at sun.nio.ch.SocketDispatcher.read(SocketDispatcher.java:43)
	at sun.nio.ch.IOUtil.readIntoNativeBuffer(IOUtil.java:223)
	at sun.nio.ch.IOUtil.read(IOUtil.java:192)
	at sun.nio.ch.SocketChannelImpl.read(SocketChannelImpl.java:378)
	at io.netty.buffer.PooledByteBuf.setBytes(PooledByteBuf.java:258)
	at io.netty.buffer.AbstractByteBuf.writeBytes(AbstractByteBuf.java:1132)
	at io.netty.channel.socket.nio.NioSocketChannel.doReadBytes(NioSocketChannel.java:350)
	at io.netty.channel.nio.AbstractNioByteChannel$NioByteUnsafe.read(AbstractNioByteChannel.java:151)
	at io.netty.channel.nio.NioEventLoop.processSelectedKey(NioEventLoop.java:722)
	at io.netty.channel.nio.NioEventLoop.processSelectedKeysOptimized(NioEventLoop.java:658)
	at io.netty.channel.nio.NioEventLoop.processSelectedKeys(NioEventLoop.java:584)
	at io.netty.channel.nio.NioEventLoop.run(NioEventLoop.java:496)
	at io.netty.util.concurrent.SingleThreadEventExecutor$4.run(SingleThreadEventExecutor.java:986)
	at io.netty.util.internal.ThreadExecutorMap$2.run(ThreadExecutorMap.java:74)
	at io.netty.util.concurrent.FastThreadLocalRunnable.run(FastThreadLocalRunnable.java:30)
	at java.lang.Thread.run(Thread.java:750)
12:15:46.548 [AsyncHttpClient-1-6] DEBUG org.asynchttpclient.netty.channel.ChannelManager - Closing Channel [id: 0x22596691, L:/127.0.0.1:62522 - R:localhost/127.0.0.1:62515] 
12:15:46.549 [AsyncHttpClient-1-6] DEBUG org.asynchttpclient.netty.handler.HttpHandler - Channel Closed: [id: 0x22596691, L:/127.0.0.1:62522 ! R:localhost/127.0.0.1:62515] with attribute DISCARD
12:15:46.556 [AsyncHttpClient-1-5] DEBUG org.asynchttpclient.netty.handler.HttpHandler - 

Request DefaultFullHttpRequest(decodeResult: success, version: HTTP/1.1, content: EmptyByteBufBE)
DELETE /session/41c801aa44dae9c74ae91ef453130f1a HTTP/1.1
User-Agent: selenium/4.1.2 (java windows)
Content-Type: application/json; charset=utf-8
host: localhost:53672
accept: */*

Response DefaultHttpResponse(decodeResult: success, version: HTTP/1.1)
HTTP/1.1 200 OK
Content-Type: application/json; charset=utf-8
cache-control: no-cache
content-length: 14

12:15:46.556 [AsyncHttpClient-1-5] DEBUG org.asynchttpclient.netty.channel.ChannelManager - Adding key: http://localhost:53672 for channel [id: 0xd37b1716, L:/127.0.0.1:62514 - R:localhost/127.0.0.1:53672]
12:15:46.599 [AsyncHttpClient-1-5] DEBUG org.asynchttpclient.netty.handler.HttpHandler - Channel Closed: [id: 0xd37b1716, L:/127.0.0.1:62514 ! R:localhost/127.0.0.1:53672] with attribute DISCARD
]]></system-out>
    <system-err><![CDATA[Starting ChromeDriver 103.0.5060.134 (8ec6fce403b3feb0869b0732eda8bd95011d333c-refs/branch-heads/5060@{#1262}) on port 53672
Only local connections are allowed.
Please see https://chromedriver.chromium.org/security-considerations for suggestions on keeping ChromeDriver safe.
ChromeDriver was started successfully.
Jul 21, 2022 12:15:44 PM org.openqa.selenium.remote.ProtocolHandshake createSession
INFO: Detected dialect: W3C
Jul 21, 2022 12:15:44 PM org.openqa.selenium.devtools.CdpVersionFinder findNearestMatch
WARNING: Unable to find an exact match for CDP version 103, so returning the closest version found: a no-op implementation
Jul 21, 2022 12:15:44 PM org.openqa.selenium.devtools.CdpVersionFinder findNearestMatch
INFO: Unable to find CDP implementation matching 103.
Jul 21, 2022 12:15:44 PM org.openqa.selenium.chromium.ChromiumDriver lambda$new$3
WARNING: Unable to find version of CDP to use for . You may need to include a dependency on a specific version of the CDP using something similar to `org.seleniumhq.selenium:selenium-devtools-v86:4.1.2` where the version ("v86") matches the version of the chromium-based browser you're using and the version number of the artifact is the same as Selenium's.
]]></system-err>
  </testcase>
  <testcase name="As Admin, I have be able the dashboard page" classname="Dashboard" time="2.514">
    <system-out><![CDATA[12:15:47.125 [main] INFO io.cucumber.core.plugin.SerenityReporter - Running feature from file:///C:/Users/HP/IdeaProjects/Capstone_GYMweb/src/test/resources/features/TC02_Dashboard.feature
12:15:47.125 [main] DEBUG net.thucydides.core.steps.StepEventBus - Test suite started for story net.thucydides.core.model.Story@a2ebf95a
12:15:47.125 [main] INFO  - Test Suite Started: Dashboard

Scenario: As Admin, I have be able the dashboard page &amp#27;[90m# src/test/resources/features/TC02_Dashboard.feature:6&amp#27;[0m
12:15:47.125 [main] INFO io.cucumber.core.plugin.SerenityReporter - Running feature from file:///C:/Users/HP/IdeaProjects/Capstone_GYMweb/src/test/resources/features/TC02_Dashboard.feature
12:15:47.125 [main] INFO  - 
  _____   ___   ___   _____     ___   _____     _     ___   _____   ___   ___  
 |_   _| | __| / __| |_   _|   / __| |_   _|   /_\   | _ \ |_   _| | __| |   \ 
   | |   | _|  \__ \   | |     \__ \   | |    / _ \  |   /   | |   | _|  | |) |
   |_|   |___| |___/   |_|     |___/   |_|   /_/ \_\ |_|_\   |_|   |___| |___/ 

As Admin, I have be able the dashboard page(dashboard;as-admin--i-have-be-able-the-dashboard-page)
--------------------------------------------------------------------------------
12:15:47.141 [main] DEBUG net.thucydides.core.steps.StepInterceptor - STARTING STEP: DahsboardScenarioSteps.onTheWeb - openPage
12:15:47.141 [main] INFO net.serenitybdd.core.webdriver.driverproviders.ChromeDriverProvider - Using automatically driver download
12:15:47.224 [main] DEBUG io.github.bonigarcia.wdm.cache.ResolutionCache - Resolution chrome=103 in cache (valid until 12:40:12 21/07/2022 ICT)
12:15:47.224 [main] DEBUG io.github.bonigarcia.wdm.cache.ResolutionCache - Resolution chrome103=103.0.5060.134 in cache (valid until 09:24:50 22/07/2022 ICT)
12:15:47.224 [main] INFO io.github.bonigarcia.wdm.WebDriverManager - Using chromedriver 103.0.5060.134 (resolved driver for Chrome 103)
12:15:47.224 [main] DEBUG io.github.bonigarcia.wdm.WebDriverManager - Driver chromedriver 103.0.5060.134 found in cache
12:15:47.224 [main] INFO io.github.bonigarcia.wdm.WebDriverManager - Exporting webdriver.chrome.driver as C:\Users\HP\.cache\selenium\chromedriver\win32\103.0.5060.134\chromedriver.exe
12:15:47.317 [main] DEBUG net.serenitybdd.core.webdriver.driverproviders.ProvideNewDriver - Instantiating driver
12:15:47.317 [main] DEBUG net.serenitybdd.core.webdriver.driverproviders.ProvideNewDriver - Driver capabilities: Capabilities {acceptInsecureCerts: false, base.url: https://www.saucedemo.com/, browserName: chrome, chrome.driver: src/test/resources/webdrive..., driver: chrome, goog:chromeOptions: {args: [], extensions: []}}
12:15:47.427 [AsyncHttpClient-1-1] DEBUG org.asynchttpclient.netty.channel.DefaultChannelPool - Entry count for : http://localhost:53672 : 1
12:15:47.427 [AsyncHttpClient-1-1] DEBUG org.asynchttpclient.netty.channel.DefaultChannelPool - Entry count for : http://localhost:62515 : 1
12:15:47.427 [AsyncHttpClient-1-1] DEBUG org.asynchttpclient.netty.channel.DefaultChannelPool - Adding Candidate expired Channel [id: 0xd37b1716, L:/127.0.0.1:62514 ! R:localhost/127.0.0.1:53672] isIdleTimeoutExpired=false isRemotelyClosed=true isTtlExpired=false
12:15:47.427 [AsyncHttpClient-1-1] DEBUG org.asynchttpclient.netty.channel.DefaultChannelPool - Closing Idle Channel [id: 0xd37b1716, L:/127.0.0.1:62514 ! R:localhost/127.0.0.1:53672]
12:15:47.427 [AsyncHttpClient-1-1] DEBUG org.asynchttpclient.netty.channel.DefaultChannelPool - Adding Candidate expired Channel [id: 0x22596691, L:/127.0.0.1:62522 ! R:localhost/127.0.0.1:62515] isIdleTimeoutExpired=false isRemotelyClosed=true isTtlExpired=false
12:15:47.427 [AsyncHttpClient-1-1] DEBUG org.asynchttpclient.netty.channel.DefaultChannelPool - Closing Idle Channel [id: 0x22596691, L:/127.0.0.1:62522 ! R:localhost/127.0.0.1:62515]
12:15:47.427 [AsyncHttpClient-1-1] DEBUG org.asynchttpclient.netty.channel.DefaultChannelPool - Closed 2 connections out of 2 in 0 ms
12:15:47.848 [AsyncHttpClient-1-8] DEBUG org.asynchttpclient.netty.channel.NettyConnectListener - Using new Channel '[id: 0x8ad79243, L:/127.0.0.1:62534 - R:localhost/127.0.0.1:50304]' for 'POST' to '/session'
12:15:48.323 [AsyncHttpClient-1-8] DEBUG org.asynchttpclient.netty.handler.HttpHandler - 

Request DefaultHttpRequest(decodeResult: success, version: HTTP/1.1)
POST /session HTTP/1.1
User-Agent: selenium/4.1.2 (java windows)
Content-Length: 612
Content-Type: application/json; charset=utf-8
host: localhost:50304
accept: */*

Response DefaultHttpResponse(decodeResult: success, version: HTTP/1.1)
HTTP/1.1 200 OK
Content-Type: application/json; charset=utf-8
cache-control: no-cache
content-length: 789

12:15:48.323 [AsyncHttpClient-1-8] DEBUG org.asynchttpclient.netty.channel.ChannelManager - Adding key: http://localhost:50304 for channel [id: 0x8ad79243, L:/127.0.0.1:62534 - R:localhost/127.0.0.1:50304]
12:15:48.323 [AsyncHttpClient-1-9] DEBUG org.asynchttpclient.netty.channel.NettyConnectListener - Using new Channel '[id: 0x433b6b99, L:/127.0.0.1:62541 - R:localhost/127.0.0.1:62535]' for 'GET' to '/json/version'
12:15:48.323 [AsyncHttpClient-1-9] DEBUG org.asynchttpclient.netty.handler.HttpHandler - 

Request DefaultFullHttpRequest(decodeResult: success, version: HTTP/1.1, content: EmptyByteBufBE)
GET /json/version HTTP/1.1
User-Agent: selenium/4.1.2 (java windows)
host: localhost:62535
accept: */*

Response DefaultHttpResponse(decodeResult: success, version: HTTP/1.1)
HTTP/1.1 200 OK
Content-Type: application/json; charset=UTF-8
content-length: 429

12:15:48.323 [AsyncHttpClient-1-9] DEBUG org.asynchttpclient.netty.channel.ChannelManager - Adding key: http://localhost:62535 for channel [id: 0x433b6b99, L:/127.0.0.1:62541 - R:localhost/127.0.0.1:62535]
12:15:48.339 [AsyncHttpClient-1-10] DEBUG org.asynchttpclient.netty.channel.NettyConnectListener - Using new Channel '[id: 0xd672e555, L:/127.0.0.1:62542 - R:localhost/127.0.0.1:62535]' for 'GET' to '/devtools/browser/159d57df-85bd-47e8-ad9e-0139ee447084'
12:15:48.339 [AsyncHttpClient-1-10] DEBUG org.asynchttpclient.netty.handler.WebSocketHandler - 

Request DefaultFullHttpRequest(decodeResult: success, version: HTTP/1.1, content: EmptyByteBufBE)
GET /devtools/browser/159d57df-85bd-47e8-ad9e-0139ee447084 HTTP/1.1
upgrade: websocket
connection: upgrade
sec-websocket-key: Oc3VVbtTd5hRbDp+A5Z9FA==
sec-websocket-version: 13
origin: http://localhost:62535
host: localhost:62535
accept: */*
user-agent: AHC/2.1

Response DefaultHttpResponse(decodeResult: success, version: HTTP/1.1)
HTTP/1.1 101 WebSocket Protocol Handshake
Upgrade: WebSocket
Connection: Upgrade
Sec-WebSocket-Accept: u7W1SoV28nIRhtdSiE+GM9g/zjA=

12:15:48.339 [Forwarding get on session 171a66babdce879b0d445a25d40f192a to remote] DEBUG org.asynchttpclient.netty.request.NettyRequestSender - Using pooled Channel '[id: 0x8ad79243, L:/127.0.0.1:62534 - R:localhost/127.0.0.1:50304]' for 'POST' to 'http://localhost:50304/session/171a66babdce879b0d445a25d40f192a/url'
12:15:48.339 [Forwarding get on session 171a66babdce879b0d445a25d40f192a to remote] DEBUG org.asynchttpclient.netty.request.NettyRequestSender - Using open Channel [id: 0x8ad79243, L:/127.0.0.1:62534 - R:localhost/127.0.0.1:50304] for POST '/session/171a66babdce879b0d445a25d40f192a/url'
12:15:48.529 [AsyncHttpClient-1-1] DEBUG org.asynchttpclient.netty.channel.DefaultChannelPool - Entry count for : http://localhost:62535 : 1
12:15:48.685 [AsyncHttpClient-1-8] DEBUG org.asynchttpclient.netty.handler.HttpHandler - 

Request DefaultHttpRequest(decodeResult: success, version: HTTP/1.1)
POST /session/171a66babdce879b0d445a25d40f192a/url HTTP/1.1
User-Agent: selenium/4.1.2 (java windows)
Content-Length: 78
Content-Type: application/json; charset=utf-8
host: localhost:50304
accept: */*

Response DefaultHttpResponse(decodeResult: success, version: HTTP/1.1)
HTTP/1.1 200 OK
Content-Type: application/json; charset=utf-8
cache-control: no-cache
content-length: 14

12:15:48.685 [AsyncHttpClient-1-8] DEBUG org.asynchttpclient.netty.channel.ChannelManager - Adding key: http://localhost:50304 for channel [id: 0x8ad79243, L:/127.0.0.1:62534 - R:localhost/127.0.0.1:50304]
12:15:48.686 [Forwarding setTimeout on session 171a66babdce879b0d445a25d40f192a to remote] DEBUG org.asynchttpclient.netty.request.NettyRequestSender - Using pooled Channel '[id: 0x8ad79243, L:/127.0.0.1:62534 - R:localhost/127.0.0.1:50304]' for 'POST' to 'http://localhost:50304/session/171a66babdce879b0d445a25d40f192a/timeouts'
12:15:48.686 [Forwarding setTimeout on session 171a66babdce879b0d445a25d40f192a to remote] DEBUG org.asynchttpclient.netty.request.NettyRequestSender - Using open Channel [id: 0x8ad79243, L:/127.0.0.1:62534 - R:localhost/127.0.0.1:50304] for POST '/session/171a66babdce879b0d445a25d40f192a/timeouts'
12:15:48.687 [AsyncHttpClient-1-8] DEBUG org.asynchttpclient.netty.handler.HttpHandler - 

Request DefaultHttpRequest(decodeResult: success, version: HTTP/1.1)
POST /session/171a66babdce879b0d445a25d40f192a/timeouts HTTP/1.1
User-Agent: selenium/4.1.2 (java windows)
Content-Length: 22
Content-Type: application/json; charset=utf-8
host: localhost:50304
accept: */*

Response DefaultHttpResponse(decodeResult: success, version: HTTP/1.1)
HTTP/1.1 200 OK
Content-Type: application/json; charset=utf-8
cache-control: no-cache
content-length: 14

12:15:48.687 [AsyncHttpClient-1-8] DEBUG org.asynchttpclient.netty.channel.ChannelManager - Adding key: http://localhost:50304 for channel [id: 0x8ad79243, L:/127.0.0.1:62534 - R:localhost/127.0.0.1:50304]
12:15:48.690 [Forwarding getCurrentUrl on session 171a66babdce879b0d445a25d40f192a to remote] DEBUG org.asynchttpclient.netty.request.NettyRequestSender - Using pooled Channel '[id: 0x8ad79243, L:/127.0.0.1:62534 - R:localhost/127.0.0.1:50304]' for 'GET' to 'http://localhost:50304/session/171a66babdce879b0d445a25d40f192a/url'
12:15:48.690 [Forwarding getCurrentUrl on session 171a66babdce879b0d445a25d40f192a to remote] DEBUG org.asynchttpclient.netty.request.NettyRequestSender - Using open Channel [id: 0x8ad79243, L:/127.0.0.1:62534 - R:localhost/127.0.0.1:50304] for GET '/session/171a66babdce879b0d445a25d40f192a/url'
12:15:48.694 [AsyncHttpClient-1-8] DEBUG org.asynchttpclient.netty.handler.HttpHandler - 

Request DefaultFullHttpRequest(decodeResult: success, version: HTTP/1.1, content: EmptyByteBufBE)
GET /session/171a66babdce879b0d445a25d40f192a/url HTTP/1.1
User-Agent: selenium/4.1.2 (java windows)
Cache-Control: no-cache
Content-Type: application/json; charset=utf-8
host: localhost:50304
accept: */*

Response DefaultHttpResponse(decodeResult: success, version: HTTP/1.1)
HTTP/1.1 200 OK
Content-Type: application/json; charset=utf-8
cache-control: no-cache
content-length: 61

12:15:48.694 [AsyncHttpClient-1-8] DEBUG org.asynchttpclient.netty.channel.ChannelManager - Adding key: http://localhost:50304 for channel [id: 0x8ad79243, L:/127.0.0.1:62534 - R:localhost/127.0.0.1:50304]
12:15:48.698 [main] DEBUG net.serenitybdd.core.photography.Darkroom - Opening darkroom
12:15:48.698 [Darkroom Processing Line] DEBUG net.serenitybdd.core.photography.DarkroomProcessingLine - Darkroom processing line starting up
12:15:48.698 [Forwarding screenshot on session 171a66babdce879b0d445a25d40f192a to remote] DEBUG org.asynchttpclient.netty.request.NettyRequestSender - Using pooled Channel '[id: 0x8ad79243, L:/127.0.0.1:62534 - R:localhost/127.0.0.1:50304]' for 'GET' to 'http://localhost:50304/session/171a66babdce879b0d445a25d40f192a/screenshot'
12:15:48.698 [Forwarding screenshot on session 171a66babdce879b0d445a25d40f192a to remote] DEBUG org.asynchttpclient.netty.request.NettyRequestSender - Using open Channel [id: 0x8ad79243, L:/127.0.0.1:62534 - R:localhost/127.0.0.1:50304] for GET '/session/171a66babdce879b0d445a25d40f192a/screenshot'
12:15:48.751 [AsyncHttpClient-1-8] DEBUG org.asynchttpclient.netty.handler.HttpHandler - 

Request DefaultFullHttpRequest(decodeResult: success, version: HTTP/1.1, content: EmptyByteBufBE)
GET /session/171a66babdce879b0d445a25d40f192a/screenshot HTTP/1.1
User-Agent: selenium/4.1.2 (java windows)
Cache-Control: no-cache
Content-Type: application/json; charset=utf-8
host: localhost:50304
accept: */*

Response DefaultHttpResponse(decodeResult: success, version: HTTP/1.1)
HTTP/1.1 200 OK
Content-Type: application/json; charset=utf-8
cache-control: no-cache
content-length: 49332

12:15:48.751 [AsyncHttpClient-1-8] DEBUG org.asynchttpclient.netty.channel.ChannelManager - Adding key: http://localhost:50304 for channel [id: 0x8ad79243, L:/127.0.0.1:62534 - R:localhost/127.0.0.1:50304]
12:15:48.767 [main] DEBUG net.serenitybdd.core.photography.Darkroom - Send negative for processing for target\site\serenity\9e8e68d9a65763409aff2db4eec0c04e09c73d895019de464ac0f57502b5f694.png
12:15:48.767 [main] DEBUG net.thucydides.core.steps.StepInterceptor - STEP DONE: openPage
  &amp#27;[32mGiven &amp#27;[0m&amp#27;[32mI am open the web&amp#27;[0m                             &amp#27;[90m# starter.stepdefinitions.DahsboardScenarioSteps.onTheWeb()&amp#27;[0m
12:15:48.767 [Darkroom Processing Line] DEBUG net.serenitybdd.core.photography.DarkroomProcessingLine - Processing screenshot image in /var/screenshots/screenshot-1360789773863976749
12:15:48.767 [Darkroom Processing Line] DEBUG net.serenitybdd.core.photography.DarkroomProcessingLine - Saving screenshot to target\site\serenity\9e8e68d9a65763409aff2db4eec0c04e09c73d895019de464ac0f57502b5f694.png
12:15:48.767 [main] DEBUG net.thucydides.core.steps.StepInterceptor - STARTING STEP: DahsboardScenarioSteps.clickDashboardBtn - ClickDashboard
12:15:48.767 [Forwarding findElement on session 171a66babdce879b0d445a25d40f192a to remote] DEBUG org.asynchttpclient.netty.request.NettyRequestSender - Using pooled Channel '[id: 0x8ad79243, L:/127.0.0.1:62534 - R:localhost/127.0.0.1:50304]' for 'POST' to 'http://localhost:50304/session/171a66babdce879b0d445a25d40f192a/element'
12:15:48.767 [Forwarding findElement on session 171a66babdce879b0d445a25d40f192a to remote] DEBUG org.asynchttpclient.netty.request.NettyRequestSender - Using open Channel [id: 0x8ad79243, L:/127.0.0.1:62534 - R:localhost/127.0.0.1:50304] for POST '/session/171a66babdce879b0d445a25d40f192a/element'
12:15:48.782 [AsyncHttpClient-1-8] DEBUG org.asynchttpclient.netty.handler.HttpHandler - 

Request DefaultHttpRequest(decodeResult: success, version: HTTP/1.1)
POST /session/171a66babdce879b0d445a25d40f192a/element HTTP/1.1
User-Agent: selenium/4.1.2 (java windows)
Content-Length: 141
Content-Type: application/json; charset=utf-8
host: localhost:50304
accept: */*

Response DefaultHttpResponse(decodeResult: success, version: HTTP/1.1)
HTTP/1.1 200 OK
Content-Type: application/json; charset=utf-8
cache-control: no-cache
content-length: 88

12:15:48.782 [AsyncHttpClient-1-8] DEBUG org.asynchttpclient.netty.channel.ChannelManager - Adding key: http://localhost:50304 for channel [id: 0x8ad79243, L:/127.0.0.1:62534 - R:localhost/127.0.0.1:50304]
12:15:48.782 [Forwarding getElementTagName on session 171a66babdce879b0d445a25d40f192a to remote] DEBUG org.asynchttpclient.netty.request.NettyRequestSender - Using pooled Channel '[id: 0x8ad79243, L:/127.0.0.1:62534 - R:localhost/127.0.0.1:50304]' for 'GET' to 'http://localhost:50304/session/171a66babdce879b0d445a25d40f192a/element/777b91d0-5db3-4fb7-a02a-17799796bb0a/name'
12:15:48.782 [Forwarding getElementTagName on session 171a66babdce879b0d445a25d40f192a to remote] DEBUG org.asynchttpclient.netty.request.NettyRequestSender - Using open Channel [id: 0x8ad79243, L:/127.0.0.1:62534 - R:localhost/127.0.0.1:50304] for GET '/session/171a66babdce879b0d445a25d40f192a/element/777b91d0-5db3-4fb7-a02a-17799796bb0a/name'
12:15:48.782 [AsyncHttpClient-1-8] DEBUG org.asynchttpclient.netty.handler.HttpHandler - 

Request DefaultFullHttpRequest(decodeResult: success, version: HTTP/1.1, content: EmptyByteBufBE)
GET /session/171a66babdce879b0d445a25d40f192a/element/777b91d0-5db3-4fb7-a02a-17799796bb0a/name HTTP/1.1
User-Agent: selenium/4.1.2 (java windows)
Cache-Control: no-cache
Content-Type: application/json; charset=utf-8
host: localhost:50304
accept: */*

Response DefaultHttpResponse(decodeResult: success, version: HTTP/1.1)
HTTP/1.1 200 OK
Content-Type: application/json; charset=utf-8
cache-control: no-cache
content-length: 16

12:15:48.782 [AsyncHttpClient-1-8] DEBUG org.asynchttpclient.netty.channel.ChannelManager - Adding key: http://localhost:50304 for channel [id: 0x8ad79243, L:/127.0.0.1:62534 - R:localhost/127.0.0.1:50304]
12:15:48.782 [Forwarding getElementTagName on session 171a66babdce879b0d445a25d40f192a to remote] DEBUG org.asynchttpclient.netty.request.NettyRequestSender - Using pooled Channel '[id: 0x8ad79243, L:/127.0.0.1:62534 - R:localhost/127.0.0.1:50304]' for 'GET' to 'http://localhost:50304/session/171a66babdce879b0d445a25d40f192a/element/777b91d0-5db3-4fb7-a02a-17799796bb0a/name'
12:15:48.782 [Forwarding getElementTagName on session 171a66babdce879b0d445a25d40f192a to remote] DEBUG org.asynchttpclient.netty.request.NettyRequestSender - Using open Channel [id: 0x8ad79243, L:/127.0.0.1:62534 - R:localhost/127.0.0.1:50304] for GET '/session/171a66babdce879b0d445a25d40f192a/element/777b91d0-5db3-4fb7-a02a-17799796bb0a/name'
12:15:48.782 [AsyncHttpClient-1-8] DEBUG org.asynchttpclient.netty.handler.HttpHandler - 

Request DefaultFullHttpRequest(decodeResult: success, version: HTTP/1.1, content: EmptyByteBufBE)
GET /session/171a66babdce879b0d445a25d40f192a/element/777b91d0-5db3-4fb7-a02a-17799796bb0a/name HTTP/1.1
User-Agent: selenium/4.1.2 (java windows)
Cache-Control: no-cache
Content-Type: application/json; charset=utf-8
host: localhost:50304
accept: */*

Response DefaultHttpResponse(decodeResult: success, version: HTTP/1.1)
HTTP/1.1 200 OK
Content-Type: application/json; charset=utf-8
cache-control: no-cache
content-length: 16

12:15:48.782 [AsyncHttpClient-1-8] DEBUG org.asynchttpclient.netty.channel.ChannelManager - Adding key: http://localhost:50304 for channel [id: 0x8ad79243, L:/127.0.0.1:62534 - R:localhost/127.0.0.1:50304]
12:15:48.782 [Forwarding findElement on session 171a66babdce879b0d445a25d40f192a to remote] DEBUG org.asynchttpclient.netty.request.NettyRequestSender - Using pooled Channel '[id: 0x8ad79243, L:/127.0.0.1:62534 - R:localhost/127.0.0.1:50304]' for 'POST' to 'http://localhost:50304/session/171a66babdce879b0d445a25d40f192a/element'
12:15:48.782 [Forwarding findElement on session 171a66babdce879b0d445a25d40f192a to remote] DEBUG org.asynchttpclient.netty.request.NettyRequestSender - Using open Channel [id: 0x8ad79243, L:/127.0.0.1:62534 - R:localhost/127.0.0.1:50304] for POST '/session/171a66babdce879b0d445a25d40f192a/element'
12:15:48.798 [AsyncHttpClient-1-8] DEBUG org.asynchttpclient.netty.handler.HttpHandler - 

Request DefaultHttpRequest(decodeResult: success, version: HTTP/1.1)
POST /session/171a66babdce879b0d445a25d40f192a/element HTTP/1.1
User-Agent: selenium/4.1.2 (java windows)
Content-Length: 141
Content-Type: application/json; charset=utf-8
host: localhost:50304
accept: */*

Response DefaultHttpResponse(decodeResult: success, version: HTTP/1.1)
HTTP/1.1 200 OK
Content-Type: application/json; charset=utf-8
cache-control: no-cache
content-length: 88

12:15:48.798 [AsyncHttpClient-1-8] DEBUG org.asynchttpclient.netty.channel.ChannelManager - Adding key: http://localhost:50304 for channel [id: 0x8ad79243, L:/127.0.0.1:62534 - R:localhost/127.0.0.1:50304]
12:15:48.798 [Forwarding clickElement on session 171a66babdce879b0d445a25d40f192a to remote] DEBUG org.asynchttpclient.netty.request.NettyRequestSender - Using pooled Channel '[id: 0x8ad79243, L:/127.0.0.1:62534 - R:localhost/127.0.0.1:50304]' for 'POST' to 'http://localhost:50304/session/171a66babdce879b0d445a25d40f192a/element/777b91d0-5db3-4fb7-a02a-17799796bb0a/click'
12:15:48.798 [Forwarding clickElement on session 171a66babdce879b0d445a25d40f192a to remote] DEBUG org.asynchttpclient.netty.request.NettyRequestSender - Using open Channel [id: 0x8ad79243, L:/127.0.0.1:62534 - R:localhost/127.0.0.1:50304] for POST '/session/171a66babdce879b0d445a25d40f192a/element/777b91d0-5db3-4fb7-a02a-17799796bb0a/click'
12:15:48.831 [AsyncHttpClient-1-8] DEBUG org.asynchttpclient.netty.handler.HttpHandler - 

Request DefaultHttpRequest(decodeResult: success, version: HTTP/1.1)
POST /session/171a66babdce879b0d445a25d40f192a/element/777b91d0-5db3-4fb7-a02a-17799796bb0a/click HTTP/1.1
User-Agent: selenium/4.1.2 (java windows)
Content-Length: 50
Content-Type: application/json; charset=utf-8
host: localhost:50304
accept: */*

Response DefaultHttpResponse(decodeResult: success, version: HTTP/1.1)
HTTP/1.1 200 OK
Content-Type: application/json; charset=utf-8
cache-control: no-cache
content-length: 14

12:15:48.831 [AsyncHttpClient-1-8] DEBUG org.asynchttpclient.netty.channel.ChannelManager - Adding key: http://localhost:50304 for channel [id: 0x8ad79243, L:/127.0.0.1:62534 - R:localhost/127.0.0.1:50304]
12:15:48.835 [Forwarding screenshot on session 171a66babdce879b0d445a25d40f192a to remote] DEBUG org.asynchttpclient.netty.request.NettyRequestSender - Using pooled Channel '[id: 0x8ad79243, L:/127.0.0.1:62534 - R:localhost/127.0.0.1:50304]' for 'GET' to 'http://localhost:50304/session/171a66babdce879b0d445a25d40f192a/screenshot'
12:15:48.835 [Forwarding screenshot on session 171a66babdce879b0d445a25d40f192a to remote] DEBUG org.asynchttpclient.netty.request.NettyRequestSender - Using open Channel [id: 0x8ad79243, L:/127.0.0.1:62534 - R:localhost/127.0.0.1:50304] for GET '/session/171a66babdce879b0d445a25d40f192a/screenshot'
12:15:48.900 [AsyncHttpClient-1-8] DEBUG org.asynchttpclient.netty.handler.HttpHandler - 

Request DefaultFullHttpRequest(decodeResult: success, version: HTTP/1.1, content: EmptyByteBufBE)
GET /session/171a66babdce879b0d445a25d40f192a/screenshot HTTP/1.1
User-Agent: selenium/4.1.2 (java windows)
Cache-Control: no-cache
Content-Type: application/json; charset=utf-8
host: localhost:50304
accept: */*

Response DefaultHttpResponse(decodeResult: success, version: HTTP/1.1)
HTTP/1.1 200 OK
Content-Type: application/json; charset=utf-8
cache-control: no-cache
content-length: 63944

12:15:48.900 [AsyncHttpClient-1-8] DEBUG org.asynchttpclient.netty.channel.ChannelManager - Adding key: http://localhost:50304 for channel [id: 0x8ad79243, L:/127.0.0.1:62534 - R:localhost/127.0.0.1:50304]
12:15:48.900 [main] DEBUG net.serenitybdd.core.photography.Darkroom - Send negative for processing for target\site\serenity\ac868fcf79c857fd206efadafda9c38018188e514a42e62118402825dba7d5b8.png
12:15:48.916 [main] DEBUG net.thucydides.core.steps.StepInterceptor - STEP DONE: ClickDashboard
12:15:48.916 [Darkroom Processing Line] DEBUG net.serenitybdd.core.photography.DarkroomProcessingLine - Processing screenshot image in /var/screenshots/screenshot-4676674067419347976
  &amp#27;[32mWhen &amp#27;[0m&amp#27;[32mI click dashboard button&amp#27;[0m                       &amp#27;[90m# starter.stepdefinitions.DahsboardScenarioSteps.clickDashboardBtn()&amp#27;[0m
12:15:48.916 [Darkroom Processing Line] DEBUG net.serenitybdd.core.photography.DarkroomProcessingLine - Saving screenshot to target\site\serenity\ac868fcf79c857fd206efadafda9c38018188e514a42e62118402825dba7d5b8.png
12:15:48.923 [main] DEBUG net.thucydides.core.steps.StepInterceptor - STARTING STEP: DahsboardScenarioSteps.onTheDashboard - validateActiveMembershipInfo
12:15:48.924 [Forwarding findElement on session 171a66babdce879b0d445a25d40f192a to remote] DEBUG org.asynchttpclient.netty.request.NettyRequestSender - Using pooled Channel '[id: 0x8ad79243, L:/127.0.0.1:62534 - R:localhost/127.0.0.1:50304]' for 'POST' to 'http://localhost:50304/session/171a66babdce879b0d445a25d40f192a/element'
12:15:48.924 [Forwarding findElement on session 171a66babdce879b0d445a25d40f192a to remote] DEBUG org.asynchttpclient.netty.request.NettyRequestSender - Using open Channel [id: 0x8ad79243, L:/127.0.0.1:62534 - R:localhost/127.0.0.1:50304] for POST '/session/171a66babdce879b0d445a25d40f192a/element'
12:15:48.933 [AsyncHttpClient-1-8] DEBUG org.asynchttpclient.netty.handler.HttpHandler - 

Request DefaultHttpRequest(decodeResult: success, version: HTTP/1.1)
POST /session/171a66babdce879b0d445a25d40f192a/element HTTP/1.1
User-Agent: selenium/4.1.2 (java windows)
Content-Length: 136
Content-Type: application/json; charset=utf-8
host: localhost:50304
accept: */*

Response DefaultHttpResponse(decodeResult: success, version: HTTP/1.1)
HTTP/1.1 200 OK
Content-Type: application/json; charset=utf-8
cache-control: no-cache
content-length: 88

12:15:48.933 [AsyncHttpClient-1-8] DEBUG org.asynchttpclient.netty.channel.ChannelManager - Adding key: http://localhost:50304 for channel [id: 0x8ad79243, L:/127.0.0.1:62534 - R:localhost/127.0.0.1:50304]
12:15:48.935 [Forwarding isElementDisplayed on session 171a66babdce879b0d445a25d40f192a to remote] DEBUG org.asynchttpclient.netty.request.NettyRequestSender - Using pooled Channel '[id: 0x8ad79243, L:/127.0.0.1:62534 - R:localhost/127.0.0.1:50304]' for 'POST' to 'http://localhost:50304/session/171a66babdce879b0d445a25d40f192a/execute/sync'
12:15:48.935 [Forwarding isElementDisplayed on session 171a66babdce879b0d445a25d40f192a to remote] DEBUG org.asynchttpclient.netty.request.NettyRequestSender - Using open Channel [id: 0x8ad79243, L:/127.0.0.1:62534 - R:localhost/127.0.0.1:50304] for POST '/session/171a66babdce879b0d445a25d40f192a/execute/sync'
12:15:48.938 [AsyncHttpClient-1-8] DEBUG org.asynchttpclient.netty.handler.HttpHandler - 

Request DefaultHttpRequest(decodeResult: success, version: HTTP/1.1)
POST /session/171a66babdce879b0d445a25d40f192a/execute/sync HTTP/1.1
User-Agent: selenium/4.1.2 (java windows)
Content-Length: 48780
Content-Type: application/json; charset=utf-8
host: localhost:50304
accept: */*

Response DefaultHttpResponse(decodeResult: success, version: HTTP/1.1)
HTTP/1.1 200 OK
Content-Type: application/json; charset=utf-8
cache-control: no-cache
content-length: 14

12:15:48.938 [AsyncHttpClient-1-8] DEBUG org.asynchttpclient.netty.channel.ChannelManager - Adding key: http://localhost:50304 for channel [id: 0x8ad79243, L:/127.0.0.1:62534 - R:localhost/127.0.0.1:50304]
12:15:48.938 [main] DEBUG net.thucydides.core.steps.StepInterceptor - STEP DONE: validateActiveMembershipInfo
12:15:48.938 [main] DEBUG net.thucydides.core.steps.StepInterceptor - STARTING STEP: DahsboardScenarioSteps.onTheDashboard - validateTrainersInfo
12:15:48.938 [Forwarding findElement on session 171a66babdce879b0d445a25d40f192a to remote] DEBUG org.asynchttpclient.netty.request.NettyRequestSender - Using pooled Channel '[id: 0x8ad79243, L:/127.0.0.1:62534 - R:localhost/127.0.0.1:50304]' for 'POST' to 'http://localhost:50304/session/171a66babdce879b0d445a25d40f192a/element'
12:15:48.938 [Forwarding findElement on session 171a66babdce879b0d445a25d40f192a to remote] DEBUG org.asynchttpclient.netty.request.NettyRequestSender - Using open Channel [id: 0x8ad79243, L:/127.0.0.1:62534 - R:localhost/127.0.0.1:50304] for POST '/session/171a66babdce879b0d445a25d40f192a/element'
12:15:48.954 [AsyncHttpClient-1-8] DEBUG org.asynchttpclient.netty.handler.HttpHandler - 

Request DefaultHttpRequest(decodeResult: success, version: HTTP/1.1)
POST /session/171a66babdce879b0d445a25d40f192a/element HTTP/1.1
User-Agent: selenium/4.1.2 (java windows)
Content-Length: 134
Content-Type: application/json; charset=utf-8
host: localhost:50304
accept: */*

Response DefaultHttpResponse(decodeResult: success, version: HTTP/1.1)
HTTP/1.1 200 OK
Content-Type: application/json; charset=utf-8
cache-control: no-cache
content-length: 88

12:15:48.954 [AsyncHttpClient-1-8] DEBUG org.asynchttpclient.netty.channel.ChannelManager - Adding key: http://localhost:50304 for channel [id: 0x8ad79243, L:/127.0.0.1:62534 - R:localhost/127.0.0.1:50304]
12:15:48.954 [Forwarding isElementDisplayed on session 171a66babdce879b0d445a25d40f192a to remote] DEBUG org.asynchttpclient.netty.request.NettyRequestSender - Using pooled Channel '[id: 0x8ad79243, L:/127.0.0.1:62534 - R:localhost/127.0.0.1:50304]' for 'POST' to 'http://localhost:50304/session/171a66babdce879b0d445a25d40f192a/execute/sync'
12:15:48.954 [Forwarding isElementDisplayed on session 171a66babdce879b0d445a25d40f192a to remote] DEBUG org.asynchttpclient.netty.request.NettyRequestSender - Using open Channel [id: 0x8ad79243, L:/127.0.0.1:62534 - R:localhost/127.0.0.1:50304] for POST '/session/171a66babdce879b0d445a25d40f192a/execute/sync'
12:15:48.970 [AsyncHttpClient-1-8] DEBUG org.asynchttpclient.netty.handler.HttpHandler - 

Request DefaultHttpRequest(decodeResult: success, version: HTTP/1.1)
POST /session/171a66babdce879b0d445a25d40f192a/execute/sync HTTP/1.1
User-Agent: selenium/4.1.2 (java windows)
Content-Length: 48780
Content-Type: application/json; charset=utf-8
host: localhost:50304
accept: */*

Response DefaultHttpResponse(decodeResult: success, version: HTTP/1.1)
HTTP/1.1 200 OK
Content-Type: application/json; charset=utf-8
cache-control: no-cache
content-length: 14

12:15:48.970 [AsyncHttpClient-1-8] DEBUG org.asynchttpclient.netty.channel.ChannelManager - Adding key: http://localhost:50304 for channel [id: 0x8ad79243, L:/127.0.0.1:62534 - R:localhost/127.0.0.1:50304]
12:15:48.970 [Forwarding screenshot on session 171a66babdce879b0d445a25d40f192a to remote] DEBUG org.asynchttpclient.netty.request.NettyRequestSender - Using pooled Channel '[id: 0x8ad79243, L:/127.0.0.1:62534 - R:localhost/127.0.0.1:50304]' for 'GET' to 'http://localhost:50304/session/171a66babdce879b0d445a25d40f192a/screenshot'
12:15:48.970 [Forwarding screenshot on session 171a66babdce879b0d445a25d40f192a to remote] DEBUG org.asynchttpclient.netty.request.NettyRequestSender - Using open Channel [id: 0x8ad79243, L:/127.0.0.1:62534 - R:localhost/127.0.0.1:50304] for GET '/session/171a66babdce879b0d445a25d40f192a/screenshot'
12:15:49.038 [AsyncHttpClient-1-8] DEBUG org.asynchttpclient.netty.handler.HttpHandler - 

Request DefaultFullHttpRequest(decodeResult: success, version: HTTP/1.1, content: EmptyByteBufBE)
GET /session/171a66babdce879b0d445a25d40f192a/screenshot HTTP/1.1
User-Agent: selenium/4.1.2 (java windows)
Cache-Control: no-cache
Content-Type: application/json; charset=utf-8
host: localhost:50304
accept: */*

Response DefaultHttpResponse(decodeResult: success, version: HTTP/1.1)
HTTP/1.1 200 OK
Content-Type: application/json; charset=utf-8
cache-control: no-cache
content-length: 63944

12:15:49.038 [AsyncHttpClient-1-8] DEBUG org.asynchttpclient.netty.channel.ChannelManager - Adding key: http://localhost:50304 for channel [id: 0x8ad79243, L:/127.0.0.1:62534 - R:localhost/127.0.0.1:50304]
12:15:49.040 [main] DEBUG net.serenitybdd.core.photography.Darkroom - Send negative for processing for target\site\serenity\ac868fcf79c857fd206efadafda9c38018188e514a42e62118402825dba7d5b8.png
12:15:49.040 [main] DEBUG net.thucydides.core.steps.StepInterceptor - STEP DONE: validateTrainersInfo
  &amp#27;[32mThen &amp#27;[0m&amp#27;[32mi see analytics information&amp#27;[0m                    &amp#27;[90m# starter.stepdefinitions.DahsboardScenarioSteps.onTheDashboard()&amp#27;[0m
12:15:49.043 [main] INFO  - 
  _____   ___   ___   _____     ___     _     ___   ___   ___   ___  
 |_   _| | __| / __| |_   _|   | _ \   /_\   / __| / __| | __| |   \ 
   | |   | _|  \__ \   | |     |  _/  / _ \  \__ \ \__ \ | _|  | |) |
   |_|   |___| |___/   |_|     |_|   /_/ \_\ |___/ |___/ |___| |___/ 

As Admin, I have be able the dashboard page
----------------------------------------------------------------------
12:15:49.044 [AsyncHttpClient-1-10] DEBUG org.asynchttpclient.netty.handler.WebSocketHandler - Channel Closed: [id: 0xd672e555, L:/127.0.0.1:62542 ! R:localhost/127.0.0.1:62535] with attribute NettyResponseFuture{currentRetry=5,
	isDone=1,
	isCancelled=0,
	asyncHandler=org.asynchttpclient.ws.WebSocketUpgradeHandler@48324231,
	nettyRequest=org.asynchttpclient.netty.request.NettyRequest@d30c553,
	future=java.util.concurrent.CompletableFuture@1e236595[Completed normally],
	uri=ws://localhost:62535/devtools/browser/159d57df-85bd-47e8-ad9e-0139ee447084,
	keepAlive=true,
	redirectCount=0,
	timeoutsHolder=null,
	inAuth=0,
	touch=1658380548339}
12:15:49.044 [AsyncHttpClient-1-10] DEBUG org.asynchttpclient.netty.channel.ChannelManager - Closing Channel [id: 0xd672e555, L:/127.0.0.1:62542 ! R:localhost/127.0.0.1:62535] 
12:15:49.044 [Driver Command Executor] DEBUG org.asynchttpclient.netty.request.NettyRequestSender - Using pooled Channel '[id: 0x8ad79243, L:/127.0.0.1:62534 - R:localhost/127.0.0.1:50304]' for 'DELETE' to 'http://localhost:50304/session/171a66babdce879b0d445a25d40f192a'
12:15:49.044 [Driver Command Executor] DEBUG org.asynchttpclient.netty.request.NettyRequestSender - Using open Channel [id: 0x8ad79243, L:/127.0.0.1:62534 - R:localhost/127.0.0.1:50304] for DELETE '/session/171a66babdce879b0d445a25d40f192a'
12:15:49.062 [AsyncHttpClient-1-9] DEBUG org.asynchttpclient.netty.handler.HttpHandler - Unexpected I/O exception on channel [id: 0x433b6b99, L:/127.0.0.1:62541 - R:localhost/127.0.0.1:62535]
java.io.IOException: An existing connection was forcibly closed by the remote host
	at sun.nio.ch.SocketDispatcher.read0(Native Method)
	at sun.nio.ch.SocketDispatcher.read(SocketDispatcher.java:43)
	at sun.nio.ch.IOUtil.readIntoNativeBuffer(IOUtil.java:223)
	at sun.nio.ch.IOUtil.read(IOUtil.java:192)
	at sun.nio.ch.SocketChannelImpl.read(SocketChannelImpl.java:378)
	at io.netty.buffer.PooledByteBuf.setBytes(PooledByteBuf.java:258)
	at io.netty.buffer.AbstractByteBuf.writeBytes(AbstractByteBuf.java:1132)
	at io.netty.channel.socket.nio.NioSocketChannel.doReadBytes(NioSocketChannel.java:350)
	at io.netty.channel.nio.AbstractNioByteChannel$NioByteUnsafe.read(AbstractNioByteChannel.java:151)
	at io.netty.channel.nio.NioEventLoop.processSelectedKey(NioEventLoop.java:722)
	at io.netty.channel.nio.NioEventLoop.processSelectedKeysOptimized(NioEventLoop.java:658)
	at io.netty.channel.nio.NioEventLoop.processSelectedKeys(NioEventLoop.java:584)
	at io.netty.channel.nio.NioEventLoop.run(NioEventLoop.java:496)
	at io.netty.util.concurrent.SingleThreadEventExecutor$4.run(SingleThreadEventExecutor.java:986)
	at io.netty.util.internal.ThreadExecutorMap$2.run(ThreadExecutorMap.java:74)
	at io.netty.util.concurrent.FastThreadLocalRunnable.run(FastThreadLocalRunnable.java:30)
	at java.lang.Thread.run(Thread.java:750)
12:15:49.063 [AsyncHttpClient-1-9] DEBUG org.asynchttpclient.netty.channel.ChannelManager - Closing Channel [id: 0x433b6b99, L:/127.0.0.1:62541 - R:localhost/127.0.0.1:62535] 
12:15:49.063 [AsyncHttpClient-1-9] DEBUG org.asynchttpclient.netty.handler.HttpHandler - Channel Closed: [id: 0x433b6b99, L:/127.0.0.1:62541 ! R:localhost/127.0.0.1:62535] with attribute DISCARD
12:15:49.071 [AsyncHttpClient-1-8] DEBUG org.asynchttpclient.netty.handler.HttpHandler - 

Request DefaultFullHttpRequest(decodeResult: success, version: HTTP/1.1, content: EmptyByteBufBE)
DELETE /session/171a66babdce879b0d445a25d40f192a HTTP/1.1
User-Agent: selenium/4.1.2 (java windows)
Content-Type: application/json; charset=utf-8
host: localhost:50304
accept: */*

Response DefaultHttpResponse(decodeResult: success, version: HTTP/1.1)
HTTP/1.1 200 OK
Content-Type: application/json; charset=utf-8
cache-control: no-cache
content-length: 14

12:15:49.072 [AsyncHttpClient-1-8] DEBUG org.asynchttpclient.netty.channel.ChannelManager - Adding key: http://localhost:50304 for channel [id: 0x8ad79243, L:/127.0.0.1:62534 - R:localhost/127.0.0.1:50304]
12:15:49.121 [AsyncHttpClient-1-8] DEBUG org.asynchttpclient.netty.handler.HttpHandler - Channel Closed: [id: 0x8ad79243, L:/127.0.0.1:62534 ! R:localhost/127.0.0.1:50304] with attribute DISCARD
12:15:49.623 [AsyncHttpClient-1-1] DEBUG org.asynchttpclient.netty.channel.DefaultChannelPool - Entry count for : http://localhost:50304 : 1
12:15:49.623 [AsyncHttpClient-1-1] DEBUG org.asynchttpclient.netty.channel.DefaultChannelPool - Entry count for : http://localhost:62535 : 1
12:15:49.623 [AsyncHttpClient-1-1] DEBUG org.asynchttpclient.netty.channel.DefaultChannelPool - Adding Candidate expired Channel [id: 0x8ad79243, L:/127.0.0.1:62534 ! R:localhost/127.0.0.1:50304] isIdleTimeoutExpired=false isRemotelyClosed=true isTtlExpired=false
12:15:49.623 [AsyncHttpClient-1-1] DEBUG org.asynchttpclient.netty.channel.DefaultChannelPool - Closing Idle Channel [id: 0x8ad79243, L:/127.0.0.1:62534 ! R:localhost/127.0.0.1:50304]
12:15:49.623 [AsyncHttpClient-1-1] DEBUG org.asynchttpclient.netty.channel.DefaultChannelPool - Adding Candidate expired Channel [id: 0x433b6b99, L:/127.0.0.1:62541 ! R:localhost/127.0.0.1:62535] isIdleTimeoutExpired=false isRemotelyClosed=true isTtlExpired=false
12:15:49.623 [AsyncHttpClient-1-1] DEBUG org.asynchttpclient.netty.channel.DefaultChannelPool - Closing Idle Channel [id: 0x433b6b99, L:/127.0.0.1:62541 ! R:localhost/127.0.0.1:62535]
12:15:49.623 [AsyncHttpClient-1-1] DEBUG org.asynchttpclient.netty.channel.DefaultChannelPool - Closed 2 connections out of 2 in 0 ms
]]></system-out>
    <system-err><![CDATA[Starting ChromeDriver 103.0.5060.134 (8ec6fce403b3feb0869b0732eda8bd95011d333c-refs/branch-heads/5060@{#1262}) on port 50304
Only local connections are allowed.
Please see https://chromedriver.chromium.org/security-considerations for suggestions on keeping ChromeDriver safe.
ChromeDriver was started successfully.
Jul 21, 2022 12:15:48 PM org.openqa.selenium.remote.ProtocolHandshake createSession
INFO: Detected dialect: W3C
Jul 21, 2022 12:15:48 PM org.openqa.selenium.devtools.CdpVersionFinder findNearestMatch
WARNING: Unable to find an exact match for CDP version 103, so returning the closest version found: a no-op implementation
Jul 21, 2022 12:15:48 PM org.openqa.selenium.devtools.CdpVersionFinder findNearestMatch
INFO: Unable to find CDP implementation matching 103.
Jul 21, 2022 12:15:48 PM org.openqa.selenium.chromium.ChromiumDriver lambda$new$3
WARNING: Unable to find version of CDP to use for . You may need to include a dependency on a specific version of the CDP using something similar to `org.seleniumhq.selenium:selenium-devtools-v86:4.1.2` where the version ("v86") matches the version of the chromium-based browser you're using and the version number of the artifact is the same as Selenium's.
]]></system-err>
  </testcase>
  <testcase name="As Admin, I have be able the manage user page" classname="ManageUser" time="2.393">
    <system-out><![CDATA[12:15:49.639 [main] INFO io.cucumber.core.plugin.SerenityReporter - Running feature from file:///C:/Users/HP/IdeaProjects/Capstone_GYMweb/src/test/resources/features/TC03_ManageUser.feature
12:15:49.639 [main] DEBUG net.thucydides.core.steps.StepEventBus - Test suite started for story net.thucydides.core.model.Story@4f3be5f5
12:15:49.639 [main] INFO  - Test Suite Started: Manage user

Scenario: As Admin, I have be able the manage user page &amp#27;[90m# src/test/resources/features/TC03_ManageUser.feature:6&amp#27;[0m
12:15:49.639 [main] INFO io.cucumber.core.plugin.SerenityReporter - Running feature from file:///C:/Users/HP/IdeaProjects/Capstone_GYMweb/src/test/resources/features/TC03_ManageUser.feature
12:15:49.639 [main] INFO  - 
  _____   ___   ___   _____     ___   _____     _     ___   _____   ___   ___  
 |_   _| | __| / __| |_   _|   / __| |_   _|   /_\   | _ \ |_   _| | __| |   \ 
   | |   | _|  \__ \   | |     \__ \   | |    / _ \  |   /   | |   | _|  | |) |
   |_|   |___| |___/   |_|     |___/   |_|   /_/ \_\ |_|_\   |_|   |___| |___/ 

As Admin, I have be able the manage user page(manageuser;as-admin--i-have-be-able-the-manage-user-page)
--------------------------------------------------------------------------------
12:15:49.655 [main] DEBUG net.thucydides.core.steps.StepInterceptor - STARTING STEP: ManageUserScenarioSteps.onTheWebsite - openPage
12:15:49.655 [main] INFO net.serenitybdd.core.webdriver.driverproviders.ChromeDriverProvider - Using automatically driver download
12:15:49.717 [main] DEBUG io.github.bonigarcia.wdm.cache.ResolutionCache - Resolution chrome=103 in cache (valid until 12:40:12 21/07/2022 ICT)
12:15:49.733 [main] DEBUG io.github.bonigarcia.wdm.cache.ResolutionCache - Resolution chrome103=103.0.5060.134 in cache (valid until 09:24:50 22/07/2022 ICT)
12:15:49.733 [main] INFO io.github.bonigarcia.wdm.WebDriverManager - Using chromedriver 103.0.5060.134 (resolved driver for Chrome 103)
12:15:49.733 [main] DEBUG io.github.bonigarcia.wdm.WebDriverManager - Driver chromedriver 103.0.5060.134 found in cache
12:15:49.733 [main] INFO io.github.bonigarcia.wdm.WebDriverManager - Exporting webdriver.chrome.driver as C:\Users\HP\.cache\selenium\chromedriver\win32\103.0.5060.134\chromedriver.exe
12:15:49.811 [main] DEBUG net.serenitybdd.core.webdriver.driverproviders.ProvideNewDriver - Instantiating driver
12:15:49.811 [main] DEBUG net.serenitybdd.core.webdriver.driverproviders.ProvideNewDriver - Driver capabilities: Capabilities {acceptInsecureCerts: false, base.url: https://www.saucedemo.com/, browserName: chrome, chrome.driver: src/test/resources/webdrive..., driver: chrome, goog:chromeOptions: {args: [], extensions: []}}
12:15:50.355 [AsyncHttpClient-1-11] DEBUG org.asynchttpclient.netty.channel.NettyConnectListener - Using new Channel '[id: 0xcc8949ff, L:/127.0.0.1:62551 - R:localhost/127.0.0.1:56964]' for 'POST' to '/session'
12:15:50.815 [AsyncHttpClient-1-11] DEBUG org.asynchttpclient.netty.handler.HttpHandler - 

Request DefaultHttpRequest(decodeResult: success, version: HTTP/1.1)
POST /session HTTP/1.1
User-Agent: selenium/4.1.2 (java windows)
Content-Length: 612
Content-Type: application/json; charset=utf-8
host: localhost:56964
accept: */*

Response DefaultHttpResponse(decodeResult: success, version: HTTP/1.1)
HTTP/1.1 200 OK
Content-Type: application/json; charset=utf-8
cache-control: no-cache
content-length: 790

12:15:50.815 [AsyncHttpClient-1-11] DEBUG org.asynchttpclient.netty.channel.ChannelManager - Adding key: http://localhost:56964 for channel [id: 0xcc8949ff, L:/127.0.0.1:62551 - R:localhost/127.0.0.1:56964]
12:15:50.815 [AsyncHttpClient-1-12] DEBUG org.asynchttpclient.netty.channel.NettyConnectListener - Using new Channel '[id: 0x1c2d72a6, L:/127.0.0.1:62558 - R:localhost/127.0.0.1:62552]' for 'GET' to '/json/version'
12:15:50.815 [AsyncHttpClient-1-12] DEBUG org.asynchttpclient.netty.handler.HttpHandler - 

Request DefaultFullHttpRequest(decodeResult: success, version: HTTP/1.1, content: EmptyByteBufBE)
GET /json/version HTTP/1.1
User-Agent: selenium/4.1.2 (java windows)
host: localhost:62552
accept: */*

Response DefaultHttpResponse(decodeResult: success, version: HTTP/1.1)
HTTP/1.1 200 OK
Content-Type: application/json; charset=UTF-8
content-length: 429

12:15:50.815 [AsyncHttpClient-1-12] DEBUG org.asynchttpclient.netty.channel.ChannelManager - Adding key: http://localhost:62552 for channel [id: 0x1c2d72a6, L:/127.0.0.1:62558 - R:localhost/127.0.0.1:62552]
12:15:50.815 [AsyncHttpClient-1-13] DEBUG org.asynchttpclient.netty.channel.NettyConnectListener - Using new Channel '[id: 0x3dfc5964, L:/127.0.0.1:62559 - R:localhost/127.0.0.1:62552]' for 'GET' to '/devtools/browser/1d93e2f0-efb9-4dce-8c3b-72a218d5cbdc'
12:15:50.830 [AsyncHttpClient-1-13] DEBUG org.asynchttpclient.netty.handler.WebSocketHandler - 

Request DefaultFullHttpRequest(decodeResult: success, version: HTTP/1.1, content: EmptyByteBufBE)
GET /devtools/browser/1d93e2f0-efb9-4dce-8c3b-72a218d5cbdc HTTP/1.1
upgrade: websocket
connection: upgrade
sec-websocket-key: 1p26peRNq55jnB5E7rso2Q==
sec-websocket-version: 13
origin: http://localhost:62552
host: localhost:62552
accept: */*
user-agent: AHC/2.1

Response DefaultHttpResponse(decodeResult: success, version: HTTP/1.1)
HTTP/1.1 101 WebSocket Protocol Handshake
Upgrade: WebSocket
Connection: Upgrade
Sec-WebSocket-Accept: d11RO5iM+2Uq3mC8ym8PLCwadto=

12:15:50.830 [Forwarding get on session d2c73cce046887ed62b1b4dce0847b91 to remote] DEBUG org.asynchttpclient.netty.request.NettyRequestSender - Using pooled Channel '[id: 0xcc8949ff, L:/127.0.0.1:62551 - R:localhost/127.0.0.1:56964]' for 'POST' to 'http://localhost:56964/session/d2c73cce046887ed62b1b4dce0847b91/url'
12:15:50.830 [Forwarding get on session d2c73cce046887ed62b1b4dce0847b91 to remote] DEBUG org.asynchttpclient.netty.request.NettyRequestSender - Using open Channel [id: 0xcc8949ff, L:/127.0.0.1:62551 - R:localhost/127.0.0.1:56964] for POST '/session/d2c73cce046887ed62b1b4dce0847b91/url'
12:15:51.151 [AsyncHttpClient-1-11] DEBUG org.asynchttpclient.netty.handler.HttpHandler - 

Request DefaultHttpRequest(decodeResult: success, version: HTTP/1.1)
POST /session/d2c73cce046887ed62b1b4dce0847b91/url HTTP/1.1
User-Agent: selenium/4.1.2 (java windows)
Content-Length: 78
Content-Type: application/json; charset=utf-8
host: localhost:56964
accept: */*

Response DefaultHttpResponse(decodeResult: success, version: HTTP/1.1)
HTTP/1.1 200 OK
Content-Type: application/json; charset=utf-8
cache-control: no-cache
content-length: 14

12:15:51.152 [AsyncHttpClient-1-11] DEBUG org.asynchttpclient.netty.channel.ChannelManager - Adding key: http://localhost:56964 for channel [id: 0xcc8949ff, L:/127.0.0.1:62551 - R:localhost/127.0.0.1:56964]
12:15:51.153 [Forwarding setTimeout on session d2c73cce046887ed62b1b4dce0847b91 to remote] DEBUG org.asynchttpclient.netty.request.NettyRequestSender - Using pooled Channel '[id: 0xcc8949ff, L:/127.0.0.1:62551 - R:localhost/127.0.0.1:56964]' for 'POST' to 'http://localhost:56964/session/d2c73cce046887ed62b1b4dce0847b91/timeouts'
12:15:51.153 [Forwarding setTimeout on session d2c73cce046887ed62b1b4dce0847b91 to remote] DEBUG org.asynchttpclient.netty.request.NettyRequestSender - Using open Channel [id: 0xcc8949ff, L:/127.0.0.1:62551 - R:localhost/127.0.0.1:56964] for POST '/session/d2c73cce046887ed62b1b4dce0847b91/timeouts'
12:15:51.155 [AsyncHttpClient-1-11] DEBUG org.asynchttpclient.netty.handler.HttpHandler - 

Request DefaultHttpRequest(decodeResult: success, version: HTTP/1.1)
POST /session/d2c73cce046887ed62b1b4dce0847b91/timeouts HTTP/1.1
User-Agent: selenium/4.1.2 (java windows)
Content-Length: 22
Content-Type: application/json; charset=utf-8
host: localhost:56964
accept: */*

Response DefaultHttpResponse(decodeResult: success, version: HTTP/1.1)
HTTP/1.1 200 OK
Content-Type: application/json; charset=utf-8
cache-control: no-cache
content-length: 14

12:15:51.155 [AsyncHttpClient-1-11] DEBUG org.asynchttpclient.netty.channel.ChannelManager - Adding key: http://localhost:56964 for channel [id: 0xcc8949ff, L:/127.0.0.1:62551 - R:localhost/127.0.0.1:56964]
12:15:51.157 [Forwarding getCurrentUrl on session d2c73cce046887ed62b1b4dce0847b91 to remote] DEBUG org.asynchttpclient.netty.request.NettyRequestSender - Using pooled Channel '[id: 0xcc8949ff, L:/127.0.0.1:62551 - R:localhost/127.0.0.1:56964]' for 'GET' to 'http://localhost:56964/session/d2c73cce046887ed62b1b4dce0847b91/url'
12:15:51.157 [Forwarding getCurrentUrl on session d2c73cce046887ed62b1b4dce0847b91 to remote] DEBUG org.asynchttpclient.netty.request.NettyRequestSender - Using open Channel [id: 0xcc8949ff, L:/127.0.0.1:62551 - R:localhost/127.0.0.1:56964] for GET '/session/d2c73cce046887ed62b1b4dce0847b91/url'
12:15:51.162 [AsyncHttpClient-1-11] DEBUG org.asynchttpclient.netty.handler.HttpHandler - 

Request DefaultFullHttpRequest(decodeResult: success, version: HTTP/1.1, content: EmptyByteBufBE)
GET /session/d2c73cce046887ed62b1b4dce0847b91/url HTTP/1.1
User-Agent: selenium/4.1.2 (java windows)
Cache-Control: no-cache
Content-Type: application/json; charset=utf-8
host: localhost:56964
accept: */*

Response DefaultHttpResponse(decodeResult: success, version: HTTP/1.1)
HTTP/1.1 200 OK
Content-Type: application/json; charset=utf-8
cache-control: no-cache
content-length: 61

12:15:51.162 [AsyncHttpClient-1-11] DEBUG org.asynchttpclient.netty.channel.ChannelManager - Adding key: http://localhost:56964 for channel [id: 0xcc8949ff, L:/127.0.0.1:62551 - R:localhost/127.0.0.1:56964]
12:15:51.165 [main] DEBUG net.serenitybdd.core.photography.Darkroom - Opening darkroom
12:15:51.165 [Darkroom Processing Line] DEBUG net.serenitybdd.core.photography.DarkroomProcessingLine - Darkroom processing line starting up
12:15:51.165 [Forwarding screenshot on session d2c73cce046887ed62b1b4dce0847b91 to remote] DEBUG org.asynchttpclient.netty.request.NettyRequestSender - Using pooled Channel '[id: 0xcc8949ff, L:/127.0.0.1:62551 - R:localhost/127.0.0.1:56964]' for 'GET' to 'http://localhost:56964/session/d2c73cce046887ed62b1b4dce0847b91/screenshot'
12:15:51.165 [Forwarding screenshot on session d2c73cce046887ed62b1b4dce0847b91 to remote] DEBUG org.asynchttpclient.netty.request.NettyRequestSender - Using open Channel [id: 0xcc8949ff, L:/127.0.0.1:62551 - R:localhost/127.0.0.1:56964] for GET '/session/d2c73cce046887ed62b1b4dce0847b91/screenshot'
12:15:51.219 [AsyncHttpClient-1-11] DEBUG org.asynchttpclient.netty.handler.HttpHandler - 

Request DefaultFullHttpRequest(decodeResult: success, version: HTTP/1.1, content: EmptyByteBufBE)
GET /session/d2c73cce046887ed62b1b4dce0847b91/screenshot HTTP/1.1
User-Agent: selenium/4.1.2 (java windows)
Cache-Control: no-cache
Content-Type: application/json; charset=utf-8
host: localhost:56964
accept: */*

Response DefaultHttpResponse(decodeResult: success, version: HTTP/1.1)
HTTP/1.1 200 OK
Content-Type: application/json; charset=utf-8
cache-control: no-cache
content-length: 49332

12:15:51.219 [AsyncHttpClient-1-11] DEBUG org.asynchttpclient.netty.channel.ChannelManager - Adding key: http://localhost:56964 for channel [id: 0xcc8949ff, L:/127.0.0.1:62551 - R:localhost/127.0.0.1:56964]
12:15:51.235 [main] DEBUG net.serenitybdd.core.photography.Darkroom - Send negative for processing for target\site\serenity\9e8e68d9a65763409aff2db4eec0c04e09c73d895019de464ac0f57502b5f694.png
12:15:51.235 [main] DEBUG net.thucydides.core.steps.StepInterceptor - STEP DONE: openPage
  &amp#27;[32mGiven &amp#27;[0m&amp#27;[32mI am open the website&amp#27;[0m                           &amp#27;[90m# starter.stepdefinitions.ManageUserScenarioSteps.onTheWebsite()&amp#27;[0m
12:15:51.235 [Forwarding findElement on session d2c73cce046887ed62b1b4dce0847b91 to remote] DEBUG org.asynchttpclient.netty.request.NettyRequestSender - Using pooled Channel '[id: 0xcc8949ff, L:/127.0.0.1:62551 - R:localhost/127.0.0.1:56964]' for 'POST' to 'http://localhost:56964/session/d2c73cce046887ed62b1b4dce0847b91/element'
12:15:51.235 [Forwarding findElement on session d2c73cce046887ed62b1b4dce0847b91 to remote] DEBUG org.asynchttpclient.netty.request.NettyRequestSender - Using open Channel [id: 0xcc8949ff, L:/127.0.0.1:62551 - R:localhost/127.0.0.1:56964] for POST '/session/d2c73cce046887ed62b1b4dce0847b91/element'
12:15:51.235 [AsyncHttpClient-1-11] DEBUG org.asynchttpclient.netty.handler.HttpHandler - 

Request DefaultHttpRequest(decodeResult: success, version: HTTP/1.1)
POST /session/d2c73cce046887ed62b1b4dce0847b91/element HTTP/1.1
User-Agent: selenium/4.1.2 (java windows)
Content-Length: 131
Content-Type: application/json; charset=utf-8
host: localhost:56964
accept: */*

Response DefaultHttpResponse(decodeResult: success, version: HTTP/1.1)
HTTP/1.1 200 OK
Content-Type: application/json; charset=utf-8
cache-control: no-cache
content-length: 88

12:15:51.235 [AsyncHttpClient-1-11] DEBUG org.asynchttpclient.netty.channel.ChannelManager - Adding key: http://localhost:56964 for channel [id: 0xcc8949ff, L:/127.0.0.1:62551 - R:localhost/127.0.0.1:56964]
12:15:51.250 [Forwarding getElementTagName on session d2c73cce046887ed62b1b4dce0847b91 to remote] DEBUG org.asynchttpclient.netty.request.NettyRequestSender - Using pooled Channel '[id: 0xcc8949ff, L:/127.0.0.1:62551 - R:localhost/127.0.0.1:56964]' for 'GET' to 'http://localhost:56964/session/d2c73cce046887ed62b1b4dce0847b91/element/7c55fc26-9c64-4f23-8a5e-403a111a24bd/name'
12:15:51.250 [Forwarding getElementTagName on session d2c73cce046887ed62b1b4dce0847b91 to remote] DEBUG org.asynchttpclient.netty.request.NettyRequestSender - Using open Channel [id: 0xcc8949ff, L:/127.0.0.1:62551 - R:localhost/127.0.0.1:56964] for GET '/session/d2c73cce046887ed62b1b4dce0847b91/element/7c55fc26-9c64-4f23-8a5e-403a111a24bd/name'
12:15:51.250 [AsyncHttpClient-1-11] DEBUG org.asynchttpclient.netty.handler.HttpHandler - 

Request DefaultFullHttpRequest(decodeResult: success, version: HTTP/1.1, content: EmptyByteBufBE)
GET /session/d2c73cce046887ed62b1b4dce0847b91/element/7c55fc26-9c64-4f23-8a5e-403a111a24bd/name HTTP/1.1
User-Agent: selenium/4.1.2 (java windows)
Cache-Control: no-cache
Content-Type: application/json; charset=utf-8
host: localhost:56964
accept: */*

Response DefaultHttpResponse(decodeResult: success, version: HTTP/1.1)
HTTP/1.1 200 OK
Content-Type: application/json; charset=utf-8
cache-control: no-cache
content-length: 16

12:15:51.250 [AsyncHttpClient-1-11] DEBUG org.asynchttpclient.netty.channel.ChannelManager - Adding key: http://localhost:56964 for channel [id: 0xcc8949ff, L:/127.0.0.1:62551 - R:localhost/127.0.0.1:56964]
12:15:51.250 [Forwarding getElementTagName on session d2c73cce046887ed62b1b4dce0847b91 to remote] DEBUG org.asynchttpclient.netty.request.NettyRequestSender - Using pooled Channel '[id: 0xcc8949ff, L:/127.0.0.1:62551 - R:localhost/127.0.0.1:56964]' for 'GET' to 'http://localhost:56964/session/d2c73cce046887ed62b1b4dce0847b91/element/7c55fc26-9c64-4f23-8a5e-403a111a24bd/name'
12:15:51.250 [Forwarding getElementTagName on session d2c73cce046887ed62b1b4dce0847b91 to remote] DEBUG org.asynchttpclient.netty.request.NettyRequestSender - Using open Channel [id: 0xcc8949ff, L:/127.0.0.1:62551 - R:localhost/127.0.0.1:56964] for GET '/session/d2c73cce046887ed62b1b4dce0847b91/element/7c55fc26-9c64-4f23-8a5e-403a111a24bd/name'
12:15:51.250 [AsyncHttpClient-1-11] DEBUG org.asynchttpclient.netty.handler.HttpHandler - 

Request DefaultFullHttpRequest(decodeResult: success, version: HTTP/1.1, content: EmptyByteBufBE)
GET /session/d2c73cce046887ed62b1b4dce0847b91/element/7c55fc26-9c64-4f23-8a5e-403a111a24bd/name HTTP/1.1
User-Agent: selenium/4.1.2 (java windows)
Cache-Control: no-cache
Content-Type: application/json; charset=utf-8
host: localhost:56964
accept: */*

Response DefaultHttpResponse(decodeResult: success, version: HTTP/1.1)
HTTP/1.1 200 OK
Content-Type: application/json; charset=utf-8
cache-control: no-cache
content-length: 16

12:15:51.250 [AsyncHttpClient-1-11] DEBUG org.asynchttpclient.netty.channel.ChannelManager - Adding key: http://localhost:56964 for channel [id: 0xcc8949ff, L:/127.0.0.1:62551 - R:localhost/127.0.0.1:56964]
12:15:51.250 [Forwarding findElement on session d2c73cce046887ed62b1b4dce0847b91 to remote] DEBUG org.asynchttpclient.netty.request.NettyRequestSender - Using pooled Channel '[id: 0xcc8949ff, L:/127.0.0.1:62551 - R:localhost/127.0.0.1:56964]' for 'POST' to 'http://localhost:56964/session/d2c73cce046887ed62b1b4dce0847b91/element'
12:15:51.250 [Forwarding findElement on session d2c73cce046887ed62b1b4dce0847b91 to remote] DEBUG org.asynchttpclient.netty.request.NettyRequestSender - Using open Channel [id: 0xcc8949ff, L:/127.0.0.1:62551 - R:localhost/127.0.0.1:56964] for POST '/session/d2c73cce046887ed62b1b4dce0847b91/element'
12:15:51.250 [AsyncHttpClient-1-11] DEBUG org.asynchttpclient.netty.handler.HttpHandler - 

Request DefaultHttpRequest(decodeResult: success, version: HTTP/1.1)
POST /session/d2c73cce046887ed62b1b4dce0847b91/element HTTP/1.1
User-Agent: selenium/4.1.2 (java windows)
Content-Length: 131
Content-Type: application/json; charset=utf-8
host: localhost:56964
accept: */*

Response DefaultHttpResponse(decodeResult: success, version: HTTP/1.1)
HTTP/1.1 200 OK
Content-Type: application/json; charset=utf-8
cache-control: no-cache
content-length: 88

12:15:51.250 [AsyncHttpClient-1-11] DEBUG org.asynchttpclient.netty.channel.ChannelManager - Adding key: http://localhost:56964 for channel [id: 0xcc8949ff, L:/127.0.0.1:62551 - R:localhost/127.0.0.1:56964]
12:15:51.250 [Forwarding clickElement on session d2c73cce046887ed62b1b4dce0847b91 to remote] DEBUG org.asynchttpclient.netty.request.NettyRequestSender - Using pooled Channel '[id: 0xcc8949ff, L:/127.0.0.1:62551 - R:localhost/127.0.0.1:56964]' for 'POST' to 'http://localhost:56964/session/d2c73cce046887ed62b1b4dce0847b91/element/7c55fc26-9c64-4f23-8a5e-403a111a24bd/click'
12:15:51.250 [Forwarding clickElement on session d2c73cce046887ed62b1b4dce0847b91 to remote] DEBUG org.asynchttpclient.netty.request.NettyRequestSender - Using open Channel [id: 0xcc8949ff, L:/127.0.0.1:62551 - R:localhost/127.0.0.1:56964] for POST '/session/d2c73cce046887ed62b1b4dce0847b91/element/7c55fc26-9c64-4f23-8a5e-403a111a24bd/click'
12:15:51.302 [AsyncHttpClient-1-11] DEBUG org.asynchttpclient.netty.handler.HttpHandler - 

Request DefaultHttpRequest(decodeResult: success, version: HTTP/1.1)
POST /session/d2c73cce046887ed62b1b4dce0847b91/element/7c55fc26-9c64-4f23-8a5e-403a111a24bd/click HTTP/1.1
User-Agent: selenium/4.1.2 (java windows)
Content-Length: 50
Content-Type: application/json; charset=utf-8
host: localhost:56964
accept: */*

Response DefaultHttpResponse(decodeResult: success, version: HTTP/1.1)
HTTP/1.1 200 OK
Content-Type: application/json; charset=utf-8
cache-control: no-cache
content-length: 14

12:15:51.303 [AsyncHttpClient-1-11] DEBUG org.asynchttpclient.netty.channel.ChannelManager - Adding key: http://localhost:56964 for channel [id: 0xcc8949ff, L:/127.0.0.1:62551 - R:localhost/127.0.0.1:56964]
  &amp#27;[32mWhen &amp#27;[0m&amp#27;[32mI click manage user button&amp#27;[0m                       &amp#27;[90m# starter.stepdefinitions.ManageUserScenarioSteps.clickMngUserBtn()&amp#27;[0m
12:15:51.306 [Forwarding screenshot on session d2c73cce046887ed62b1b4dce0847b91 to remote] DEBUG org.asynchttpclient.netty.request.NettyRequestSender - Using pooled Channel '[id: 0xcc8949ff, L:/127.0.0.1:62551 - R:localhost/127.0.0.1:56964]' for 'GET' to 'http://localhost:56964/session/d2c73cce046887ed62b1b4dce0847b91/screenshot'
12:15:51.306 [Forwarding screenshot on session d2c73cce046887ed62b1b4dce0847b91 to remote] DEBUG org.asynchttpclient.netty.request.NettyRequestSender - Using open Channel [id: 0xcc8949ff, L:/127.0.0.1:62551 - R:localhost/127.0.0.1:56964] for GET '/session/d2c73cce046887ed62b1b4dce0847b91/screenshot'
12:15:51.393 [AsyncHttpClient-1-11] DEBUG org.asynchttpclient.netty.handler.HttpHandler - 

Request DefaultFullHttpRequest(decodeResult: success, version: HTTP/1.1, content: EmptyByteBufBE)
GET /session/d2c73cce046887ed62b1b4dce0847b91/screenshot HTTP/1.1
User-Agent: selenium/4.1.2 (java windows)
Cache-Control: no-cache
Content-Type: application/json; charset=utf-8
host: localhost:56964
accept: */*

Response DefaultHttpResponse(decodeResult: success, version: HTTP/1.1)
HTTP/1.1 200 OK
Content-Type: application/json; charset=utf-8
cache-control: no-cache
content-length: 103824

12:15:51.394 [AsyncHttpClient-1-11] DEBUG org.asynchttpclient.netty.channel.ChannelManager - Adding key: http://localhost:56964 for channel [id: 0xcc8949ff, L:/127.0.0.1:62551 - R:localhost/127.0.0.1:56964]
12:15:51.397 [main] DEBUG net.serenitybdd.core.photography.Darkroom - Send negative for processing for target\site\serenity\be4f08d1a8f5a3e5f6bcbc71b0af92df272b718a905c94d07e9c5eb7d11d5fe9.png
12:15:51.397 [Darkroom Processing Line] DEBUG net.serenitybdd.core.photography.DarkroomProcessingLine - Processing screenshot image in /var/screenshots/screenshot-5331254699570030020
12:15:51.397 [Darkroom Processing Line] DEBUG net.serenitybdd.core.photography.DarkroomProcessingLine - Saving screenshot to target\site\serenity\be4f08d1a8f5a3e5f6bcbc71b0af92df272b718a905c94d07e9c5eb7d11d5fe9.png
12:15:51.401 [Forwarding findElement on session d2c73cce046887ed62b1b4dce0847b91 to remote] DEBUG org.asynchttpclient.netty.request.NettyRequestSender - Using pooled Channel '[id: 0xcc8949ff, L:/127.0.0.1:62551 - R:localhost/127.0.0.1:56964]' for 'POST' to 'http://localhost:56964/session/d2c73cce046887ed62b1b4dce0847b91/element'
12:15:51.401 [Forwarding findElement on session d2c73cce046887ed62b1b4dce0847b91 to remote] DEBUG org.asynchttpclient.netty.request.NettyRequestSender - Using open Channel [id: 0xcc8949ff, L:/127.0.0.1:62551 - R:localhost/127.0.0.1:56964] for POST '/session/d2c73cce046887ed62b1b4dce0847b91/element'
12:15:51.408 [AsyncHttpClient-1-11] DEBUG org.asynchttpclient.netty.handler.HttpHandler - 

Request DefaultHttpRequest(decodeResult: success, version: HTTP/1.1)
POST /session/d2c73cce046887ed62b1b4dce0847b91/element HTTP/1.1
User-Agent: selenium/4.1.2 (java windows)
Content-Length: 123
Content-Type: application/json; charset=utf-8
host: localhost:56964
accept: */*

Response DefaultHttpResponse(decodeResult: success, version: HTTP/1.1)
HTTP/1.1 200 OK
Content-Type: application/json; charset=utf-8
cache-control: no-cache
content-length: 88

12:15:51.409 [AsyncHttpClient-1-11] DEBUG org.asynchttpclient.netty.channel.ChannelManager - Adding key: http://localhost:56964 for channel [id: 0xcc8949ff, L:/127.0.0.1:62551 - R:localhost/127.0.0.1:56964]
12:15:51.411 [Forwarding isElementDisplayed on session d2c73cce046887ed62b1b4dce0847b91 to remote] DEBUG org.asynchttpclient.netty.request.NettyRequestSender - Using pooled Channel '[id: 0xcc8949ff, L:/127.0.0.1:62551 - R:localhost/127.0.0.1:56964]' for 'POST' to 'http://localhost:56964/session/d2c73cce046887ed62b1b4dce0847b91/execute/sync'
12:15:51.411 [Forwarding isElementDisplayed on session d2c73cce046887ed62b1b4dce0847b91 to remote] DEBUG org.asynchttpclient.netty.request.NettyRequestSender - Using open Channel [id: 0xcc8949ff, L:/127.0.0.1:62551 - R:localhost/127.0.0.1:56964] for POST '/session/d2c73cce046887ed62b1b4dce0847b91/execute/sync'
12:15:51.413 [AsyncHttpClient-1-11] DEBUG org.asynchttpclient.netty.handler.HttpHandler - 

Request DefaultHttpRequest(decodeResult: success, version: HTTP/1.1)
POST /session/d2c73cce046887ed62b1b4dce0847b91/execute/sync HTTP/1.1
User-Agent: selenium/4.1.2 (java windows)
Content-Length: 48780
Content-Type: application/json; charset=utf-8
host: localhost:56964
accept: */*

Response DefaultHttpResponse(decodeResult: success, version: HTTP/1.1)
HTTP/1.1 200 OK
Content-Type: application/json; charset=utf-8
cache-control: no-cache
content-length: 14

12:15:51.413 [AsyncHttpClient-1-11] DEBUG org.asynchttpclient.netty.channel.ChannelManager - Adding key: http://localhost:56964 for channel [id: 0xcc8949ff, L:/127.0.0.1:62551 - R:localhost/127.0.0.1:56964]
12:15:51.413 [Forwarding findElement on session d2c73cce046887ed62b1b4dce0847b91 to remote] DEBUG org.asynchttpclient.netty.request.NettyRequestSender - Using pooled Channel '[id: 0xcc8949ff, L:/127.0.0.1:62551 - R:localhost/127.0.0.1:56964]' for 'POST' to 'http://localhost:56964/session/d2c73cce046887ed62b1b4dce0847b91/element'
12:15:51.413 [Forwarding findElement on session d2c73cce046887ed62b1b4dce0847b91 to remote] DEBUG org.asynchttpclient.netty.request.NettyRequestSender - Using open Channel [id: 0xcc8949ff, L:/127.0.0.1:62551 - R:localhost/127.0.0.1:56964] for POST '/session/d2c73cce046887ed62b1b4dce0847b91/element'
12:15:51.413 [AsyncHttpClient-1-11] DEBUG org.asynchttpclient.netty.handler.HttpHandler - 

Request DefaultHttpRequest(decodeResult: success, version: HTTP/1.1)
POST /session/d2c73cce046887ed62b1b4dce0847b91/element HTTP/1.1
User-Agent: selenium/4.1.2 (java windows)
Content-Length: 131
Content-Type: application/json; charset=utf-8
host: localhost:56964
accept: */*

Response DefaultHttpResponse(decodeResult: success, version: HTTP/1.1)
HTTP/1.1 200 OK
Content-Type: application/json; charset=utf-8
cache-control: no-cache
content-length: 88

12:15:51.429 [AsyncHttpClient-1-11] DEBUG org.asynchttpclient.netty.channel.ChannelManager - Adding key: http://localhost:56964 for channel [id: 0xcc8949ff, L:/127.0.0.1:62551 - R:localhost/127.0.0.1:56964]
12:15:51.429 [Forwarding isElementDisplayed on session d2c73cce046887ed62b1b4dce0847b91 to remote] DEBUG org.asynchttpclient.netty.request.NettyRequestSender - Using pooled Channel '[id: 0xcc8949ff, L:/127.0.0.1:62551 - R:localhost/127.0.0.1:56964]' for 'POST' to 'http://localhost:56964/session/d2c73cce046887ed62b1b4dce0847b91/execute/sync'
12:15:51.429 [Forwarding isElementDisplayed on session d2c73cce046887ed62b1b4dce0847b91 to remote] DEBUG org.asynchttpclient.netty.request.NettyRequestSender - Using open Channel [id: 0xcc8949ff, L:/127.0.0.1:62551 - R:localhost/127.0.0.1:56964] for POST '/session/d2c73cce046887ed62b1b4dce0847b91/execute/sync'
12:15:51.429 [AsyncHttpClient-1-11] DEBUG org.asynchttpclient.netty.handler.HttpHandler - 

Request DefaultHttpRequest(decodeResult: success, version: HTTP/1.1)
POST /session/d2c73cce046887ed62b1b4dce0847b91/execute/sync HTTP/1.1
User-Agent: selenium/4.1.2 (java windows)
Content-Length: 48780
Content-Type: application/json; charset=utf-8
host: localhost:56964
accept: */*

Response DefaultHttpResponse(decodeResult: success, version: HTTP/1.1)
HTTP/1.1 200 OK
Content-Type: application/json; charset=utf-8
cache-control: no-cache
content-length: 14

12:15:51.429 [AsyncHttpClient-1-11] DEBUG org.asynchttpclient.netty.channel.ChannelManager - Adding key: http://localhost:56964 for channel [id: 0xcc8949ff, L:/127.0.0.1:62551 - R:localhost/127.0.0.1:56964]
  &amp#27;[32mThen &amp#27;[0m&amp#27;[32mi see user information&amp#27;[0m                           &amp#27;[90m# starter.stepdefinitions.ManageUserScenarioSteps.seeUserInformation()&amp#27;[0m
12:15:51.429 [main] INFO  - 
  _____   ___   ___   _____     ___     _     ___   ___   ___   ___  
 |_   _| | __| / __| |_   _|   | _ \   /_\   / __| / __| | __| |   \ 
   | |   | _|  \__ \   | |     |  _/  / _ \  \__ \ \__ \ | _|  | |) |
   |_|   |___| |___/   |_|     |_|   /_/ \_\ |___/ |___/ |___| |___/ 

As Admin, I have be able the manage user page
----------------------------------------------------------------------
12:15:51.429 [AsyncHttpClient-1-13] DEBUG org.asynchttpclient.netty.handler.WebSocketHandler - Channel Closed: [id: 0x3dfc5964, L:/127.0.0.1:62559 ! R:localhost/127.0.0.1:62552] with attribute NettyResponseFuture{currentRetry=5,
	isDone=1,
	isCancelled=0,
	asyncHandler=org.asynchttpclient.ws.WebSocketUpgradeHandler@2184f7ca,
	nettyRequest=org.asynchttpclient.netty.request.NettyRequest@64867d9e,
	future=java.util.concurrent.CompletableFuture@2b50a4f8[Completed normally],
	uri=ws://localhost:62552/devtools/browser/1d93e2f0-efb9-4dce-8c3b-72a218d5cbdc,
	keepAlive=true,
	redirectCount=0,
	timeoutsHolder=null,
	inAuth=0,
	touch=1658380550830}
12:15:51.429 [AsyncHttpClient-1-13] DEBUG org.asynchttpclient.netty.channel.ChannelManager - Closing Channel [id: 0x3dfc5964, L:/127.0.0.1:62559 ! R:localhost/127.0.0.1:62552] 
12:15:51.429 [Driver Command Executor] DEBUG org.asynchttpclient.netty.request.NettyRequestSender - Using pooled Channel '[id: 0xcc8949ff, L:/127.0.0.1:62551 - R:localhost/127.0.0.1:56964]' for 'DELETE' to 'http://localhost:56964/session/d2c73cce046887ed62b1b4dce0847b91'
12:15:51.429 [Driver Command Executor] DEBUG org.asynchttpclient.netty.request.NettyRequestSender - Using open Channel [id: 0xcc8949ff, L:/127.0.0.1:62551 - R:localhost/127.0.0.1:56964] for DELETE '/session/d2c73cce046887ed62b1b4dce0847b91'
12:15:51.459 [AsyncHttpClient-1-12] DEBUG org.asynchttpclient.netty.handler.HttpHandler - Unexpected I/O exception on channel [id: 0x1c2d72a6, L:/127.0.0.1:62558 - R:localhost/127.0.0.1:62552]
java.io.IOException: An existing connection was forcibly closed by the remote host
	at sun.nio.ch.SocketDispatcher.read0(Native Method)
	at sun.nio.ch.SocketDispatcher.read(SocketDispatcher.java:43)
	at sun.nio.ch.IOUtil.readIntoNativeBuffer(IOUtil.java:223)
	at sun.nio.ch.IOUtil.read(IOUtil.java:192)
	at sun.nio.ch.SocketChannelImpl.read(SocketChannelImpl.java:378)
	at io.netty.buffer.PooledByteBuf.setBytes(PooledByteBuf.java:258)
	at io.netty.buffer.AbstractByteBuf.writeBytes(AbstractByteBuf.java:1132)
	at io.netty.channel.socket.nio.NioSocketChannel.doReadBytes(NioSocketChannel.java:350)
	at io.netty.channel.nio.AbstractNioByteChannel$NioByteUnsafe.read(AbstractNioByteChannel.java:151)
	at io.netty.channel.nio.NioEventLoop.processSelectedKey(NioEventLoop.java:722)
	at io.netty.channel.nio.NioEventLoop.processSelectedKeysOptimized(NioEventLoop.java:658)
	at io.netty.channel.nio.NioEventLoop.processSelectedKeys(NioEventLoop.java:584)
	at io.netty.channel.nio.NioEventLoop.run(NioEventLoop.java:496)
	at io.netty.util.concurrent.SingleThreadEventExecutor$4.run(SingleThreadEventExecutor.java:986)
	at io.netty.util.internal.ThreadExecutorMap$2.run(ThreadExecutorMap.java:74)
	at io.netty.util.concurrent.FastThreadLocalRunnable.run(FastThreadLocalRunnable.java:30)
	at java.lang.Thread.run(Thread.java:750)
12:15:51.459 [AsyncHttpClient-1-12] DEBUG org.asynchttpclient.netty.channel.ChannelManager - Closing Channel [id: 0x1c2d72a6, L:/127.0.0.1:62558 - R:localhost/127.0.0.1:62552] 
12:15:51.459 [AsyncHttpClient-1-12] DEBUG org.asynchttpclient.netty.handler.HttpHandler - Channel Closed: [id: 0x1c2d72a6, L:/127.0.0.1:62558 ! R:localhost/127.0.0.1:62552] with attribute DISCARD
12:15:51.467 [AsyncHttpClient-1-11] DEBUG org.asynchttpclient.netty.handler.HttpHandler - 

Request DefaultFullHttpRequest(decodeResult: success, version: HTTP/1.1, content: EmptyByteBufBE)
DELETE /session/d2c73cce046887ed62b1b4dce0847b91 HTTP/1.1
User-Agent: selenium/4.1.2 (java windows)
Content-Type: application/json; charset=utf-8
host: localhost:56964
accept: */*

Response DefaultHttpResponse(decodeResult: success, version: HTTP/1.1)
HTTP/1.1 200 OK
Content-Type: application/json; charset=utf-8
cache-control: no-cache
content-length: 14

12:15:51.467 [AsyncHttpClient-1-11] DEBUG org.asynchttpclient.netty.channel.ChannelManager - Adding key: http://localhost:56964 for channel [id: 0xcc8949ff, L:/127.0.0.1:62551 - R:localhost/127.0.0.1:56964]
12:15:51.514 [AsyncHttpClient-1-11] DEBUG org.asynchttpclient.netty.handler.HttpHandler - Channel Closed: [id: 0xcc8949ff, L:/127.0.0.1:62551 ! R:localhost/127.0.0.1:56964] with attribute DISCARD
12:15:51.824 [AsyncHttpClient-1-1] DEBUG org.asynchttpclient.netty.channel.DefaultChannelPool - Entry count for : http://localhost:62552 : 1
12:15:51.824 [AsyncHttpClient-1-1] DEBUG org.asynchttpclient.netty.channel.DefaultChannelPool - Entry count for : http://localhost:56964 : 1
12:15:51.824 [AsyncHttpClient-1-1] DEBUG org.asynchttpclient.netty.channel.DefaultChannelPool - Adding Candidate expired Channel [id: 0x1c2d72a6, L:/127.0.0.1:62558 ! R:localhost/127.0.0.1:62552] isIdleTimeoutExpired=false isRemotelyClosed=true isTtlExpired=false
12:15:51.824 [AsyncHttpClient-1-1] DEBUG org.asynchttpclient.netty.channel.DefaultChannelPool - Closing Idle Channel [id: 0x1c2d72a6, L:/127.0.0.1:62558 ! R:localhost/127.0.0.1:62552]
12:15:51.824 [AsyncHttpClient-1-1] DEBUG org.asynchttpclient.netty.channel.DefaultChannelPool - Adding Candidate expired Channel [id: 0xcc8949ff, L:/127.0.0.1:62551 ! R:localhost/127.0.0.1:56964] isIdleTimeoutExpired=false isRemotelyClosed=true isTtlExpired=false
12:15:51.824 [AsyncHttpClient-1-1] DEBUG org.asynchttpclient.netty.channel.DefaultChannelPool - Closing Idle Channel [id: 0xcc8949ff, L:/127.0.0.1:62551 ! R:localhost/127.0.0.1:56964]
12:15:51.824 [AsyncHttpClient-1-1] DEBUG org.asynchttpclient.netty.channel.DefaultChannelPool - Closed 2 connections out of 2 in 0 ms
]]></system-out>
    <system-err><![CDATA[Starting ChromeDriver 103.0.5060.134 (8ec6fce403b3feb0869b0732eda8bd95011d333c-refs/branch-heads/5060@{#1262}) on port 56964
Only local connections are allowed.
Please see https://chromedriver.chromium.org/security-considerations for suggestions on keeping ChromeDriver safe.
ChromeDriver was started successfully.
Jul 21, 2022 12:15:50 PM org.openqa.selenium.remote.ProtocolHandshake createSession
INFO: Detected dialect: W3C
Jul 21, 2022 12:15:50 PM org.openqa.selenium.devtools.CdpVersionFinder findNearestMatch
WARNING: Unable to find an exact match for CDP version 103, so returning the closest version found: a no-op implementation
Jul 21, 2022 12:15:50 PM org.openqa.selenium.devtools.CdpVersionFinder findNearestMatch
INFO: Unable to find CDP implementation matching 103.
Jul 21, 2022 12:15:50 PM org.openqa.selenium.chromium.ChromiumDriver lambda$new$3
WARNING: Unable to find version of CDP to use for . You may need to include a dependency on a specific version of the CDP using something similar to `org.seleniumhq.selenium:selenium-devtools-v86:4.1.2` where the version ("v86") matches the version of the chromium-based browser you're using and the version number of the artifact is the same as Selenium's.
]]></system-err>
  </testcase>
  <testcase name="As Admin, I have be able the manage user page" classname="MembershipUser" time="2.617">
    <system-out><![CDATA[12:15:52.032 [main] INFO io.cucumber.core.plugin.SerenityReporter - Running feature from file:///C:/Users/HP/IdeaProjects/Capstone_GYMweb/src/test/resources/features/TC04_Membership.feature
12:15:52.032 [main] DEBUG net.thucydides.core.steps.StepEventBus - Test suite started for story net.thucydides.core.model.Story@1dd80f89
12:15:52.032 [main] INFO  - Test Suite Started: Membership user

Scenario: As Admin, I have be able the manage user page &amp#27;[90m# src/test/resources/features/TC04_Membership.feature:6&amp#27;[0m
12:15:52.032 [main] INFO io.cucumber.core.plugin.SerenityReporter - Running feature from file:///C:/Users/HP/IdeaProjects/Capstone_GYMweb/src/test/resources/features/TC04_Membership.feature
12:15:52.032 [main] INFO  - 
  _____   ___   ___   _____     ___   _____     _     ___   _____   ___   ___  
 |_   _| | __| / __| |_   _|   / __| |_   _|   /_\   | _ \ |_   _| | __| |   \ 
   | |   | _|  \__ \   | |     \__ \   | |    / _ \  |   /   | |   | _|  | |) |
   |_|   |___| |___/   |_|     |___/   |_|   /_/ \_\ |_|_\   |_|   |___| |___/ 

As Admin, I have be able the manage user page(membershipuser;as-admin--i-have-be-able-the-manage-user-page)
--------------------------------------------------------------------------------
12:15:52.048 [main] DEBUG net.thucydides.core.steps.StepInterceptor - STARTING STEP: MembershipScenarioSteps.onTheDashboard - openPage
12:15:52.048 [main] INFO net.serenitybdd.core.webdriver.driverproviders.ChromeDriverProvider - Using automatically driver download
12:15:52.110 [main] DEBUG io.github.bonigarcia.wdm.cache.ResolutionCache - Resolution chrome=103 in cache (valid until 12:40:12 21/07/2022 ICT)
12:15:52.110 [main] DEBUG io.github.bonigarcia.wdm.cache.ResolutionCache - Resolution chrome103=103.0.5060.134 in cache (valid until 09:24:50 22/07/2022 ICT)
12:15:52.110 [main] INFO io.github.bonigarcia.wdm.WebDriverManager - Using chromedriver 103.0.5060.134 (resolved driver for Chrome 103)
12:15:52.126 [main] DEBUG io.github.bonigarcia.wdm.WebDriverManager - Driver chromedriver 103.0.5060.134 found in cache
12:15:52.126 [main] INFO io.github.bonigarcia.wdm.WebDriverManager - Exporting webdriver.chrome.driver as C:\Users\HP\.cache\selenium\chromedriver\win32\103.0.5060.134\chromedriver.exe
12:15:52.204 [main] DEBUG net.serenitybdd.core.webdriver.driverproviders.ProvideNewDriver - Instantiating driver
12:15:52.204 [main] DEBUG net.serenitybdd.core.webdriver.driverproviders.ProvideNewDriver - Driver capabilities: Capabilities {acceptInsecureCerts: false, base.url: https://www.saucedemo.com/, browserName: chrome, chrome.driver: src/test/resources/webdrive..., driver: chrome, goog:chromeOptions: {args: [], extensions: []}}
12:15:52.755 [AsyncHttpClient-1-14] DEBUG org.asynchttpclient.netty.channel.NettyConnectListener - Using new Channel '[id: 0x2fcf3d0e, L:/127.0.0.1:62568 - R:localhost/127.0.0.1:52362]' for 'POST' to '/session'
12:15:53.214 [AsyncHttpClient-1-14] DEBUG org.asynchttpclient.netty.handler.HttpHandler - 

Request DefaultHttpRequest(decodeResult: success, version: HTTP/1.1)
POST /session HTTP/1.1
User-Agent: selenium/4.1.2 (java windows)
Content-Length: 612
Content-Type: application/json; charset=utf-8
host: localhost:52362
accept: */*

Response DefaultHttpResponse(decodeResult: success, version: HTTP/1.1)
HTTP/1.1 200 OK
Content-Type: application/json; charset=utf-8
cache-control: no-cache
content-length: 790

12:15:53.214 [AsyncHttpClient-1-14] DEBUG org.asynchttpclient.netty.channel.ChannelManager - Adding key: http://localhost:52362 for channel [id: 0x2fcf3d0e, L:/127.0.0.1:62568 - R:localhost/127.0.0.1:52362]
12:15:53.214 [AsyncHttpClient-1-15] DEBUG org.asynchttpclient.netty.channel.NettyConnectListener - Using new Channel '[id: 0xc93dbb44, L:/127.0.0.1:62575 - R:localhost/127.0.0.1:62569]' for 'GET' to '/json/version'
12:15:53.229 [AsyncHttpClient-1-15] DEBUG org.asynchttpclient.netty.handler.HttpHandler - 

Request DefaultFullHttpRequest(decodeResult: success, version: HTTP/1.1, content: EmptyByteBufBE)
GET /json/version HTTP/1.1
User-Agent: selenium/4.1.2 (java windows)
host: localhost:62569
accept: */*

Response DefaultHttpResponse(decodeResult: success, version: HTTP/1.1)
HTTP/1.1 200 OK
Content-Type: application/json; charset=UTF-8
content-length: 429

12:15:53.229 [AsyncHttpClient-1-15] DEBUG org.asynchttpclient.netty.channel.ChannelManager - Adding key: http://localhost:62569 for channel [id: 0xc93dbb44, L:/127.0.0.1:62575 - R:localhost/127.0.0.1:62569]
12:15:53.229 [AsyncHttpClient-1-16] DEBUG org.asynchttpclient.netty.channel.NettyConnectListener - Using new Channel '[id: 0xa261d847, L:/127.0.0.1:62576 - R:localhost/127.0.0.1:62569]' for 'GET' to '/devtools/browser/dae8f23f-8518-4a5a-9fa7-96ff5152099e'
12:15:53.229 [AsyncHttpClient-1-16] DEBUG org.asynchttpclient.netty.handler.WebSocketHandler - 

Request DefaultFullHttpRequest(decodeResult: success, version: HTTP/1.1, content: EmptyByteBufBE)
GET /devtools/browser/dae8f23f-8518-4a5a-9fa7-96ff5152099e HTTP/1.1
upgrade: websocket
connection: upgrade
sec-websocket-key: rqpECTso9YZe55+r4OGxrg==
sec-websocket-version: 13
origin: http://localhost:62569
host: localhost:62569
accept: */*
user-agent: AHC/2.1

Response DefaultHttpResponse(decodeResult: success, version: HTTP/1.1)
HTTP/1.1 101 WebSocket Protocol Handshake
Upgrade: WebSocket
Connection: Upgrade
Sec-WebSocket-Accept: +aOBsNaPO+kn7gxVhgERiHjt6P8=

12:15:53.229 [Forwarding get on session de74956c45570a3842be5287a1f75575 to remote] DEBUG org.asynchttpclient.netty.request.NettyRequestSender - Using pooled Channel '[id: 0x2fcf3d0e, L:/127.0.0.1:62568 - R:localhost/127.0.0.1:52362]' for 'POST' to 'http://localhost:52362/session/de74956c45570a3842be5287a1f75575/url'
12:15:53.229 [Forwarding get on session de74956c45570a3842be5287a1f75575 to remote] DEBUG org.asynchttpclient.netty.request.NettyRequestSender - Using open Channel [id: 0x2fcf3d0e, L:/127.0.0.1:62568 - R:localhost/127.0.0.1:52362] for POST '/session/de74956c45570a3842be5287a1f75575/url'
12:15:53.549 [AsyncHttpClient-1-14] DEBUG org.asynchttpclient.netty.handler.HttpHandler - 

Request DefaultHttpRequest(decodeResult: success, version: HTTP/1.1)
POST /session/de74956c45570a3842be5287a1f75575/url HTTP/1.1
User-Agent: selenium/4.1.2 (java windows)
Content-Length: 78
Content-Type: application/json; charset=utf-8
host: localhost:52362
accept: */*

Response DefaultHttpResponse(decodeResult: success, version: HTTP/1.1)
HTTP/1.1 200 OK
Content-Type: application/json; charset=utf-8
cache-control: no-cache
content-length: 14

12:15:53.550 [AsyncHttpClient-1-14] DEBUG org.asynchttpclient.netty.channel.ChannelManager - Adding key: http://localhost:52362 for channel [id: 0x2fcf3d0e, L:/127.0.0.1:62568 - R:localhost/127.0.0.1:52362]
12:15:53.551 [Forwarding setTimeout on session de74956c45570a3842be5287a1f75575 to remote] DEBUG org.asynchttpclient.netty.request.NettyRequestSender - Using pooled Channel '[id: 0x2fcf3d0e, L:/127.0.0.1:62568 - R:localhost/127.0.0.1:52362]' for 'POST' to 'http://localhost:52362/session/de74956c45570a3842be5287a1f75575/timeouts'
12:15:53.551 [Forwarding setTimeout on session de74956c45570a3842be5287a1f75575 to remote] DEBUG org.asynchttpclient.netty.request.NettyRequestSender - Using open Channel [id: 0x2fcf3d0e, L:/127.0.0.1:62568 - R:localhost/127.0.0.1:52362] for POST '/session/de74956c45570a3842be5287a1f75575/timeouts'
12:15:53.552 [AsyncHttpClient-1-14] DEBUG org.asynchttpclient.netty.handler.HttpHandler - 

Request DefaultHttpRequest(decodeResult: success, version: HTTP/1.1)
POST /session/de74956c45570a3842be5287a1f75575/timeouts HTTP/1.1
User-Agent: selenium/4.1.2 (java windows)
Content-Length: 22
Content-Type: application/json; charset=utf-8
host: localhost:52362
accept: */*

Response DefaultHttpResponse(decodeResult: success, version: HTTP/1.1)
HTTP/1.1 200 OK
Content-Type: application/json; charset=utf-8
cache-control: no-cache
content-length: 14

12:15:53.552 [AsyncHttpClient-1-14] DEBUG org.asynchttpclient.netty.channel.ChannelManager - Adding key: http://localhost:52362 for channel [id: 0x2fcf3d0e, L:/127.0.0.1:62568 - R:localhost/127.0.0.1:52362]
12:15:53.554 [Forwarding getCurrentUrl on session de74956c45570a3842be5287a1f75575 to remote] DEBUG org.asynchttpclient.netty.request.NettyRequestSender - Using pooled Channel '[id: 0x2fcf3d0e, L:/127.0.0.1:62568 - R:localhost/127.0.0.1:52362]' for 'GET' to 'http://localhost:52362/session/de74956c45570a3842be5287a1f75575/url'
12:15:53.555 [Forwarding getCurrentUrl on session de74956c45570a3842be5287a1f75575 to remote] DEBUG org.asynchttpclient.netty.request.NettyRequestSender - Using open Channel [id: 0x2fcf3d0e, L:/127.0.0.1:62568 - R:localhost/127.0.0.1:52362] for GET '/session/de74956c45570a3842be5287a1f75575/url'
12:15:53.558 [AsyncHttpClient-1-14] DEBUG org.asynchttpclient.netty.handler.HttpHandler - 

Request DefaultFullHttpRequest(decodeResult: success, version: HTTP/1.1, content: EmptyByteBufBE)
GET /session/de74956c45570a3842be5287a1f75575/url HTTP/1.1
User-Agent: selenium/4.1.2 (java windows)
Cache-Control: no-cache
Content-Type: application/json; charset=utf-8
host: localhost:52362
accept: */*

Response DefaultHttpResponse(decodeResult: success, version: HTTP/1.1)
HTTP/1.1 200 OK
Content-Type: application/json; charset=utf-8
cache-control: no-cache
content-length: 61

12:15:53.558 [AsyncHttpClient-1-14] DEBUG org.asynchttpclient.netty.channel.ChannelManager - Adding key: http://localhost:52362 for channel [id: 0x2fcf3d0e, L:/127.0.0.1:62568 - R:localhost/127.0.0.1:52362]
12:15:53.563 [main] DEBUG net.serenitybdd.core.photography.Darkroom - Opening darkroom
12:15:53.563 [Darkroom Processing Line] DEBUG net.serenitybdd.core.photography.DarkroomProcessingLine - Darkroom processing line starting up
12:15:53.563 [Forwarding screenshot on session de74956c45570a3842be5287a1f75575 to remote] DEBUG org.asynchttpclient.netty.request.NettyRequestSender - Using pooled Channel '[id: 0x2fcf3d0e, L:/127.0.0.1:62568 - R:localhost/127.0.0.1:52362]' for 'GET' to 'http://localhost:52362/session/de74956c45570a3842be5287a1f75575/screenshot'
12:15:53.563 [Forwarding screenshot on session de74956c45570a3842be5287a1f75575 to remote] DEBUG org.asynchttpclient.netty.request.NettyRequestSender - Using open Channel [id: 0x2fcf3d0e, L:/127.0.0.1:62568 - R:localhost/127.0.0.1:52362] for GET '/session/de74956c45570a3842be5287a1f75575/screenshot'
12:15:53.617 [AsyncHttpClient-1-14] DEBUG org.asynchttpclient.netty.handler.HttpHandler - 

Request DefaultFullHttpRequest(decodeResult: success, version: HTTP/1.1, content: EmptyByteBufBE)
GET /session/de74956c45570a3842be5287a1f75575/screenshot HTTP/1.1
User-Agent: selenium/4.1.2 (java windows)
Cache-Control: no-cache
Content-Type: application/json; charset=utf-8
host: localhost:52362
accept: */*

Response DefaultHttpResponse(decodeResult: success, version: HTTP/1.1)
HTTP/1.1 200 OK
Content-Type: application/json; charset=utf-8
cache-control: no-cache
content-length: 49332

12:15:53.632 [AsyncHttpClient-1-14] DEBUG org.asynchttpclient.netty.channel.ChannelManager - Adding key: http://localhost:52362 for channel [id: 0x2fcf3d0e, L:/127.0.0.1:62568 - R:localhost/127.0.0.1:52362]
12:15:53.632 [main] DEBUG net.serenitybdd.core.photography.Darkroom - Send negative for processing for target\site\serenity\9e8e68d9a65763409aff2db4eec0c04e09c73d895019de464ac0f57502b5f694.png
12:15:53.632 [main] DEBUG net.thucydides.core.steps.StepInterceptor - STEP DONE: openPage
12:15:53.632 [main] DEBUG net.thucydides.core.steps.StepInterceptor - STARTING STEP: MembershipScenarioSteps.onTheDashboard - ClickDashboard
12:15:53.632 [Forwarding findElement on session de74956c45570a3842be5287a1f75575 to remote] DEBUG org.asynchttpclient.netty.request.NettyRequestSender - Using pooled Channel '[id: 0x2fcf3d0e, L:/127.0.0.1:62568 - R:localhost/127.0.0.1:52362]' for 'POST' to 'http://localhost:52362/session/de74956c45570a3842be5287a1f75575/element'
12:15:53.632 [Forwarding findElement on session de74956c45570a3842be5287a1f75575 to remote] DEBUG org.asynchttpclient.netty.request.NettyRequestSender - Using open Channel [id: 0x2fcf3d0e, L:/127.0.0.1:62568 - R:localhost/127.0.0.1:52362] for POST '/session/de74956c45570a3842be5287a1f75575/element'
12:15:53.632 [AsyncHttpClient-1-14] DEBUG org.asynchttpclient.netty.handler.HttpHandler - 

Request DefaultHttpRequest(decodeResult: success, version: HTTP/1.1)
POST /session/de74956c45570a3842be5287a1f75575/element HTTP/1.1
User-Agent: selenium/4.1.2 (java windows)
Content-Length: 141
Content-Type: application/json; charset=utf-8
host: localhost:52362
accept: */*

Response DefaultHttpResponse(decodeResult: success, version: HTTP/1.1)
HTTP/1.1 200 OK
Content-Type: application/json; charset=utf-8
cache-control: no-cache
content-length: 88

12:15:53.632 [AsyncHttpClient-1-14] DEBUG org.asynchttpclient.netty.channel.ChannelManager - Adding key: http://localhost:52362 for channel [id: 0x2fcf3d0e, L:/127.0.0.1:62568 - R:localhost/127.0.0.1:52362]
12:15:53.648 [Forwarding getElementTagName on session de74956c45570a3842be5287a1f75575 to remote] DEBUG org.asynchttpclient.netty.request.NettyRequestSender - Using pooled Channel '[id: 0x2fcf3d0e, L:/127.0.0.1:62568 - R:localhost/127.0.0.1:52362]' for 'GET' to 'http://localhost:52362/session/de74956c45570a3842be5287a1f75575/element/4112c23f-b8cf-40bf-9cfe-1978a46ec54e/name'
12:15:53.648 [Forwarding getElementTagName on session de74956c45570a3842be5287a1f75575 to remote] DEBUG org.asynchttpclient.netty.request.NettyRequestSender - Using open Channel [id: 0x2fcf3d0e, L:/127.0.0.1:62568 - R:localhost/127.0.0.1:52362] for GET '/session/de74956c45570a3842be5287a1f75575/element/4112c23f-b8cf-40bf-9cfe-1978a46ec54e/name'
12:15:53.648 [AsyncHttpClient-1-14] DEBUG org.asynchttpclient.netty.handler.HttpHandler - 

Request DefaultFullHttpRequest(decodeResult: success, version: HTTP/1.1, content: EmptyByteBufBE)
GET /session/de74956c45570a3842be5287a1f75575/element/4112c23f-b8cf-40bf-9cfe-1978a46ec54e/name HTTP/1.1
User-Agent: selenium/4.1.2 (java windows)
Cache-Control: no-cache
Content-Type: application/json; charset=utf-8
host: localhost:52362
accept: */*

Response DefaultHttpResponse(decodeResult: success, version: HTTP/1.1)
HTTP/1.1 200 OK
Content-Type: application/json; charset=utf-8
cache-control: no-cache
content-length: 16

12:15:53.648 [AsyncHttpClient-1-14] DEBUG org.asynchttpclient.netty.channel.ChannelManager - Adding key: http://localhost:52362 for channel [id: 0x2fcf3d0e, L:/127.0.0.1:62568 - R:localhost/127.0.0.1:52362]
12:15:53.648 [Forwarding getElementTagName on session de74956c45570a3842be5287a1f75575 to remote] DEBUG org.asynchttpclient.netty.request.NettyRequestSender - Using pooled Channel '[id: 0x2fcf3d0e, L:/127.0.0.1:62568 - R:localhost/127.0.0.1:52362]' for 'GET' to 'http://localhost:52362/session/de74956c45570a3842be5287a1f75575/element/4112c23f-b8cf-40bf-9cfe-1978a46ec54e/name'
12:15:53.648 [Forwarding getElementTagName on session de74956c45570a3842be5287a1f75575 to remote] DEBUG org.asynchttpclient.netty.request.NettyRequestSender - Using open Channel [id: 0x2fcf3d0e, L:/127.0.0.1:62568 - R:localhost/127.0.0.1:52362] for GET '/session/de74956c45570a3842be5287a1f75575/element/4112c23f-b8cf-40bf-9cfe-1978a46ec54e/name'
12:15:53.648 [AsyncHttpClient-1-14] DEBUG org.asynchttpclient.netty.handler.HttpHandler - 

Request DefaultFullHttpRequest(decodeResult: success, version: HTTP/1.1, content: EmptyByteBufBE)
GET /session/de74956c45570a3842be5287a1f75575/element/4112c23f-b8cf-40bf-9cfe-1978a46ec54e/name HTTP/1.1
User-Agent: selenium/4.1.2 (java windows)
Cache-Control: no-cache
Content-Type: application/json; charset=utf-8
host: localhost:52362
accept: */*

Response DefaultHttpResponse(decodeResult: success, version: HTTP/1.1)
HTTP/1.1 200 OK
Content-Type: application/json; charset=utf-8
cache-control: no-cache
content-length: 16

12:15:53.648 [AsyncHttpClient-1-14] DEBUG org.asynchttpclient.netty.channel.ChannelManager - Adding key: http://localhost:52362 for channel [id: 0x2fcf3d0e, L:/127.0.0.1:62568 - R:localhost/127.0.0.1:52362]
12:15:53.648 [Forwarding findElement on session de74956c45570a3842be5287a1f75575 to remote] DEBUG org.asynchttpclient.netty.request.NettyRequestSender - Using pooled Channel '[id: 0x2fcf3d0e, L:/127.0.0.1:62568 - R:localhost/127.0.0.1:52362]' for 'POST' to 'http://localhost:52362/session/de74956c45570a3842be5287a1f75575/element'
12:15:53.648 [Forwarding findElement on session de74956c45570a3842be5287a1f75575 to remote] DEBUG org.asynchttpclient.netty.request.NettyRequestSender - Using open Channel [id: 0x2fcf3d0e, L:/127.0.0.1:62568 - R:localhost/127.0.0.1:52362] for POST '/session/de74956c45570a3842be5287a1f75575/element'
12:15:53.648 [AsyncHttpClient-1-14] DEBUG org.asynchttpclient.netty.handler.HttpHandler - 

Request DefaultHttpRequest(decodeResult: success, version: HTTP/1.1)
POST /session/de74956c45570a3842be5287a1f75575/element HTTP/1.1
User-Agent: selenium/4.1.2 (java windows)
Content-Length: 141
Content-Type: application/json; charset=utf-8
host: localhost:52362
accept: */*

Response DefaultHttpResponse(decodeResult: success, version: HTTP/1.1)
HTTP/1.1 200 OK
Content-Type: application/json; charset=utf-8
cache-control: no-cache
content-length: 88

12:15:53.648 [AsyncHttpClient-1-14] DEBUG org.asynchttpclient.netty.channel.ChannelManager - Adding key: http://localhost:52362 for channel [id: 0x2fcf3d0e, L:/127.0.0.1:62568 - R:localhost/127.0.0.1:52362]
12:15:53.663 [Forwarding clickElement on session de74956c45570a3842be5287a1f75575 to remote] DEBUG org.asynchttpclient.netty.request.NettyRequestSender - Using pooled Channel '[id: 0x2fcf3d0e, L:/127.0.0.1:62568 - R:localhost/127.0.0.1:52362]' for 'POST' to 'http://localhost:52362/session/de74956c45570a3842be5287a1f75575/element/4112c23f-b8cf-40bf-9cfe-1978a46ec54e/click'
12:15:53.663 [Forwarding clickElement on session de74956c45570a3842be5287a1f75575 to remote] DEBUG org.asynchttpclient.netty.request.NettyRequestSender - Using open Channel [id: 0x2fcf3d0e, L:/127.0.0.1:62568 - R:localhost/127.0.0.1:52362] for POST '/session/de74956c45570a3842be5287a1f75575/element/4112c23f-b8cf-40bf-9cfe-1978a46ec54e/click'
12:15:53.696 [AsyncHttpClient-1-14] DEBUG org.asynchttpclient.netty.handler.HttpHandler - 

Request DefaultHttpRequest(decodeResult: success, version: HTTP/1.1)
POST /session/de74956c45570a3842be5287a1f75575/element/4112c23f-b8cf-40bf-9cfe-1978a46ec54e/click HTTP/1.1
User-Agent: selenium/4.1.2 (java windows)
Content-Length: 50
Content-Type: application/json; charset=utf-8
host: localhost:52362
accept: */*

Response DefaultHttpResponse(decodeResult: success, version: HTTP/1.1)
HTTP/1.1 200 OK
Content-Type: application/json; charset=utf-8
cache-control: no-cache
content-length: 14

12:15:53.696 [AsyncHttpClient-1-14] DEBUG org.asynchttpclient.netty.channel.ChannelManager - Adding key: http://localhost:52362 for channel [id: 0x2fcf3d0e, L:/127.0.0.1:62568 - R:localhost/127.0.0.1:52362]
12:15:53.700 [Forwarding screenshot on session de74956c45570a3842be5287a1f75575 to remote] DEBUG org.asynchttpclient.netty.request.NettyRequestSender - Using pooled Channel '[id: 0x2fcf3d0e, L:/127.0.0.1:62568 - R:localhost/127.0.0.1:52362]' for 'GET' to 'http://localhost:52362/session/de74956c45570a3842be5287a1f75575/screenshot'
12:15:53.700 [Forwarding screenshot on session de74956c45570a3842be5287a1f75575 to remote] DEBUG org.asynchttpclient.netty.request.NettyRequestSender - Using open Channel [id: 0x2fcf3d0e, L:/127.0.0.1:62568 - R:localhost/127.0.0.1:52362] for GET '/session/de74956c45570a3842be5287a1f75575/screenshot'
12:15:53.764 [AsyncHttpClient-1-14] DEBUG org.asynchttpclient.netty.handler.HttpHandler - 

Request DefaultFullHttpRequest(decodeResult: success, version: HTTP/1.1, content: EmptyByteBufBE)
GET /session/de74956c45570a3842be5287a1f75575/screenshot HTTP/1.1
User-Agent: selenium/4.1.2 (java windows)
Cache-Control: no-cache
Content-Type: application/json; charset=utf-8
host: localhost:52362
accept: */*

Response DefaultHttpResponse(decodeResult: success, version: HTTP/1.1)
HTTP/1.1 200 OK
Content-Type: application/json; charset=utf-8
cache-control: no-cache
content-length: 63944

12:15:53.764 [AsyncHttpClient-1-14] DEBUG org.asynchttpclient.netty.channel.ChannelManager - Adding key: http://localhost:52362 for channel [id: 0x2fcf3d0e, L:/127.0.0.1:62568 - R:localhost/127.0.0.1:52362]
12:15:53.779 [main] DEBUG net.serenitybdd.core.photography.Darkroom - Send negative for processing for target\site\serenity\ac868fcf79c857fd206efadafda9c38018188e514a42e62118402825dba7d5b8.png
12:15:53.779 [main] DEBUG net.thucydides.core.steps.StepInterceptor - STEP DONE: ClickDashboard
  &amp#27;[32mGiven &amp#27;[0m&amp#27;[32mI am on dashboard page&amp#27;[0m                          &amp#27;[90m# starter.stepdefinitions.MembershipScenarioSteps.onTheDashboard()&amp#27;[0m
12:15:53.786 [Forwarding findElement on session de74956c45570a3842be5287a1f75575 to remote] DEBUG org.asynchttpclient.netty.request.NettyRequestSender - Using pooled Channel '[id: 0x2fcf3d0e, L:/127.0.0.1:62568 - R:localhost/127.0.0.1:52362]' for 'POST' to 'http://localhost:52362/session/de74956c45570a3842be5287a1f75575/element'
12:15:53.786 [Forwarding findElement on session de74956c45570a3842be5287a1f75575 to remote] DEBUG org.asynchttpclient.netty.request.NettyRequestSender - Using open Channel [id: 0x2fcf3d0e, L:/127.0.0.1:62568 - R:localhost/127.0.0.1:52362] for POST '/session/de74956c45570a3842be5287a1f75575/element'
12:15:53.794 [AsyncHttpClient-1-14] DEBUG org.asynchttpclient.netty.handler.HttpHandler - 

Request DefaultHttpRequest(decodeResult: success, version: HTTP/1.1)
POST /session/de74956c45570a3842be5287a1f75575/element HTTP/1.1
User-Agent: selenium/4.1.2 (java windows)
Content-Length: 141
Content-Type: application/json; charset=utf-8
host: localhost:52362
accept: */*

Response DefaultHttpResponse(decodeResult: success, version: HTTP/1.1)
HTTP/1.1 200 OK
Content-Type: application/json; charset=utf-8
cache-control: no-cache
content-length: 88

12:15:53.794 [AsyncHttpClient-1-14] DEBUG org.asynchttpclient.netty.channel.ChannelManager - Adding key: http://localhost:52362 for channel [id: 0x2fcf3d0e, L:/127.0.0.1:62568 - R:localhost/127.0.0.1:52362]
12:15:53.795 [Forwarding getElementTagName on session de74956c45570a3842be5287a1f75575 to remote] DEBUG org.asynchttpclient.netty.request.NettyRequestSender - Using pooled Channel '[id: 0x2fcf3d0e, L:/127.0.0.1:62568 - R:localhost/127.0.0.1:52362]' for 'GET' to 'http://localhost:52362/session/de74956c45570a3842be5287a1f75575/element/c16b1913-28bf-4421-873d-2e41ea4a2276/name'
12:15:53.795 [Forwarding getElementTagName on session de74956c45570a3842be5287a1f75575 to remote] DEBUG org.asynchttpclient.netty.request.NettyRequestSender - Using open Channel [id: 0x2fcf3d0e, L:/127.0.0.1:62568 - R:localhost/127.0.0.1:52362] for GET '/session/de74956c45570a3842be5287a1f75575/element/c16b1913-28bf-4421-873d-2e41ea4a2276/name'
12:15:53.799 [AsyncHttpClient-1-14] DEBUG org.asynchttpclient.netty.handler.HttpHandler - 

Request DefaultFullHttpRequest(decodeResult: success, version: HTTP/1.1, content: EmptyByteBufBE)
GET /session/de74956c45570a3842be5287a1f75575/element/c16b1913-28bf-4421-873d-2e41ea4a2276/name HTTP/1.1
User-Agent: selenium/4.1.2 (java windows)
Cache-Control: no-cache
Content-Type: application/json; charset=utf-8
host: localhost:52362
accept: */*

Response DefaultHttpResponse(decodeResult: success, version: HTTP/1.1)
HTTP/1.1 200 OK
Content-Type: application/json; charset=utf-8
cache-control: no-cache
content-length: 16

12:15:53.799 [AsyncHttpClient-1-14] DEBUG org.asynchttpclient.netty.channel.ChannelManager - Adding key: http://localhost:52362 for channel [id: 0x2fcf3d0e, L:/127.0.0.1:62568 - R:localhost/127.0.0.1:52362]
12:15:53.800 [Forwarding getElementTagName on session de74956c45570a3842be5287a1f75575 to remote] DEBUG org.asynchttpclient.netty.request.NettyRequestSender - Using pooled Channel '[id: 0x2fcf3d0e, L:/127.0.0.1:62568 - R:localhost/127.0.0.1:52362]' for 'GET' to 'http://localhost:52362/session/de74956c45570a3842be5287a1f75575/element/c16b1913-28bf-4421-873d-2e41ea4a2276/name'
12:15:53.800 [Forwarding getElementTagName on session de74956c45570a3842be5287a1f75575 to remote] DEBUG org.asynchttpclient.netty.request.NettyRequestSender - Using open Channel [id: 0x2fcf3d0e, L:/127.0.0.1:62568 - R:localhost/127.0.0.1:52362] for GET '/session/de74956c45570a3842be5287a1f75575/element/c16b1913-28bf-4421-873d-2e41ea4a2276/name'
12:15:53.802 [AsyncHttpClient-1-14] DEBUG org.asynchttpclient.netty.handler.HttpHandler - 

Request DefaultFullHttpRequest(decodeResult: success, version: HTTP/1.1, content: EmptyByteBufBE)
GET /session/de74956c45570a3842be5287a1f75575/element/c16b1913-28bf-4421-873d-2e41ea4a2276/name HTTP/1.1
User-Agent: selenium/4.1.2 (java windows)
Cache-Control: no-cache
Content-Type: application/json; charset=utf-8
host: localhost:52362
accept: */*

Response DefaultHttpResponse(decodeResult: success, version: HTTP/1.1)
HTTP/1.1 200 OK
Content-Type: application/json; charset=utf-8
cache-control: no-cache
content-length: 16

12:15:53.802 [AsyncHttpClient-1-14] DEBUG org.asynchttpclient.netty.channel.ChannelManager - Adding key: http://localhost:52362 for channel [id: 0x2fcf3d0e, L:/127.0.0.1:62568 - R:localhost/127.0.0.1:52362]
12:15:53.803 [Forwarding findElement on session de74956c45570a3842be5287a1f75575 to remote] DEBUG org.asynchttpclient.netty.request.NettyRequestSender - Using pooled Channel '[id: 0x2fcf3d0e, L:/127.0.0.1:62568 - R:localhost/127.0.0.1:52362]' for 'POST' to 'http://localhost:52362/session/de74956c45570a3842be5287a1f75575/element'
12:15:53.803 [Forwarding findElement on session de74956c45570a3842be5287a1f75575 to remote] DEBUG org.asynchttpclient.netty.request.NettyRequestSender - Using open Channel [id: 0x2fcf3d0e, L:/127.0.0.1:62568 - R:localhost/127.0.0.1:52362] for POST '/session/de74956c45570a3842be5287a1f75575/element'
12:15:53.807 [AsyncHttpClient-1-14] DEBUG org.asynchttpclient.netty.handler.HttpHandler - 

Request DefaultHttpRequest(decodeResult: success, version: HTTP/1.1)
POST /session/de74956c45570a3842be5287a1f75575/element HTTP/1.1
User-Agent: selenium/4.1.2 (java windows)
Content-Length: 141
Content-Type: application/json; charset=utf-8
host: localhost:52362
accept: */*

Response DefaultHttpResponse(decodeResult: success, version: HTTP/1.1)
HTTP/1.1 200 OK
Content-Type: application/json; charset=utf-8
cache-control: no-cache
content-length: 88

12:15:53.807 [AsyncHttpClient-1-14] DEBUG org.asynchttpclient.netty.channel.ChannelManager - Adding key: http://localhost:52362 for channel [id: 0x2fcf3d0e, L:/127.0.0.1:62568 - R:localhost/127.0.0.1:52362]
12:15:53.807 [Forwarding clickElement on session de74956c45570a3842be5287a1f75575 to remote] DEBUG org.asynchttpclient.netty.request.NettyRequestSender - Using pooled Channel '[id: 0x2fcf3d0e, L:/127.0.0.1:62568 - R:localhost/127.0.0.1:52362]' for 'POST' to 'http://localhost:52362/session/de74956c45570a3842be5287a1f75575/element/c16b1913-28bf-4421-873d-2e41ea4a2276/click'
12:15:53.808 [Forwarding clickElement on session de74956c45570a3842be5287a1f75575 to remote] DEBUG org.asynchttpclient.netty.request.NettyRequestSender - Using open Channel [id: 0x2fcf3d0e, L:/127.0.0.1:62568 - R:localhost/127.0.0.1:52362] for POST '/session/de74956c45570a3842be5287a1f75575/element/c16b1913-28bf-4421-873d-2e41ea4a2276/click'
12:15:53.829 [AsyncHttpClient-1-14] DEBUG org.asynchttpclient.netty.handler.HttpHandler - 

Request DefaultHttpRequest(decodeResult: success, version: HTTP/1.1)
POST /session/de74956c45570a3842be5287a1f75575/element/c16b1913-28bf-4421-873d-2e41ea4a2276/click HTTP/1.1
User-Agent: selenium/4.1.2 (java windows)
Content-Length: 50
Content-Type: application/json; charset=utf-8
host: localhost:52362
accept: */*

Response DefaultHttpResponse(decodeResult: success, version: HTTP/1.1)
HTTP/1.1 200 OK
Content-Type: application/json; charset=utf-8
cache-control: no-cache
content-length: 14

12:15:53.829 [AsyncHttpClient-1-14] DEBUG org.asynchttpclient.netty.channel.ChannelManager - Adding key: http://localhost:52362 for channel [id: 0x2fcf3d0e, L:/127.0.0.1:62568 - R:localhost/127.0.0.1:52362]
  &amp#27;[32mWhen &amp#27;[0m&amp#27;[32mI click membership user button&amp#27;[0m                   &amp#27;[90m# starter.stepdefinitions.MembershipScenarioSteps.clickMembershipBtn()&amp#27;[0m
12:15:53.833 [Forwarding screenshot on session de74956c45570a3842be5287a1f75575 to remote] DEBUG org.asynchttpclient.netty.request.NettyRequestSender - Using pooled Channel '[id: 0x2fcf3d0e, L:/127.0.0.1:62568 - R:localhost/127.0.0.1:52362]' for 'GET' to 'http://localhost:52362/session/de74956c45570a3842be5287a1f75575/screenshot'
12:15:53.833 [Forwarding screenshot on session de74956c45570a3842be5287a1f75575 to remote] DEBUG org.asynchttpclient.netty.request.NettyRequestSender - Using open Channel [id: 0x2fcf3d0e, L:/127.0.0.1:62568 - R:localhost/127.0.0.1:52362] for GET '/session/de74956c45570a3842be5287a1f75575/screenshot'
12:15:53.994 [AsyncHttpClient-1-14] DEBUG org.asynchttpclient.netty.handler.HttpHandler - 

Request DefaultFullHttpRequest(decodeResult: success, version: HTTP/1.1, content: EmptyByteBufBE)
GET /session/de74956c45570a3842be5287a1f75575/screenshot HTTP/1.1
User-Agent: selenium/4.1.2 (java windows)
Cache-Control: no-cache
Content-Type: application/json; charset=utf-8
host: localhost:52362
accept: */*

Response DefaultHttpResponse(decodeResult: success, version: HTTP/1.1)
HTTP/1.1 200 OK
Content-Type: application/json; charset=utf-8
cache-control: no-cache
content-length: 68292

12:15:53.994 [AsyncHttpClient-1-14] DEBUG org.asynchttpclient.netty.channel.ChannelManager - Adding key: http://localhost:52362 for channel [id: 0x2fcf3d0e, L:/127.0.0.1:62568 - R:localhost/127.0.0.1:52362]
12:15:53.996 [main] DEBUG net.serenitybdd.core.photography.Darkroom - Send negative for processing for target\site\serenity\6ac5b56eb17ecf3690743d93c46f55a5e7e9a3bcaf4e6583c018bbdc08a72531.png
12:15:53.997 [Darkroom Processing Line] DEBUG net.serenitybdd.core.photography.DarkroomProcessingLine - Processing screenshot image in /var/screenshots/screenshot-807271859089309604
12:15:53.997 [Darkroom Processing Line] DEBUG net.serenitybdd.core.photography.DarkroomProcessingLine - Saving screenshot to target\site\serenity\6ac5b56eb17ecf3690743d93c46f55a5e7e9a3bcaf4e6583c018bbdc08a72531.png
12:15:54.001 [Forwarding findElement on session de74956c45570a3842be5287a1f75575 to remote] DEBUG org.asynchttpclient.netty.request.NettyRequestSender - Using pooled Channel '[id: 0x2fcf3d0e, L:/127.0.0.1:62568 - R:localhost/127.0.0.1:52362]' for 'POST' to 'http://localhost:52362/session/de74956c45570a3842be5287a1f75575/element'
12:15:54.001 [Forwarding findElement on session de74956c45570a3842be5287a1f75575 to remote] DEBUG org.asynchttpclient.netty.request.NettyRequestSender - Using open Channel [id: 0x2fcf3d0e, L:/127.0.0.1:62568 - R:localhost/127.0.0.1:52362] for POST '/session/de74956c45570a3842be5287a1f75575/element'
12:15:54.009 [AsyncHttpClient-1-14] DEBUG org.asynchttpclient.netty.handler.HttpHandler - 

Request DefaultHttpRequest(decodeResult: success, version: HTTP/1.1)
POST /session/de74956c45570a3842be5287a1f75575/element HTTP/1.1
User-Agent: selenium/4.1.2 (java windows)
Content-Length: 114
Content-Type: application/json; charset=utf-8
host: localhost:52362
accept: */*

Response DefaultHttpResponse(decodeResult: success, version: HTTP/1.1)
HTTP/1.1 200 OK
Content-Type: application/json; charset=utf-8
cache-control: no-cache
content-length: 88

12:15:54.009 [AsyncHttpClient-1-14] DEBUG org.asynchttpclient.netty.channel.ChannelManager - Adding key: http://localhost:52362 for channel [id: 0x2fcf3d0e, L:/127.0.0.1:62568 - R:localhost/127.0.0.1:52362]
12:15:54.011 [Forwarding isElementDisplayed on session de74956c45570a3842be5287a1f75575 to remote] DEBUG org.asynchttpclient.netty.request.NettyRequestSender - Using pooled Channel '[id: 0x2fcf3d0e, L:/127.0.0.1:62568 - R:localhost/127.0.0.1:52362]' for 'POST' to 'http://localhost:52362/session/de74956c45570a3842be5287a1f75575/execute/sync'
12:15:54.011 [Forwarding isElementDisplayed on session de74956c45570a3842be5287a1f75575 to remote] DEBUG org.asynchttpclient.netty.request.NettyRequestSender - Using open Channel [id: 0x2fcf3d0e, L:/127.0.0.1:62568 - R:localhost/127.0.0.1:52362] for POST '/session/de74956c45570a3842be5287a1f75575/execute/sync'
12:15:54.021 [AsyncHttpClient-1-14] DEBUG org.asynchttpclient.netty.handler.HttpHandler - 

Request DefaultHttpRequest(decodeResult: success, version: HTTP/1.1)
POST /session/de74956c45570a3842be5287a1f75575/execute/sync HTTP/1.1
User-Agent: selenium/4.1.2 (java windows)
Content-Length: 48780
Content-Type: application/json; charset=utf-8
host: localhost:52362
accept: */*

Response DefaultHttpResponse(decodeResult: success, version: HTTP/1.1)
HTTP/1.1 200 OK
Content-Type: application/json; charset=utf-8
cache-control: no-cache
content-length: 14

12:15:54.021 [AsyncHttpClient-1-14] DEBUG org.asynchttpclient.netty.channel.ChannelManager - Adding key: http://localhost:52362 for channel [id: 0x2fcf3d0e, L:/127.0.0.1:62568 - R:localhost/127.0.0.1:52362]
12:15:54.022 [Forwarding findElement on session de74956c45570a3842be5287a1f75575 to remote] DEBUG org.asynchttpclient.netty.request.NettyRequestSender - Using pooled Channel '[id: 0x2fcf3d0e, L:/127.0.0.1:62568 - R:localhost/127.0.0.1:52362]' for 'POST' to 'http://localhost:52362/session/de74956c45570a3842be5287a1f75575/element'
12:15:54.022 [Forwarding findElement on session de74956c45570a3842be5287a1f75575 to remote] DEBUG org.asynchttpclient.netty.request.NettyRequestSender - Using open Channel [id: 0x2fcf3d0e, L:/127.0.0.1:62568 - R:localhost/127.0.0.1:52362] for POST '/session/de74956c45570a3842be5287a1f75575/element'
12:15:54.029 [AsyncHttpClient-1-14] DEBUG org.asynchttpclient.netty.handler.HttpHandler - 

Request DefaultHttpRequest(decodeResult: success, version: HTTP/1.1)
POST /session/de74956c45570a3842be5287a1f75575/element HTTP/1.1
User-Agent: selenium/4.1.2 (java windows)
Content-Length: 131
Content-Type: application/json; charset=utf-8
host: localhost:52362
accept: */*

Response DefaultHttpResponse(decodeResult: success, version: HTTP/1.1)
HTTP/1.1 200 OK
Content-Type: application/json; charset=utf-8
cache-control: no-cache
content-length: 88

12:15:54.030 [AsyncHttpClient-1-14] DEBUG org.asynchttpclient.netty.channel.ChannelManager - Adding key: http://localhost:52362 for channel [id: 0x2fcf3d0e, L:/127.0.0.1:62568 - R:localhost/127.0.0.1:52362]
12:15:54.030 [AsyncHttpClient-1-1] DEBUG org.asynchttpclient.netty.channel.DefaultChannelPool - Entry count for : http://localhost:52362 : 1
12:15:54.030 [AsyncHttpClient-1-1] DEBUG org.asynchttpclient.netty.channel.DefaultChannelPool - Entry count for : http://localhost:62569 : 1
12:15:54.032 [Forwarding isElementDisplayed on session de74956c45570a3842be5287a1f75575 to remote] DEBUG org.asynchttpclient.netty.request.NettyRequestSender - Using pooled Channel '[id: 0x2fcf3d0e, L:/127.0.0.1:62568 - R:localhost/127.0.0.1:52362]' for 'POST' to 'http://localhost:52362/session/de74956c45570a3842be5287a1f75575/execute/sync'
12:15:54.032 [Forwarding isElementDisplayed on session de74956c45570a3842be5287a1f75575 to remote] DEBUG org.asynchttpclient.netty.request.NettyRequestSender - Using open Channel [id: 0x2fcf3d0e, L:/127.0.0.1:62568 - R:localhost/127.0.0.1:52362] for POST '/session/de74956c45570a3842be5287a1f75575/execute/sync'
12:15:54.042 [AsyncHttpClient-1-14] DEBUG org.asynchttpclient.netty.handler.HttpHandler - 

Request DefaultHttpRequest(decodeResult: success, version: HTTP/1.1)
POST /session/de74956c45570a3842be5287a1f75575/execute/sync HTTP/1.1
User-Agent: selenium/4.1.2 (java windows)
Content-Length: 48780
Content-Type: application/json; charset=utf-8
host: localhost:52362
accept: */*

Response DefaultHttpResponse(decodeResult: success, version: HTTP/1.1)
HTTP/1.1 200 OK
Content-Type: application/json; charset=utf-8
cache-control: no-cache
content-length: 14

12:15:54.042 [AsyncHttpClient-1-14] DEBUG org.asynchttpclient.netty.channel.ChannelManager - Adding key: http://localhost:52362 for channel [id: 0x2fcf3d0e, L:/127.0.0.1:62568 - R:localhost/127.0.0.1:52362]
  &amp#27;[32mThen &amp#27;[0m&amp#27;[32mi see membership user information&amp#27;[0m                &amp#27;[90m# starter.stepdefinitions.MembershipScenarioSteps.seeMembershipInformation()&amp#27;[0m
12:15:54.045 [main] INFO  - 
  _____   ___   ___   _____     ___     _     ___   ___   ___   ___  
 |_   _| | __| / __| |_   _|   | _ \   /_\   / __| / __| | __| |   \ 
   | |   | _|  \__ \   | |     |  _/  / _ \  \__ \ \__ \ | _|  | |) |
   |_|   |___| |___/   |_|     |_|   /_/ \_\ |___/ |___/ |___| |___/ 

As Admin, I have be able the manage user page
----------------------------------------------------------------------
12:15:54.046 [AsyncHttpClient-1-16] DEBUG org.asynchttpclient.netty.handler.WebSocketHandler - Channel Closed: [id: 0xa261d847, L:/127.0.0.1:62576 ! R:localhost/127.0.0.1:62569] with attribute NettyResponseFuture{currentRetry=5,
	isDone=1,
	isCancelled=0,
	asyncHandler=org.asynchttpclient.ws.WebSocketUpgradeHandler@1ed10603,
	nettyRequest=org.asynchttpclient.netty.request.NettyRequest@5bd39bbd,
	future=java.util.concurrent.CompletableFuture@4ce3741[Completed normally],
	uri=ws://localhost:62569/devtools/browser/dae8f23f-8518-4a5a-9fa7-96ff5152099e,
	keepAlive=true,
	redirectCount=0,
	timeoutsHolder=null,
	inAuth=0,
	touch=1658380553229}
12:15:54.046 [AsyncHttpClient-1-16] DEBUG org.asynchttpclient.netty.channel.ChannelManager - Closing Channel [id: 0xa261d847, L:/127.0.0.1:62576 ! R:localhost/127.0.0.1:62569] 
12:15:54.046 [Driver Command Executor] DEBUG org.asynchttpclient.netty.request.NettyRequestSender - Using pooled Channel '[id: 0x2fcf3d0e, L:/127.0.0.1:62568 - R:localhost/127.0.0.1:52362]' for 'DELETE' to 'http://localhost:52362/session/de74956c45570a3842be5287a1f75575'
12:15:54.046 [Driver Command Executor] DEBUG org.asynchttpclient.netty.request.NettyRequestSender - Using open Channel [id: 0x2fcf3d0e, L:/127.0.0.1:62568 - R:localhost/127.0.0.1:52362] for DELETE '/session/de74956c45570a3842be5287a1f75575'
12:15:54.073 [AsyncHttpClient-1-15] DEBUG org.asynchttpclient.netty.handler.HttpHandler - Unexpected I/O exception on channel [id: 0xc93dbb44, L:/127.0.0.1:62575 - R:localhost/127.0.0.1:62569]
java.io.IOException: An existing connection was forcibly closed by the remote host
	at sun.nio.ch.SocketDispatcher.read0(Native Method)
	at sun.nio.ch.SocketDispatcher.read(SocketDispatcher.java:43)
	at sun.nio.ch.IOUtil.readIntoNativeBuffer(IOUtil.java:223)
	at sun.nio.ch.IOUtil.read(IOUtil.java:192)
	at sun.nio.ch.SocketChannelImpl.read(SocketChannelImpl.java:378)
	at io.netty.buffer.PooledByteBuf.setBytes(PooledByteBuf.java:258)
	at io.netty.buffer.AbstractByteBuf.writeBytes(AbstractByteBuf.java:1132)
	at io.netty.channel.socket.nio.NioSocketChannel.doReadBytes(NioSocketChannel.java:350)
	at io.netty.channel.nio.AbstractNioByteChannel$NioByteUnsafe.read(AbstractNioByteChannel.java:151)
	at io.netty.channel.nio.NioEventLoop.processSelectedKey(NioEventLoop.java:722)
	at io.netty.channel.nio.NioEventLoop.processSelectedKeysOptimized(NioEventLoop.java:658)
	at io.netty.channel.nio.NioEventLoop.processSelectedKeys(NioEventLoop.java:584)
	at io.netty.channel.nio.NioEventLoop.run(NioEventLoop.java:496)
	at io.netty.util.concurrent.SingleThreadEventExecutor$4.run(SingleThreadEventExecutor.java:986)
	at io.netty.util.internal.ThreadExecutorMap$2.run(ThreadExecutorMap.java:74)
	at io.netty.util.concurrent.FastThreadLocalRunnable.run(FastThreadLocalRunnable.java:30)
	at java.lang.Thread.run(Thread.java:750)
12:15:54.073 [AsyncHttpClient-1-15] DEBUG org.asynchttpclient.netty.channel.ChannelManager - Closing Channel [id: 0xc93dbb44, L:/127.0.0.1:62575 - R:localhost/127.0.0.1:62569] 
12:15:54.073 [AsyncHttpClient-1-15] DEBUG org.asynchttpclient.netty.handler.HttpHandler - Channel Closed: [id: 0xc93dbb44, L:/127.0.0.1:62575 ! R:localhost/127.0.0.1:62569] with attribute DISCARD
12:15:54.081 [AsyncHttpClient-1-14] DEBUG org.asynchttpclient.netty.handler.HttpHandler - 

Request DefaultFullHttpRequest(decodeResult: success, version: HTTP/1.1, content: EmptyByteBufBE)
DELETE /session/de74956c45570a3842be5287a1f75575 HTTP/1.1
User-Agent: selenium/4.1.2 (java windows)
Content-Type: application/json; charset=utf-8
host: localhost:52362
accept: */*

Response DefaultHttpResponse(decodeResult: success, version: HTTP/1.1)
HTTP/1.1 200 OK
Content-Type: application/json; charset=utf-8
cache-control: no-cache
content-length: 14

12:15:54.082 [AsyncHttpClient-1-14] DEBUG org.asynchttpclient.netty.channel.ChannelManager - Adding key: http://localhost:52362 for channel [id: 0x2fcf3d0e, L:/127.0.0.1:62568 - R:localhost/127.0.0.1:52362]
12:15:54.123 [AsyncHttpClient-1-14] DEBUG org.asynchttpclient.netty.handler.HttpHandler - Channel Closed: [id: 0x2fcf3d0e, L:/127.0.0.1:62568 ! R:localhost/127.0.0.1:52362] with attribute DISCARD
]]></system-out>
    <system-err><![CDATA[Starting ChromeDriver 103.0.5060.134 (8ec6fce403b3feb0869b0732eda8bd95011d333c-refs/branch-heads/5060@{#1262}) on port 52362
Only local connections are allowed.
Please see https://chromedriver.chromium.org/security-considerations for suggestions on keeping ChromeDriver safe.
ChromeDriver was started successfully.
Jul 21, 2022 12:15:53 PM org.openqa.selenium.remote.ProtocolHandshake createSession
INFO: Detected dialect: W3C
Jul 21, 2022 12:15:53 PM org.openqa.selenium.devtools.CdpVersionFinder findNearestMatch
WARNING: Unable to find an exact match for CDP version 103, so returning the closest version found: a no-op implementation
Jul 21, 2022 12:15:53 PM org.openqa.selenium.devtools.CdpVersionFinder findNearestMatch
INFO: Unable to find CDP implementation matching 103.
Jul 21, 2022 12:15:53 PM org.openqa.selenium.chromium.ChromiumDriver lambda$new$3
WARNING: Unable to find version of CDP to use for . You may need to include a dependency on a specific version of the CDP using something similar to `org.seleniumhq.selenium:selenium-devtools-v86:4.1.2` where the version ("v86") matches the version of the chromium-based browser you're using and the version number of the artifact is the same as Selenium's.
]]></system-err>
  </testcase>
  <testcase name="As Admin, I have be able see the list of class" classname="ClassOffline" time="2.484">
    <system-out><![CDATA[12:15:54.649 [main] INFO io.cucumber.core.plugin.SerenityReporter - Running feature from file:///C:/Users/HP/IdeaProjects/Capstone_GYMweb/src/test/resources/features/TC05_ClassOffline.feature
12:15:54.649 [main] DEBUG net.thucydides.core.steps.StepEventBus - Test suite started for story net.thucydides.core.model.Story@3c98ac13
12:15:54.649 [main] INFO  - Test Suite Started: Class offline

Scenario: As Admin, I have be able see the list of class &amp#27;[90m# src/test/resources/features/TC05_ClassOffline.feature:6&amp#27;[0m
12:15:54.649 [main] INFO io.cucumber.core.plugin.SerenityReporter - Running feature from file:///C:/Users/HP/IdeaProjects/Capstone_GYMweb/src/test/resources/features/TC05_ClassOffline.feature
12:15:54.649 [main] INFO  - 
  _____   ___   ___   _____     ___   _____     _     ___   _____   ___   ___  
 |_   _| | __| / __| |_   _|   / __| |_   _|   /_\   | _ \ |_   _| | __| |   \ 
   | |   | _|  \__ \   | |     \__ \   | |    / _ \  |   /   | |   | _|  | |) |
   |_|   |___| |___/   |_|     |___/   |_|   /_/ \_\ |_|_\   |_|   |___| |___/ 

As Admin, I have be able see the list of class(classoffline;as-admin--i-have-be-able-see-the-list-of-class)
--------------------------------------------------------------------------------
12:15:54.649 [main] DEBUG net.thucydides.core.steps.StepInterceptor - STARTING STEP: ClassOfflineManagerScenariosSteps.onTheDashboard - openPage
12:15:54.649 [main] INFO net.serenitybdd.core.webdriver.driverproviders.ChromeDriverProvider - Using automatically driver download
12:15:54.726 [main] DEBUG io.github.bonigarcia.wdm.cache.ResolutionCache - Resolution chrome=103 in cache (valid until 12:40:12 21/07/2022 ICT)
12:15:54.742 [main] DEBUG io.github.bonigarcia.wdm.cache.ResolutionCache - Resolution chrome103=103.0.5060.134 in cache (valid until 09:24:50 22/07/2022 ICT)
12:15:54.742 [main] INFO io.github.bonigarcia.wdm.WebDriverManager - Using chromedriver 103.0.5060.134 (resolved driver for Chrome 103)
12:15:54.742 [main] DEBUG io.github.bonigarcia.wdm.WebDriverManager - Driver chromedriver 103.0.5060.134 found in cache
12:15:54.742 [main] INFO io.github.bonigarcia.wdm.WebDriverManager - Exporting webdriver.chrome.driver as C:\Users\HP\.cache\selenium\chromedriver\win32\103.0.5060.134\chromedriver.exe
12:15:54.823 [main] DEBUG net.serenitybdd.core.webdriver.driverproviders.ProvideNewDriver - Instantiating driver
12:15:54.823 [main] DEBUG net.serenitybdd.core.webdriver.driverproviders.ProvideNewDriver - Driver capabilities: Capabilities {acceptInsecureCerts: false, base.url: https://www.saucedemo.com/, browserName: chrome, chrome.driver: src/test/resources/webdrive..., driver: chrome, goog:chromeOptions: {args: [], extensions: []}}
12:15:55.130 [AsyncHttpClient-1-1] DEBUG org.asynchttpclient.netty.channel.DefaultChannelPool - Entry count for : http://localhost:52362 : 1
12:15:55.130 [AsyncHttpClient-1-1] DEBUG org.asynchttpclient.netty.channel.DefaultChannelPool - Entry count for : http://localhost:62569 : 1
12:15:55.130 [AsyncHttpClient-1-1] DEBUG org.asynchttpclient.netty.channel.DefaultChannelPool - Adding Candidate expired Channel [id: 0x2fcf3d0e, L:/127.0.0.1:62568 ! R:localhost/127.0.0.1:52362] isIdleTimeoutExpired=false isRemotelyClosed=true isTtlExpired=false
12:15:55.130 [AsyncHttpClient-1-1] DEBUG org.asynchttpclient.netty.channel.DefaultChannelPool - Closing Idle Channel [id: 0x2fcf3d0e, L:/127.0.0.1:62568 ! R:localhost/127.0.0.1:52362]
12:15:55.130 [AsyncHttpClient-1-1] DEBUG org.asynchttpclient.netty.channel.DefaultChannelPool - Adding Candidate expired Channel [id: 0xc93dbb44, L:/127.0.0.1:62575 ! R:localhost/127.0.0.1:62569] isIdleTimeoutExpired=false isRemotelyClosed=true isTtlExpired=false
12:15:55.130 [AsyncHttpClient-1-1] DEBUG org.asynchttpclient.netty.channel.DefaultChannelPool - Closing Idle Channel [id: 0xc93dbb44, L:/127.0.0.1:62575 ! R:localhost/127.0.0.1:62569]
12:15:55.130 [AsyncHttpClient-1-1] DEBUG org.asynchttpclient.netty.channel.DefaultChannelPool - Closed 2 connections out of 2 in 0 ms
12:15:55.355 [AsyncHttpClient-1-17] DEBUG org.asynchttpclient.netty.channel.NettyConnectListener - Using new Channel '[id: 0x4d9d8470, L:/127.0.0.1:62585 - R:localhost/127.0.0.1:55994]' for 'POST' to '/session'
12:15:55.823 [AsyncHttpClient-1-17] DEBUG org.asynchttpclient.netty.handler.HttpHandler - 

Request DefaultHttpRequest(decodeResult: success, version: HTTP/1.1)
POST /session HTTP/1.1
User-Agent: selenium/4.1.2 (java windows)
Content-Length: 612
Content-Type: application/json; charset=utf-8
host: localhost:55994
accept: */*

Response DefaultHttpResponse(decodeResult: success, version: HTTP/1.1)
HTTP/1.1 200 OK
Content-Type: application/json; charset=utf-8
cache-control: no-cache
content-length: 790

12:15:55.823 [AsyncHttpClient-1-17] DEBUG org.asynchttpclient.netty.channel.ChannelManager - Adding key: http://localhost:55994 for channel [id: 0x4d9d8470, L:/127.0.0.1:62585 - R:localhost/127.0.0.1:55994]
12:15:55.823 [AsyncHttpClient-1-2] DEBUG org.asynchttpclient.netty.channel.NettyConnectListener - Using new Channel '[id: 0x347c1d57, L:/127.0.0.1:62592 - R:localhost/127.0.0.1:62586]' for 'GET' to '/json/version'
12:15:55.823 [AsyncHttpClient-1-2] DEBUG org.asynchttpclient.netty.handler.HttpHandler - 

Request DefaultFullHttpRequest(decodeResult: success, version: HTTP/1.1, content: EmptyByteBufBE)
GET /json/version HTTP/1.1
User-Agent: selenium/4.1.2 (java windows)
host: localhost:62586
accept: */*

Response DefaultHttpResponse(decodeResult: success, version: HTTP/1.1)
HTTP/1.1 200 OK
Content-Type: application/json; charset=UTF-8
content-length: 429

12:15:55.823 [AsyncHttpClient-1-2] DEBUG org.asynchttpclient.netty.channel.ChannelManager - Adding key: http://localhost:62586 for channel [id: 0x347c1d57, L:/127.0.0.1:62592 - R:localhost/127.0.0.1:62586]
12:15:55.823 [AsyncHttpClient-1-3] DEBUG org.asynchttpclient.netty.channel.NettyConnectListener - Using new Channel '[id: 0x7df2b901, L:/127.0.0.1:62593 - R:localhost/127.0.0.1:62586]' for 'GET' to '/devtools/browser/5bd6c014-5dc8-4159-9e35-99fc94577d26'
12:15:55.823 [AsyncHttpClient-1-3] DEBUG org.asynchttpclient.netty.handler.WebSocketHandler - 

Request DefaultFullHttpRequest(decodeResult: success, version: HTTP/1.1, content: EmptyByteBufBE)
GET /devtools/browser/5bd6c014-5dc8-4159-9e35-99fc94577d26 HTTP/1.1
upgrade: websocket
connection: upgrade
sec-websocket-key: TjycN4wBc3Y4zIU9kHN+hg==
sec-websocket-version: 13
origin: http://localhost:62586
host: localhost:62586
accept: */*
user-agent: AHC/2.1

Response DefaultHttpResponse(decodeResult: success, version: HTTP/1.1)
HTTP/1.1 101 WebSocket Protocol Handshake
Upgrade: WebSocket
Connection: Upgrade
Sec-WebSocket-Accept: TIJ83JWZa0ymsrD2wfNrqvq7jnA=

12:15:55.823 [Forwarding get on session 8afbafea96019647a55932a75332df27 to remote] DEBUG org.asynchttpclient.netty.request.NettyRequestSender - Using pooled Channel '[id: 0x4d9d8470, L:/127.0.0.1:62585 - R:localhost/127.0.0.1:55994]' for 'POST' to 'http://localhost:55994/session/8afbafea96019647a55932a75332df27/url'
12:15:55.823 [Forwarding get on session 8afbafea96019647a55932a75332df27 to remote] DEBUG org.asynchttpclient.netty.request.NettyRequestSender - Using open Channel [id: 0x4d9d8470, L:/127.0.0.1:62585 - R:localhost/127.0.0.1:55994] for POST '/session/8afbafea96019647a55932a75332df27/url'
12:15:56.185 [AsyncHttpClient-1-17] DEBUG org.asynchttpclient.netty.handler.HttpHandler - 

Request DefaultHttpRequest(decodeResult: success, version: HTTP/1.1)
POST /session/8afbafea96019647a55932a75332df27/url HTTP/1.1
User-Agent: selenium/4.1.2 (java windows)
Content-Length: 78
Content-Type: application/json; charset=utf-8
host: localhost:55994
accept: */*

Response DefaultHttpResponse(decodeResult: success, version: HTTP/1.1)
HTTP/1.1 200 OK
Content-Type: application/json; charset=utf-8
cache-control: no-cache
content-length: 14

12:15:56.186 [AsyncHttpClient-1-17] DEBUG org.asynchttpclient.netty.channel.ChannelManager - Adding key: http://localhost:55994 for channel [id: 0x4d9d8470, L:/127.0.0.1:62585 - R:localhost/127.0.0.1:55994]
12:15:56.187 [Forwarding setTimeout on session 8afbafea96019647a55932a75332df27 to remote] DEBUG org.asynchttpclient.netty.request.NettyRequestSender - Using pooled Channel '[id: 0x4d9d8470, L:/127.0.0.1:62585 - R:localhost/127.0.0.1:55994]' for 'POST' to 'http://localhost:55994/session/8afbafea96019647a55932a75332df27/timeouts'
12:15:56.187 [Forwarding setTimeout on session 8afbafea96019647a55932a75332df27 to remote] DEBUG org.asynchttpclient.netty.request.NettyRequestSender - Using open Channel [id: 0x4d9d8470, L:/127.0.0.1:62585 - R:localhost/127.0.0.1:55994] for POST '/session/8afbafea96019647a55932a75332df27/timeouts'
12:15:56.188 [AsyncHttpClient-1-17] DEBUG org.asynchttpclient.netty.handler.HttpHandler - 

Request DefaultHttpRequest(decodeResult: success, version: HTTP/1.1)
POST /session/8afbafea96019647a55932a75332df27/timeouts HTTP/1.1
User-Agent: selenium/4.1.2 (java windows)
Content-Length: 22
Content-Type: application/json; charset=utf-8
host: localhost:55994
accept: */*

Response DefaultHttpResponse(decodeResult: success, version: HTTP/1.1)
HTTP/1.1 200 OK
Content-Type: application/json; charset=utf-8
cache-control: no-cache
content-length: 14

12:15:56.188 [AsyncHttpClient-1-17] DEBUG org.asynchttpclient.netty.channel.ChannelManager - Adding key: http://localhost:55994 for channel [id: 0x4d9d8470, L:/127.0.0.1:62585 - R:localhost/127.0.0.1:55994]
12:15:56.190 [Forwarding getCurrentUrl on session 8afbafea96019647a55932a75332df27 to remote] DEBUG org.asynchttpclient.netty.request.NettyRequestSender - Using pooled Channel '[id: 0x4d9d8470, L:/127.0.0.1:62585 - R:localhost/127.0.0.1:55994]' for 'GET' to 'http://localhost:55994/session/8afbafea96019647a55932a75332df27/url'
12:15:56.190 [Forwarding getCurrentUrl on session 8afbafea96019647a55932a75332df27 to remote] DEBUG org.asynchttpclient.netty.request.NettyRequestSender - Using open Channel [id: 0x4d9d8470, L:/127.0.0.1:62585 - R:localhost/127.0.0.1:55994] for GET '/session/8afbafea96019647a55932a75332df27/url'
12:15:56.196 [AsyncHttpClient-1-17] DEBUG org.asynchttpclient.netty.handler.HttpHandler - 

Request DefaultFullHttpRequest(decodeResult: success, version: HTTP/1.1, content: EmptyByteBufBE)
GET /session/8afbafea96019647a55932a75332df27/url HTTP/1.1
User-Agent: selenium/4.1.2 (java windows)
Cache-Control: no-cache
Content-Type: application/json; charset=utf-8
host: localhost:55994
accept: */*

Response DefaultHttpResponse(decodeResult: success, version: HTTP/1.1)
HTTP/1.1 200 OK
Content-Type: application/json; charset=utf-8
cache-control: no-cache
content-length: 61

12:15:56.196 [AsyncHttpClient-1-17] DEBUG org.asynchttpclient.netty.channel.ChannelManager - Adding key: http://localhost:55994 for channel [id: 0x4d9d8470, L:/127.0.0.1:62585 - R:localhost/127.0.0.1:55994]
12:15:56.198 [main] DEBUG net.serenitybdd.core.photography.Darkroom - Opening darkroom
12:15:56.199 [Darkroom Processing Line] DEBUG net.serenitybdd.core.photography.DarkroomProcessingLine - Darkroom processing line starting up
12:15:56.199 [Forwarding screenshot on session 8afbafea96019647a55932a75332df27 to remote] DEBUG org.asynchttpclient.netty.request.NettyRequestSender - Using pooled Channel '[id: 0x4d9d8470, L:/127.0.0.1:62585 - R:localhost/127.0.0.1:55994]' for 'GET' to 'http://localhost:55994/session/8afbafea96019647a55932a75332df27/screenshot'
12:15:56.199 [Forwarding screenshot on session 8afbafea96019647a55932a75332df27 to remote] DEBUG org.asynchttpclient.netty.request.NettyRequestSender - Using open Channel [id: 0x4d9d8470, L:/127.0.0.1:62585 - R:localhost/127.0.0.1:55994] for GET '/session/8afbafea96019647a55932a75332df27/screenshot'
12:15:56.230 [AsyncHttpClient-1-1] DEBUG org.asynchttpclient.netty.channel.DefaultChannelPool - Entry count for : http://localhost:62586 : 1
12:15:56.251 [AsyncHttpClient-1-17] DEBUG org.asynchttpclient.netty.handler.HttpHandler - 

Request DefaultFullHttpRequest(decodeResult: success, version: HTTP/1.1, content: EmptyByteBufBE)
GET /session/8afbafea96019647a55932a75332df27/screenshot HTTP/1.1
User-Agent: selenium/4.1.2 (java windows)
Cache-Control: no-cache
Content-Type: application/json; charset=utf-8
host: localhost:55994
accept: */*

Response DefaultHttpResponse(decodeResult: success, version: HTTP/1.1)
HTTP/1.1 200 OK
Content-Type: application/json; charset=utf-8
cache-control: no-cache
content-length: 49332

12:15:56.251 [AsyncHttpClient-1-17] DEBUG org.asynchttpclient.netty.channel.ChannelManager - Adding key: http://localhost:55994 for channel [id: 0x4d9d8470, L:/127.0.0.1:62585 - R:localhost/127.0.0.1:55994]
12:15:56.266 [main] DEBUG net.serenitybdd.core.photography.Darkroom - Send negative for processing for target\site\serenity\9e8e68d9a65763409aff2db4eec0c04e09c73d895019de464ac0f57502b5f694.png
12:15:56.266 [main] DEBUG net.thucydides.core.steps.StepInterceptor - STEP DONE: openPage
  &amp#27;[32mGiven &amp#27;[0m&amp#27;[32mI am in dashboard page&amp#27;[0m                           &amp#27;[90m# starter.stepdefinitions.ClassOfflineManagerScenariosSteps.onTheDashboard()&amp#27;[0m
12:15:56.266 [Forwarding findElement on session 8afbafea96019647a55932a75332df27 to remote] DEBUG org.asynchttpclient.netty.request.NettyRequestSender - Using pooled Channel '[id: 0x4d9d8470, L:/127.0.0.1:62585 - R:localhost/127.0.0.1:55994]' for 'POST' to 'http://localhost:55994/session/8afbafea96019647a55932a75332df27/element'
12:15:56.266 [Forwarding findElement on session 8afbafea96019647a55932a75332df27 to remote] DEBUG org.asynchttpclient.netty.request.NettyRequestSender - Using open Channel [id: 0x4d9d8470, L:/127.0.0.1:62585 - R:localhost/127.0.0.1:55994] for POST '/session/8afbafea96019647a55932a75332df27/element'
12:15:56.266 [AsyncHttpClient-1-17] DEBUG org.asynchttpclient.netty.handler.HttpHandler - 

Request DefaultHttpRequest(decodeResult: success, version: HTTP/1.1)
POST /session/8afbafea96019647a55932a75332df27/element HTTP/1.1
User-Agent: selenium/4.1.2 (java windows)
Content-Length: 131
Content-Type: application/json; charset=utf-8
host: localhost:55994
accept: */*

Response DefaultHttpResponse(decodeResult: success, version: HTTP/1.1)
HTTP/1.1 200 OK
Content-Type: application/json; charset=utf-8
cache-control: no-cache
content-length: 88

12:15:56.266 [AsyncHttpClient-1-17] DEBUG org.asynchttpclient.netty.channel.ChannelManager - Adding key: http://localhost:55994 for channel [id: 0x4d9d8470, L:/127.0.0.1:62585 - R:localhost/127.0.0.1:55994]
12:15:56.282 [Forwarding getElementTagName on session 8afbafea96019647a55932a75332df27 to remote] DEBUG org.asynchttpclient.netty.request.NettyRequestSender - Using pooled Channel '[id: 0x4d9d8470, L:/127.0.0.1:62585 - R:localhost/127.0.0.1:55994]' for 'GET' to 'http://localhost:55994/session/8afbafea96019647a55932a75332df27/element/82447491-bd2c-4af9-a85c-e84409bf596e/name'
12:15:56.282 [Forwarding getElementTagName on session 8afbafea96019647a55932a75332df27 to remote] DEBUG org.asynchttpclient.netty.request.NettyRequestSender - Using open Channel [id: 0x4d9d8470, L:/127.0.0.1:62585 - R:localhost/127.0.0.1:55994] for GET '/session/8afbafea96019647a55932a75332df27/element/82447491-bd2c-4af9-a85c-e84409bf596e/name'
12:15:56.282 [AsyncHttpClient-1-17] DEBUG org.asynchttpclient.netty.handler.HttpHandler - 

Request DefaultFullHttpRequest(decodeResult: success, version: HTTP/1.1, content: EmptyByteBufBE)
GET /session/8afbafea96019647a55932a75332df27/element/82447491-bd2c-4af9-a85c-e84409bf596e/name HTTP/1.1
User-Agent: selenium/4.1.2 (java windows)
Cache-Control: no-cache
Content-Type: application/json; charset=utf-8
host: localhost:55994
accept: */*

Response DefaultHttpResponse(decodeResult: success, version: HTTP/1.1)
HTTP/1.1 200 OK
Content-Type: application/json; charset=utf-8
cache-control: no-cache
content-length: 16

12:15:56.282 [AsyncHttpClient-1-17] DEBUG org.asynchttpclient.netty.channel.ChannelManager - Adding key: http://localhost:55994 for channel [id: 0x4d9d8470, L:/127.0.0.1:62585 - R:localhost/127.0.0.1:55994]
12:15:56.282 [Forwarding getElementTagName on session 8afbafea96019647a55932a75332df27 to remote] DEBUG org.asynchttpclient.netty.request.NettyRequestSender - Using pooled Channel '[id: 0x4d9d8470, L:/127.0.0.1:62585 - R:localhost/127.0.0.1:55994]' for 'GET' to 'http://localhost:55994/session/8afbafea96019647a55932a75332df27/element/82447491-bd2c-4af9-a85c-e84409bf596e/name'
12:15:56.282 [Forwarding getElementTagName on session 8afbafea96019647a55932a75332df27 to remote] DEBUG org.asynchttpclient.netty.request.NettyRequestSender - Using open Channel [id: 0x4d9d8470, L:/127.0.0.1:62585 - R:localhost/127.0.0.1:55994] for GET '/session/8afbafea96019647a55932a75332df27/element/82447491-bd2c-4af9-a85c-e84409bf596e/name'
12:15:56.282 [AsyncHttpClient-1-17] DEBUG org.asynchttpclient.netty.handler.HttpHandler - 

Request DefaultFullHttpRequest(decodeResult: success, version: HTTP/1.1, content: EmptyByteBufBE)
GET /session/8afbafea96019647a55932a75332df27/element/82447491-bd2c-4af9-a85c-e84409bf596e/name HTTP/1.1
User-Agent: selenium/4.1.2 (java windows)
Cache-Control: no-cache
Content-Type: application/json; charset=utf-8
host: localhost:55994
accept: */*

Response DefaultHttpResponse(decodeResult: success, version: HTTP/1.1)
HTTP/1.1 200 OK
Content-Type: application/json; charset=utf-8
cache-control: no-cache
content-length: 16

12:15:56.282 [AsyncHttpClient-1-17] DEBUG org.asynchttpclient.netty.channel.ChannelManager - Adding key: http://localhost:55994 for channel [id: 0x4d9d8470, L:/127.0.0.1:62585 - R:localhost/127.0.0.1:55994]
12:15:56.282 [Forwarding findElement on session 8afbafea96019647a55932a75332df27 to remote] DEBUG org.asynchttpclient.netty.request.NettyRequestSender - Using pooled Channel '[id: 0x4d9d8470, L:/127.0.0.1:62585 - R:localhost/127.0.0.1:55994]' for 'POST' to 'http://localhost:55994/session/8afbafea96019647a55932a75332df27/element'
12:15:56.282 [Forwarding findElement on session 8afbafea96019647a55932a75332df27 to remote] DEBUG org.asynchttpclient.netty.request.NettyRequestSender - Using open Channel [id: 0x4d9d8470, L:/127.0.0.1:62585 - R:localhost/127.0.0.1:55994] for POST '/session/8afbafea96019647a55932a75332df27/element'
12:15:56.282 [AsyncHttpClient-1-17] DEBUG org.asynchttpclient.netty.handler.HttpHandler - 

Request DefaultHttpRequest(decodeResult: success, version: HTTP/1.1)
POST /session/8afbafea96019647a55932a75332df27/element HTTP/1.1
User-Agent: selenium/4.1.2 (java windows)
Content-Length: 131
Content-Type: application/json; charset=utf-8
host: localhost:55994
accept: */*

Response DefaultHttpResponse(decodeResult: success, version: HTTP/1.1)
HTTP/1.1 200 OK
Content-Type: application/json; charset=utf-8
cache-control: no-cache
content-length: 88

12:15:56.282 [AsyncHttpClient-1-17] DEBUG org.asynchttpclient.netty.channel.ChannelManager - Adding key: http://localhost:55994 for channel [id: 0x4d9d8470, L:/127.0.0.1:62585 - R:localhost/127.0.0.1:55994]
12:15:56.282 [Forwarding clickElement on session 8afbafea96019647a55932a75332df27 to remote] DEBUG org.asynchttpclient.netty.request.NettyRequestSender - Using pooled Channel '[id: 0x4d9d8470, L:/127.0.0.1:62585 - R:localhost/127.0.0.1:55994]' for 'POST' to 'http://localhost:55994/session/8afbafea96019647a55932a75332df27/element/82447491-bd2c-4af9-a85c-e84409bf596e/click'
12:15:56.282 [Forwarding clickElement on session 8afbafea96019647a55932a75332df27 to remote] DEBUG org.asynchttpclient.netty.request.NettyRequestSender - Using open Channel [id: 0x4d9d8470, L:/127.0.0.1:62585 - R:localhost/127.0.0.1:55994] for POST '/session/8afbafea96019647a55932a75332df27/element/82447491-bd2c-4af9-a85c-e84409bf596e/click'
12:15:56.336 [AsyncHttpClient-1-17] DEBUG org.asynchttpclient.netty.handler.HttpHandler - 

Request DefaultHttpRequest(decodeResult: success, version: HTTP/1.1)
POST /session/8afbafea96019647a55932a75332df27/element/82447491-bd2c-4af9-a85c-e84409bf596e/click HTTP/1.1
User-Agent: selenium/4.1.2 (java windows)
Content-Length: 50
Content-Type: application/json; charset=utf-8
host: localhost:55994
accept: */*

Response DefaultHttpResponse(decodeResult: success, version: HTTP/1.1)
HTTP/1.1 200 OK
Content-Type: application/json; charset=utf-8
cache-control: no-cache
content-length: 14

12:15:56.336 [AsyncHttpClient-1-17] DEBUG org.asynchttpclient.netty.channel.ChannelManager - Adding key: http://localhost:55994 for channel [id: 0x4d9d8470, L:/127.0.0.1:62585 - R:localhost/127.0.0.1:55994]
  &amp#27;[32mWhen &amp#27;[0m&amp#27;[32mI click class offline manage page button&amp#27;[0m          &amp#27;[90m# starter.stepdefinitions.ClassOfflineManagerScenariosSteps.clickMembershipBtn()&amp#27;[0m
12:15:56.341 [Forwarding screenshot on session 8afbafea96019647a55932a75332df27 to remote] DEBUG org.asynchttpclient.netty.request.NettyRequestSender - Using pooled Channel '[id: 0x4d9d8470, L:/127.0.0.1:62585 - R:localhost/127.0.0.1:55994]' for 'GET' to 'http://localhost:55994/session/8afbafea96019647a55932a75332df27/screenshot'
12:15:56.341 [Forwarding screenshot on session 8afbafea96019647a55932a75332df27 to remote] DEBUG org.asynchttpclient.netty.request.NettyRequestSender - Using open Channel [id: 0x4d9d8470, L:/127.0.0.1:62585 - R:localhost/127.0.0.1:55994] for GET '/session/8afbafea96019647a55932a75332df27/screenshot'
12:15:56.506 [AsyncHttpClient-1-17] DEBUG org.asynchttpclient.netty.handler.HttpHandler - 

Request DefaultFullHttpRequest(decodeResult: success, version: HTTP/1.1, content: EmptyByteBufBE)
GET /session/8afbafea96019647a55932a75332df27/screenshot HTTP/1.1
User-Agent: selenium/4.1.2 (java windows)
Cache-Control: no-cache
Content-Type: application/json; charset=utf-8
host: localhost:55994
accept: */*

Response DefaultHttpResponse(decodeResult: success, version: HTTP/1.1)
HTTP/1.1 200 OK
Content-Type: application/json; charset=utf-8
cache-control: no-cache
content-length: 116760

12:15:56.506 [AsyncHttpClient-1-17] DEBUG org.asynchttpclient.netty.channel.ChannelManager - Adding key: http://localhost:55994 for channel [id: 0x4d9d8470, L:/127.0.0.1:62585 - R:localhost/127.0.0.1:55994]
12:15:56.509 [main] DEBUG net.serenitybdd.core.photography.Darkroom - Send negative for processing for target\site\serenity\c4aaa2701238c83227095f3cae3d733fb67e7a90c5c09b3a87d1047bcf4a51b3.png
12:15:56.509 [Darkroom Processing Line] DEBUG net.serenitybdd.core.photography.DarkroomProcessingLine - Processing screenshot image in /var/screenshots/screenshot-7275550312274331970
12:15:56.510 [Darkroom Processing Line] DEBUG net.serenitybdd.core.photography.DarkroomProcessingLine - Saving screenshot to target\site\serenity\c4aaa2701238c83227095f3cae3d733fb67e7a90c5c09b3a87d1047bcf4a51b3.png
12:15:56.513 [Forwarding findElement on session 8afbafea96019647a55932a75332df27 to remote] DEBUG org.asynchttpclient.netty.request.NettyRequestSender - Using pooled Channel '[id: 0x4d9d8470, L:/127.0.0.1:62585 - R:localhost/127.0.0.1:55994]' for 'POST' to 'http://localhost:55994/session/8afbafea96019647a55932a75332df27/element'
12:15:56.513 [Forwarding findElement on session 8afbafea96019647a55932a75332df27 to remote] DEBUG org.asynchttpclient.netty.request.NettyRequestSender - Using open Channel [id: 0x4d9d8470, L:/127.0.0.1:62585 - R:localhost/127.0.0.1:55994] for POST '/session/8afbafea96019647a55932a75332df27/element'
12:15:56.521 [AsyncHttpClient-1-17] DEBUG org.asynchttpclient.netty.handler.HttpHandler - 

Request DefaultHttpRequest(decodeResult: success, version: HTTP/1.1)
POST /session/8afbafea96019647a55932a75332df27/element HTTP/1.1
User-Agent: selenium/4.1.2 (java windows)
Content-Length: 131
Content-Type: application/json; charset=utf-8
host: localhost:55994
accept: */*

Response DefaultHttpResponse(decodeResult: success, version: HTTP/1.1)
HTTP/1.1 200 OK
Content-Type: application/json; charset=utf-8
cache-control: no-cache
content-length: 88

12:15:56.521 [AsyncHttpClient-1-17] DEBUG org.asynchttpclient.netty.channel.ChannelManager - Adding key: http://localhost:55994 for channel [id: 0x4d9d8470, L:/127.0.0.1:62585 - R:localhost/127.0.0.1:55994]
12:15:56.523 [Forwarding isElementDisplayed on session 8afbafea96019647a55932a75332df27 to remote] DEBUG org.asynchttpclient.netty.request.NettyRequestSender - Using pooled Channel '[id: 0x4d9d8470, L:/127.0.0.1:62585 - R:localhost/127.0.0.1:55994]' for 'POST' to 'http://localhost:55994/session/8afbafea96019647a55932a75332df27/execute/sync'
12:15:56.523 [Forwarding isElementDisplayed on session 8afbafea96019647a55932a75332df27 to remote] DEBUG org.asynchttpclient.netty.request.NettyRequestSender - Using open Channel [id: 0x4d9d8470, L:/127.0.0.1:62585 - R:localhost/127.0.0.1:55994] for POST '/session/8afbafea96019647a55932a75332df27/execute/sync'
12:15:56.532 [AsyncHttpClient-1-17] DEBUG org.asynchttpclient.netty.handler.HttpHandler - 

Request DefaultHttpRequest(decodeResult: success, version: HTTP/1.1)
POST /session/8afbafea96019647a55932a75332df27/execute/sync HTTP/1.1
User-Agent: selenium/4.1.2 (java windows)
Content-Length: 48780
Content-Type: application/json; charset=utf-8
host: localhost:55994
accept: */*

Response DefaultHttpResponse(decodeResult: success, version: HTTP/1.1)
HTTP/1.1 200 OK
Content-Type: application/json; charset=utf-8
cache-control: no-cache
content-length: 14

12:15:56.532 [AsyncHttpClient-1-17] DEBUG org.asynchttpclient.netty.channel.ChannelManager - Adding key: http://localhost:55994 for channel [id: 0x4d9d8470, L:/127.0.0.1:62585 - R:localhost/127.0.0.1:55994]
  &amp#27;[32mThen &amp#27;[0m&amp#27;[32mi see the list of offline class&amp#27;[0m                   &amp#27;[90m# starter.stepdefinitions.ClassOfflineManagerScenariosSteps.seeMembershipInformation()&amp#27;[0m
12:15:56.533 [main] INFO  - 
  _____   ___   ___   _____     ___     _     ___   ___   ___   ___  
 |_   _| | __| / __| |_   _|   | _ \   /_\   / __| / __| | __| |   \ 
   | |   | _|  \__ \   | |     |  _/  / _ \  \__ \ \__ \ | _|  | |) |
   |_|   |___| |___/   |_|     |_|   /_/ \_\ |___/ |___/ |___| |___/ 

As Admin, I have be able see the list of class
----------------------------------------------------------------------
12:15:56.536 [AsyncHttpClient-1-3] DEBUG org.asynchttpclient.netty.handler.WebSocketHandler - Channel Closed: [id: 0x7df2b901, L:/127.0.0.1:62593 ! R:localhost/127.0.0.1:62586] with attribute NettyResponseFuture{currentRetry=5,
	isDone=1,
	isCancelled=0,
	asyncHandler=org.asynchttpclient.ws.WebSocketUpgradeHandler@3fde1dd1,
	nettyRequest=org.asynchttpclient.netty.request.NettyRequest@46bdfc2c,
	future=java.util.concurrent.CompletableFuture@3828a5be[Completed normally],
	uri=ws://localhost:62586/devtools/browser/5bd6c014-5dc8-4159-9e35-99fc94577d26,
	keepAlive=true,
	redirectCount=0,
	timeoutsHolder=null,
	inAuth=0,
	touch=1658380555823}
12:15:56.536 [AsyncHttpClient-1-3] DEBUG org.asynchttpclient.netty.channel.ChannelManager - Closing Channel [id: 0x7df2b901, L:/127.0.0.1:62593 ! R:localhost/127.0.0.1:62586] 
12:15:56.536 [Driver Command Executor] DEBUG org.asynchttpclient.netty.request.NettyRequestSender - Using pooled Channel '[id: 0x4d9d8470, L:/127.0.0.1:62585 - R:localhost/127.0.0.1:55994]' for 'DELETE' to 'http://localhost:55994/session/8afbafea96019647a55932a75332df27'
12:15:56.536 [Driver Command Executor] DEBUG org.asynchttpclient.netty.request.NettyRequestSender - Using open Channel [id: 0x4d9d8470, L:/127.0.0.1:62585 - R:localhost/127.0.0.1:55994] for DELETE '/session/8afbafea96019647a55932a75332df27'
12:15:56.562 [AsyncHttpClient-1-2] DEBUG org.asynchttpclient.netty.handler.HttpHandler - Unexpected I/O exception on channel [id: 0x347c1d57, L:/127.0.0.1:62592 - R:localhost/127.0.0.1:62586]
java.io.IOException: An existing connection was forcibly closed by the remote host
	at sun.nio.ch.SocketDispatcher.read0(Native Method)
	at sun.nio.ch.SocketDispatcher.read(SocketDispatcher.java:43)
	at sun.nio.ch.IOUtil.readIntoNativeBuffer(IOUtil.java:223)
	at sun.nio.ch.IOUtil.read(IOUtil.java:192)
	at sun.nio.ch.SocketChannelImpl.read(SocketChannelImpl.java:378)
	at io.netty.buffer.PooledByteBuf.setBytes(PooledByteBuf.java:258)
	at io.netty.buffer.AbstractByteBuf.writeBytes(AbstractByteBuf.java:1132)
	at io.netty.channel.socket.nio.NioSocketChannel.doReadBytes(NioSocketChannel.java:350)
	at io.netty.channel.nio.AbstractNioByteChannel$NioByteUnsafe.read(AbstractNioByteChannel.java:151)
	at io.netty.channel.nio.NioEventLoop.processSelectedKey(NioEventLoop.java:722)
	at io.netty.channel.nio.NioEventLoop.processSelectedKeysOptimized(NioEventLoop.java:658)
	at io.netty.channel.nio.NioEventLoop.processSelectedKeys(NioEventLoop.java:584)
	at io.netty.channel.nio.NioEventLoop.run(NioEventLoop.java:496)
	at io.netty.util.concurrent.SingleThreadEventExecutor$4.run(SingleThreadEventExecutor.java:986)
	at io.netty.util.internal.ThreadExecutorMap$2.run(ThreadExecutorMap.java:74)
	at io.netty.util.concurrent.FastThreadLocalRunnable.run(FastThreadLocalRunnable.java:30)
	at java.lang.Thread.run(Thread.java:750)
12:15:56.563 [AsyncHttpClient-1-2] DEBUG org.asynchttpclient.netty.channel.ChannelManager - Closing Channel [id: 0x347c1d57, L:/127.0.0.1:62592 - R:localhost/127.0.0.1:62586] 
12:15:56.563 [AsyncHttpClient-1-2] DEBUG org.asynchttpclient.netty.handler.HttpHandler - Channel Closed: [id: 0x347c1d57, L:/127.0.0.1:62592 ! R:localhost/127.0.0.1:62586] with attribute DISCARD
12:15:56.569 [AsyncHttpClient-1-17] DEBUG org.asynchttpclient.netty.handler.HttpHandler - 

Request DefaultFullHttpRequest(decodeResult: success, version: HTTP/1.1, content: EmptyByteBufBE)
DELETE /session/8afbafea96019647a55932a75332df27 HTTP/1.1
User-Agent: selenium/4.1.2 (java windows)
Content-Type: application/json; charset=utf-8
host: localhost:55994
accept: */*

Response DefaultHttpResponse(decodeResult: success, version: HTTP/1.1)
HTTP/1.1 200 OK
Content-Type: application/json; charset=utf-8
cache-control: no-cache
content-length: 14

12:15:56.570 [AsyncHttpClient-1-17] DEBUG org.asynchttpclient.netty.channel.ChannelManager - Adding key: http://localhost:55994 for channel [id: 0x4d9d8470, L:/127.0.0.1:62585 - R:localhost/127.0.0.1:55994]
12:15:56.608 [AsyncHttpClient-1-17] DEBUG org.asynchttpclient.netty.handler.HttpHandler - Channel Closed: [id: 0x4d9d8470, L:/127.0.0.1:62585 ! R:localhost/127.0.0.1:55994] with attribute DISCARD
]]></system-out>
    <system-err><![CDATA[Starting ChromeDriver 103.0.5060.134 (8ec6fce403b3feb0869b0732eda8bd95011d333c-refs/branch-heads/5060@{#1262}) on port 55994
Only local connections are allowed.
Please see https://chromedriver.chromium.org/security-considerations for suggestions on keeping ChromeDriver safe.
ChromeDriver was started successfully.
Jul 21, 2022 12:15:55 PM org.openqa.selenium.remote.ProtocolHandshake createSession
INFO: Detected dialect: W3C
Jul 21, 2022 12:15:55 PM org.openqa.selenium.devtools.CdpVersionFinder findNearestMatch
WARNING: Unable to find an exact match for CDP version 103, so returning the closest version found: a no-op implementation
Jul 21, 2022 12:15:55 PM org.openqa.selenium.devtools.CdpVersionFinder findNearestMatch
INFO: Unable to find CDP implementation matching 103.
Jul 21, 2022 12:15:55 PM org.openqa.selenium.chromium.ChromiumDriver lambda$new$3
WARNING: Unable to find version of CDP to use for . You may need to include a dependency on a specific version of the CDP using something similar to `org.seleniumhq.selenium:selenium-devtools-v86:4.1.2` where the version ("v86") matches the version of the chromium-based browser you're using and the version number of the artifact is the same as Selenium's.
]]></system-err>
  </testcase>
  <testcase name="As Admin, I have be able see the list of class" classname="ClassOnline" time="2.5">
    <system-out><![CDATA[12:15:57.133 [main] INFO io.cucumber.core.plugin.SerenityReporter - Running feature from file:///C:/Users/HP/IdeaProjects/Capstone_GYMweb/src/test/resources/features/TC06_ClassOnline.feature
12:15:57.133 [main] DEBUG net.thucydides.core.steps.StepEventBus - Test suite started for story net.thucydides.core.model.Story@ad322ede
12:15:57.133 [main] INFO  - Test Suite Started: Class online

Scenario: As Admin, I have be able see the list of class &amp#27;[90m# src/test/resources/features/TC06_ClassOnline.feature:6&amp#27;[0m
12:15:57.133 [main] INFO io.cucumber.core.plugin.SerenityReporter - Running feature from file:///C:/Users/HP/IdeaProjects/Capstone_GYMweb/src/test/resources/features/TC06_ClassOnline.feature
12:15:57.133 [main] INFO  - 
  _____   ___   ___   _____     ___   _____     _     ___   _____   ___   ___  
 |_   _| | __| / __| |_   _|   / __| |_   _|   /_\   | _ \ |_   _| | __| |   \ 
   | |   | _|  \__ \   | |     \__ \   | |    / _ \  |   /   | |   | _|  | |) |
   |_|   |___| |___/   |_|     |___/   |_|   /_/ \_\ |_|_\   |_|   |___| |___/ 

As Admin, I have be able see the list of class(classonline;as-admin--i-have-be-able-see-the-list-of-class)
--------------------------------------------------------------------------------
12:15:57.133 [main] DEBUG net.thucydides.core.steps.StepInterceptor - STARTING STEP: ClassOnlineManageScenarioSteps.onTheDashboard - openPage
12:15:57.133 [main] INFO net.serenitybdd.core.webdriver.driverproviders.ChromeDriverProvider - Using automatically driver download
12:15:57.211 [main] DEBUG io.github.bonigarcia.wdm.cache.ResolutionCache - Resolution chrome=103 in cache (valid until 12:40:12 21/07/2022 ICT)
12:15:57.211 [main] DEBUG io.github.bonigarcia.wdm.cache.ResolutionCache - Resolution chrome103=103.0.5060.134 in cache (valid until 09:24:50 22/07/2022 ICT)
12:15:57.211 [main] INFO io.github.bonigarcia.wdm.WebDriverManager - Using chromedriver 103.0.5060.134 (resolved driver for Chrome 103)
12:15:57.227 [main] DEBUG io.github.bonigarcia.wdm.WebDriverManager - Driver chromedriver 103.0.5060.134 found in cache
12:15:57.227 [main] INFO io.github.bonigarcia.wdm.WebDriverManager - Exporting webdriver.chrome.driver as C:\Users\HP\.cache\selenium\chromedriver\win32\103.0.5060.134\chromedriver.exe
12:15:57.324 [AsyncHttpClient-1-1] DEBUG org.asynchttpclient.netty.channel.DefaultChannelPool - Entry count for : http://localhost:62586 : 1
12:15:57.324 [AsyncHttpClient-1-1] DEBUG org.asynchttpclient.netty.channel.DefaultChannelPool - Entry count for : http://localhost:55994 : 1
12:15:57.324 [AsyncHttpClient-1-1] DEBUG org.asynchttpclient.netty.channel.DefaultChannelPool - Adding Candidate expired Channel [id: 0x347c1d57, L:/127.0.0.1:62592 ! R:localhost/127.0.0.1:62586] isIdleTimeoutExpired=false isRemotelyClosed=true isTtlExpired=false
12:15:57.324 [AsyncHttpClient-1-1] DEBUG org.asynchttpclient.netty.channel.DefaultChannelPool - Closing Idle Channel [id: 0x347c1d57, L:/127.0.0.1:62592 ! R:localhost/127.0.0.1:62586]
12:15:57.324 [AsyncHttpClient-1-1] DEBUG org.asynchttpclient.netty.channel.DefaultChannelPool - Adding Candidate expired Channel [id: 0x4d9d8470, L:/127.0.0.1:62585 ! R:localhost/127.0.0.1:55994] isIdleTimeoutExpired=false isRemotelyClosed=true isTtlExpired=false
12:15:57.324 [AsyncHttpClient-1-1] DEBUG org.asynchttpclient.netty.channel.DefaultChannelPool - Closing Idle Channel [id: 0x4d9d8470, L:/127.0.0.1:62585 ! R:localhost/127.0.0.1:55994]
12:15:57.324 [AsyncHttpClient-1-1] DEBUG org.asynchttpclient.netty.channel.DefaultChannelPool - Closed 2 connections out of 2 in 0 ms
12:15:57.324 [main] DEBUG net.serenitybdd.core.webdriver.driverproviders.ProvideNewDriver - Instantiating driver
12:15:57.324 [main] DEBUG net.serenitybdd.core.webdriver.driverproviders.ProvideNewDriver - Driver capabilities: Capabilities {acceptInsecureCerts: false, base.url: https://www.saucedemo.com/, browserName: chrome, chrome.driver: src/test/resources/webdrive..., driver: chrome, goog:chromeOptions: {args: [], extensions: []}}
12:15:57.855 [AsyncHttpClient-1-4] DEBUG org.asynchttpclient.netty.channel.NettyConnectListener - Using new Channel '[id: 0x09a21bb6, L:/127.0.0.1:62602 - R:localhost/127.0.0.1:62927]' for 'POST' to '/session'
12:15:58.312 [AsyncHttpClient-1-4] DEBUG org.asynchttpclient.netty.handler.HttpHandler - 

Request DefaultHttpRequest(decodeResult: success, version: HTTP/1.1)
POST /session HTTP/1.1
User-Agent: selenium/4.1.2 (java windows)
Content-Length: 612
Content-Type: application/json; charset=utf-8
host: localhost:62927
accept: */*

Response DefaultHttpResponse(decodeResult: success, version: HTTP/1.1)
HTTP/1.1 200 OK
Content-Type: application/json; charset=utf-8
cache-control: no-cache
content-length: 790

12:15:58.312 [AsyncHttpClient-1-4] DEBUG org.asynchttpclient.netty.channel.ChannelManager - Adding key: http://localhost:62927 for channel [id: 0x09a21bb6, L:/127.0.0.1:62602 - R:localhost/127.0.0.1:62927]
12:15:58.324 [AsyncHttpClient-1-5] DEBUG org.asynchttpclient.netty.channel.NettyConnectListener - Using new Channel '[id: 0xbdbc57b2, L:/127.0.0.1:62609 - R:localhost/127.0.0.1:62603]' for 'GET' to '/json/version'
12:15:58.325 [AsyncHttpClient-1-5] DEBUG org.asynchttpclient.netty.handler.HttpHandler - 

Request DefaultFullHttpRequest(decodeResult: success, version: HTTP/1.1, content: EmptyByteBufBE)
GET /json/version HTTP/1.1
User-Agent: selenium/4.1.2 (java windows)
host: localhost:62603
accept: */*

Response DefaultHttpResponse(decodeResult: success, version: HTTP/1.1)
HTTP/1.1 200 OK
Content-Type: application/json; charset=UTF-8
content-length: 429

12:15:58.325 [AsyncHttpClient-1-5] DEBUG org.asynchttpclient.netty.channel.ChannelManager - Adding key: http://localhost:62603 for channel [id: 0xbdbc57b2, L:/127.0.0.1:62609 - R:localhost/127.0.0.1:62603]
12:15:58.326 [AsyncHttpClient-1-6] DEBUG org.asynchttpclient.netty.channel.NettyConnectListener - Using new Channel '[id: 0x7ba1e9d5, L:/127.0.0.1:62610 - R:localhost/127.0.0.1:62603]' for 'GET' to '/devtools/browser/9c359512-c919-40d7-b210-5a7531436084'
12:15:58.326 [AsyncHttpClient-1-6] DEBUG org.asynchttpclient.netty.handler.WebSocketHandler - 

Request DefaultFullHttpRequest(decodeResult: success, version: HTTP/1.1, content: EmptyByteBufBE)
GET /devtools/browser/9c359512-c919-40d7-b210-5a7531436084 HTTP/1.1
upgrade: websocket
connection: upgrade
sec-websocket-key: ubicQxqGhfL4RZIbi3KaRw==
sec-websocket-version: 13
origin: http://localhost:62603
host: localhost:62603
accept: */*
user-agent: AHC/2.1

Response DefaultHttpResponse(decodeResult: success, version: HTTP/1.1)
HTTP/1.1 101 WebSocket Protocol Handshake
Upgrade: WebSocket
Connection: Upgrade
Sec-WebSocket-Accept: N6a+q28P2PFZ8sDjs8+2HoRb+Xw=

12:15:58.328 [Forwarding get on session e06afe7e4fd0f18cb224d57da33e8f2a to remote] DEBUG org.asynchttpclient.netty.request.NettyRequestSender - Using pooled Channel '[id: 0x09a21bb6, L:/127.0.0.1:62602 - R:localhost/127.0.0.1:62927]' for 'POST' to 'http://localhost:62927/session/e06afe7e4fd0f18cb224d57da33e8f2a/url'
12:15:58.328 [Forwarding get on session e06afe7e4fd0f18cb224d57da33e8f2a to remote] DEBUG org.asynchttpclient.netty.request.NettyRequestSender - Using open Channel [id: 0x09a21bb6, L:/127.0.0.1:62602 - R:localhost/127.0.0.1:62927] for POST '/session/e06afe7e4fd0f18cb224d57da33e8f2a/url'
12:15:58.423 [AsyncHttpClient-1-1] DEBUG org.asynchttpclient.netty.channel.DefaultChannelPool - Entry count for : http://localhost:62603 : 1
12:15:58.677 [AsyncHttpClient-1-4] DEBUG org.asynchttpclient.netty.handler.HttpHandler - 

Request DefaultHttpRequest(decodeResult: success, version: HTTP/1.1)
POST /session/e06afe7e4fd0f18cb224d57da33e8f2a/url HTTP/1.1
User-Agent: selenium/4.1.2 (java windows)
Content-Length: 78
Content-Type: application/json; charset=utf-8
host: localhost:62927
accept: */*

Response DefaultHttpResponse(decodeResult: success, version: HTTP/1.1)
HTTP/1.1 200 OK
Content-Type: application/json; charset=utf-8
cache-control: no-cache
content-length: 14

12:15:58.677 [AsyncHttpClient-1-4] DEBUG org.asynchttpclient.netty.channel.ChannelManager - Adding key: http://localhost:62927 for channel [id: 0x09a21bb6, L:/127.0.0.1:62602 - R:localhost/127.0.0.1:62927]
12:15:58.678 [Forwarding setTimeout on session e06afe7e4fd0f18cb224d57da33e8f2a to remote] DEBUG org.asynchttpclient.netty.request.NettyRequestSender - Using pooled Channel '[id: 0x09a21bb6, L:/127.0.0.1:62602 - R:localhost/127.0.0.1:62927]' for 'POST' to 'http://localhost:62927/session/e06afe7e4fd0f18cb224d57da33e8f2a/timeouts'
12:15:58.678 [Forwarding setTimeout on session e06afe7e4fd0f18cb224d57da33e8f2a to remote] DEBUG org.asynchttpclient.netty.request.NettyRequestSender - Using open Channel [id: 0x09a21bb6, L:/127.0.0.1:62602 - R:localhost/127.0.0.1:62927] for POST '/session/e06afe7e4fd0f18cb224d57da33e8f2a/timeouts'
12:15:58.679 [AsyncHttpClient-1-4] DEBUG org.asynchttpclient.netty.handler.HttpHandler - 

Request DefaultHttpRequest(decodeResult: success, version: HTTP/1.1)
POST /session/e06afe7e4fd0f18cb224d57da33e8f2a/timeouts HTTP/1.1
User-Agent: selenium/4.1.2 (java windows)
Content-Length: 22
Content-Type: application/json; charset=utf-8
host: localhost:62927
accept: */*

Response DefaultHttpResponse(decodeResult: success, version: HTTP/1.1)
HTTP/1.1 200 OK
Content-Type: application/json; charset=utf-8
cache-control: no-cache
content-length: 14

12:15:58.679 [AsyncHttpClient-1-4] DEBUG org.asynchttpclient.netty.channel.ChannelManager - Adding key: http://localhost:62927 for channel [id: 0x09a21bb6, L:/127.0.0.1:62602 - R:localhost/127.0.0.1:62927]
12:15:58.682 [Forwarding getCurrentUrl on session e06afe7e4fd0f18cb224d57da33e8f2a to remote] DEBUG org.asynchttpclient.netty.request.NettyRequestSender - Using pooled Channel '[id: 0x09a21bb6, L:/127.0.0.1:62602 - R:localhost/127.0.0.1:62927]' for 'GET' to 'http://localhost:62927/session/e06afe7e4fd0f18cb224d57da33e8f2a/url'
12:15:58.682 [Forwarding getCurrentUrl on session e06afe7e4fd0f18cb224d57da33e8f2a to remote] DEBUG org.asynchttpclient.netty.request.NettyRequestSender - Using open Channel [id: 0x09a21bb6, L:/127.0.0.1:62602 - R:localhost/127.0.0.1:62927] for GET '/session/e06afe7e4fd0f18cb224d57da33e8f2a/url'
12:15:58.685 [AsyncHttpClient-1-4] DEBUG org.asynchttpclient.netty.handler.HttpHandler - 

Request DefaultFullHttpRequest(decodeResult: success, version: HTTP/1.1, content: EmptyByteBufBE)
GET /session/e06afe7e4fd0f18cb224d57da33e8f2a/url HTTP/1.1
User-Agent: selenium/4.1.2 (java windows)
Cache-Control: no-cache
Content-Type: application/json; charset=utf-8
host: localhost:62927
accept: */*

Response DefaultHttpResponse(decodeResult: success, version: HTTP/1.1)
HTTP/1.1 200 OK
Content-Type: application/json; charset=utf-8
cache-control: no-cache
content-length: 61

12:15:58.685 [AsyncHttpClient-1-4] DEBUG org.asynchttpclient.netty.channel.ChannelManager - Adding key: http://localhost:62927 for channel [id: 0x09a21bb6, L:/127.0.0.1:62602 - R:localhost/127.0.0.1:62927]
12:15:58.688 [main] DEBUG net.serenitybdd.core.photography.Darkroom - Opening darkroom
12:15:58.689 [Darkroom Processing Line] DEBUG net.serenitybdd.core.photography.DarkroomProcessingLine - Darkroom processing line starting up
12:15:58.689 [Forwarding screenshot on session e06afe7e4fd0f18cb224d57da33e8f2a to remote] DEBUG org.asynchttpclient.netty.request.NettyRequestSender - Using pooled Channel '[id: 0x09a21bb6, L:/127.0.0.1:62602 - R:localhost/127.0.0.1:62927]' for 'GET' to 'http://localhost:62927/session/e06afe7e4fd0f18cb224d57da33e8f2a/screenshot'
12:15:58.689 [Forwarding screenshot on session e06afe7e4fd0f18cb224d57da33e8f2a to remote] DEBUG org.asynchttpclient.netty.request.NettyRequestSender - Using open Channel [id: 0x09a21bb6, L:/127.0.0.1:62602 - R:localhost/127.0.0.1:62927] for GET '/session/e06afe7e4fd0f18cb224d57da33e8f2a/screenshot'
12:15:58.760 [AsyncHttpClient-1-4] DEBUG org.asynchttpclient.netty.handler.HttpHandler - 

Request DefaultFullHttpRequest(decodeResult: success, version: HTTP/1.1, content: EmptyByteBufBE)
GET /session/e06afe7e4fd0f18cb224d57da33e8f2a/screenshot HTTP/1.1
User-Agent: selenium/4.1.2 (java windows)
Cache-Control: no-cache
Content-Type: application/json; charset=utf-8
host: localhost:62927
accept: */*

Response DefaultHttpResponse(decodeResult: success, version: HTTP/1.1)
HTTP/1.1 200 OK
Content-Type: application/json; charset=utf-8
cache-control: no-cache
content-length: 49332

12:15:58.760 [AsyncHttpClient-1-4] DEBUG org.asynchttpclient.netty.channel.ChannelManager - Adding key: http://localhost:62927 for channel [id: 0x09a21bb6, L:/127.0.0.1:62602 - R:localhost/127.0.0.1:62927]
12:15:58.760 [main] DEBUG net.serenitybdd.core.photography.Darkroom - Send negative for processing for target\site\serenity\9e8e68d9a65763409aff2db4eec0c04e09c73d895019de464ac0f57502b5f694.png
12:15:58.760 [main] DEBUG net.thucydides.core.steps.StepInterceptor - STEP DONE: openPage
  &amp#27;[32mGiven &amp#27;[0m&amp#27;[32mI am in dashbord page&amp#27;[0m                            &amp#27;[90m# starter.stepdefinitions.ClassOnlineManageScenarioSteps.onTheDashboard()&amp#27;[0m
12:15:58.760 [Forwarding findElement on session e06afe7e4fd0f18cb224d57da33e8f2a to remote] DEBUG org.asynchttpclient.netty.request.NettyRequestSender - Using pooled Channel '[id: 0x09a21bb6, L:/127.0.0.1:62602 - R:localhost/127.0.0.1:62927]' for 'POST' to 'http://localhost:62927/session/e06afe7e4fd0f18cb224d57da33e8f2a/element'
12:15:58.760 [Forwarding findElement on session e06afe7e4fd0f18cb224d57da33e8f2a to remote] DEBUG org.asynchttpclient.netty.request.NettyRequestSender - Using open Channel [id: 0x09a21bb6, L:/127.0.0.1:62602 - R:localhost/127.0.0.1:62927] for POST '/session/e06afe7e4fd0f18cb224d57da33e8f2a/element'
12:15:58.776 [AsyncHttpClient-1-4] DEBUG org.asynchttpclient.netty.handler.HttpHandler - 

Request DefaultHttpRequest(decodeResult: success, version: HTTP/1.1)
POST /session/e06afe7e4fd0f18cb224d57da33e8f2a/element HTTP/1.1
User-Agent: selenium/4.1.2 (java windows)
Content-Length: 141
Content-Type: application/json; charset=utf-8
host: localhost:62927
accept: */*

Response DefaultHttpResponse(decodeResult: success, version: HTTP/1.1)
HTTP/1.1 200 OK
Content-Type: application/json; charset=utf-8
cache-control: no-cache
content-length: 88

12:15:58.776 [AsyncHttpClient-1-4] DEBUG org.asynchttpclient.netty.channel.ChannelManager - Adding key: http://localhost:62927 for channel [id: 0x09a21bb6, L:/127.0.0.1:62602 - R:localhost/127.0.0.1:62927]
12:15:58.776 [Forwarding getElementTagName on session e06afe7e4fd0f18cb224d57da33e8f2a to remote] DEBUG org.asynchttpclient.netty.request.NettyRequestSender - Using pooled Channel '[id: 0x09a21bb6, L:/127.0.0.1:62602 - R:localhost/127.0.0.1:62927]' for 'GET' to 'http://localhost:62927/session/e06afe7e4fd0f18cb224d57da33e8f2a/element/1166e862-4bbd-420e-acaa-457b0a83899e/name'
12:15:58.776 [Forwarding getElementTagName on session e06afe7e4fd0f18cb224d57da33e8f2a to remote] DEBUG org.asynchttpclient.netty.request.NettyRequestSender - Using open Channel [id: 0x09a21bb6, L:/127.0.0.1:62602 - R:localhost/127.0.0.1:62927] for GET '/session/e06afe7e4fd0f18cb224d57da33e8f2a/element/1166e862-4bbd-420e-acaa-457b0a83899e/name'
12:15:58.776 [AsyncHttpClient-1-4] DEBUG org.asynchttpclient.netty.handler.HttpHandler - 

Request DefaultFullHttpRequest(decodeResult: success, version: HTTP/1.1, content: EmptyByteBufBE)
GET /session/e06afe7e4fd0f18cb224d57da33e8f2a/element/1166e862-4bbd-420e-acaa-457b0a83899e/name HTTP/1.1
User-Agent: selenium/4.1.2 (java windows)
Cache-Control: no-cache
Content-Type: application/json; charset=utf-8
host: localhost:62927
accept: */*

Response DefaultHttpResponse(decodeResult: success, version: HTTP/1.1)
HTTP/1.1 200 OK
Content-Type: application/json; charset=utf-8
cache-control: no-cache
content-length: 16

12:15:58.776 [AsyncHttpClient-1-4] DEBUG org.asynchttpclient.netty.channel.ChannelManager - Adding key: http://localhost:62927 for channel [id: 0x09a21bb6, L:/127.0.0.1:62602 - R:localhost/127.0.0.1:62927]
12:15:58.776 [Forwarding getElementTagName on session e06afe7e4fd0f18cb224d57da33e8f2a to remote] DEBUG org.asynchttpclient.netty.request.NettyRequestSender - Using pooled Channel '[id: 0x09a21bb6, L:/127.0.0.1:62602 - R:localhost/127.0.0.1:62927]' for 'GET' to 'http://localhost:62927/session/e06afe7e4fd0f18cb224d57da33e8f2a/element/1166e862-4bbd-420e-acaa-457b0a83899e/name'
12:15:58.776 [Forwarding getElementTagName on session e06afe7e4fd0f18cb224d57da33e8f2a to remote] DEBUG org.asynchttpclient.netty.request.NettyRequestSender - Using open Channel [id: 0x09a21bb6, L:/127.0.0.1:62602 - R:localhost/127.0.0.1:62927] for GET '/session/e06afe7e4fd0f18cb224d57da33e8f2a/element/1166e862-4bbd-420e-acaa-457b0a83899e/name'
12:15:58.776 [AsyncHttpClient-1-4] DEBUG org.asynchttpclient.netty.handler.HttpHandler - 

Request DefaultFullHttpRequest(decodeResult: success, version: HTTP/1.1, content: EmptyByteBufBE)
GET /session/e06afe7e4fd0f18cb224d57da33e8f2a/element/1166e862-4bbd-420e-acaa-457b0a83899e/name HTTP/1.1
User-Agent: selenium/4.1.2 (java windows)
Cache-Control: no-cache
Content-Type: application/json; charset=utf-8
host: localhost:62927
accept: */*

Response DefaultHttpResponse(decodeResult: success, version: HTTP/1.1)
HTTP/1.1 200 OK
Content-Type: application/json; charset=utf-8
cache-control: no-cache
content-length: 16

12:15:58.776 [AsyncHttpClient-1-4] DEBUG org.asynchttpclient.netty.channel.ChannelManager - Adding key: http://localhost:62927 for channel [id: 0x09a21bb6, L:/127.0.0.1:62602 - R:localhost/127.0.0.1:62927]
12:15:58.776 [Forwarding findElement on session e06afe7e4fd0f18cb224d57da33e8f2a to remote] DEBUG org.asynchttpclient.netty.request.NettyRequestSender - Using pooled Channel '[id: 0x09a21bb6, L:/127.0.0.1:62602 - R:localhost/127.0.0.1:62927]' for 'POST' to 'http://localhost:62927/session/e06afe7e4fd0f18cb224d57da33e8f2a/element'
12:15:58.776 [Forwarding findElement on session e06afe7e4fd0f18cb224d57da33e8f2a to remote] DEBUG org.asynchttpclient.netty.request.NettyRequestSender - Using open Channel [id: 0x09a21bb6, L:/127.0.0.1:62602 - R:localhost/127.0.0.1:62927] for POST '/session/e06afe7e4fd0f18cb224d57da33e8f2a/element'
12:15:58.776 [AsyncHttpClient-1-4] DEBUG org.asynchttpclient.netty.handler.HttpHandler - 

Request DefaultHttpRequest(decodeResult: success, version: HTTP/1.1)
POST /session/e06afe7e4fd0f18cb224d57da33e8f2a/element HTTP/1.1
User-Agent: selenium/4.1.2 (java windows)
Content-Length: 141
Content-Type: application/json; charset=utf-8
host: localhost:62927
accept: */*

Response DefaultHttpResponse(decodeResult: success, version: HTTP/1.1)
HTTP/1.1 200 OK
Content-Type: application/json; charset=utf-8
cache-control: no-cache
content-length: 88

12:15:58.791 [AsyncHttpClient-1-4] DEBUG org.asynchttpclient.netty.channel.ChannelManager - Adding key: http://localhost:62927 for channel [id: 0x09a21bb6, L:/127.0.0.1:62602 - R:localhost/127.0.0.1:62927]
12:15:58.791 [Forwarding clickElement on session e06afe7e4fd0f18cb224d57da33e8f2a to remote] DEBUG org.asynchttpclient.netty.request.NettyRequestSender - Using pooled Channel '[id: 0x09a21bb6, L:/127.0.0.1:62602 - R:localhost/127.0.0.1:62927]' for 'POST' to 'http://localhost:62927/session/e06afe7e4fd0f18cb224d57da33e8f2a/element/1166e862-4bbd-420e-acaa-457b0a83899e/click'
12:15:58.791 [Forwarding clickElement on session e06afe7e4fd0f18cb224d57da33e8f2a to remote] DEBUG org.asynchttpclient.netty.request.NettyRequestSender - Using open Channel [id: 0x09a21bb6, L:/127.0.0.1:62602 - R:localhost/127.0.0.1:62927] for POST '/session/e06afe7e4fd0f18cb224d57da33e8f2a/element/1166e862-4bbd-420e-acaa-457b0a83899e/click'
12:15:58.835 [AsyncHttpClient-1-4] DEBUG org.asynchttpclient.netty.handler.HttpHandler - 

Request DefaultHttpRequest(decodeResult: success, version: HTTP/1.1)
POST /session/e06afe7e4fd0f18cb224d57da33e8f2a/element/1166e862-4bbd-420e-acaa-457b0a83899e/click HTTP/1.1
User-Agent: selenium/4.1.2 (java windows)
Content-Length: 50
Content-Type: application/json; charset=utf-8
host: localhost:62927
accept: */*

Response DefaultHttpResponse(decodeResult: success, version: HTTP/1.1)
HTTP/1.1 200 OK
Content-Type: application/json; charset=utf-8
cache-control: no-cache
content-length: 14

12:15:58.835 [AsyncHttpClient-1-4] DEBUG org.asynchttpclient.netty.channel.ChannelManager - Adding key: http://localhost:62927 for channel [id: 0x09a21bb6, L:/127.0.0.1:62602 - R:localhost/127.0.0.1:62927]
  &amp#27;[32mWhen &amp#27;[0m&amp#27;[32mI click class online manage page button&amp#27;[0m           &amp#27;[90m# starter.stepdefinitions.ClassOnlineManageScenarioSteps.clickOnlineClassBtn()&amp#27;[0m
12:15:58.840 [Forwarding screenshot on session e06afe7e4fd0f18cb224d57da33e8f2a to remote] DEBUG org.asynchttpclient.netty.request.NettyRequestSender - Using pooled Channel '[id: 0x09a21bb6, L:/127.0.0.1:62602 - R:localhost/127.0.0.1:62927]' for 'GET' to 'http://localhost:62927/session/e06afe7e4fd0f18cb224d57da33e8f2a/screenshot'
12:15:58.840 [Forwarding screenshot on session e06afe7e4fd0f18cb224d57da33e8f2a to remote] DEBUG org.asynchttpclient.netty.request.NettyRequestSender - Using open Channel [id: 0x09a21bb6, L:/127.0.0.1:62602 - R:localhost/127.0.0.1:62927] for GET '/session/e06afe7e4fd0f18cb224d57da33e8f2a/screenshot'
12:15:59.008 [AsyncHttpClient-1-4] DEBUG org.asynchttpclient.netty.handler.HttpHandler - 

Request DefaultFullHttpRequest(decodeResult: success, version: HTTP/1.1, content: EmptyByteBufBE)
GET /session/e06afe7e4fd0f18cb224d57da33e8f2a/screenshot HTTP/1.1
User-Agent: selenium/4.1.2 (java windows)
Cache-Control: no-cache
Content-Type: application/json; charset=utf-8
host: localhost:62927
accept: */*

Response DefaultHttpResponse(decodeResult: success, version: HTTP/1.1)
HTTP/1.1 200 OK
Content-Type: application/json; charset=utf-8
cache-control: no-cache
content-length: 101292

12:15:59.009 [AsyncHttpClient-1-4] DEBUG org.asynchttpclient.netty.channel.ChannelManager - Adding key: http://localhost:62927 for channel [id: 0x09a21bb6, L:/127.0.0.1:62602 - R:localhost/127.0.0.1:62927]
12:15:59.012 [main] DEBUG net.serenitybdd.core.photography.Darkroom - Send negative for processing for target\site\serenity\a43b5faf9cba16a91642c93a23c5ec9e5b70a4b811c9719ce1d171ed793fa8fa.png
12:15:59.012 [Darkroom Processing Line] DEBUG net.serenitybdd.core.photography.DarkroomProcessingLine - Processing screenshot image in /var/screenshots/screenshot-5629341397232412491
12:15:59.012 [Darkroom Processing Line] DEBUG net.serenitybdd.core.photography.DarkroomProcessingLine - Saving screenshot to target\site\serenity\a43b5faf9cba16a91642c93a23c5ec9e5b70a4b811c9719ce1d171ed793fa8fa.png
12:15:59.016 [Forwarding findElement on session e06afe7e4fd0f18cb224d57da33e8f2a to remote] DEBUG org.asynchttpclient.netty.request.NettyRequestSender - Using pooled Channel '[id: 0x09a21bb6, L:/127.0.0.1:62602 - R:localhost/127.0.0.1:62927]' for 'POST' to 'http://localhost:62927/session/e06afe7e4fd0f18cb224d57da33e8f2a/element'
12:15:59.016 [Forwarding findElement on session e06afe7e4fd0f18cb224d57da33e8f2a to remote] DEBUG org.asynchttpclient.netty.request.NettyRequestSender - Using open Channel [id: 0x09a21bb6, L:/127.0.0.1:62602 - R:localhost/127.0.0.1:62927] for POST '/session/e06afe7e4fd0f18cb224d57da33e8f2a/element'
12:15:59.024 [AsyncHttpClient-1-4] DEBUG org.asynchttpclient.netty.handler.HttpHandler - 

Request DefaultHttpRequest(decodeResult: success, version: HTTP/1.1)
POST /session/e06afe7e4fd0f18cb224d57da33e8f2a/element HTTP/1.1
User-Agent: selenium/4.1.2 (java windows)
Content-Length: 148
Content-Type: application/json; charset=utf-8
host: localhost:62927
accept: */*

Response DefaultHttpResponse(decodeResult: success, version: HTTP/1.1)
HTTP/1.1 200 OK
Content-Type: application/json; charset=utf-8
cache-control: no-cache
content-length: 88

12:15:59.024 [AsyncHttpClient-1-4] DEBUG org.asynchttpclient.netty.channel.ChannelManager - Adding key: http://localhost:62927 for channel [id: 0x09a21bb6, L:/127.0.0.1:62602 - R:localhost/127.0.0.1:62927]
12:15:59.026 [Forwarding isElementDisplayed on session e06afe7e4fd0f18cb224d57da33e8f2a to remote] DEBUG org.asynchttpclient.netty.request.NettyRequestSender - Using pooled Channel '[id: 0x09a21bb6, L:/127.0.0.1:62602 - R:localhost/127.0.0.1:62927]' for 'POST' to 'http://localhost:62927/session/e06afe7e4fd0f18cb224d57da33e8f2a/execute/sync'
12:15:59.026 [Forwarding isElementDisplayed on session e06afe7e4fd0f18cb224d57da33e8f2a to remote] DEBUG org.asynchttpclient.netty.request.NettyRequestSender - Using open Channel [id: 0x09a21bb6, L:/127.0.0.1:62602 - R:localhost/127.0.0.1:62927] for POST '/session/e06afe7e4fd0f18cb224d57da33e8f2a/execute/sync'
12:15:59.035 [AsyncHttpClient-1-4] DEBUG org.asynchttpclient.netty.handler.HttpHandler - 

Request DefaultHttpRequest(decodeResult: success, version: HTTP/1.1)
POST /session/e06afe7e4fd0f18cb224d57da33e8f2a/execute/sync HTTP/1.1
User-Agent: selenium/4.1.2 (java windows)
Content-Length: 48780
Content-Type: application/json; charset=utf-8
host: localhost:62927
accept: */*

Response DefaultHttpResponse(decodeResult: success, version: HTTP/1.1)
HTTP/1.1 200 OK
Content-Type: application/json; charset=utf-8
cache-control: no-cache
content-length: 14

12:15:59.036 [AsyncHttpClient-1-4] DEBUG org.asynchttpclient.netty.channel.ChannelManager - Adding key: http://localhost:62927 for channel [id: 0x09a21bb6, L:/127.0.0.1:62602 - R:localhost/127.0.0.1:62927]
  &amp#27;[32mThen &amp#27;[0m&amp#27;[32mi see the list of online class&amp#27;[0m                    &amp#27;[90m# starter.stepdefinitions.ClassOnlineManageScenarioSteps.seeOnlineClassInformation()&amp#27;[0m
12:15:59.038 [main] INFO  - 
  _____   ___   ___   _____     ___     _     ___   ___   ___   ___  
 |_   _| | __| / __| |_   _|   | _ \   /_\   / __| / __| | __| |   \ 
   | |   | _|  \__ \   | |     |  _/  / _ \  \__ \ \__ \ | _|  | |) |
   |_|   |___| |___/   |_|     |_|   /_/ \_\ |___/ |___/ |___| |___/ 

As Admin, I have be able see the list of class
----------------------------------------------------------------------
12:15:59.039 [AsyncHttpClient-1-6] DEBUG org.asynchttpclient.netty.handler.WebSocketHandler - Channel Closed: [id: 0x7ba1e9d5, L:/127.0.0.1:62610 ! R:localhost/127.0.0.1:62603] with attribute NettyResponseFuture{currentRetry=5,
	isDone=1,
	isCancelled=0,
	asyncHandler=org.asynchttpclient.ws.WebSocketUpgradeHandler@69033c0d,
	nettyRequest=org.asynchttpclient.netty.request.NettyRequest@2c0913db,
	future=java.util.concurrent.CompletableFuture@11be5ed7[Completed normally],
	uri=ws://localhost:62603/devtools/browser/9c359512-c919-40d7-b210-5a7531436084,
	keepAlive=true,
	redirectCount=0,
	timeoutsHolder=null,
	inAuth=0,
	touch=1658380558327}
12:15:59.039 [AsyncHttpClient-1-6] DEBUG org.asynchttpclient.netty.channel.ChannelManager - Closing Channel [id: 0x7ba1e9d5, L:/127.0.0.1:62610 ! R:localhost/127.0.0.1:62603] 
12:15:59.039 [Driver Command Executor] DEBUG org.asynchttpclient.netty.request.NettyRequestSender - Using pooled Channel '[id: 0x09a21bb6, L:/127.0.0.1:62602 - R:localhost/127.0.0.1:62927]' for 'DELETE' to 'http://localhost:62927/session/e06afe7e4fd0f18cb224d57da33e8f2a'
12:15:59.039 [Driver Command Executor] DEBUG org.asynchttpclient.netty.request.NettyRequestSender - Using open Channel [id: 0x09a21bb6, L:/127.0.0.1:62602 - R:localhost/127.0.0.1:62927] for DELETE '/session/e06afe7e4fd0f18cb224d57da33e8f2a'
12:15:59.058 [AsyncHttpClient-1-5] DEBUG org.asynchttpclient.netty.handler.HttpHandler - Unexpected I/O exception on channel [id: 0xbdbc57b2, L:/127.0.0.1:62609 - R:localhost/127.0.0.1:62603]
java.io.IOException: An existing connection was forcibly closed by the remote host
	at sun.nio.ch.SocketDispatcher.read0(Native Method)
	at sun.nio.ch.SocketDispatcher.read(SocketDispatcher.java:43)
	at sun.nio.ch.IOUtil.readIntoNativeBuffer(IOUtil.java:223)
	at sun.nio.ch.IOUtil.read(IOUtil.java:192)
	at sun.nio.ch.SocketChannelImpl.read(SocketChannelImpl.java:378)
	at io.netty.buffer.PooledByteBuf.setBytes(PooledByteBuf.java:258)
	at io.netty.buffer.AbstractByteBuf.writeBytes(AbstractByteBuf.java:1132)
	at io.netty.channel.socket.nio.NioSocketChannel.doReadBytes(NioSocketChannel.java:350)
	at io.netty.channel.nio.AbstractNioByteChannel$NioByteUnsafe.read(AbstractNioByteChannel.java:151)
	at io.netty.channel.nio.NioEventLoop.processSelectedKey(NioEventLoop.java:722)
	at io.netty.channel.nio.NioEventLoop.processSelectedKeysOptimized(NioEventLoop.java:658)
	at io.netty.channel.nio.NioEventLoop.processSelectedKeys(NioEventLoop.java:584)
	at io.netty.channel.nio.NioEventLoop.run(NioEventLoop.java:496)
	at io.netty.util.concurrent.SingleThreadEventExecutor$4.run(SingleThreadEventExecutor.java:986)
	at io.netty.util.internal.ThreadExecutorMap$2.run(ThreadExecutorMap.java:74)
	at io.netty.util.concurrent.FastThreadLocalRunnable.run(FastThreadLocalRunnable.java:30)
	at java.lang.Thread.run(Thread.java:750)
12:15:59.058 [AsyncHttpClient-1-5] DEBUG org.asynchttpclient.netty.channel.ChannelManager - Closing Channel [id: 0xbdbc57b2, L:/127.0.0.1:62609 - R:localhost/127.0.0.1:62603] 
12:15:59.058 [AsyncHttpClient-1-5] DEBUG org.asynchttpclient.netty.handler.HttpHandler - Channel Closed: [id: 0xbdbc57b2, L:/127.0.0.1:62609 ! R:localhost/127.0.0.1:62603] with attribute DISCARD
12:15:59.067 [AsyncHttpClient-1-4] DEBUG org.asynchttpclient.netty.handler.HttpHandler - 

Request DefaultFullHttpRequest(decodeResult: success, version: HTTP/1.1, content: EmptyByteBufBE)
DELETE /session/e06afe7e4fd0f18cb224d57da33e8f2a HTTP/1.1
User-Agent: selenium/4.1.2 (java windows)
Content-Type: application/json; charset=utf-8
host: localhost:62927
accept: */*

Response DefaultHttpResponse(decodeResult: success, version: HTTP/1.1)
HTTP/1.1 200 OK
Content-Type: application/json; charset=utf-8
cache-control: no-cache
content-length: 14

12:15:59.067 [AsyncHttpClient-1-4] DEBUG org.asynchttpclient.netty.channel.ChannelManager - Adding key: http://localhost:62927 for channel [id: 0x09a21bb6, L:/127.0.0.1:62602 - R:localhost/127.0.0.1:62927]
12:15:59.109 [AsyncHttpClient-1-4] DEBUG org.asynchttpclient.netty.handler.HttpHandler - Channel Closed: [id: 0x09a21bb6, L:/127.0.0.1:62602 ! R:localhost/127.0.0.1:62927] with attribute DISCARD
12:15:59.523 [AsyncHttpClient-1-1] DEBUG org.asynchttpclient.netty.channel.DefaultChannelPool - Entry count for : http://localhost:62927 : 1
12:15:59.523 [AsyncHttpClient-1-1] DEBUG org.asynchttpclient.netty.channel.DefaultChannelPool - Entry count for : http://localhost:62603 : 1
12:15:59.523 [AsyncHttpClient-1-1] DEBUG org.asynchttpclient.netty.channel.DefaultChannelPool - Adding Candidate expired Channel [id: 0x09a21bb6, L:/127.0.0.1:62602 ! R:localhost/127.0.0.1:62927] isIdleTimeoutExpired=false isRemotelyClosed=true isTtlExpired=false
12:15:59.523 [AsyncHttpClient-1-1] DEBUG org.asynchttpclient.netty.channel.DefaultChannelPool - Closing Idle Channel [id: 0x09a21bb6, L:/127.0.0.1:62602 ! R:localhost/127.0.0.1:62927]
12:15:59.523 [AsyncHttpClient-1-1] DEBUG org.asynchttpclient.netty.channel.DefaultChannelPool - Adding Candidate expired Channel [id: 0xbdbc57b2, L:/127.0.0.1:62609 ! R:localhost/127.0.0.1:62603] isIdleTimeoutExpired=false isRemotelyClosed=true isTtlExpired=false
12:15:59.523 [AsyncHttpClient-1-1] DEBUG org.asynchttpclient.netty.channel.DefaultChannelPool - Closing Idle Channel [id: 0xbdbc57b2, L:/127.0.0.1:62609 ! R:localhost/127.0.0.1:62603]
12:15:59.523 [AsyncHttpClient-1-1] DEBUG org.asynchttpclient.netty.channel.DefaultChannelPool - Closed 2 connections out of 2 in 0 ms
]]></system-out>
    <system-err><![CDATA[Starting ChromeDriver 103.0.5060.134 (8ec6fce403b3feb0869b0732eda8bd95011d333c-refs/branch-heads/5060@{#1262}) on port 62927
Only local connections are allowed.
Please see https://chromedriver.chromium.org/security-considerations for suggestions on keeping ChromeDriver safe.
ChromeDriver was started successfully.
Jul 21, 2022 12:15:58 PM org.openqa.selenium.remote.ProtocolHandshake createSession
INFO: Detected dialect: W3C
Jul 21, 2022 12:15:58 PM org.openqa.selenium.devtools.CdpVersionFinder findNearestMatch
WARNING: Unable to find an exact match for CDP version 103, so returning the closest version found: a no-op implementation
Jul 21, 2022 12:15:58 PM org.openqa.selenium.devtools.CdpVersionFinder findNearestMatch
INFO: Unable to find CDP implementation matching 103.
Jul 21, 2022 12:15:58 PM org.openqa.selenium.chromium.ChromiumDriver lambda$new$3
WARNING: Unable to find version of CDP to use for . You may need to include a dependency on a specific version of the CDP using something similar to `org.seleniumhq.selenium:selenium-devtools-v86:4.1.2` where the version ("v86") matches the version of the chromium-based browser you're using and the version number of the artifact is the same as Selenium's.
]]></system-err>
  </testcase>
  <testcase name="As Admin, I have be able go to setting menu" classname="Setting" time="2.593">
    <system-out><![CDATA[12:15:59.633 [main] INFO io.cucumber.core.plugin.SerenityReporter - Running feature from file:///C:/Users/HP/IdeaProjects/Capstone_GYMweb/src/test/resources/features/TC07_Setting.feature
12:15:59.633 [main] DEBUG net.thucydides.core.steps.StepEventBus - Test suite started for story net.thucydides.core.model.Story@feae175f
12:15:59.633 [main] INFO  - Test Suite Started: Setting

Scenario: As Admin, I have be able go to setting menu &amp#27;[90m# src/test/resources/features/TC07_Setting.feature:6&amp#27;[0m
12:15:59.633 [main] INFO io.cucumber.core.plugin.SerenityReporter - Running feature from file:///C:/Users/HP/IdeaProjects/Capstone_GYMweb/src/test/resources/features/TC07_Setting.feature
12:15:59.633 [main] INFO  - 
  _____   ___   ___   _____     ___   _____     _     ___   _____   ___   ___  
 |_   _| | __| / __| |_   _|   / __| |_   _|   /_\   | _ \ |_   _| | __| |   \ 
   | |   | _|  \__ \   | |     \__ \   | |    / _ \  |   /   | |   | _|  | |) |
   |_|   |___| |___/   |_|     |___/   |_|   /_/ \_\ |_|_\   |_|   |___| |___/ 

As Admin, I have be able go to setting menu(setting;as-admin--i-have-be-able-go-to-setting-menu)
--------------------------------------------------------------------------------
12:15:59.648 [main] DEBUG net.thucydides.core.steps.StepInterceptor - STARTING STEP: SettingScenarioSteps.onTheDashboard - openPage
12:15:59.648 [main] INFO net.serenitybdd.core.webdriver.driverproviders.ChromeDriverProvider - Using automatically driver download
12:15:59.711 [main] DEBUG io.github.bonigarcia.wdm.cache.ResolutionCache - Resolution chrome=103 in cache (valid until 12:40:12 21/07/2022 ICT)
12:15:59.711 [main] DEBUG io.github.bonigarcia.wdm.cache.ResolutionCache - Resolution chrome103=103.0.5060.134 in cache (valid until 09:24:50 22/07/2022 ICT)
12:15:59.711 [main] INFO io.github.bonigarcia.wdm.WebDriverManager - Using chromedriver 103.0.5060.134 (resolved driver for Chrome 103)
12:15:59.726 [main] DEBUG io.github.bonigarcia.wdm.WebDriverManager - Driver chromedriver 103.0.5060.134 found in cache
12:15:59.726 [main] INFO io.github.bonigarcia.wdm.WebDriverManager - Exporting webdriver.chrome.driver as C:\Users\HP\.cache\selenium\chromedriver\win32\103.0.5060.134\chromedriver.exe
12:15:59.824 [main] DEBUG net.serenitybdd.core.webdriver.driverproviders.ProvideNewDriver - Instantiating driver
12:15:59.824 [main] DEBUG net.serenitybdd.core.webdriver.driverproviders.ProvideNewDriver - Driver capabilities: Capabilities {acceptInsecureCerts: false, base.url: https://www.saucedemo.com/, browserName: chrome, chrome.driver: src/test/resources/webdrive..., driver: chrome, goog:chromeOptions: {args: [], extensions: []}}
12:16:00.356 [AsyncHttpClient-1-7] DEBUG org.asynchttpclient.netty.channel.NettyConnectListener - Using new Channel '[id: 0x2301f4aa, L:/127.0.0.1:62619 - R:localhost/127.0.0.1:53460]' for 'POST' to '/session'
12:16:00.821 [AsyncHttpClient-1-7] DEBUG org.asynchttpclient.netty.handler.HttpHandler - 

Request DefaultHttpRequest(decodeResult: success, version: HTTP/1.1)
POST /session HTTP/1.1
User-Agent: selenium/4.1.2 (java windows)
Content-Length: 612
Content-Type: application/json; charset=utf-8
host: localhost:53460
accept: */*

Response DefaultHttpResponse(decodeResult: success, version: HTTP/1.1)
HTTP/1.1 200 OK
Content-Type: application/json; charset=utf-8
cache-control: no-cache
content-length: 788

12:16:00.821 [AsyncHttpClient-1-7] DEBUG org.asynchttpclient.netty.channel.ChannelManager - Adding key: http://localhost:53460 for channel [id: 0x2301f4aa, L:/127.0.0.1:62619 - R:localhost/127.0.0.1:53460]
12:16:00.821 [AsyncHttpClient-1-8] DEBUG org.asynchttpclient.netty.channel.NettyConnectListener - Using new Channel '[id: 0x535fe020, L:/127.0.0.1:62627 - R:localhost/127.0.0.1:62620]' for 'GET' to '/json/version'
12:16:00.821 [AsyncHttpClient-1-8] DEBUG org.asynchttpclient.netty.handler.HttpHandler - 

Request DefaultFullHttpRequest(decodeResult: success, version: HTTP/1.1, content: EmptyByteBufBE)
GET /json/version HTTP/1.1
User-Agent: selenium/4.1.2 (java windows)
host: localhost:62620
accept: */*

Response DefaultHttpResponse(decodeResult: success, version: HTTP/1.1)
HTTP/1.1 200 OK
Content-Type: application/json; charset=UTF-8
content-length: 429

12:16:00.821 [AsyncHttpClient-1-8] DEBUG org.asynchttpclient.netty.channel.ChannelManager - Adding key: http://localhost:62620 for channel [id: 0x535fe020, L:/127.0.0.1:62627 - R:localhost/127.0.0.1:62620]
12:16:00.821 [AsyncHttpClient-1-9] DEBUG org.asynchttpclient.netty.channel.NettyConnectListener - Using new Channel '[id: 0x6b37cb2b, L:/127.0.0.1:62628 - R:localhost/127.0.0.1:62620]' for 'GET' to '/devtools/browser/b1fedd2e-584b-41ab-b836-c74bea041636'
12:16:00.821 [AsyncHttpClient-1-9] DEBUG org.asynchttpclient.netty.handler.WebSocketHandler - 

Request DefaultFullHttpRequest(decodeResult: success, version: HTTP/1.1, content: EmptyByteBufBE)
GET /devtools/browser/b1fedd2e-584b-41ab-b836-c74bea041636 HTTP/1.1
upgrade: websocket
connection: upgrade
sec-websocket-key: XNiRQ54Rh/SFrklAmzOjjA==
sec-websocket-version: 13
origin: http://localhost:62620
host: localhost:62620
accept: */*
user-agent: AHC/2.1

Response DefaultHttpResponse(decodeResult: success, version: HTTP/1.1)
HTTP/1.1 101 WebSocket Protocol Handshake
Upgrade: WebSocket
Connection: Upgrade
Sec-WebSocket-Accept: h0V55u+aj1/hqk0icxwmUcxRZRI=

12:16:00.837 [Forwarding get on session 65a0d4c2d7736bfc82461b56936983f1 to remote] DEBUG org.asynchttpclient.netty.request.NettyRequestSender - Using pooled Channel '[id: 0x2301f4aa, L:/127.0.0.1:62619 - R:localhost/127.0.0.1:53460]' for 'POST' to 'http://localhost:53460/session/65a0d4c2d7736bfc82461b56936983f1/url'
12:16:00.837 [Forwarding get on session 65a0d4c2d7736bfc82461b56936983f1 to remote] DEBUG org.asynchttpclient.netty.request.NettyRequestSender - Using open Channel [id: 0x2301f4aa, L:/127.0.0.1:62619 - R:localhost/127.0.0.1:53460] for POST '/session/65a0d4c2d7736bfc82461b56936983f1/url'
12:16:01.225 [AsyncHttpClient-1-7] DEBUG org.asynchttpclient.netty.handler.HttpHandler - 

Request DefaultHttpRequest(decodeResult: success, version: HTTP/1.1)
POST /session/65a0d4c2d7736bfc82461b56936983f1/url HTTP/1.1
User-Agent: selenium/4.1.2 (java windows)
Content-Length: 78
Content-Type: application/json; charset=utf-8
host: localhost:53460
accept: */*

Response DefaultHttpResponse(decodeResult: success, version: HTTP/1.1)
HTTP/1.1 200 OK
Content-Type: application/json; charset=utf-8
cache-control: no-cache
content-length: 14

12:16:01.225 [AsyncHttpClient-1-7] DEBUG org.asynchttpclient.netty.channel.ChannelManager - Adding key: http://localhost:53460 for channel [id: 0x2301f4aa, L:/127.0.0.1:62619 - R:localhost/127.0.0.1:53460]
12:16:01.226 [Forwarding setTimeout on session 65a0d4c2d7736bfc82461b56936983f1 to remote] DEBUG org.asynchttpclient.netty.request.NettyRequestSender - Using pooled Channel '[id: 0x2301f4aa, L:/127.0.0.1:62619 - R:localhost/127.0.0.1:53460]' for 'POST' to 'http://localhost:53460/session/65a0d4c2d7736bfc82461b56936983f1/timeouts'
12:16:01.226 [Forwarding setTimeout on session 65a0d4c2d7736bfc82461b56936983f1 to remote] DEBUG org.asynchttpclient.netty.request.NettyRequestSender - Using open Channel [id: 0x2301f4aa, L:/127.0.0.1:62619 - R:localhost/127.0.0.1:53460] for POST '/session/65a0d4c2d7736bfc82461b56936983f1/timeouts'
12:16:01.227 [AsyncHttpClient-1-7] DEBUG org.asynchttpclient.netty.handler.HttpHandler - 

Request DefaultHttpRequest(decodeResult: success, version: HTTP/1.1)
POST /session/65a0d4c2d7736bfc82461b56936983f1/timeouts HTTP/1.1
User-Agent: selenium/4.1.2 (java windows)
Content-Length: 22
Content-Type: application/json; charset=utf-8
host: localhost:53460
accept: */*

Response DefaultHttpResponse(decodeResult: success, version: HTTP/1.1)
HTTP/1.1 200 OK
Content-Type: application/json; charset=utf-8
cache-control: no-cache
content-length: 14

12:16:01.227 [AsyncHttpClient-1-7] DEBUG org.asynchttpclient.netty.channel.ChannelManager - Adding key: http://localhost:53460 for channel [id: 0x2301f4aa, L:/127.0.0.1:62619 - R:localhost/127.0.0.1:53460]
12:16:01.230 [Forwarding getCurrentUrl on session 65a0d4c2d7736bfc82461b56936983f1 to remote] DEBUG org.asynchttpclient.netty.request.NettyRequestSender - Using pooled Channel '[id: 0x2301f4aa, L:/127.0.0.1:62619 - R:localhost/127.0.0.1:53460]' for 'GET' to 'http://localhost:53460/session/65a0d4c2d7736bfc82461b56936983f1/url'
12:16:01.230 [Forwarding getCurrentUrl on session 65a0d4c2d7736bfc82461b56936983f1 to remote] DEBUG org.asynchttpclient.netty.request.NettyRequestSender - Using open Channel [id: 0x2301f4aa, L:/127.0.0.1:62619 - R:localhost/127.0.0.1:53460] for GET '/session/65a0d4c2d7736bfc82461b56936983f1/url'
12:16:01.233 [AsyncHttpClient-1-7] DEBUG org.asynchttpclient.netty.handler.HttpHandler - 

Request DefaultFullHttpRequest(decodeResult: success, version: HTTP/1.1, content: EmptyByteBufBE)
GET /session/65a0d4c2d7736bfc82461b56936983f1/url HTTP/1.1
User-Agent: selenium/4.1.2 (java windows)
Cache-Control: no-cache
Content-Type: application/json; charset=utf-8
host: localhost:53460
accept: */*

Response DefaultHttpResponse(decodeResult: success, version: HTTP/1.1)
HTTP/1.1 200 OK
Content-Type: application/json; charset=utf-8
cache-control: no-cache
content-length: 61

12:16:01.233 [AsyncHttpClient-1-7] DEBUG org.asynchttpclient.netty.channel.ChannelManager - Adding key: http://localhost:53460 for channel [id: 0x2301f4aa, L:/127.0.0.1:62619 - R:localhost/127.0.0.1:53460]
12:16:01.236 [main] DEBUG net.serenitybdd.core.photography.Darkroom - Opening darkroom
12:16:01.237 [Darkroom Processing Line] DEBUG net.serenitybdd.core.photography.DarkroomProcessingLine - Darkroom processing line starting up
12:16:01.237 [Forwarding screenshot on session 65a0d4c2d7736bfc82461b56936983f1 to remote] DEBUG org.asynchttpclient.netty.request.NettyRequestSender - Using pooled Channel '[id: 0x2301f4aa, L:/127.0.0.1:62619 - R:localhost/127.0.0.1:53460]' for 'GET' to 'http://localhost:53460/session/65a0d4c2d7736bfc82461b56936983f1/screenshot'
12:16:01.237 [Forwarding screenshot on session 65a0d4c2d7736bfc82461b56936983f1 to remote] DEBUG org.asynchttpclient.netty.request.NettyRequestSender - Using open Channel [id: 0x2301f4aa, L:/127.0.0.1:62619 - R:localhost/127.0.0.1:53460] for GET '/session/65a0d4c2d7736bfc82461b56936983f1/screenshot'
12:16:01.308 [AsyncHttpClient-1-7] DEBUG org.asynchttpclient.netty.handler.HttpHandler - 

Request DefaultFullHttpRequest(decodeResult: success, version: HTTP/1.1, content: EmptyByteBufBE)
GET /session/65a0d4c2d7736bfc82461b56936983f1/screenshot HTTP/1.1
User-Agent: selenium/4.1.2 (java windows)
Cache-Control: no-cache
Content-Type: application/json; charset=utf-8
host: localhost:53460
accept: */*

Response DefaultHttpResponse(decodeResult: success, version: HTTP/1.1)
HTTP/1.1 200 OK
Content-Type: application/json; charset=utf-8
cache-control: no-cache
content-length: 49332

12:16:01.308 [AsyncHttpClient-1-7] DEBUG org.asynchttpclient.netty.channel.ChannelManager - Adding key: http://localhost:53460 for channel [id: 0x2301f4aa, L:/127.0.0.1:62619 - R:localhost/127.0.0.1:53460]
12:16:01.308 [main] DEBUG net.serenitybdd.core.photography.Darkroom - Send negative for processing for target\site\serenity\9e8e68d9a65763409aff2db4eec0c04e09c73d895019de464ac0f57502b5f694.png
12:16:01.308 [main] DEBUG net.thucydides.core.steps.StepInterceptor - STEP DONE: openPage
12:16:01.313 [main] DEBUG net.thucydides.core.steps.StepInterceptor - STARTING STEP: SettingScenarioSteps.onTheDashboard - ClickDashboard
12:16:01.315 [Forwarding findElement on session 65a0d4c2d7736bfc82461b56936983f1 to remote] DEBUG org.asynchttpclient.netty.request.NettyRequestSender - Using pooled Channel '[id: 0x2301f4aa, L:/127.0.0.1:62619 - R:localhost/127.0.0.1:53460]' for 'POST' to 'http://localhost:53460/session/65a0d4c2d7736bfc82461b56936983f1/element'
12:16:01.315 [Forwarding findElement on session 65a0d4c2d7736bfc82461b56936983f1 to remote] DEBUG org.asynchttpclient.netty.request.NettyRequestSender - Using open Channel [id: 0x2301f4aa, L:/127.0.0.1:62619 - R:localhost/127.0.0.1:53460] for POST '/session/65a0d4c2d7736bfc82461b56936983f1/element'
12:16:01.324 [AsyncHttpClient-1-7] DEBUG org.asynchttpclient.netty.handler.HttpHandler - 

Request DefaultHttpRequest(decodeResult: success, version: HTTP/1.1)
POST /session/65a0d4c2d7736bfc82461b56936983f1/element HTTP/1.1
User-Agent: selenium/4.1.2 (java windows)
Content-Length: 141
Content-Type: application/json; charset=utf-8
host: localhost:53460
accept: */*

Response DefaultHttpResponse(decodeResult: success, version: HTTP/1.1)
HTTP/1.1 200 OK
Content-Type: application/json; charset=utf-8
cache-control: no-cache
content-length: 88

12:16:01.324 [AsyncHttpClient-1-7] DEBUG org.asynchttpclient.netty.channel.ChannelManager - Adding key: http://localhost:53460 for channel [id: 0x2301f4aa, L:/127.0.0.1:62619 - R:localhost/127.0.0.1:53460]
12:16:01.325 [Forwarding getElementTagName on session 65a0d4c2d7736bfc82461b56936983f1 to remote] DEBUG org.asynchttpclient.netty.request.NettyRequestSender - Using pooled Channel '[id: 0x2301f4aa, L:/127.0.0.1:62619 - R:localhost/127.0.0.1:53460]' for 'GET' to 'http://localhost:53460/session/65a0d4c2d7736bfc82461b56936983f1/element/d9141279-594e-439a-8fb7-887d23302f3c/name'
12:16:01.325 [Forwarding getElementTagName on session 65a0d4c2d7736bfc82461b56936983f1 to remote] DEBUG org.asynchttpclient.netty.request.NettyRequestSender - Using open Channel [id: 0x2301f4aa, L:/127.0.0.1:62619 - R:localhost/127.0.0.1:53460] for GET '/session/65a0d4c2d7736bfc82461b56936983f1/element/d9141279-594e-439a-8fb7-887d23302f3c/name'
12:16:01.326 [AsyncHttpClient-1-7] DEBUG org.asynchttpclient.netty.handler.HttpHandler - 

Request DefaultFullHttpRequest(decodeResult: success, version: HTTP/1.1, content: EmptyByteBufBE)
GET /session/65a0d4c2d7736bfc82461b56936983f1/element/d9141279-594e-439a-8fb7-887d23302f3c/name HTTP/1.1
User-Agent: selenium/4.1.2 (java windows)
Cache-Control: no-cache
Content-Type: application/json; charset=utf-8
host: localhost:53460
accept: */*

Response DefaultHttpResponse(decodeResult: success, version: HTTP/1.1)
HTTP/1.1 200 OK
Content-Type: application/json; charset=utf-8
cache-control: no-cache
content-length: 16

12:16:01.326 [AsyncHttpClient-1-7] DEBUG org.asynchttpclient.netty.channel.ChannelManager - Adding key: http://localhost:53460 for channel [id: 0x2301f4aa, L:/127.0.0.1:62619 - R:localhost/127.0.0.1:53460]
12:16:01.326 [Forwarding getElementTagName on session 65a0d4c2d7736bfc82461b56936983f1 to remote] DEBUG org.asynchttpclient.netty.request.NettyRequestSender - Using pooled Channel '[id: 0x2301f4aa, L:/127.0.0.1:62619 - R:localhost/127.0.0.1:53460]' for 'GET' to 'http://localhost:53460/session/65a0d4c2d7736bfc82461b56936983f1/element/d9141279-594e-439a-8fb7-887d23302f3c/name'
12:16:01.326 [Forwarding getElementTagName on session 65a0d4c2d7736bfc82461b56936983f1 to remote] DEBUG org.asynchttpclient.netty.request.NettyRequestSender - Using open Channel [id: 0x2301f4aa, L:/127.0.0.1:62619 - R:localhost/127.0.0.1:53460] for GET '/session/65a0d4c2d7736bfc82461b56936983f1/element/d9141279-594e-439a-8fb7-887d23302f3c/name'
12:16:01.326 [AsyncHttpClient-1-7] DEBUG org.asynchttpclient.netty.handler.HttpHandler - 

Request DefaultFullHttpRequest(decodeResult: success, version: HTTP/1.1, content: EmptyByteBufBE)
GET /session/65a0d4c2d7736bfc82461b56936983f1/element/d9141279-594e-439a-8fb7-887d23302f3c/name HTTP/1.1
User-Agent: selenium/4.1.2 (java windows)
Cache-Control: no-cache
Content-Type: application/json; charset=utf-8
host: localhost:53460
accept: */*

Response DefaultHttpResponse(decodeResult: success, version: HTTP/1.1)
HTTP/1.1 200 OK
Content-Type: application/json; charset=utf-8
cache-control: no-cache
content-length: 16

12:16:01.326 [AsyncHttpClient-1-7] DEBUG org.asynchttpclient.netty.channel.ChannelManager - Adding key: http://localhost:53460 for channel [id: 0x2301f4aa, L:/127.0.0.1:62619 - R:localhost/127.0.0.1:53460]
12:16:01.326 [Forwarding findElement on session 65a0d4c2d7736bfc82461b56936983f1 to remote] DEBUG org.asynchttpclient.netty.request.NettyRequestSender - Using pooled Channel '[id: 0x2301f4aa, L:/127.0.0.1:62619 - R:localhost/127.0.0.1:53460]' for 'POST' to 'http://localhost:53460/session/65a0d4c2d7736bfc82461b56936983f1/element'
12:16:01.326 [Forwarding findElement on session 65a0d4c2d7736bfc82461b56936983f1 to remote] DEBUG org.asynchttpclient.netty.request.NettyRequestSender - Using open Channel [id: 0x2301f4aa, L:/127.0.0.1:62619 - R:localhost/127.0.0.1:53460] for POST '/session/65a0d4c2d7736bfc82461b56936983f1/element'
12:16:01.326 [AsyncHttpClient-1-7] DEBUG org.asynchttpclient.netty.handler.HttpHandler - 

Request DefaultHttpRequest(decodeResult: success, version: HTTP/1.1)
POST /session/65a0d4c2d7736bfc82461b56936983f1/element HTTP/1.1
User-Agent: selenium/4.1.2 (java windows)
Content-Length: 141
Content-Type: application/json; charset=utf-8
host: localhost:53460
accept: */*

Response DefaultHttpResponse(decodeResult: success, version: HTTP/1.1)
HTTP/1.1 200 OK
Content-Type: application/json; charset=utf-8
cache-control: no-cache
content-length: 88

12:16:01.326 [AsyncHttpClient-1-7] DEBUG org.asynchttpclient.netty.channel.ChannelManager - Adding key: http://localhost:53460 for channel [id: 0x2301f4aa, L:/127.0.0.1:62619 - R:localhost/127.0.0.1:53460]
12:16:01.326 [Forwarding clickElement on session 65a0d4c2d7736bfc82461b56936983f1 to remote] DEBUG org.asynchttpclient.netty.request.NettyRequestSender - Using pooled Channel '[id: 0x2301f4aa, L:/127.0.0.1:62619 - R:localhost/127.0.0.1:53460]' for 'POST' to 'http://localhost:53460/session/65a0d4c2d7736bfc82461b56936983f1/element/d9141279-594e-439a-8fb7-887d23302f3c/click'
12:16:01.326 [Forwarding clickElement on session 65a0d4c2d7736bfc82461b56936983f1 to remote] DEBUG org.asynchttpclient.netty.request.NettyRequestSender - Using open Channel [id: 0x2301f4aa, L:/127.0.0.1:62619 - R:localhost/127.0.0.1:53460] for POST '/session/65a0d4c2d7736bfc82461b56936983f1/element/d9141279-594e-439a-8fb7-887d23302f3c/click'
12:16:01.369 [AsyncHttpClient-1-7] DEBUG org.asynchttpclient.netty.handler.HttpHandler - 

Request DefaultHttpRequest(decodeResult: success, version: HTTP/1.1)
POST /session/65a0d4c2d7736bfc82461b56936983f1/element/d9141279-594e-439a-8fb7-887d23302f3c/click HTTP/1.1
User-Agent: selenium/4.1.2 (java windows)
Content-Length: 50
Content-Type: application/json; charset=utf-8
host: localhost:53460
accept: */*

Response DefaultHttpResponse(decodeResult: success, version: HTTP/1.1)
HTTP/1.1 200 OK
Content-Type: application/json; charset=utf-8
cache-control: no-cache
content-length: 14

12:16:01.369 [AsyncHttpClient-1-7] DEBUG org.asynchttpclient.netty.channel.ChannelManager - Adding key: http://localhost:53460 for channel [id: 0x2301f4aa, L:/127.0.0.1:62619 - R:localhost/127.0.0.1:53460]
12:16:01.373 [Forwarding screenshot on session 65a0d4c2d7736bfc82461b56936983f1 to remote] DEBUG org.asynchttpclient.netty.request.NettyRequestSender - Using pooled Channel '[id: 0x2301f4aa, L:/127.0.0.1:62619 - R:localhost/127.0.0.1:53460]' for 'GET' to 'http://localhost:53460/session/65a0d4c2d7736bfc82461b56936983f1/screenshot'
12:16:01.373 [Forwarding screenshot on session 65a0d4c2d7736bfc82461b56936983f1 to remote] DEBUG org.asynchttpclient.netty.request.NettyRequestSender - Using open Channel [id: 0x2301f4aa, L:/127.0.0.1:62619 - R:localhost/127.0.0.1:53460] for GET '/session/65a0d4c2d7736bfc82461b56936983f1/screenshot'
12:16:01.460 [AsyncHttpClient-1-7] DEBUG org.asynchttpclient.netty.handler.HttpHandler - 

Request DefaultFullHttpRequest(decodeResult: success, version: HTTP/1.1, content: EmptyByteBufBE)
GET /session/65a0d4c2d7736bfc82461b56936983f1/screenshot HTTP/1.1
User-Agent: selenium/4.1.2 (java windows)
Cache-Control: no-cache
Content-Type: application/json; charset=utf-8
host: localhost:53460
accept: */*

Response DefaultHttpResponse(decodeResult: success, version: HTTP/1.1)
HTTP/1.1 200 OK
Content-Type: application/json; charset=utf-8
cache-control: no-cache
content-length: 63944

12:16:01.460 [AsyncHttpClient-1-7] DEBUG org.asynchttpclient.netty.channel.ChannelManager - Adding key: http://localhost:53460 for channel [id: 0x2301f4aa, L:/127.0.0.1:62619 - R:localhost/127.0.0.1:53460]
12:16:01.462 [main] DEBUG net.serenitybdd.core.photography.Darkroom - Send negative for processing for target\site\serenity\ac868fcf79c857fd206efadafda9c38018188e514a42e62118402825dba7d5b8.png
12:16:01.463 [main] DEBUG net.thucydides.core.steps.StepInterceptor - STEP DONE: ClickDashboard
  &amp#27;[32mGiven &amp#27;[0m&amp#27;[32mI am in dshboard page&amp#27;[0m                         &amp#27;[90m# starter.stepdefinitions.SettingScenarioSteps.onTheDashboard()&amp#27;[0m
12:16:01.468 [Forwarding findElement on session 65a0d4c2d7736bfc82461b56936983f1 to remote] DEBUG org.asynchttpclient.netty.request.NettyRequestSender - Using pooled Channel '[id: 0x2301f4aa, L:/127.0.0.1:62619 - R:localhost/127.0.0.1:53460]' for 'POST' to 'http://localhost:53460/session/65a0d4c2d7736bfc82461b56936983f1/element'
12:16:01.468 [Forwarding findElement on session 65a0d4c2d7736bfc82461b56936983f1 to remote] DEBUG org.asynchttpclient.netty.request.NettyRequestSender - Using open Channel [id: 0x2301f4aa, L:/127.0.0.1:62619 - R:localhost/127.0.0.1:53460] for POST '/session/65a0d4c2d7736bfc82461b56936983f1/element'
12:16:01.476 [AsyncHttpClient-1-7] DEBUG org.asynchttpclient.netty.handler.HttpHandler - 

Request DefaultHttpRequest(decodeResult: success, version: HTTP/1.1)
POST /session/65a0d4c2d7736bfc82461b56936983f1/element HTTP/1.1
User-Agent: selenium/4.1.2 (java windows)
Content-Length: 131
Content-Type: application/json; charset=utf-8
host: localhost:53460
accept: */*

Response DefaultHttpResponse(decodeResult: success, version: HTTP/1.1)
HTTP/1.1 200 OK
Content-Type: application/json; charset=utf-8
cache-control: no-cache
content-length: 88

12:16:01.476 [AsyncHttpClient-1-7] DEBUG org.asynchttpclient.netty.channel.ChannelManager - Adding key: http://localhost:53460 for channel [id: 0x2301f4aa, L:/127.0.0.1:62619 - R:localhost/127.0.0.1:53460]
12:16:01.476 [Forwarding getElementTagName on session 65a0d4c2d7736bfc82461b56936983f1 to remote] DEBUG org.asynchttpclient.netty.request.NettyRequestSender - Using pooled Channel '[id: 0x2301f4aa, L:/127.0.0.1:62619 - R:localhost/127.0.0.1:53460]' for 'GET' to 'http://localhost:53460/session/65a0d4c2d7736bfc82461b56936983f1/element/fce6ffa8-893c-4511-8c24-69dd7876c139/name'
12:16:01.477 [Forwarding getElementTagName on session 65a0d4c2d7736bfc82461b56936983f1 to remote] DEBUG org.asynchttpclient.netty.request.NettyRequestSender - Using open Channel [id: 0x2301f4aa, L:/127.0.0.1:62619 - R:localhost/127.0.0.1:53460] for GET '/session/65a0d4c2d7736bfc82461b56936983f1/element/fce6ffa8-893c-4511-8c24-69dd7876c139/name'
12:16:01.481 [AsyncHttpClient-1-7] DEBUG org.asynchttpclient.netty.handler.HttpHandler - 

Request DefaultFullHttpRequest(decodeResult: success, version: HTTP/1.1, content: EmptyByteBufBE)
GET /session/65a0d4c2d7736bfc82461b56936983f1/element/fce6ffa8-893c-4511-8c24-69dd7876c139/name HTTP/1.1
User-Agent: selenium/4.1.2 (java windows)
Cache-Control: no-cache
Content-Type: application/json; charset=utf-8
host: localhost:53460
accept: */*

Response DefaultHttpResponse(decodeResult: success, version: HTTP/1.1)
HTTP/1.1 200 OK
Content-Type: application/json; charset=utf-8
cache-control: no-cache
content-length: 16

12:16:01.481 [AsyncHttpClient-1-7] DEBUG org.asynchttpclient.netty.channel.ChannelManager - Adding key: http://localhost:53460 for channel [id: 0x2301f4aa, L:/127.0.0.1:62619 - R:localhost/127.0.0.1:53460]
12:16:01.482 [Forwarding getElementTagName on session 65a0d4c2d7736bfc82461b56936983f1 to remote] DEBUG org.asynchttpclient.netty.request.NettyRequestSender - Using pooled Channel '[id: 0x2301f4aa, L:/127.0.0.1:62619 - R:localhost/127.0.0.1:53460]' for 'GET' to 'http://localhost:53460/session/65a0d4c2d7736bfc82461b56936983f1/element/fce6ffa8-893c-4511-8c24-69dd7876c139/name'
12:16:01.482 [Forwarding getElementTagName on session 65a0d4c2d7736bfc82461b56936983f1 to remote] DEBUG org.asynchttpclient.netty.request.NettyRequestSender - Using open Channel [id: 0x2301f4aa, L:/127.0.0.1:62619 - R:localhost/127.0.0.1:53460] for GET '/session/65a0d4c2d7736bfc82461b56936983f1/element/fce6ffa8-893c-4511-8c24-69dd7876c139/name'
12:16:01.484 [AsyncHttpClient-1-7] DEBUG org.asynchttpclient.netty.handler.HttpHandler - 

Request DefaultFullHttpRequest(decodeResult: success, version: HTTP/1.1, content: EmptyByteBufBE)
GET /session/65a0d4c2d7736bfc82461b56936983f1/element/fce6ffa8-893c-4511-8c24-69dd7876c139/name HTTP/1.1
User-Agent: selenium/4.1.2 (java windows)
Cache-Control: no-cache
Content-Type: application/json; charset=utf-8
host: localhost:53460
accept: */*

Response DefaultHttpResponse(decodeResult: success, version: HTTP/1.1)
HTTP/1.1 200 OK
Content-Type: application/json; charset=utf-8
cache-control: no-cache
content-length: 16

12:16:01.484 [AsyncHttpClient-1-7] DEBUG org.asynchttpclient.netty.channel.ChannelManager - Adding key: http://localhost:53460 for channel [id: 0x2301f4aa, L:/127.0.0.1:62619 - R:localhost/127.0.0.1:53460]
12:16:01.485 [Forwarding findElement on session 65a0d4c2d7736bfc82461b56936983f1 to remote] DEBUG org.asynchttpclient.netty.request.NettyRequestSender - Using pooled Channel '[id: 0x2301f4aa, L:/127.0.0.1:62619 - R:localhost/127.0.0.1:53460]' for 'POST' to 'http://localhost:53460/session/65a0d4c2d7736bfc82461b56936983f1/element'
12:16:01.485 [Forwarding findElement on session 65a0d4c2d7736bfc82461b56936983f1 to remote] DEBUG org.asynchttpclient.netty.request.NettyRequestSender - Using open Channel [id: 0x2301f4aa, L:/127.0.0.1:62619 - R:localhost/127.0.0.1:53460] for POST '/session/65a0d4c2d7736bfc82461b56936983f1/element'
12:16:01.489 [AsyncHttpClient-1-7] DEBUG org.asynchttpclient.netty.handler.HttpHandler - 

Request DefaultHttpRequest(decodeResult: success, version: HTTP/1.1)
POST /session/65a0d4c2d7736bfc82461b56936983f1/element HTTP/1.1
User-Agent: selenium/4.1.2 (java windows)
Content-Length: 131
Content-Type: application/json; charset=utf-8
host: localhost:53460
accept: */*

Response DefaultHttpResponse(decodeResult: success, version: HTTP/1.1)
HTTP/1.1 200 OK
Content-Type: application/json; charset=utf-8
cache-control: no-cache
content-length: 88

12:16:01.489 [AsyncHttpClient-1-7] DEBUG org.asynchttpclient.netty.channel.ChannelManager - Adding key: http://localhost:53460 for channel [id: 0x2301f4aa, L:/127.0.0.1:62619 - R:localhost/127.0.0.1:53460]
12:16:01.489 [Forwarding clickElement on session 65a0d4c2d7736bfc82461b56936983f1 to remote] DEBUG org.asynchttpclient.netty.request.NettyRequestSender - Using pooled Channel '[id: 0x2301f4aa, L:/127.0.0.1:62619 - R:localhost/127.0.0.1:53460]' for 'POST' to 'http://localhost:53460/session/65a0d4c2d7736bfc82461b56936983f1/element/fce6ffa8-893c-4511-8c24-69dd7876c139/click'
12:16:01.489 [Forwarding clickElement on session 65a0d4c2d7736bfc82461b56936983f1 to remote] DEBUG org.asynchttpclient.netty.request.NettyRequestSender - Using open Channel [id: 0x2301f4aa, L:/127.0.0.1:62619 - R:localhost/127.0.0.1:53460] for POST '/session/65a0d4c2d7736bfc82461b56936983f1/element/fce6ffa8-893c-4511-8c24-69dd7876c139/click'
12:16:01.512 [AsyncHttpClient-1-7] DEBUG org.asynchttpclient.netty.handler.HttpHandler - 

Request DefaultHttpRequest(decodeResult: success, version: HTTP/1.1)
POST /session/65a0d4c2d7736bfc82461b56936983f1/element/fce6ffa8-893c-4511-8c24-69dd7876c139/click HTTP/1.1
User-Agent: selenium/4.1.2 (java windows)
Content-Length: 50
Content-Type: application/json; charset=utf-8
host: localhost:53460
accept: */*

Response DefaultHttpResponse(decodeResult: success, version: HTTP/1.1)
HTTP/1.1 200 OK
Content-Type: application/json; charset=utf-8
cache-control: no-cache
content-length: 14

12:16:01.512 [AsyncHttpClient-1-7] DEBUG org.asynchttpclient.netty.channel.ChannelManager - Adding key: http://localhost:53460 for channel [id: 0x2301f4aa, L:/127.0.0.1:62619 - R:localhost/127.0.0.1:53460]
  &amp#27;[32mWhen &amp#27;[0m&amp#27;[32mI click setting manage page button&amp#27;[0m             &amp#27;[90m# starter.stepdefinitions.SettingScenarioSteps.clickMembershipBtn()&amp#27;[0m
12:16:01.517 [Forwarding screenshot on session 65a0d4c2d7736bfc82461b56936983f1 to remote] DEBUG org.asynchttpclient.netty.request.NettyRequestSender - Using pooled Channel '[id: 0x2301f4aa, L:/127.0.0.1:62619 - R:localhost/127.0.0.1:53460]' for 'GET' to 'http://localhost:53460/session/65a0d4c2d7736bfc82461b56936983f1/screenshot'
12:16:01.517 [Forwarding screenshot on session 65a0d4c2d7736bfc82461b56936983f1 to remote] DEBUG org.asynchttpclient.netty.request.NettyRequestSender - Using open Channel [id: 0x2301f4aa, L:/127.0.0.1:62619 - R:localhost/127.0.0.1:53460] for GET '/session/65a0d4c2d7736bfc82461b56936983f1/screenshot'
12:16:01.591 [AsyncHttpClient-1-7] DEBUG org.asynchttpclient.netty.handler.HttpHandler - 

Request DefaultFullHttpRequest(decodeResult: success, version: HTTP/1.1, content: EmptyByteBufBE)
GET /session/65a0d4c2d7736bfc82461b56936983f1/screenshot HTTP/1.1
User-Agent: selenium/4.1.2 (java windows)
Cache-Control: no-cache
Content-Type: application/json; charset=utf-8
host: localhost:53460
accept: */*

Response DefaultHttpResponse(decodeResult: success, version: HTTP/1.1)
HTTP/1.1 200 OK
Content-Type: application/json; charset=utf-8
cache-control: no-cache
content-length: 53648

12:16:01.591 [AsyncHttpClient-1-7] DEBUG org.asynchttpclient.netty.channel.ChannelManager - Adding key: http://localhost:53460 for channel [id: 0x2301f4aa, L:/127.0.0.1:62619 - R:localhost/127.0.0.1:53460]
12:16:01.593 [main] DEBUG net.serenitybdd.core.photography.Darkroom - Send negative for processing for target\site\serenity\ea16c51846bbc61b5deac0d04ec3cccaba33a51e7bb2f72450d7366425a7d83b.png
12:16:01.593 [Darkroom Processing Line] DEBUG net.serenitybdd.core.photography.DarkroomProcessingLine - Processing screenshot image in /var/screenshots/screenshot-7069674421811742666
12:16:01.593 [Darkroom Processing Line] DEBUG net.serenitybdd.core.photography.DarkroomProcessingLine - Saving screenshot to target\site\serenity\ea16c51846bbc61b5deac0d04ec3cccaba33a51e7bb2f72450d7366425a7d83b.png
12:16:01.598 [Forwarding findElement on session 65a0d4c2d7736bfc82461b56936983f1 to remote] DEBUG org.asynchttpclient.netty.request.NettyRequestSender - Using pooled Channel '[id: 0x2301f4aa, L:/127.0.0.1:62619 - R:localhost/127.0.0.1:53460]' for 'POST' to 'http://localhost:53460/session/65a0d4c2d7736bfc82461b56936983f1/element'
12:16:01.598 [Forwarding findElement on session 65a0d4c2d7736bfc82461b56936983f1 to remote] DEBUG org.asynchttpclient.netty.request.NettyRequestSender - Using open Channel [id: 0x2301f4aa, L:/127.0.0.1:62619 - R:localhost/127.0.0.1:53460] for POST '/session/65a0d4c2d7736bfc82461b56936983f1/element'
12:16:01.606 [AsyncHttpClient-1-7] DEBUG org.asynchttpclient.netty.handler.HttpHandler - 

Request DefaultHttpRequest(decodeResult: success, version: HTTP/1.1)
POST /session/65a0d4c2d7736bfc82461b56936983f1/element HTTP/1.1
User-Agent: selenium/4.1.2 (java windows)
Content-Length: 97
Content-Type: application/json; charset=utf-8
host: localhost:53460
accept: */*

Response DefaultHttpResponse(decodeResult: success, version: HTTP/1.1)
HTTP/1.1 200 OK
Content-Type: application/json; charset=utf-8
cache-control: no-cache
content-length: 88

12:16:01.606 [AsyncHttpClient-1-7] DEBUG org.asynchttpclient.netty.channel.ChannelManager - Adding key: http://localhost:53460 for channel [id: 0x2301f4aa, L:/127.0.0.1:62619 - R:localhost/127.0.0.1:53460]
12:16:01.608 [Forwarding isElementDisplayed on session 65a0d4c2d7736bfc82461b56936983f1 to remote] DEBUG org.asynchttpclient.netty.request.NettyRequestSender - Using pooled Channel '[id: 0x2301f4aa, L:/127.0.0.1:62619 - R:localhost/127.0.0.1:53460]' for 'POST' to 'http://localhost:53460/session/65a0d4c2d7736bfc82461b56936983f1/execute/sync'
12:16:01.608 [Forwarding isElementDisplayed on session 65a0d4c2d7736bfc82461b56936983f1 to remote] DEBUG org.asynchttpclient.netty.request.NettyRequestSender - Using open Channel [id: 0x2301f4aa, L:/127.0.0.1:62619 - R:localhost/127.0.0.1:53460] for POST '/session/65a0d4c2d7736bfc82461b56936983f1/execute/sync'
12:16:01.617 [AsyncHttpClient-1-7] DEBUG org.asynchttpclient.netty.handler.HttpHandler - 

Request DefaultHttpRequest(decodeResult: success, version: HTTP/1.1)
POST /session/65a0d4c2d7736bfc82461b56936983f1/execute/sync HTTP/1.1
User-Agent: selenium/4.1.2 (java windows)
Content-Length: 48780
Content-Type: application/json; charset=utf-8
host: localhost:53460
accept: */*

Response DefaultHttpResponse(decodeResult: success, version: HTTP/1.1)
HTTP/1.1 200 OK
Content-Type: application/json; charset=utf-8
cache-control: no-cache
content-length: 14

12:16:01.618 [AsyncHttpClient-1-7] DEBUG org.asynchttpclient.netty.channel.ChannelManager - Adding key: http://localhost:53460 for channel [id: 0x2301f4aa, L:/127.0.0.1:62619 - R:localhost/127.0.0.1:53460]
  &amp#27;[32mThen &amp#27;[0m&amp#27;[32mi am on setting page&amp#27;[0m                           &amp#27;[90m# starter.stepdefinitions.SettingScenarioSteps.seeMembershipInformation()&amp#27;[0m
12:16:01.621 [main] INFO  - 
  _____   ___   ___   _____     ___     _     ___   ___   ___   ___  
 |_   _| | __| / __| |_   _|   | _ \   /_\   / __| / __| | __| |   \ 
   | |   | _|  \__ \   | |     |  _/  / _ \  \__ \ \__ \ | _|  | |) |
   |_|   |___| |___/   |_|     |_|   /_/ \_\ |___/ |___/ |___| |___/ 

As Admin, I have be able go to setting menu
----------------------------------------------------------------------
12:16:01.621 [AsyncHttpClient-1-9] DEBUG org.asynchttpclient.netty.handler.WebSocketHandler - Channel Closed: [id: 0x6b37cb2b, L:/127.0.0.1:62628 ! R:localhost/127.0.0.1:62620] with attribute NettyResponseFuture{currentRetry=5,
	isDone=1,
	isCancelled=0,
	asyncHandler=org.asynchttpclient.ws.WebSocketUpgradeHandler@21c1621a,
	nettyRequest=org.asynchttpclient.netty.request.NettyRequest@59d5d631,
	future=java.util.concurrent.CompletableFuture@5909d470[Completed normally],
	uri=ws://localhost:62620/devtools/browser/b1fedd2e-584b-41ab-b836-c74bea041636,
	keepAlive=true,
	redirectCount=0,
	timeoutsHolder=null,
	inAuth=0,
	touch=1658380560821}
12:16:01.621 [AsyncHttpClient-1-9] DEBUG org.asynchttpclient.netty.channel.ChannelManager - Closing Channel [id: 0x6b37cb2b, L:/127.0.0.1:62628 ! R:localhost/127.0.0.1:62620] 
12:16:01.622 [Driver Command Executor] DEBUG org.asynchttpclient.netty.request.NettyRequestSender - Using pooled Channel '[id: 0x2301f4aa, L:/127.0.0.1:62619 - R:localhost/127.0.0.1:53460]' for 'DELETE' to 'http://localhost:53460/session/65a0d4c2d7736bfc82461b56936983f1'
12:16:01.622 [Driver Command Executor] DEBUG org.asynchttpclient.netty.request.NettyRequestSender - Using open Channel [id: 0x2301f4aa, L:/127.0.0.1:62619 - R:localhost/127.0.0.1:53460] for DELETE '/session/65a0d4c2d7736bfc82461b56936983f1'
12:16:01.646 [AsyncHttpClient-1-8] DEBUG org.asynchttpclient.netty.handler.HttpHandler - Unexpected I/O exception on channel [id: 0x535fe020, L:/127.0.0.1:62627 - R:localhost/127.0.0.1:62620]
java.io.IOException: An existing connection was forcibly closed by the remote host
	at sun.nio.ch.SocketDispatcher.read0(Native Method)
	at sun.nio.ch.SocketDispatcher.read(SocketDispatcher.java:43)
	at sun.nio.ch.IOUtil.readIntoNativeBuffer(IOUtil.java:223)
	at sun.nio.ch.IOUtil.read(IOUtil.java:192)
	at sun.nio.ch.SocketChannelImpl.read(SocketChannelImpl.java:378)
	at io.netty.buffer.PooledByteBuf.setBytes(PooledByteBuf.java:258)
	at io.netty.buffer.AbstractByteBuf.writeBytes(AbstractByteBuf.java:1132)
	at io.netty.channel.socket.nio.NioSocketChannel.doReadBytes(NioSocketChannel.java:350)
	at io.netty.channel.nio.AbstractNioByteChannel$NioByteUnsafe.read(AbstractNioByteChannel.java:151)
	at io.netty.channel.nio.NioEventLoop.processSelectedKey(NioEventLoop.java:722)
	at io.netty.channel.nio.NioEventLoop.processSelectedKeysOptimized(NioEventLoop.java:658)
	at io.netty.channel.nio.NioEventLoop.processSelectedKeys(NioEventLoop.java:584)
	at io.netty.channel.nio.NioEventLoop.run(NioEventLoop.java:496)
	at io.netty.util.concurrent.SingleThreadEventExecutor$4.run(SingleThreadEventExecutor.java:986)
	at io.netty.util.internal.ThreadExecutorMap$2.run(ThreadExecutorMap.java:74)
	at io.netty.util.concurrent.FastThreadLocalRunnable.run(FastThreadLocalRunnable.java:30)
	at java.lang.Thread.run(Thread.java:750)
12:16:01.647 [AsyncHttpClient-1-8] DEBUG org.asynchttpclient.netty.channel.ChannelManager - Closing Channel [id: 0x535fe020, L:/127.0.0.1:62627 - R:localhost/127.0.0.1:62620] 
12:16:01.647 [AsyncHttpClient-1-8] DEBUG org.asynchttpclient.netty.handler.HttpHandler - Channel Closed: [id: 0x535fe020, L:/127.0.0.1:62627 ! R:localhost/127.0.0.1:62620] with attribute DISCARD
12:16:01.655 [AsyncHttpClient-1-7] DEBUG org.asynchttpclient.netty.handler.HttpHandler - 

Request DefaultFullHttpRequest(decodeResult: success, version: HTTP/1.1, content: EmptyByteBufBE)
DELETE /session/65a0d4c2d7736bfc82461b56936983f1 HTTP/1.1
User-Agent: selenium/4.1.2 (java windows)
Content-Type: application/json; charset=utf-8
host: localhost:53460
accept: */*

Response DefaultHttpResponse(decodeResult: success, version: HTTP/1.1)
HTTP/1.1 200 OK
Content-Type: application/json; charset=utf-8
cache-control: no-cache
content-length: 14

12:16:01.655 [AsyncHttpClient-1-7] DEBUG org.asynchttpclient.netty.channel.ChannelManager - Adding key: http://localhost:53460 for channel [id: 0x2301f4aa, L:/127.0.0.1:62619 - R:localhost/127.0.0.1:53460]
12:16:01.696 [AsyncHttpClient-1-7] DEBUG org.asynchttpclient.netty.handler.HttpHandler - Channel Closed: [id: 0x2301f4aa, L:/127.0.0.1:62619 ! R:localhost/127.0.0.1:53460] with attribute DISCARD
12:16:01.727 [AsyncHttpClient-1-1] DEBUG org.asynchttpclient.netty.channel.DefaultChannelPool - Entry count for : http://localhost:62620 : 1
12:16:01.727 [AsyncHttpClient-1-1] DEBUG org.asynchttpclient.netty.channel.DefaultChannelPool - Entry count for : http://localhost:53460 : 1
12:16:01.727 [AsyncHttpClient-1-1] DEBUG org.asynchttpclient.netty.channel.DefaultChannelPool - Adding Candidate expired Channel [id: 0x535fe020, L:/127.0.0.1:62627 ! R:localhost/127.0.0.1:62620] isIdleTimeoutExpired=false isRemotelyClosed=true isTtlExpired=false
12:16:01.727 [AsyncHttpClient-1-1] DEBUG org.asynchttpclient.netty.channel.DefaultChannelPool - Closing Idle Channel [id: 0x535fe020, L:/127.0.0.1:62627 ! R:localhost/127.0.0.1:62620]
12:16:01.727 [AsyncHttpClient-1-1] DEBUG org.asynchttpclient.netty.channel.DefaultChannelPool - Adding Candidate expired Channel [id: 0x2301f4aa, L:/127.0.0.1:62619 ! R:localhost/127.0.0.1:53460] isIdleTimeoutExpired=false isRemotelyClosed=true isTtlExpired=false
12:16:01.727 [AsyncHttpClient-1-1] DEBUG org.asynchttpclient.netty.channel.DefaultChannelPool - Closing Idle Channel [id: 0x2301f4aa, L:/127.0.0.1:62619 ! R:localhost/127.0.0.1:53460]
12:16:01.727 [AsyncHttpClient-1-1] DEBUG org.asynchttpclient.netty.channel.DefaultChannelPool - Closed 2 connections out of 2 in 0 ms
]]></system-out>
    <system-err><![CDATA[Starting ChromeDriver 103.0.5060.134 (8ec6fce403b3feb0869b0732eda8bd95011d333c-refs/branch-heads/5060@{#1262}) on port 53460
Only local connections are allowed.
Please see https://chromedriver.chromium.org/security-considerations for suggestions on keeping ChromeDriver safe.
ChromeDriver was started successfully.
Jul 21, 2022 12:16:00 PM org.openqa.selenium.remote.ProtocolHandshake createSession
INFO: Detected dialect: W3C
Jul 21, 2022 12:16:00 PM org.openqa.selenium.devtools.CdpVersionFinder findNearestMatch
WARNING: Unable to find an exact match for CDP version 103, so returning the closest version found: a no-op implementation
Jul 21, 2022 12:16:00 PM org.openqa.selenium.devtools.CdpVersionFinder findNearestMatch
INFO: Unable to find CDP implementation matching 103.
Jul 21, 2022 12:16:00 PM org.openqa.selenium.chromium.ChromiumDriver lambda$new$3
WARNING: Unable to find version of CDP to use for . You may need to include a dependency on a specific version of the CDP using something similar to `org.seleniumhq.selenium:selenium-devtools-v86:4.1.2` where the version ("v86") matches the version of the chromium-based browser you're using and the version number of the artifact is the same as Selenium's.
]]></system-err>
  </testcase>
</testsuite>